#
# There is insufficient memory for the Java Runtime Environment to continue.
# Native memory allocation (malloc) failed to allocate 270896 bytes for Chunk::new
# Possible reasons:
#   The system is out of physical RAM or swap space
#   The process is running with CompressedOops enabled, and the Java Heap may be blocking the growth of the native heap
# Possible solutions:
#   Reduce memory load on the system
#   Increase physical memory or swap space
#   Check if swap backing store is full
#   Decrease Java heap size (-Xmx/-Xms)
#   Decrease number of Java threads
#   Decrease Java thread stack sizes (-Xss)
#   Set larger code cache with -XX:ReservedCodeCacheSize=
#   JVM is running with Unscaled Compressed Oops mode in which the Java heap is
#     placed in the first 4GB address space. The Java Heap base address is the
#     maximum limit for the native heap growth. Please use -XX:HeapBaseMinAddress
#     to set the Java Heap base and to place the Java Heap above 4GB virtual address.
# This output file may be truncated or incomplete.
#
#  Out of Memory Error (arena.cpp:189), pid=15080, tid=6452
#
# JRE version: OpenJDK Runtime Environment Temurin-17.0.7+7 (17.0.7+7) (build 17.0.7+7)
# Java VM: OpenJDK 64-Bit Server VM Temurin-17.0.7+7 (17.0.7+7, mixed mode, tiered, compressed oops, compressed class ptrs, parallel gc, windows-amd64)
# No core dump will be written. Minidumps are not enabled by default on client versions of Windows
#

---------------  S U M M A R Y ------------

Command Line: --add-modules=ALL-SYSTEM --add-opens=java.base/java.util=ALL-UNNAMED --add-opens=java.base/java.lang=ALL-UNNAMED --add-opens=java.base/sun.nio.fs=ALL-UNNAMED -Declipse.application=org.eclipse.jdt.ls.core.id1 -Dosgi.bundles.defaultStartLevel=4 -Declipse.product=org.eclipse.jdt.ls.core.product -Djava.import.generatesMetadataFilesAtProjectRoot=false -Dfile.encoding=utf8 -XX:+UseParallelGC -XX:GCTimeRatio=4 -XX:AdaptiveSizePolicyWeight=90 -Dsun.zip.disableMemoryMapping=true -Xmx1G -Xms100m -Xlog:disable -javaagent:c:\Users\Harsh Jethva\.vscode\extensions\redhat.java-1.18.0-win32-x64\lombok\lombok-1.18.27.jar -XX:+HeapDumpOnOutOfMemoryError -XX:HeapDumpPath=c:\Users\Harsh Jethva\AppData\Roaming\Code\User\workspaceStorage\d95572ede32113bef6a38a85f1542b1e\redhat.java -Daether.dependencyCollector.impl=bf c:\Users\Harsh Jethva\.vscode\extensions\redhat.java-1.18.0-win32-x64\server\plugins\org.eclipse.equinox.launcher_1.6.400.v20210924-0641.jar -configuration c:\Users\Harsh Jethva\AppData\Roaming\Code\User\globalStorage\redhat.java\1.18.0\config_win -data c:\Users\Harsh Jethva\AppData\Roaming\Code\User\workspaceStorage\d95572ede32113bef6a38a85f1542b1e\redhat.java\jdt_ws

Host: AMD Ryzen 5 5600H with Radeon Graphics         , 12 cores, 7G,  Windows 11 , 64 bit Build 22621 (10.0.22621.1485)
Time: Fri May  5 13:24:52 2023 India Standard Time elapsed time: 0.537228 seconds (0d 0h 0m 0s)

---------------  T H R E A D  ---------------

Current thread (0x000001b54c3df9b0):  JavaThread "C2 CompilerThread0" daemon [_thread_in_native, id=6452, stack(0x00000007a7800000,0x00000007a7900000)]


Current CompileTask:
C2:    537  493       4       lombok.patcher.PatchScript::classMatches (41 bytes)

Stack: [0x00000007a7800000,0x00000007a7900000]
Native frames: (J=compiled Java code, j=interpreted, Vv=VM code, C=native code)
V  [jvm.dll+0x67754a]
V  [jvm.dll+0x834304]
V  [jvm.dll+0x835aae]
V  [jvm.dll+0x836113]
V  [jvm.dll+0x24696f]
V  [jvm.dll+0xac0ac]
V  [jvm.dll+0xac67c]
V  [jvm.dll+0x2adbef]
V  [jvm.dll+0x580067]
V  [jvm.dll+0x221e72]
V  [jvm.dll+0x22224f]
V  [jvm.dll+0x21b4a5]
V  [jvm.dll+0x21895b]
V  [jvm.dll+0x1a4d8d]
V  [jvm.dll+0x2284da]
V  [jvm.dll+0x226615]
V  [jvm.dll+0x7ea90b]
V  [jvm.dll+0x7e4e7a]
V  [jvm.dll+0x676395]
C  [ucrtbase.dll+0x29363]
C  [KERNEL32.DLL+0x1269d]
C  [ntdll.dll+0x5a9f8]


---------------  P R O C E S S  ---------------

Threads class SMR info:
_java_thread_list=0x000001b54c6bd8d0, length=12, elements={
0x000001b5331ced10, 0x000001b53328d150, 0x000001b53328e7d0, 0x000001b54c3d3340,
0x000001b54c3d5c10, 0x000001b54c3da4e0, 0x000001b54c3dcdb0, 0x000001b54c3df9b0,
0x000001b54c3e0360, 0x000001b54c44d780, 0x000001b53322fe10, 0x000001b54c6bb040
}

Java Threads: ( => current thread )
  0x000001b5331ced10 JavaThread "main" [_thread_in_vm, id=8132, stack(0x00000007a6f00000,0x00000007a7000000)]
  0x000001b53328d150 JavaThread "Reference Handler" daemon [_thread_blocked, id=12428, stack(0x00000007a7200000,0x00000007a7300000)]
  0x000001b53328e7d0 JavaThread "Finalizer" daemon [_thread_blocked, id=13468, stack(0x00000007a7300000,0x00000007a7400000)]
  0x000001b54c3d3340 JavaThread "Signal Dispatcher" daemon [_thread_blocked, id=1340, stack(0x00000007a7400000,0x00000007a7500000)]
  0x000001b54c3d5c10 JavaThread "Attach Listener" daemon [_thread_blocked, id=12024, stack(0x00000007a7500000,0x00000007a7600000)]
  0x000001b54c3da4e0 JavaThread "Service Thread" daemon [_thread_blocked, id=11276, stack(0x00000007a7600000,0x00000007a7700000)]
  0x000001b54c3dcdb0 JavaThread "Monitor Deflation Thread" daemon [_thread_blocked, id=2000, stack(0x00000007a7700000,0x00000007a7800000)]
=>0x000001b54c3df9b0 JavaThread "C2 CompilerThread0" daemon [_thread_in_native, id=6452, stack(0x00000007a7800000,0x00000007a7900000)]
  0x000001b54c3e0360 JavaThread "C1 CompilerThread0" daemon [_thread_in_native, id=10092, stack(0x00000007a7900000,0x00000007a7a00000)]
  0x000001b54c44d780 JavaThread "Sweeper thread" daemon [_thread_blocked, id=6964, stack(0x00000007a7a00000,0x00000007a7b00000)]
  0x000001b53322fe10 JavaThread "Common-Cleaner" daemon [_thread_blocked, id=15008, stack(0x00000007a7b00000,0x00000007a7c00000)]
  0x000001b54c6bb040 JavaThread "Notification Thread" daemon [_thread_blocked, id=4192, stack(0x00000007a7c00000,0x00000007a7d00000)]

Other Threads:
  0x000001b54c391fd0 VMThread "VM Thread" [stack: 0x00000007a7100000,0x00000007a7200000] [id=18256]
  0x000001b54c67bb60 WatcherThread [stack: 0x00000007a7d00000,0x00000007a7e00000] [id=12652]
  0x000001b5331e4370 GCTaskThread "GC Thread#0" [stack: 0x00000007a7000000,0x00000007a7100000] [id=12584]

Threads with active compile tasks:
C2 CompilerThread0      558  493       4       lombok.patcher.PatchScript::classMatches (41 bytes)
C1 CompilerThread0      558  545       3       sun.security.provider.ByteArrayAccess::b2iBig64 (231 bytes)

VM state: not at safepoint (normal execution)

VM Mutex/Monitor currently owned by a thread: None

Heap address: 0x00000000c0000000, size: 1024 MB, Compressed Oops mode: 32-bit

CDS archive(s) not mapped
Compressed class space mapped at: 0x0000000100000000-0x0000000140000000, reserved size: 1073741824
Narrow klass base: 0x0000000000000000, Narrow klass shift: 3, Narrow klass range: 0x140000000

GC Precious Log:
 CPUs: 12 total, 12 available
 Memory: 7521M
 Large Page Support: Disabled
 NUMA Support: Disabled
 Compressed Oops: Enabled (32-bit)
 Alignments: Space 512K, Generation 512K, Heap 2M
 Heap Min Capacity: 100M
 Heap Initial Capacity: 100M
 Heap Max Capacity: 1G
 Pre-touch: Disabled
 Parallel Workers: 10

Heap:
 PSYoungGen      total 29696K, used 12796K [0x00000000eab00000, 0x00000000ecc00000, 0x0000000100000000)
  eden space 25600K, 49% used [0x00000000eab00000,0x00000000eb77f340,0x00000000ec400000)
  from space 4096K, 0% used [0x00000000ec800000,0x00000000ec800000,0x00000000ecc00000)
  to   space 4096K, 0% used [0x00000000ec400000,0x00000000ec400000,0x00000000ec800000)
 ParOldGen       total 68608K, used 0K [0x00000000c0000000, 0x00000000c4300000, 0x00000000eab00000)
  object space 68608K, 0% used [0x00000000c0000000,0x00000000c0000000,0x00000000c4300000)
 Metaspace       used 8917K, committed 9024K, reserved 1114112K
  class space    used 879K, committed 960K, reserved 1048576K

Card table byte_map: [0x000001b532b70000,0x000001b532d80000] _byte_map_base: 0x000001b532570000

Marking Bits: (ParMarkBitMap*) 0x00007ffee50e52c0
 Begin Bits: [0x000001b544e50000, 0x000001b545e50000)
 End Bits:   [0x000001b545e50000, 0x000001b546e50000)

Polling page: 0x000001b531160000

Metaspace:

Usage:
  Non-class:      7.85 MB used.
      Class:    879.45 KB used.
       Both:      8.71 MB used.

Virtual space:
  Non-class space:       64.00 MB reserved,       7.88 MB ( 12%) committed,  1 nodes.
      Class space:        1.00 GB reserved,     960.00 KB ( <1%) committed,  1 nodes.
             Both:        1.06 GB reserved,       8.81 MB ( <1%) committed. 

Chunk freelists:
   Non-Class:  7.94 MB
       Class:  15.09 MB
        Both:  23.03 MB

MaxMetaspaceSize: unlimited
CompressedClassSpaceSize: 1.00 GB
Initial GC threshold: 21.00 MB
Current GC threshold: 21.00 MB
CDS: off
MetaspaceReclaimPolicy: balanced
 - commit_granule_bytes: 65536.
 - commit_granule_words: 8192.
 - virtual_space_node_default_size: 8388608.
 - enlarge_chunks_in_place: 1.
 - new_chunks_are_fully_committed: 0.
 - uncommit_free_chunks: 1.
 - use_allocation_guard: 0.
 - handle_deallocations: 1.


Internal statistics:

num_allocs_failed_limit: 0.
num_arena_births: 10.
num_arena_deaths: 0.
num_vsnodes_births: 2.
num_vsnodes_deaths: 0.
num_space_committed: 141.
num_space_uncommitted: 0.
num_chunks_returned_to_freelist: 0.
num_chunks_taken_from_freelist: 43.
num_chunk_merges: 0.
num_chunk_splits: 24.
num_chunks_enlarged: 18.
num_inconsistent_stats: 0.

CodeHeap 'non-profiled nmethods': size=120000Kb used=163Kb max_used=163Kb free=119836Kb
 bounds [0x000001b53d920000, 0x000001b53db90000, 0x000001b544e50000]
CodeHeap 'profiled nmethods': size=120000Kb used=764Kb max_used=764Kb free=119235Kb
 bounds [0x000001b535e50000, 0x000001b5360c0000, 0x000001b53d380000]
CodeHeap 'non-nmethods': size=5760Kb used=1134Kb max_used=1143Kb free=4625Kb
 bounds [0x000001b53d380000, 0x000001b53d5f0000, 0x000001b53d920000]
 total_blobs=955 nmethods=533 adapters=337
 compilation: enabled
              stopped_count=0, restarted_count=0
 full_count=0

Compilation events (20 events):
Event: 0.515 Thread 0x000001b54c3df9b0 nmethod 490 0x000001b53d946d10 code [0x000001b53d946e80, 0x000001b53d946f18]
Event: 0.515 Thread 0x000001b54c3df9b0  460       4       java.util.HashMap$KeyIterator::next (8 bytes)
Event: 0.517 Thread 0x000001b54c3e0360  494       3       java.lang.reflect.Modifier::isProtected (12 bytes)
Event: 0.517 Thread 0x000001b54c3e0360 nmethod 494 0x000001b535ef8e90 code [0x000001b535ef9020, 0x000001b535ef9178]
Event: 0.517 Thread 0x000001b54c3e0360  495       3       java.lang.Enum::equals (11 bytes)
Event: 0.517 Thread 0x000001b54c3e0360 nmethod 495 0x000001b535ef9210 code [0x000001b535ef93a0, 0x000001b535ef9518]
Event: 0.518 Thread 0x000001b54c3e0360  496       3       java.lang.invoke.MemberName::initResolved (53 bytes)
Event: 0.519 Thread 0x000001b54c3e0360 nmethod 496 0x000001b535ef9590 code [0x000001b535ef9720, 0x000001b535ef9898]
Event: 0.519 Thread 0x000001b54c3df9b0 nmethod 460 0x000001b53d947010 code [0x000001b53d9471a0, 0x000001b53d947418]
Event: 0.519 Thread 0x000001b54c3df9b0  493       4       lombok.patcher.PatchScript::classMatches (41 bytes)
Event: 0.525 Thread 0x000001b54c3e0360  502       3       java.util.Arrays::hashCode (44 bytes)
Event: 0.525 Thread 0x000001b54c3e0360 nmethod 502 0x000001b535ef9910 code [0x000001b535ef9ac0, 0x000001b535ef9cd8]
Event: 0.530 Thread 0x000001b54c3e0360  503       3       java.lang.instrument.ClassFileTransformer::transform (15 bytes)
Event: 0.531 Thread 0x000001b54c3e0360 nmethod 503 0x000001b535ef9e10 code [0x000001b535ef9fc0, 0x000001b535efa148]
Event: 0.531 Thread 0x000001b54c3e0360  504       3       java.util.zip.Inflater::ensureOpen (47 bytes)
Event: 0.531 Thread 0x000001b54c3e0360 nmethod 504 0x000001b535efa290 code [0x000001b535efa440, 0x000001b535efa6a8]
Event: 0.532 Thread 0x000001b54c3e0360  505       3       jdk.internal.org.objectweb.asm.ByteVector::put12 (64 bytes)
Event: 0.532 Thread 0x000001b54c3e0360 nmethod 505 0x000001b535efa790 code [0x000001b535efa940, 0x000001b535efab68]
Event: 0.534 Thread 0x000001b54c3e0360  506       3       java.lang.StringUTF16::putChar (54 bytes)
Event: 0.534 Thread 0x000001b54c3e0360 nmethod 506 0x000001b535efad10 code [0x000001b535efaea0, 0x000001b535efaff8]

GC Heap History (0 events):
No events

Dll operation events (8 events):
Event: 0.016 Loaded shared library c:\Users\Harsh Jethva\.vscode\extensions\redhat.java-1.18.0-win32-x64\jre\17.0.7-win32-x86_64\bin\java.dll
Event: 0.225 Loaded shared library c:\Users\Harsh Jethva\.vscode\extensions\redhat.java-1.18.0-win32-x64\jre\17.0.7-win32-x86_64\bin\zip.dll
Event: 0.229 Loaded shared library C:\Users\Harsh Jethva\.vscode\extensions\redhat.java-1.18.0-win32-x64\jre\17.0.7-win32-x86_64\bin\instrument.dll
Event: 0.248 Loaded shared library C:\Users\Harsh Jethva\.vscode\extensions\redhat.java-1.18.0-win32-x64\jre\17.0.7-win32-x86_64\bin\net.dll
Event: 0.251 Loaded shared library C:\Users\Harsh Jethva\.vscode\extensions\redhat.java-1.18.0-win32-x64\jre\17.0.7-win32-x86_64\bin\nio.dll
Event: 0.260 Loaded shared library C:\Users\Harsh Jethva\.vscode\extensions\redhat.java-1.18.0-win32-x64\jre\17.0.7-win32-x86_64\bin\zip.dll
Event: 0.280 Loaded shared library C:\Users\Harsh Jethva\.vscode\extensions\redhat.java-1.18.0-win32-x64\jre\17.0.7-win32-x86_64\bin\jimage.dll
Event: 0.334 Loaded shared library c:\Users\Harsh Jethva\.vscode\extensions\redhat.java-1.18.0-win32-x64\jre\17.0.7-win32-x86_64\bin\verify.dll

Deoptimization events (16 events):
Event: 0.422 Thread 0x000001b5331ced10 Uncommon trap: trap_request=0xffffff45 fr.pc=0x000001b53d9323dc relative=0x000000000000005c
Event: 0.422 Thread 0x000001b5331ced10 Uncommon trap: reason=unstable_if action=reinterpret pc=0x000001b53d9323dc method=java.lang.String.isLatin1()Z @ 10 c2
Event: 0.422 Thread 0x000001b5331ced10 DEOPT PACKING pc=0x000001b53d9323dc sp=0x00000007a6ffe170
Event: 0.422 Thread 0x000001b5331ced10 DEOPT UNPACKING pc=0x000001b53d3d66a3 sp=0x00000007a6ffe100 mode 2
Event: 0.423 Thread 0x000001b5331ced10 Uncommon trap: trap_request=0xffffff45 fr.pc=0x000001b53d92ef74 relative=0x0000000000000074
Event: 0.423 Thread 0x000001b5331ced10 Uncommon trap: reason=unstable_if action=reinterpret pc=0x000001b53d92ef74 method=java.lang.String.isLatin1()Z @ 10 c2
Event: 0.423 Thread 0x000001b5331ced10 DEOPT PACKING pc=0x000001b53d92ef74 sp=0x00000007a6ffeb90
Event: 0.423 Thread 0x000001b5331ced10 DEOPT UNPACKING pc=0x000001b53d3d66a3 sp=0x00000007a6ffead0 mode 2
Event: 0.424 Thread 0x000001b5331ced10 DEOPT PACKING pc=0x000001b535e6b127 sp=0x00000007a6ffd5c0
Event: 0.424 Thread 0x000001b5331ced10 DEOPT UNPACKING pc=0x000001b53d3d6e43 sp=0x00000007a6ffca70 mode 0
Event: 0.430 Thread 0x000001b5331ced10 DEOPT PACKING pc=0x000001b535e6b127 sp=0x00000007a6ffaed0
Event: 0.430 Thread 0x000001b5331ced10 DEOPT UNPACKING pc=0x000001b53d3d6e43 sp=0x00000007a6ffa380 mode 0
Event: 0.485 Thread 0x000001b5331ced10 Uncommon trap: trap_request=0xffffff45 fr.pc=0x000001b53d935328 relative=0x00000000000000a8
Event: 0.485 Thread 0x000001b5331ced10 Uncommon trap: reason=unstable_if action=reinterpret pc=0x000001b53d935328 method=java.net.URI.match(CJJ)Z @ 45 c2
Event: 0.485 Thread 0x000001b5331ced10 DEOPT PACKING pc=0x000001b53d935328 sp=0x00000007a6ffc650
Event: 0.485 Thread 0x000001b5331ced10 DEOPT UNPACKING pc=0x000001b53d3d66a3 sp=0x00000007a6ffc5d8 mode 2

Classes unloaded (0 events):
No events

Classes redefined (0 events):
No events

Internal exceptions (2 events):
Event: 0.183 Thread 0x000001b5331ced10 Exception <a 'java/lang/NoSuchMethodError'{0x00000000eacb26a8}: 'void java.lang.invoke.DirectMethodHandle$Holder.invokeStatic(java.lang.Object, java.lang.Object, java.lang.Object)'> (0x00000000eacb26a8) 
thrown [s\src\hotspot\share\interpreter\linkResolver.cpp, line 759]
Event: 0.355 Thread 0x000001b5331ced10 Exception <a 'java/lang/reflect/InvocationTargetException'{0x00000000eaf88220}> (0x00000000eaf88220) 
thrown [s\src\hotspot\share\runtime\reflection.cpp, line 1121]

VM Operations (2 events):
Event: 0.193 Executing VM operation: HandshakeAllThreads
Event: 0.194 Executing VM operation: HandshakeAllThreads done

Events (20 events):
Event: 0.533 loading class jdk/internal/icu/util/CodePointTrie done
Event: 0.533 loading class jdk/internal/icu/util/CodePointTrie$Fast done
Event: 0.533 loading class jdk/internal/icu/util/CodePointTrie$Fast16 done
Event: 0.533 loading class jdk/internal/icu/util/CodePointTrie$Type
Event: 0.533 loading class jdk/internal/icu/util/CodePointTrie$Type done
Event: 0.533 loading class jdk/internal/icu/util/CodePointTrie$ValueWidth
Event: 0.533 loading class jdk/internal/icu/util/CodePointTrie$ValueWidth done
Event: 0.533 loading class java/nio/ByteBufferAsCharBufferB
Event: 0.534 loading class java/nio/ByteBufferAsCharBufferB done
Event: 0.534 loading class jdk/internal/icu/util/CodePointTrie$1
Event: 0.534 loading class jdk/internal/icu/util/CodePointTrie$1 done
Event: 0.534 loading class jdk/internal/icu/util/CodePointTrie$Data16
Event: 0.534 loading class jdk/internal/icu/util/CodePointTrie$Data
Event: 0.534 loading class jdk/internal/icu/util/CodePointTrie$Data done
Event: 0.534 loading class jdk/internal/icu/util/CodePointTrie$Data16 done
Event: 0.535 loading class jdk/internal/icu/impl/Norm2AllModes$ComposeNormalizer2
Event: 0.535 loading class jdk/internal/icu/impl/Norm2AllModes$Normalizer2WithImpl
Event: 0.535 loading class jdk/internal/icu/impl/Norm2AllModes$Normalizer2WithImpl done
Event: 0.535 loading class jdk/internal/icu/impl/Norm2AllModes$ComposeNormalizer2 done
Event: 0.535 loading class jdk/internal/icu/impl/Norm2AllModes$DecomposeNormalizer2


Dynamic libraries:
0x00007ff61aef0000 - 0x00007ff61aefe000 	c:\Users\Harsh Jethva\.vscode\extensions\redhat.java-1.18.0-win32-x64\jre\17.0.7-win32-x86_64\bin\java.exe
0x00007fff36970000 - 0x00007fff36b84000 	C:\WINDOWS\SYSTEM32\ntdll.dll
0x00007fff35a60000 - 0x00007fff35b22000 	C:\WINDOWS\System32\KERNEL32.DLL
0x00007fff34120000 - 0x00007fff344bc000 	C:\WINDOWS\System32\KERNELBASE.dll
0x00007fff33ee0000 - 0x00007fff33ff1000 	C:\WINDOWS\System32\ucrtbase.dll
0x00007fff22140000 - 0x00007fff22157000 	c:\Users\Harsh Jethva\.vscode\extensions\redhat.java-1.18.0-win32-x64\jre\17.0.7-win32-x86_64\bin\jli.dll
0x00007fff36530000 - 0x00007fff366db000 	C:\WINDOWS\System32\USER32.dll
0x00007fff344c0000 - 0x00007fff344e6000 	C:\WINDOWS\System32\win32u.dll
0x00007fff1b890000 - 0x00007fff1b8a9000 	c:\Users\Harsh Jethva\.vscode\extensions\redhat.java-1.18.0-win32-x64\jre\17.0.7-win32-x86_64\bin\VCRUNTIME140.dll
0x00007fff34850000 - 0x00007fff34879000 	C:\WINDOWS\System32\GDI32.dll
0x00007fff34000000 - 0x00007fff34113000 	C:\WINDOWS\System32\gdi32full.dll
0x00007fff346e0000 - 0x00007fff3477a000 	C:\WINDOWS\System32\msvcp_win.dll
0x00007fff18e00000 - 0x00007fff1908e000 	C:\WINDOWS\WinSxS\amd64_microsoft.windows.common-controls_6595b64144ccf1df_6.0.22621.608_none_a9444ca7c10bb01d\COMCTL32.dll
0x00007fff36880000 - 0x00007fff36927000 	C:\WINDOWS\System32\msvcrt.dll
0x00007fff360f0000 - 0x00007fff36121000 	C:\WINDOWS\System32\IMM32.DLL
0x00007fff22130000 - 0x00007fff2213c000 	c:\Users\Harsh Jethva\.vscode\extensions\redhat.java-1.18.0-win32-x64\jre\17.0.7-win32-x86_64\bin\vcruntime140_1.dll
0x00007fff1b7d0000 - 0x00007fff1b861000 	c:\Users\Harsh Jethva\.vscode\extensions\redhat.java-1.18.0-win32-x64\jre\17.0.7-win32-x86_64\bin\msvcp140.dll
0x00007ffee4560000 - 0x00007ffee51a8000 	c:\Users\Harsh Jethva\.vscode\extensions\redhat.java-1.18.0-win32-x64\jre\17.0.7-win32-x86_64\bin\server\jvm.dll
0x00007fff34900000 - 0x00007fff349ae000 	C:\WINDOWS\System32\ADVAPI32.dll
0x00007fff35b30000 - 0x00007fff35bd4000 	C:\WINDOWS\System32\sechost.dll
0x00007fff36410000 - 0x00007fff36527000 	C:\WINDOWS\System32\RPCRT4.dll
0x00007fff31130000 - 0x00007fff31139000 	C:\WINDOWS\SYSTEM32\WSOCK32.dll
0x00007fff2bd00000 - 0x00007fff2bd34000 	C:\WINDOWS\SYSTEM32\WINMM.dll
0x00007fff34880000 - 0x00007fff348f1000 	C:\WINDOWS\System32\WS2_32.dll
0x00007fff2b1b0000 - 0x00007fff2b1ba000 	C:\WINDOWS\SYSTEM32\VERSION.dll
0x00007fff32dc0000 - 0x00007fff32dd8000 	C:\WINDOWS\SYSTEM32\kernel.appcore.dll
0x00007fff1b880000 - 0x00007fff1b88a000 	c:\Users\Harsh Jethva\.vscode\extensions\redhat.java-1.18.0-win32-x64\jre\17.0.7-win32-x86_64\bin\jimage.dll
0x00007fff20e00000 - 0x00007fff2102e000 	C:\WINDOWS\SYSTEM32\DBGHELP.DLL
0x00007fff35630000 - 0x00007fff359b9000 	C:\WINDOWS\System32\combase.dll
0x00007fff36330000 - 0x00007fff36407000 	C:\WINDOWS\System32\OLEAUT32.dll
0x00007fff13830000 - 0x00007fff13862000 	C:\WINDOWS\SYSTEM32\dbgcore.DLL
0x00007fff34660000 - 0x00007fff346db000 	C:\WINDOWS\System32\bcryptPrimitives.dll
0x00007fff1b7c0000 - 0x00007fff1b7ce000 	c:\Users\Harsh Jethva\.vscode\extensions\redhat.java-1.18.0-win32-x64\jre\17.0.7-win32-x86_64\bin\instrument.dll
0x00007fff1b790000 - 0x00007fff1b7b5000 	c:\Users\Harsh Jethva\.vscode\extensions\redhat.java-1.18.0-win32-x64\jre\17.0.7-win32-x86_64\bin\java.dll
0x00007fff1b770000 - 0x00007fff1b788000 	c:\Users\Harsh Jethva\.vscode\extensions\redhat.java-1.18.0-win32-x64\jre\17.0.7-win32-x86_64\bin\zip.dll
0x00007fff34de0000 - 0x00007fff355d0000 	C:\WINDOWS\System32\SHELL32.dll
0x00007fff31d70000 - 0x00007fff3263d000 	C:\WINDOWS\SYSTEM32\windows.storage.dll
0x00007fff31c30000 - 0x00007fff31d6e000 	C:\WINDOWS\SYSTEM32\wintypes.dll
0x00007fff36130000 - 0x00007fff36221000 	C:\WINDOWS\System32\SHCORE.dll
0x00007fff36090000 - 0x00007fff360ee000 	C:\WINDOWS\System32\shlwapi.dll
0x00007fff33ce0000 - 0x00007fff33d01000 	C:\WINDOWS\SYSTEM32\profapi.dll
0x00007fff168f0000 - 0x00007fff16909000 	C:\Users\Harsh Jethva\.vscode\extensions\redhat.java-1.18.0-win32-x64\jre\17.0.7-win32-x86_64\bin\net.dll
0x00007fff2bda0000 - 0x00007fff2bed7000 	C:\WINDOWS\SYSTEM32\WINHTTP.dll
0x00007fff33230000 - 0x00007fff33299000 	C:\WINDOWS\system32\mswsock.dll
0x00007fff1b740000 - 0x00007fff1b755000 	C:\Users\Harsh Jethva\.vscode\extensions\redhat.java-1.18.0-win32-x64\jre\17.0.7-win32-x86_64\bin\nio.dll
0x00007fff1b700000 - 0x00007fff1b710000 	c:\Users\Harsh Jethva\.vscode\extensions\redhat.java-1.18.0-win32-x64\jre\17.0.7-win32-x86_64\bin\verify.dll

dbghelp: loaded successfully - version: 4.0.5 - missing functions: none
symbol engine: initialized successfully - sym options: 0x614 - pdb path: .;c:\Users\Harsh Jethva\.vscode\extensions\redhat.java-1.18.0-win32-x64\jre\17.0.7-win32-x86_64\bin;C:\WINDOWS\SYSTEM32;C:\WINDOWS\WinSxS\amd64_microsoft.windows.common-controls_6595b64144ccf1df_6.0.22621.608_none_a9444ca7c10bb01d;c:\Users\Harsh Jethva\.vscode\extensions\redhat.java-1.18.0-win32-x64\jre\17.0.7-win32-x86_64\bin\server

VM Arguments:
jvm_args: --add-modules=ALL-SYSTEM --add-opens=java.base/java.util=ALL-UNNAMED --add-opens=java.base/java.lang=ALL-UNNAMED --add-opens=java.base/sun.nio.fs=ALL-UNNAMED -Declipse.application=org.eclipse.jdt.ls.core.id1 -Dosgi.bundles.defaultStartLevel=4 -Declipse.product=org.eclipse.jdt.ls.core.product -Djava.import.generatesMetadataFilesAtProjectRoot=false -Dfile.encoding=utf8 -XX:+UseParallelGC -XX:GCTimeRatio=4 -XX:AdaptiveSizePolicyWeight=90 -Dsun.zip.disableMemoryMapping=true -Xmx1G -Xms100m -Xlog:disable -javaagent:c:\Users\Harsh Jethva\.vscode\extensions\redhat.java-1.18.0-win32-x64\lombok\lombok-1.18.27.jar -XX:+HeapDumpOnOutOfMemoryError -XX:HeapDumpPath=c:\Users\Harsh Jethva\AppData\Roaming\Code\User\workspaceStorage\d95572ede32113bef6a38a85f1542b1e\redhat.java -Daether.dependencyCollector.impl=bf 
java_command: c:\Users\Harsh Jethva\.vscode\extensions\redhat.java-1.18.0-win32-x64\server\plugins\org.eclipse.equinox.launcher_1.6.400.v20210924-0641.jar -configuration c:\Users\Harsh Jethva\AppData\Roaming\Code\User\globalStorage\redhat.java\1.18.0\config_win -data c:\Users\Harsh Jethva\AppData\Roaming\Code\User\workspaceStorage\d95572ede32113bef6a38a85f1542b1e\redhat.java\jdt_ws
java_class_path (initial): c:\Users\Harsh Jethva\.vscode\extensions\redhat.java-1.18.0-win32-x64\server\plugins\org.eclipse.equinox.launcher_1.6.400.v20210924-0641.jar
Launcher Type: SUN_STANDARD

[Global flags]
    uintx AdaptiveSizePolicyWeight                 = 90                                        {product} {command line}
     intx CICompilerCount                          = 4                                         {product} {ergonomic}
    uintx GCTimeRatio                              = 4                                         {product} {command line}
     bool HeapDumpOnOutOfMemoryError               = true                                   {manageable} {command line}
    ccstr HeapDumpPath                             = c:\Users\Harsh Jethva\AppData\Roaming\Code\User\workspaceStorage\d95572ede32113bef6a38a85f1542b1e\redhat.java         {manageable} {command line}
   size_t InitialHeapSize                          = 104857600                                 {product} {command line}
   size_t MaxHeapSize                              = 1073741824                                {product} {command line}
   size_t MaxNewSize                               = 357564416                                 {product} {ergonomic}
   size_t MinHeapDeltaBytes                        = 524288                                    {product} {ergonomic}
   size_t MinHeapSize                              = 104857600                                 {product} {command line}
   size_t NewSize                                  = 34603008                                  {product} {ergonomic}
    uintx NonNMethodCodeHeapSize                   = 5839372                                {pd product} {ergonomic}
    uintx NonProfiledCodeHeapSize                  = 122909434                              {pd product} {ergonomic}
   size_t OldSize                                  = 70254592                                  {product} {ergonomic}
    uintx ProfiledCodeHeapSize                     = 122909434                              {pd product} {ergonomic}
    uintx ReservedCodeCacheSize                    = 251658240                              {pd product} {ergonomic}
     bool SegmentedCodeCache                       = true                                      {product} {ergonomic}
   size_t SoftMaxHeapSize                          = 1073741824                             {manageable} {ergonomic}
     bool UseCompressedClassPointers               = true                           {product lp64_product} {ergonomic}
     bool UseCompressedOops                        = true                           {product lp64_product} {ergonomic}
     bool UseLargePagesIndividualAllocation        = false                                  {pd product} {ergonomic}
     bool UseParallelGC                            = true                                      {product} {command line}

Logging:
Log output configuration:
 #0: stdout all=off uptime,level,tags
 #1: stderr all=off uptime,level,tags

Environment Variables:
JAVA_HOME=C:\Program Files\Java\jdk-19
PATH=C:\Windows\system32;C:\Windows;C:\Windows\System32\Wbem;C:\Windows\System32\WindowsPowerShell\v1.0\;C:\Windows\System32\OpenSSH\;C:\Program Files\NVIDIA Corporation\NVIDIA NvDLISR;C:\Apps\JDk\bin;C:\Program Files\Microsoft SQL Server\130\Tools\Binn\;C:\Program Files (x86)\NVIDIA Corporation\PhysX\Common;C:\xampp\php;C:\ProgramData\ComposerSetup\bin;C:\WINDOWS\system32;C:\WINDOWS;C:\WINDOWS\System32\Wbem;C:\WINDOWS\System32\WindowsPowerShell\v1.0\;C:\WINDOWS\System32\OpenSSH\;C:\Program Files\Git\cmd;C:\Apps\nodejs\;C:\Program Files\Microsoft SQL Server\150\Tools\Binn\;C:\Apps\flutter\bin;C:\Program Files\Java\jdk-19\bin;C:\Users\Harsh Jethva\AppData\Local\Pub\Cache\bin;C:\Users\Harsh Jethva\AppData\Local\Programs\Python\Python311\Scripts\;C:\Users\Harsh Jethva\AppData\Local\Programs\Python\Python311\;C:\Users\Harsh Jethva\AppData\Local\Microsoft\WindowsApps;C:\Apps\IntelliJ IDEA Community Edition 2023.1\bin;;C:\Users\Harsh Jethva\AppData\Roaming\Composer\vendor\bin;C:\Apps\Microsoft VS Code\bin;C:\Users\Harsh Jethva\AppData\Roaming\npm;C:\Users\Harsh Jethva\AppData\Local\GitHubDesktop\bin;C:\Users\Harsh Jethva\AppData\Local\Pub\Cache\bin;
USERNAME=Harsh Jethva
OS=Windows_NT
PROCESSOR_IDENTIFIER=AMD64 Family 25 Model 80 Stepping 0, AuthenticAMD
TMP=C:\Users\Harsh Jethva\AppData\Local\Temp
TEMP=C:\Users\Harsh Jethva\AppData\Local\Temp



---------------  S Y S T E M  ---------------

OS:
 Windows 11 , 64 bit Build 22621 (10.0.22621.1485)
OS uptime: 0 days 11:24 hours
Hyper-V role detected

CPU: total 12 (initial active 12) (12 cores per cpu, 2 threads per core) family 25 model 80 stepping 0 microcode 0x0, cx8, cmov, fxsr, ht, mmx, 3dnowpref, sse, sse2, sse3, ssse3, sse4a, sse4.1, sse4.2, popcnt, lzcnt, tsc, tscinvbit, avx, avx2, aes, erms, clmul, bmi1, bmi2, adx, sha, fma, vzeroupper, clflush, clflushopt, hv

Memory: 4k page, system-wide physical 7521M (48M free)
TotalPageFile size 14521M (AvailPageFile size 0M)
current process WorkingSet (physical memory assigned to process): 54M, peak: 54M
current process commit charge ("private bytes"): 200M, peak: 200M

vm_info: OpenJDK 64-Bit Server VM (17.0.7+7) for windows-amd64 JRE (17.0.7+7), built on Apr 18 2023 22:10:42 by "temurin" with MS VC++ 16.7 (VS2019)

END.
