#
# There is insufficient memory for the Java Runtime Environment to continue.
# Native memory allocation (mmap) failed to map 65536 bytes for Failed to commit metaspace.
# Possible reasons:
#   The system is out of physical RAM or swap space
#   The process is running with CompressedOops enabled, and the Java Heap may be blocking the growth of the native heap
# Possible solutions:
#   Reduce memory load on the system
#   Increase physical memory or swap space
#   Check if swap backing store is full
#   Decrease Java heap size (-Xmx/-Xms)
#   Decrease number of Java threads
#   Decrease Java thread stack sizes (-Xss)
#   Set larger code cache with -XX:ReservedCodeCacheSize=
#   JVM is running with Unscaled Compressed Oops mode in which the Java heap is
#     placed in the first 4GB address space. The Java Heap base address is the
#     maximum limit for the native heap growth. Please use -XX:HeapBaseMinAddress
#     to set the Java Heap base and to place the Java Heap above 4GB virtual address.
# This output file may be truncated or incomplete.
#
#  Out of Memory Error (virtualSpaceNode.cpp:110), pid=13128, tid=1476
#
# JRE version: OpenJDK Runtime Environment Temurin-17.0.7+7 (17.0.7+7) (build 17.0.7+7)
# Java VM: OpenJDK 64-Bit Server VM Temurin-17.0.7+7 (17.0.7+7, mixed mode, tiered, compressed oops, compressed class ptrs, parallel gc, windows-amd64)
# No core dump will be written. Minidumps are not enabled by default on client versions of Windows
#

---------------  S U M M A R Y ------------

Command Line: --add-modules=ALL-SYSTEM --add-opens=java.base/java.util=ALL-UNNAMED --add-opens=java.base/java.lang=ALL-UNNAMED --add-opens=java.base/sun.nio.fs=ALL-UNNAMED -Declipse.application=org.eclipse.jdt.ls.core.id1 -Dosgi.bundles.defaultStartLevel=4 -Declipse.product=org.eclipse.jdt.ls.core.product -Djava.import.generatesMetadataFilesAtProjectRoot=false -Dfile.encoding=utf8 -XX:+UseParallelGC -XX:GCTimeRatio=4 -XX:AdaptiveSizePolicyWeight=90 -Dsun.zip.disableMemoryMapping=true -Xmx1G -Xms100m -Xlog:disable -javaagent:c:\Users\Harsh Jethva\.vscode\extensions\redhat.java-1.18.0-win32-x64\lombok\lombok-1.18.27.jar c:\Users\Harsh Jethva\.vscode\extensions\redhat.java-1.18.0-win32-x64\server\plugins\org.eclipse.equinox.launcher_1.6.400.v20210924-0641.jar -configuration c:\Users\Harsh Jethva\AppData\Roaming\Code\User\globalStorage\redhat.java\1.18.0\config_ss_win -data c:\Users\Harsh Jethva\AppData\Roaming\Code\User\workspaceStorage\d95572ede32113bef6a38a85f1542b1e\redhat.java\ss_ws

Host: AMD Ryzen 5 5600H with Radeon Graphics         , 12 cores, 7G,  Windows 11 , 64 bit Build 22621 (10.0.22621.1635)
Time: Mon May  8 10:51:38 2023 India Standard Time elapsed time: 4.882310 seconds (0d 0h 0m 4s)

---------------  T H R E A D  ---------------

Current thread (0x000002842e2b1070):  JavaThread "Start Level: Equinox Container: 93183edf-6c3a-4f92-a5d9-ca47bc3c9e6b" daemon [_thread_in_vm, id=1476, stack(0x000000f278400000,0x000000f278500000)]

Stack: [0x000000f278400000,0x000000f278500000]
Native frames: (J=compiled Java code, j=interpreted, Vv=VM code, C=native code)
V  [jvm.dll+0x67754a]
V  [jvm.dll+0x834304]
V  [jvm.dll+0x835aae]
V  [jvm.dll+0x836113]
V  [jvm.dll+0x24696f]
V  [jvm.dll+0x83039b]
V  [jvm.dll+0x61c006]
V  [jvm.dll+0x1c169e]
V  [jvm.dll+0x61e961]
V  [jvm.dll+0x61c9a6]
V  [jvm.dll+0x23c306]
V  [jvm.dll+0x1ebe5d]
V  [jvm.dll+0x1e1891]
V  [jvm.dll+0x53ea50]
V  [jvm.dll+0x7afc28]
V  [jvm.dll+0x7afd14]
V  [jvm.dll+0x40de05]
V  [jvm.dll+0x413f58]
C  [java.dll+0x17ec]

Java frames: (J=compiled Java code, j=interpreted, Vv=VM code)
J 1041  java.lang.ClassLoader.defineClass1(Ljava/lang/ClassLoader;Ljava/lang/String;[BIILjava/security/ProtectionDomain;Ljava/lang/String;)Ljava/lang/Class; java.base@17.0.7 (0 bytes) @ 0x000002841dd6a4db [0x000002841dd6a420+0x00000000000000bb]
J 1630 c1 java.lang.ClassLoader.defineClass(Ljava/lang/String;[BIILjava/security/ProtectionDomain;)Ljava/lang/Class; java.base@17.0.7 (43 bytes) @ 0x000002841652ebd4 [0x000002841652e880+0x0000000000000354]
j  org.eclipse.osgi.internal.loader.ModuleClassLoader.defineClass(Ljava/lang/String;[BLorg/eclipse/osgi/internal/loader/classpath/ClasspathEntry;)Lorg/eclipse/osgi/internal/loader/ModuleClassLoader$DefineClassResult;+42
j  org.eclipse.osgi.internal.loader.classpath.ClasspathManager.defineClass(Ljava/lang/String;[BLorg/eclipse/osgi/internal/loader/classpath/ClasspathEntry;Lorg/eclipse/osgi/storage/bundlefile/BundleEntry;Ljava/util/List;)Ljava/lang/Class;+424
j  org.eclipse.osgi.internal.loader.classpath.ClasspathManager.findClassImpl(Ljava/lang/String;Lorg/eclipse/osgi/internal/loader/classpath/ClasspathEntry;Ljava/util/List;)Ljava/lang/Class;+269
j  org.eclipse.osgi.internal.loader.classpath.ClasspathManager.findLocalClassImpl(Ljava/lang/String;[Lorg/eclipse/osgi/internal/loader/classpath/ClasspathEntry;Ljava/util/List;)Ljava/lang/Class;+30
j  org.eclipse.osgi.internal.loader.classpath.ClasspathManager.findLocalClassImpl(Ljava/lang/String;Ljava/util/List;)Ljava/lang/Class;+69
j  org.eclipse.osgi.internal.loader.classpath.ClasspathManager.findLocalClass(Ljava/lang/String;)Ljava/lang/Class;+113
j  org.eclipse.osgi.internal.loader.ModuleClassLoader.findLocalClass(Ljava/lang/String;)Ljava/lang/Class;+5
j  org.eclipse.osgi.internal.loader.BundleLoader.findLocalClass(Ljava/lang/String;)Ljava/lang/Class;+57
j  org.eclipse.osgi.internal.loader.sources.SingleSourcePackage.loadClass(Ljava/lang/String;)Ljava/lang/Class;+5
J 1598 c1 org.eclipse.osgi.internal.loader.BundleLoader.findClass0(Ljava/lang/String;ZZ)Ljava/lang/Class; (466 bytes) @ 0x000002841651d09c [0x000002841651aaa0+0x00000000000025fc]
J 1597 c1 org.eclipse.osgi.internal.loader.BundleLoader.findClass(Ljava/lang/String;)Ljava/lang/Class; (8 bytes) @ 0x000002841651a19c [0x000002841651a120+0x000000000000007c]
J 1599 c1 org.eclipse.osgi.internal.loader.ModuleClassLoader.loadClass(Ljava/lang/String;Z)Ljava/lang/Class; (36 bytes) @ 0x00000284165201bc [0x000002841651ffa0+0x000000000000021c]
J 799 c1 java.lang.ClassLoader.loadClass(Ljava/lang/String;)Ljava/lang/Class; java.base@17.0.7 (7 bytes) @ 0x000002841638653c [0x0000028416386440+0x00000000000000fc]
v  ~StubRoutines::call_stub
j  java.lang.Class.getDeclaredMethods0(Z)[Ljava/lang/reflect/Method;+0 java.base@17.0.7
j  java.lang.Class.privateGetDeclaredMethods(Z)[Ljava/lang/reflect/Method;+34 java.base@17.0.7
j  java.lang.Class.getDeclaredMethod(Ljava/lang/String;[Ljava/lang/Class;)Ljava/lang/reflect/Method;+25 java.base@17.0.7
j  org.apache.felix.scr.impl.inject.methods.BaseMethod.getMethod(Ljava/lang/Class;Ljava/lang/String;[Ljava/lang/Class;ZZLorg/apache/felix/scr/impl/logger/ComponentLogger;)Ljava/lang/reflect/Method;+3
j  org.apache.felix.scr.impl.inject.methods.BindMethod.getServiceReferenceMethod(Ljava/lang/Class;ZZLorg/apache/felix/scr/impl/logger/ComponentLogger;)Ljava/lang/reflect/Method;+20
j  org.apache.felix.scr.impl.inject.methods.BindMethod.doFindMethod(Ljava/lang/Class;ZZLorg/apache/felix/scr/impl/logger/ComponentLogger;)Lorg/apache/felix/scr/impl/inject/methods/BaseMethod$MethodInfo;+67
j  org.apache.felix.scr.impl.inject.methods.BaseMethod.findMethod(Lorg/apache/felix/scr/impl/logger/ComponentLogger;)Lorg/apache/felix/scr/impl/inject/methods/BaseMethod$MethodInfo;+103
j  org.apache.felix.scr.impl.inject.methods.BaseMethod.access$400(Lorg/apache/felix/scr/impl/inject/methods/BaseMethod;Lorg/apache/felix/scr/impl/logger/ComponentLogger;)Lorg/apache/felix/scr/impl/inject/methods/BaseMethod$MethodInfo;+2
j  org.apache.felix.scr.impl.inject.methods.BaseMethod$NotResolved.resolve(Lorg/apache/felix/scr/impl/inject/methods/BaseMethod;Lorg/apache/felix/scr/impl/logger/ComponentLogger;)V+34
j  org.apache.felix.scr.impl.inject.methods.BaseMethod$NotResolved.methodExists(Lorg/apache/felix/scr/impl/inject/methods/BaseMethod;Lorg/apache/felix/scr/impl/logger/ComponentLogger;)Z+3
j  org.apache.felix.scr.impl.inject.methods.BaseMethod.methodExists(Lorg/apache/felix/scr/impl/logger/ComponentLogger;)Z+6
j  org.apache.felix.scr.impl.inject.methods.BindMethod.getServiceObject(Lorg/apache/felix/scr/impl/inject/BindParameters;Lorg/osgi/framework/BundleContext;)Z+24
j  org.apache.felix.scr.impl.manager.DependencyManager.getServiceObject(Lorg/apache/felix/scr/impl/manager/ComponentContextImpl;Lorg/apache/felix/scr/impl/inject/ReferenceMethod;Lorg/apache/felix/scr/impl/inject/RefPair;)Z+26
j  org.apache.felix.scr.impl.manager.DependencyManager$SingleDynamicCustomizer.prebind(Lorg/apache/felix/scr/impl/manager/ComponentContextImpl;)Z+151
j  org.apache.felix.scr.impl.manager.DependencyManager.prebind(Lorg/apache/felix/scr/impl/manager/ComponentContextImpl;)Z+5
j  org.apache.felix.scr.impl.manager.AbstractComponentManager.collectDependencies(Lorg/apache/felix/scr/impl/manager/ComponentContextImpl;)Z+36
j  org.apache.felix.scr.impl.manager.SingleComponentManager.getServiceInternal(Lorg/osgi/framework/ServiceRegistration;)Z+25
j  org.apache.felix.scr.impl.manager.AbstractComponentManager.activateInternal()V+427
j  org.apache.felix.scr.impl.manager.AbstractComponentManager.enableInternal()V+174
j  org.apache.felix.scr.impl.manager.AbstractComponentManager.enable(Z)Lorg/osgi/util/promise/Promise;+12
j  org.apache.felix.scr.impl.manager.ConfigurableComponentHolder.enableComponents(Z)Lorg/osgi/util/promise/Promise;+275
j  org.apache.felix.scr.impl.BundleComponentActivator.initialEnable()V+105
j  org.apache.felix.scr.impl.Activator.loadComponents(Lorg/osgi/framework/Bundle;)V+380
j  org.apache.felix.scr.impl.Activator.access$200(Lorg/apache/felix/scr/impl/Activator;Lorg/osgi/framework/Bundle;)V+2
j  org.apache.felix.scr.impl.Activator$ScrExtension.start()V+72
j  org.apache.felix.scr.impl.AbstractExtender.createExtension(Lorg/osgi/framework/Bundle;)V+71
j  org.apache.felix.scr.impl.AbstractExtender.modifiedBundle(Lorg/osgi/framework/Bundle;Lorg/osgi/framework/BundleEvent;Lorg/osgi/framework/Bundle;)V+115
j  org.apache.felix.scr.impl.AbstractExtender.addingBundle(Lorg/osgi/framework/Bundle;Lorg/osgi/framework/BundleEvent;)Lorg/osgi/framework/Bundle;+4
j  org.apache.felix.scr.impl.AbstractExtender.addingBundle(Lorg/osgi/framework/Bundle;Lorg/osgi/framework/BundleEvent;)Ljava/lang/Object;+3
j  org.osgi.util.tracker.BundleTracker$Tracked.customizerAdding(Lorg/osgi/framework/Bundle;Lorg/osgi/framework/BundleEvent;)Ljava/lang/Object;+9
j  org.osgi.util.tracker.BundleTracker$Tracked.customizerAdding(Ljava/lang/Object;Ljava/lang/Object;)Ljava/lang/Object;+9
j  org.osgi.util.tracker.AbstractTracked.trackAdding(Ljava/lang/Object;Ljava/lang/Object;)V+8
j  org.osgi.util.tracker.AbstractTracked.track(Ljava/lang/Object;Ljava/lang/Object;)V+83
j  org.osgi.util.tracker.BundleTracker$Tracked.bundleChanged(Lorg/osgi/framework/BundleEvent;)V+35
J 1452 c1 org.eclipse.osgi.internal.framework.BundleContextImpl.dispatchEvent(Ljava/lang/Object;Ljava/lang/Object;ILjava/lang/Object;)V (558 bytes) @ 0x00000284164dbcbc [0x00000284164daaa0+0x000000000000121c]
j  org.eclipse.osgi.framework.eventmgr.EventManager.dispatchEvent(Ljava/util/Set;Lorg/eclipse/osgi/framework/eventmgr/EventDispatcher;ILjava/lang/Object;)V+48
j  org.eclipse.osgi.framework.eventmgr.ListenerQueue.dispatchEventSynchronous(ILjava/lang/Object;)V+67
j  org.eclipse.osgi.internal.framework.EquinoxEventPublisher.publishBundleEventPrivileged(Lorg/osgi/framework/BundleEvent;)V+547
j  org.eclipse.osgi.internal.framework.EquinoxEventPublisher.publishBundleEvent(Lorg/osgi/framework/BundleEvent;)V+8
j  org.eclipse.osgi.internal.framework.EquinoxEventPublisher.publishBundleEvent(ILorg/osgi/framework/Bundle;Lorg/osgi/framework/Bundle;)V+15
j  org.eclipse.osgi.internal.framework.EquinoxContainerAdaptor.publishModuleEvent(Lorg/eclipse/osgi/container/ModuleContainerAdaptor$ModuleEvent;Lorg/eclipse/osgi/container/Module;Lorg/eclipse/osgi/container/Module;)V+29
j  org.eclipse.osgi.container.Module.publishEvent(Lorg/eclipse/osgi/container/ModuleContainerAdaptor$ModuleEvent;)V+13
j  org.eclipse.osgi.container.Module.start([Lorg/eclipse/osgi/container/Module$StartOptions;)V+588
j  org.eclipse.osgi.container.ModuleContainer$ContainerStartLevel$2.run()V+71
j  org.eclipse.osgi.internal.framework.EquinoxContainerAdaptor$1$1.execute(Ljava/lang/Runnable;)V+1
j  org.eclipse.osgi.container.ModuleContainer$ContainerStartLevel.incStartLevel(ILjava/util/List;Z)V+192
j  org.eclipse.osgi.container.ModuleContainer$ContainerStartLevel.incStartLevel(ILjava/util/List;Ljava/util/List;Ljava/util/List;Ljava/util/List;)V+4
j  org.eclipse.osgi.container.ModuleContainer$ContainerStartLevel.doContainerStartLevel(Lorg/eclipse/osgi/container/Module;I[Lorg/osgi/framework/FrameworkListener;)V+349
j  org.eclipse.osgi.container.ModuleContainer$ContainerStartLevel.dispatchEvent(Lorg/eclipse/osgi/container/Module;[Lorg/osgi/framework/FrameworkListener;ILjava/lang/Integer;)V+32
j  org.eclipse.osgi.container.ModuleContainer$ContainerStartLevel.dispatchEvent(Ljava/lang/Object;Ljava/lang/Object;ILjava/lang/Object;)V+15
j  org.eclipse.osgi.framework.eventmgr.EventManager.dispatchEvent(Ljava/util/Set;Lorg/eclipse/osgi/framework/eventmgr/EventDispatcher;ILjava/lang/Object;)V+48
j  org.eclipse.osgi.framework.eventmgr.EventManager$EventThread.run()V+26
v  ~StubRoutines::call_stub

---------------  P R O C E S S  ---------------

Threads class SMR info:
_java_thread_list=0x000002842e4418b0, length=17, elements={
0x00000284135bd2b0, 0x000002841367e970, 0x000002842c6d8cc0, 0x000002842743b420,
0x000002842743bde0, 0x000002842743c8a0, 0x000002842743d160, 0x000002842743dea0,
0x000002842743e850, 0x000002842c7060c0, 0x000002842c7ff000, 0x000002842ca57960,
0x000002842e60fd90, 0x000002842e02ad60, 0x000002842e2b1070, 0x000002842e5ddbf0,
0x000002842e76bb60
}

Java Threads: ( => current thread )
  0x00000284135bd2b0 JavaThread "main" [_thread_blocked, id=20232, stack(0x000000f276d00000,0x000000f276e00000)]
  0x000002841367e970 JavaThread "Reference Handler" daemon [_thread_blocked, id=9208, stack(0x000000f277000000,0x000000f277100000)]
  0x000002842c6d8cc0 JavaThread "Finalizer" daemon [_thread_blocked, id=1104, stack(0x000000f277100000,0x000000f277200000)]
  0x000002842743b420 JavaThread "Signal Dispatcher" daemon [_thread_blocked, id=8760, stack(0x000000f277200000,0x000000f277300000)]
  0x000002842743bde0 JavaThread "Attach Listener" daemon [_thread_blocked, id=14500, stack(0x000000f277300000,0x000000f277400000)]
  0x000002842743c8a0 JavaThread "Service Thread" daemon [_thread_blocked, id=19192, stack(0x000000f277400000,0x000000f277500000)]
  0x000002842743d160 JavaThread "Monitor Deflation Thread" daemon [_thread_blocked, id=19964, stack(0x000000f277500000,0x000000f277600000)]
  0x000002842743dea0 JavaThread "C2 CompilerThread0" daemon [_thread_blocked, id=8552, stack(0x000000f277600000,0x000000f277700000)]
  0x000002842743e850 JavaThread "C1 CompilerThread0" daemon [_thread_blocked, id=16940, stack(0x000000f277700000,0x000000f277800000)]
  0x000002842c7060c0 JavaThread "Sweeper thread" daemon [_thread_blocked, id=11960, stack(0x000000f277800000,0x000000f277900000)]
  0x000002842c7ff000 JavaThread "Common-Cleaner" daemon [_thread_blocked, id=8976, stack(0x000000f277900000,0x000000f277a00000)]
  0x000002842ca57960 JavaThread "Notification Thread" daemon [_thread_blocked, id=2500, stack(0x000000f277a00000,0x000000f277b00000)]
  0x000002842e60fd90 JavaThread "Active Thread: Equinox Container: 93183edf-6c3a-4f92-a5d9-ca47bc3c9e6b" [_thread_blocked, id=1116, stack(0x000000f278200000,0x000000f278300000)]
  0x000002842e02ad60 JavaThread "Framework Event Dispatcher: Equinox Container: 93183edf-6c3a-4f92-a5d9-ca47bc3c9e6b" daemon [_thread_blocked, id=13900, stack(0x000000f278300000,0x000000f278400000)]
=>0x000002842e2b1070 JavaThread "Start Level: Equinox Container: 93183edf-6c3a-4f92-a5d9-ca47bc3c9e6b" daemon [_thread_in_vm, id=1476, stack(0x000000f278400000,0x000000f278500000)]
  0x000002842e5ddbf0 JavaThread "SCR Component Actor" daemon [_thread_blocked, id=14772, stack(0x000000f278500000,0x000000f278600000)]
  0x000002842e76bb60 JavaThread "SCR Component Registry" daemon [_thread_blocked, id=20148, stack(0x000000f278700000,0x000000f278800000)]

Other Threads:
  0x000002842c6c1fd0 VMThread "VM Thread" [stack: 0x000000f276f00000,0x000000f277000000] [id=17536]
  0x000002842c9a2350 WatcherThread [stack: 0x000000f277b00000,0x000000f277c00000] [id=6524]
  0x00000284135d29a0 GCTaskThread "GC Thread#0" [stack: 0x000000f276e00000,0x000000f276f00000] [id=17600]
  0x000002842e2e3c70 GCTaskThread "GC Thread#1" [stack: 0x000000f277c00000,0x000000f277d00000] [id=8500]
  0x000002842e2867c0 GCTaskThread "GC Thread#2" [stack: 0x000000f277d00000,0x000000f277e00000] [id=9564]
  0x000002842e286a70 GCTaskThread "GC Thread#3" [stack: 0x000000f277e00000,0x000000f277f00000] [id=9220]
  0x000002842e286d20 GCTaskThread "GC Thread#4" [stack: 0x000000f277f00000,0x000000f278000000] [id=11300]
  0x000002842e286fd0 GCTaskThread "GC Thread#5" [stack: 0x000000f278000000,0x000000f278100000] [id=360]
  0x000002842e287280 GCTaskThread "GC Thread#6" [stack: 0x000000f278100000,0x000000f278200000] [id=8424]
  0x000002842e782900 GCTaskThread "GC Thread#7" [stack: 0x000000f278600000,0x000000f278700000] [id=15064]

Threads with active compile tasks:

VM state: not at safepoint (normal execution)

VM Mutex/Monitor currently owned by a thread:  ([mutex/lock_event])
[0x00000284112e21f0] Metaspace_lock - owner thread: 0x000002842e2b1070

Heap address: 0x00000000c0000000, size: 1024 MB, Compressed Oops mode: 32-bit

CDS archive(s) not mapped
Compressed class space mapped at: 0x0000000100000000-0x0000000140000000, reserved size: 1073741824
Narrow klass base: 0x0000000000000000, Narrow klass shift: 3, Narrow klass range: 0x140000000

GC Precious Log:
 CPUs: 12 total, 12 available
 Memory: 7521M
 Large Page Support: Disabled
 NUMA Support: Disabled
 Compressed Oops: Enabled (32-bit)
 Alignments: Space 512K, Generation 512K, Heap 2M
 Heap Min Capacity: 100M
 Heap Initial Capacity: 100M
 Heap Max Capacity: 1G
 Pre-touch: Disabled
 Parallel Workers: 10

Heap:
 PSYoungGen      total 29696K, used 11255K [0x00000000eab00000, 0x00000000ecc00000, 0x0000000100000000)
  eden space 25600K, 28% used [0x00000000eab00000,0x00000000eb202280,0x00000000ec400000)
  from space 4096K, 99% used [0x00000000ec800000,0x00000000ecbfbbf8,0x00000000ecc00000)
  to   space 4096K, 0% used [0x00000000ec400000,0x00000000ec400000,0x00000000ec800000)
 ParOldGen       total 68608K, used 706K [0x00000000c0000000, 0x00000000c4300000, 0x00000000eab00000)
  object space 68608K, 1% used [0x00000000c0000000,0x00000000c00b0830,0x00000000c4300000)
 Metaspace       used 16491K, committed 16704K, reserved 1114112K
  class space    used 1693K, committed 1792K, reserved 1048576K

Card table byte_map: [0x0000028412f60000,0x0000028413170000] _byte_map_base: 0x0000028412960000

Marking Bits: (ParMarkBitMap*) 0x00007ff99d1952c0
 Begin Bits: [0x0000028425240000, 0x0000028426240000)
 End Bits:   [0x0000028426240000, 0x0000028427240000)

Polling page: 0x0000028411550000

Metaspace:

Usage:
  Non-class:     14.45 MB used.
      Class:      1.65 MB used.
       Both:     16.10 MB used.

Virtual space:
  Non-class space:       64.00 MB reserved,      14.56 MB ( 23%) committed,  1 nodes.
      Class space:        1.00 GB reserved,       1.75 MB ( <1%) committed,  1 nodes.
             Both:        1.06 GB reserved,      16.31 MB (  1%) committed. 

Chunk freelists:
   Non-Class:  1.37 MB
       Class:  14.25 MB
        Both:  15.62 MB

MaxMetaspaceSize: unlimited
CompressedClassSpaceSize: 1.00 GB
Initial GC threshold: 21.00 MB
Current GC threshold: 21.00 MB
CDS: off
MetaspaceReclaimPolicy: balanced
 - commit_granule_bytes: 65536.
 - commit_granule_words: 8192.
 - virtual_space_node_default_size: 8388608.
 - enlarge_chunks_in_place: 1.
 - new_chunks_are_fully_committed: 0.
 - uncommit_free_chunks: 1.
 - use_allocation_guard: 0.
 - handle_deallocations: 1.


Internal statistics:

num_allocs_failed_limit: 0.
num_arena_births: 98.
num_arena_deaths: 0.
num_vsnodes_births: 2.
num_vsnodes_deaths: 0.
num_space_committed: 261.
num_space_uncommitted: 0.
num_chunks_returned_to_freelist: 0.
num_chunks_taken_from_freelist: 356.
num_chunk_merges: 0.
num_chunk_splits: 243.
num_chunks_enlarged: 189.
num_inconsistent_stats: 0.

CodeHeap 'non-profiled nmethods': size=120000Kb used=620Kb max_used=620Kb free=119379Kb
 bounds [0x000002841dd10000, 0x000002841df80000, 0x0000028425240000]
CodeHeap 'profiled nmethods': size=120000Kb used=3091Kb max_used=3091Kb free=116908Kb
 bounds [0x0000028416240000, 0x0000028416550000, 0x000002841d770000]
CodeHeap 'non-nmethods': size=5760Kb used=1164Kb max_used=1182Kb free=4595Kb
 bounds [0x000002841d770000, 0x000002841d9e0000, 0x000002841dd10000]
 total_blobs=2120 nmethods=1659 adapters=375
 compilation: enabled
              stopped_count=0, restarted_count=0
 full_count=0

Compilation events (20 events):
Event: 4.810 Thread 0x000002842743e850 nmethod 1650 0x0000028416538f90 code [0x0000028416539240, 0x000002841653a3e8]
Event: 4.812 Thread 0x000002842743dea0 nmethod 1649 0x000002841ddaa810 code [0x000002841ddaa980, 0x000002841ddaab38]
Event: 4.813 Thread 0x000002842743e850 1651       3       sun.invoke.util.BytecodeDescriptor::unparseSig (49 bytes)
Event: 4.814 Thread 0x000002842743e850 nmethod 1651 0x000002841653a890 code [0x000002841653aac0, 0x000002841653afe8]
Event: 4.816 Thread 0x000002842743e850 1652   !   3       org.eclipse.osgi.internal.loader.ModuleClassLoader::publicFindLoaded (28 bytes)
Event: 4.816 Thread 0x000002842743e850 nmethod 1652 0x000002841653b290 code [0x000002841653b480, 0x000002841653b918]
Event: 4.816 Thread 0x000002842743e850 1653       3       java.lang.invoke.VarHandleGuards::guard_LI_I (78 bytes)
Event: 4.818 Thread 0x000002842743e850 nmethod 1653 0x000002841653bb10 code [0x000002841653be40, 0x000002841653d8a8]
Event: 4.833 Thread 0x000002842743e850 1654       3       java.io.WinNTFileSystem::normalize (143 bytes)
Event: 4.834 Thread 0x000002842743e850 nmethod 1654 0x000002841653e110 code [0x000002841653e3a0, 0x000002841653ef78]
Event: 4.868 Thread 0x000002842743e850 1655       3       java.util.concurrent.locks.ReentrantReadWriteLock$Sync::tryReleaseShared (146 bytes)
Event: 4.869 Thread 0x000002842743e850 nmethod 1655 0x000002841653f410 code [0x000002841653f660, 0x0000028416540158]
Event: 4.871 Thread 0x000002842743e850 1656       3       org.eclipse.osgi.internal.framework.EquinoxConfiguration::getProperty (9 bytes)
Event: 4.872 Thread 0x000002842743e850 nmethod 1656 0x0000028416540590 code [0x0000028416540860, 0x0000028416541618]
Event: 4.872 Thread 0x000002842743e850 1657       3       org.eclipse.osgi.internal.framework.EquinoxConfiguration$ConfigValues::getProperty (31 bytes)
Event: 4.873 Thread 0x000002842743e850 nmethod 1657 0x0000028416541b10 code [0x0000028416541ec0, 0x0000028416543568]
Event: 4.874 Thread 0x000002842743e850 1658       3       org.eclipse.osgi.internal.framework.BundleContextImpl::checkValid (44 bytes)
Event: 4.875 Thread 0x000002842743e850 nmethod 1658 0x0000028416543c90 code [0x0000028416543f00, 0x0000028416544928]
Event: 4.880 Thread 0x000002842743dea0 1660       4       java.util.zip.ZipFile$Source::zipCoderForPos (39 bytes)
Event: 4.881 Thread 0x000002842743dea0 nmethod 1660 0x000002841ddaaf90 code [0x000002841ddab100, 0x000002841ddab1b8]

GC Heap History (4 events):
Event: 0.964 GC heap before
{Heap before GC invocations=1 (full 0):
 PSYoungGen      total 29696K, used 25600K [0x00000000eab00000, 0x00000000ecc00000, 0x0000000100000000)
  eden space 25600K, 100% used [0x00000000eab00000,0x00000000ec400000,0x00000000ec400000)
  from space 4096K, 0% used [0x00000000ec800000,0x00000000ec800000,0x00000000ecc00000)
  to   space 4096K, 0% used [0x00000000ec400000,0x00000000ec400000,0x00000000ec800000)
 ParOldGen       total 68608K, used 0K [0x00000000c0000000, 0x00000000c4300000, 0x00000000eab00000)
  object space 68608K, 0% used [0x00000000c0000000,0x00000000c0000000,0x00000000c4300000)
 Metaspace       used 11187K, committed 11328K, reserved 1114112K
  class space    used 1122K, committed 1216K, reserved 1048576K
}
Event: 0.972 GC heap after
{Heap after GC invocations=1 (full 0):
 PSYoungGen      total 29696K, used 3224K [0x00000000eab00000, 0x00000000ecc00000, 0x0000000100000000)
  eden space 25600K, 0% used [0x00000000eab00000,0x00000000eab00000,0x00000000ec400000)
  from space 4096K, 78% used [0x00000000ec400000,0x00000000ec7263b8,0x00000000ec800000)
  to   space 4096K, 0% used [0x00000000ec800000,0x00000000ec800000,0x00000000ecc00000)
 ParOldGen       total 68608K, used 16K [0x00000000c0000000, 0x00000000c4300000, 0x00000000eab00000)
  object space 68608K, 0% used [0x00000000c0000000,0x00000000c0004000,0x00000000c4300000)
 Metaspace       used 11187K, committed 11328K, reserved 1114112K
  class space    used 1122K, committed 1216K, reserved 1048576K
}
Event: 4.704 GC heap before
{Heap before GC invocations=2 (full 0):
 PSYoungGen      total 29696K, used 28824K [0x00000000eab00000, 0x00000000ecc00000, 0x0000000100000000)
  eden space 25600K, 100% used [0x00000000eab00000,0x00000000ec400000,0x00000000ec400000)
  from space 4096K, 78% used [0x00000000ec400000,0x00000000ec7263b8,0x00000000ec800000)
  to   space 4096K, 0% used [0x00000000ec800000,0x00000000ec800000,0x00000000ecc00000)
 ParOldGen       total 68608K, used 16K [0x00000000c0000000, 0x00000000c4300000, 0x00000000eab00000)
  object space 68608K, 0% used [0x00000000c0000000,0x00000000c0004000,0x00000000c4300000)
 Metaspace       used 15248K, committed 15552K, reserved 1114112K
  class space    used 1557K, committed 1728K, reserved 1048576K
}
Event: 4.709 GC heap after
{Heap after GC invocations=2 (full 0):
 PSYoungGen      total 29696K, used 4078K [0x00000000eab00000, 0x00000000ecc00000, 0x0000000100000000)
  eden space 25600K, 0% used [0x00000000eab00000,0x00000000eab00000,0x00000000ec400000)
  from space 4096K, 99% used [0x00000000ec800000,0x00000000ecbfbbf8,0x00000000ecc00000)
  to   space 4096K, 0% used [0x00000000ec400000,0x00000000ec400000,0x00000000ec800000)
 ParOldGen       total 68608K, used 706K [0x00000000c0000000, 0x00000000c4300000, 0x00000000eab00000)
  object space 68608K, 1% used [0x00000000c0000000,0x00000000c00b0830,0x00000000c4300000)
 Metaspace       used 15248K, committed 15552K, reserved 1114112K
  class space    used 1557K, committed 1728K, reserved 1048576K
}

Dll operation events (9 events):
Event: 0.049 Loaded shared library c:\Users\Harsh Jethva\.vscode\extensions\redhat.java-1.18.0-win32-x64\jre\17.0.7-win32-x86_64\bin\java.dll
Event: 0.207 Loaded shared library c:\Users\Harsh Jethva\.vscode\extensions\redhat.java-1.18.0-win32-x64\jre\17.0.7-win32-x86_64\bin\zip.dll
Event: 0.211 Loaded shared library C:\Users\Harsh Jethva\.vscode\extensions\redhat.java-1.18.0-win32-x64\jre\17.0.7-win32-x86_64\bin\instrument.dll
Event: 0.284 Loaded shared library C:\Users\Harsh Jethva\.vscode\extensions\redhat.java-1.18.0-win32-x64\jre\17.0.7-win32-x86_64\bin\net.dll
Event: 0.329 Loaded shared library C:\Users\Harsh Jethva\.vscode\extensions\redhat.java-1.18.0-win32-x64\jre\17.0.7-win32-x86_64\bin\nio.dll
Event: 0.339 Loaded shared library C:\Users\Harsh Jethva\.vscode\extensions\redhat.java-1.18.0-win32-x64\jre\17.0.7-win32-x86_64\bin\zip.dll
Event: 0.356 Loaded shared library C:\Users\Harsh Jethva\.vscode\extensions\redhat.java-1.18.0-win32-x64\jre\17.0.7-win32-x86_64\bin\jimage.dll
Event: 0.438 Loaded shared library c:\Users\Harsh Jethva\.vscode\extensions\redhat.java-1.18.0-win32-x64\jre\17.0.7-win32-x86_64\bin\verify.dll
Event: 4.621 Loaded shared library C:\Users\Harsh Jethva\AppData\Roaming\Code\User\globalStorage\redhat.java\1.18.0\config_ss_win\org.eclipse.equinox.launcher\org.eclipse.equinox.launcher.win32.win32.x86_64_1.2.700.v20221108-1024\eclipse_11801.dll

Deoptimization events (20 events):
Event: 1.186 Thread 0x00000284135bd2b0 Uncommon trap: trap_request=0xffffffde fr.pc=0x000002841dd67a4c relative=0x000000000000090c
Event: 1.186 Thread 0x00000284135bd2b0 Uncommon trap: reason=class_check action=maybe_recompile pc=0x000002841dd67a4c method=java.util.HashMap.putVal(ILjava/lang/Object;Ljava/lang/Object;ZZ)Ljava/lang/Object; @ 253 c2
Event: 1.186 Thread 0x00000284135bd2b0 DEOPT PACKING pc=0x000002841dd67a4c sp=0x000000f276dfd980
Event: 1.186 Thread 0x00000284135bd2b0 DEOPT UNPACKING pc=0x000002841d7c66a3 sp=0x000000f276dfd900 mode 2
Event: 1.188 Thread 0x00000284135bd2b0 Uncommon trap: trap_request=0xffffffde fr.pc=0x000002841dd67a4c relative=0x000000000000090c
Event: 1.188 Thread 0x00000284135bd2b0 Uncommon trap: reason=class_check action=maybe_recompile pc=0x000002841dd67a4c method=java.util.HashMap.putVal(ILjava/lang/Object;Ljava/lang/Object;ZZ)Ljava/lang/Object; @ 253 c2
Event: 1.188 Thread 0x00000284135bd2b0 DEOPT PACKING pc=0x000002841dd67a4c sp=0x000000f276dfd980
Event: 1.188 Thread 0x00000284135bd2b0 DEOPT UNPACKING pc=0x000002841d7c66a3 sp=0x000000f276dfd900 mode 2
Event: 1.212 Thread 0x00000284135bd2b0 DEOPT PACKING pc=0x0000028416331480 sp=0x000000f276dfca30
Event: 1.212 Thread 0x00000284135bd2b0 DEOPT UNPACKING pc=0x000002841d7c6e43 sp=0x000000f276dfbea0 mode 0
Event: 4.558 Thread 0x000002842e2b1070 DEOPT PACKING pc=0x00000284162d35bf sp=0x000000f2784fbc60
Event: 4.558 Thread 0x000002842e2b1070 DEOPT UNPACKING pc=0x000002841d7c6e43 sp=0x000000f2784fb168 mode 0
Event: 4.777 Thread 0x000002842e2b1070 Uncommon trap: trap_request=0xffffff45 fr.pc=0x000002841dd3b91c relative=0x000000000000015c
Event: 4.777 Thread 0x000002842e2b1070 Uncommon trap: reason=unstable_if action=reinterpret pc=0x000002841dd3b91c method=java.lang.invoke.VarHandle.checkExactAccessMode(Ljava/lang/invoke/VarHandle$AccessDescriptor;)V @ 4 c2
Event: 4.777 Thread 0x000002842e2b1070 DEOPT PACKING pc=0x000002841dd3b91c sp=0x000000f2784fd3f0
Event: 4.777 Thread 0x000002842e2b1070 DEOPT UNPACKING pc=0x000002841d7c66a3 sp=0x000000f2784fd330 mode 2
Event: 4.798 Thread 0x000002842e2b1070 Uncommon trap: trap_request=0xffffff45 fr.pc=0x000002841dd8bbe0 relative=0x0000000000001f40
Event: 4.798 Thread 0x000002842e2b1070 Uncommon trap: reason=unstable_if action=reinterpret pc=0x000002841dd8bbe0 method=java.io.WinNTFileSystem.normalize(Ljava/lang/String;II)Ljava/lang/String; @ 100 c2
Event: 4.798 Thread 0x000002842e2b1070 DEOPT PACKING pc=0x000002841dd8bbe0 sp=0x000000f2784f8d50
Event: 4.798 Thread 0x000002842e2b1070 DEOPT UNPACKING pc=0x000002841d7c66a3 sp=0x000000f2784f8c90 mode 2

Classes unloaded (0 events):
No events

Classes redefined (0 events):
No events

Internal exceptions (20 events):
Event: 0.652 Thread 0x00000284135bd2b0 Exception <a 'java/lang/ClassNotFoundException'{0x00000000eb7a8448}: sun/net/www/protocol/c/Handler> (0x00000000eb7a8448) 
thrown [s\src\hotspot\share\classfile\systemDictionary.cpp, line 256]
Event: 0.662 Thread 0x00000284135bd2b0 Exception <a 'java/io/FileNotFoundException'{0x00000000eb7bbfd8}> (0x00000000eb7bbfd8) 
thrown [s\src\hotspot\share\prims\jni.cpp, line 516]
Event: 0.663 Thread 0x00000284135bd2b0 Exception <a 'java/io/FileNotFoundException'{0x00000000eb7bcd40}> (0x00000000eb7bcd40) 
thrown [s\src\hotspot\share\prims\jni.cpp, line 516]
Event: 0.663 Thread 0x00000284135bd2b0 Exception <a 'java/io/FileNotFoundException'{0x00000000eb7bda88}> (0x00000000eb7bda88) 
thrown [s\src\hotspot\share\prims\jni.cpp, line 516]
Event: 0.663 Thread 0x00000284135bd2b0 Exception <a 'java/io/FileNotFoundException'{0x00000000eb7be7a0}> (0x00000000eb7be7a0) 
thrown [s\src\hotspot\share\prims\jni.cpp, line 516]
Event: 0.668 Thread 0x00000284135bd2b0 Exception <a 'java/io/FileNotFoundException'{0x00000000eb7f9248}> (0x00000000eb7f9248) 
thrown [s\src\hotspot\share\prims\jni.cpp, line 516]
Event: 0.840 Thread 0x00000284135bd2b0 Exception <a 'java/lang/ClassNotFoundException'{0x00000000ec023898}: sun/net/www/protocol/c/Handler> (0x00000000ec023898) 
thrown [s\src\hotspot\share\classfile\systemDictionary.cpp, line 256]
Event: 0.840 Thread 0x00000284135bd2b0 Exception <a 'java/lang/ClassNotFoundException'{0x00000000ec024bf8}: sun/net/www/protocol/h/Handler> (0x00000000ec024bf8) 
thrown [s\src\hotspot\share\classfile\systemDictionary.cpp, line 256]
Event: 0.840 Thread 0x00000284135bd2b0 Exception <a 'java/lang/ClassNotFoundException'{0x00000000ec025d70}: sun/net/www/protocol/c/Handler> (0x00000000ec025d70) 
thrown [s\src\hotspot\share\classfile\systemDictionary.cpp, line 256]
Event: 0.846 Thread 0x00000284135bd2b0 Exception <a 'java/io/FileNotFoundException'{0x00000000ec045028}> (0x00000000ec045028) 
thrown [s\src\hotspot\share\prims\jni.cpp, line 516]
Event: 0.911 Thread 0x00000284135bd2b0 Exception <a 'java/lang/NoSuchMethodError'{0x00000000ec315ab8}: 'int java.lang.invoke.DirectMethodHandle$Holder.invokeStaticInit(java.lang.Object, java.lang.Object, java.lang.Object, java.lang.Object)'> (0x00000000ec315ab8) 
thrown [s\src\hotspot\share\interpreter\linkResolver.cpp, line 759]
Event: 0.913 Thread 0x00000284135bd2b0 Exception <a 'java/lang/NoSuchMethodError'{0x00000000ec320128}: 'java.lang.Object java.lang.invoke.DirectMethodHandle$Holder.invokeInterface(java.lang.Object, java.lang.Object)'> (0x00000000ec320128) 
thrown [s\src\hotspot\share\interpreter\linkResolver.cpp, line 759]
Event: 0.913 Thread 0x00000284135bd2b0 Exception <a 'java/lang/IncompatibleClassChangeError'{0x00000000ec323920}: Found class java.lang.Object, but interface was expected> (0x00000000ec323920) 
thrown [s\src\hotspot\share\interpreter\linkResolver.cpp, line 826]
Event: 0.914 Thread 0x00000284135bd2b0 Exception <a 'java/lang/NoSuchMethodError'{0x00000000ec327e18}: 'void java.lang.invoke.DirectMethodHandle$Holder.invokeStatic(java.lang.Object, java.lang.Object)'> (0x00000000ec327e18) 
thrown [s\src\hotspot\share\interpreter\linkResolver.cpp, line 759]
Event: 0.915 Thread 0x00000284135bd2b0 Exception <a 'java/lang/NoSuchMethodError'{0x00000000ec32b618}: 'void java.lang.invoke.DirectMethodHandle$Holder.invokeStaticInit(java.lang.Object, java.lang.Object)'> (0x00000000ec32b618) 
thrown [s\src\hotspot\share\interpreter\linkResolver.cpp, line 759]
Event: 0.916 Thread 0x00000284135bd2b0 Exception <a 'java/lang/NoSuchMethodError'{0x00000000ec332c50}: 'int java.lang.invoke.DirectMethodHandle$Holder.invokeStaticInit(java.lang.Object, java.lang.Object)'> (0x00000000ec332c50) 
thrown [s\src\hotspot\share\interpreter\linkResolver.cpp, line 759]
Event: 0.982 Thread 0x00000284135bd2b0 Exception <a 'java/lang/NoSuchMethodError'{0x00000000eab5a1b0}: 'void java.lang.invoke.DirectMethodHandle$Holder.invokeSpecial(java.lang.Object, java.lang.Object, java.lang.Object)'> (0x00000000eab5a1b0) 
thrown [s\src\hotspot\share\interpreter\linkResolver.cpp, line 759]
Event: 1.171 Thread 0x00000284135bd2b0 Exception <a 'java/lang/NoSuchMethodError'{0x00000000eb77a3b8}: 'java.lang.Object java.lang.invoke.DirectMethodHandle$Holder.newInvokeSpecial(java.lang.Object, int, java.lang.Object)'> (0x00000000eb77a3b8) 
thrown [s\src\hotspot\share\interpreter\linkResolver.cpp, line 759]
Event: 4.538 Thread 0x00000284135bd2b0 Exception <a 'java/lang/UnsatisfiedLinkError'{0x00000000ebcb8b10}: 'void org.eclipse.equinox.launcher.JNIBridge._update_splash()'> (0x00000000ebcb8b10) 
thrown [s\src\hotspot\share\prims\nativeLookup.cpp, line 543]
Event: 4.590 Thread 0x000002842e2b1070 Exception <a 'java/lang/NoSuchMethodError'{0x00000000ebf1f918}: 'java.lang.Object java.lang.invoke.DirectMethodHandle$Holder.invokeStaticInit(java.lang.Object)'> (0x00000000ebf1f918) 
thrown [s\src\hotspot\share\interpreter\linkResolver.cpp, line 759]

VM Operations (20 events):
Event: 0.901 Executing VM operation: ICBufferFull
Event: 0.901 Executing VM operation: ICBufferFull done
Event: 0.964 Executing VM operation: ParallelGCFailedAllocation
Event: 0.972 Executing VM operation: ParallelGCFailedAllocation done
Event: 1.151 Executing VM operation: HandshakeAllThreads
Event: 1.151 Executing VM operation: HandshakeAllThreads done
Event: 1.152 Executing VM operation: HandshakeAllThreads
Event: 1.152 Executing VM operation: HandshakeAllThreads done
Event: 1.157 Executing VM operation: HandshakeAllThreads
Event: 1.157 Executing VM operation: HandshakeAllThreads done
Event: 1.168 Executing VM operation: HandshakeAllThreads
Event: 1.168 Executing VM operation: HandshakeAllThreads done
Event: 2.168 Executing VM operation: Cleanup
Event: 2.168 Executing VM operation: Cleanup done
Event: 4.616 Executing VM operation: HandshakeAllThreads
Event: 4.625 Executing VM operation: HandshakeAllThreads done
Event: 4.625 Executing VM operation: Cleanup
Event: 4.626 Executing VM operation: Cleanup done
Event: 4.704 Executing VM operation: ParallelGCFailedAllocation
Event: 4.709 Executing VM operation: ParallelGCFailedAllocation done

Events (20 events):
Event: 4.751 loading class java/util/Timer done
Event: 4.751 loading class java/util/TaskQueue
Event: 4.751 loading class java/util/TaskQueue done
Event: 4.751 loading class java/util/TimerThread
Event: 4.751 loading class java/util/TimerThread done
Event: 4.751 loading class java/util/Timer$ThreadReaper
Event: 4.751 loading class java/util/Timer$ThreadReaper done
Event: 4.751 Thread 0x000002842e76bb60 Thread added: 0x000002842e76bb60
Event: 4.764 loading class java/util/concurrent/locks/ReentrantLock$FairSync
Event: 4.764 loading class java/util/concurrent/locks/ReentrantLock$FairSync done
Event: 4.765 loading class java/util/Collections$ReverseComparator
Event: 4.766 loading class java/util/Collections$ReverseComparator done
Event: 4.806 loading class javax/xml/parsers/ParserConfigurationException
Event: 4.806 loading class javax/xml/parsers/ParserConfigurationException done
Event: 4.818 loading class java/lang/CloneNotSupportedException
Event: 4.818 loading class java/lang/CloneNotSupportedException done
Event: 4.877 loading class java/util/TreeMap$Values
Event: 4.877 loading class java/util/TreeMap$Values done
Event: 4.877 loading class java/util/TreeMap$ValueIterator
Event: 4.877 loading class java/util/TreeMap$ValueIterator done


Dynamic libraries:
0x00007ff636150000 - 0x00007ff63615e000 	c:\Users\Harsh Jethva\.vscode\extensions\redhat.java-1.18.0-win32-x64\jre\17.0.7-win32-x86_64\bin\java.exe
0x00007ffa19930000 - 0x00007ffa19b44000 	C:\WINDOWS\SYSTEM32\ntdll.dll
0x00007ffa17de0000 - 0x00007ffa17ea2000 	C:\WINDOWS\System32\KERNEL32.DLL
0x00007ffa171f0000 - 0x00007ffa17593000 	C:\WINDOWS\System32\KERNELBASE.dll
0x00007ffa16e10000 - 0x00007ffa16f21000 	C:\WINDOWS\System32\ucrtbase.dll
0x00007ff9b1b20000 - 0x00007ff9b1b37000 	c:\Users\Harsh Jethva\.vscode\extensions\redhat.java-1.18.0-win32-x64\jre\17.0.7-win32-x86_64\bin\jli.dll
0x00007ff9b1b00000 - 0x00007ff9b1b19000 	c:\Users\Harsh Jethva\.vscode\extensions\redhat.java-1.18.0-win32-x64\jre\17.0.7-win32-x86_64\bin\VCRUNTIME140.dll
0x00007ffa18810000 - 0x00007ffa189bb000 	C:\WINDOWS\System32\USER32.dll
0x00007ff9fc500000 - 0x00007ff9fc78e000 	C:\WINDOWS\WinSxS\amd64_microsoft.windows.common-controls_6595b64144ccf1df_6.0.22621.1635_none_270f70857386168e\COMCTL32.dll
0x00007ffa16f30000 - 0x00007ffa16f56000 	C:\WINDOWS\System32\win32u.dll
0x00007ffa19840000 - 0x00007ffa198e7000 	C:\WINDOWS\System32\msvcrt.dll
0x00007ffa17eb0000 - 0x00007ffa17ed9000 	C:\WINDOWS\System32\GDI32.dll
0x00007ffa170d0000 - 0x00007ffa171e8000 	C:\WINDOWS\System32\gdi32full.dll
0x00007ffa17690000 - 0x00007ffa1772a000 	C:\WINDOWS\System32\msvcp_win.dll
0x00007ffa19010000 - 0x00007ffa19041000 	C:\WINDOWS\System32\IMM32.DLL
0x00007ff9e5560000 - 0x00007ff9e556c000 	c:\Users\Harsh Jethva\.vscode\extensions\redhat.java-1.18.0-win32-x64\jre\17.0.7-win32-x86_64\bin\vcruntime140_1.dll
0x00007ff9b1a60000 - 0x00007ff9b1af1000 	c:\Users\Harsh Jethva\.vscode\extensions\redhat.java-1.18.0-win32-x64\jre\17.0.7-win32-x86_64\bin\msvcp140.dll
0x00007ff99c610000 - 0x00007ff99d258000 	c:\Users\Harsh Jethva\.vscode\extensions\redhat.java-1.18.0-win32-x64\jre\17.0.7-win32-x86_64\bin\server\jvm.dll
0x00007ffa189c0000 - 0x00007ffa18a6e000 	C:\WINDOWS\System32\ADVAPI32.dll
0x00007ffa19210000 - 0x00007ffa192b4000 	C:\WINDOWS\System32\sechost.dll
0x00007ffa17ee0000 - 0x00007ffa17ff7000 	C:\WINDOWS\System32\RPCRT4.dll
0x00007ff9e6c10000 - 0x00007ff9e6c19000 	C:\WINDOWS\SYSTEM32\WSOCK32.dll
0x00007ffa17d60000 - 0x00007ffa17dd1000 	C:\WINDOWS\System32\WS2_32.dll
0x00007ffa10cb0000 - 0x00007ffa10cba000 	C:\WINDOWS\SYSTEM32\VERSION.dll
0x00007ffa12ce0000 - 0x00007ffa12d14000 	C:\WINDOWS\SYSTEM32\WINMM.dll
0x00007ffa15d60000 - 0x00007ffa15d78000 	C:\WINDOWS\SYSTEM32\kernel.appcore.dll
0x00007ff9e4c20000 - 0x00007ff9e4c2a000 	c:\Users\Harsh Jethva\.vscode\extensions\redhat.java-1.18.0-win32-x64\jre\17.0.7-win32-x86_64\bin\jimage.dll
0x00007ffa08ec0000 - 0x00007ffa090ee000 	C:\WINDOWS\SYSTEM32\DBGHELP.DLL
0x00007ffa193b0000 - 0x00007ffa19739000 	C:\WINDOWS\System32\combase.dll
0x00007ffa18a80000 - 0x00007ffa18b57000 	C:\WINDOWS\System32\OLEAUT32.dll
0x00007ffa07b50000 - 0x00007ffa07b82000 	C:\WINDOWS\SYSTEM32\dbgcore.DLL
0x00007ffa17610000 - 0x00007ffa1768b000 	C:\WINDOWS\System32\bcryptPrimitives.dll
0x00007ff9e3dc0000 - 0x00007ff9e3dce000 	c:\Users\Harsh Jethva\.vscode\extensions\redhat.java-1.18.0-win32-x64\jre\17.0.7-win32-x86_64\bin\instrument.dll
0x00007ff9b1a30000 - 0x00007ff9b1a55000 	c:\Users\Harsh Jethva\.vscode\extensions\redhat.java-1.18.0-win32-x64\jre\17.0.7-win32-x86_64\bin\java.dll
0x00007ff9b18a0000 - 0x00007ff9b18b8000 	c:\Users\Harsh Jethva\.vscode\extensions\redhat.java-1.18.0-win32-x64\jre\17.0.7-win32-x86_64\bin\zip.dll
0x00007ffa18010000 - 0x00007ffa1880a000 	C:\WINDOWS\System32\SHELL32.dll
0x00007ffa14d00000 - 0x00007ffa155ce000 	C:\WINDOWS\SYSTEM32\windows.storage.dll
0x00007ffa14bc0000 - 0x00007ffa14cfe000 	C:\WINDOWS\SYSTEM32\wintypes.dll
0x00007ffa179b0000 - 0x00007ffa17aa1000 	C:\WINDOWS\System32\SHCORE.dll
0x00007ffa17be0000 - 0x00007ffa17c3e000 	C:\WINDOWS\System32\shlwapi.dll
0x00007ffa16c80000 - 0x00007ffa16ca1000 	C:\WINDOWS\SYSTEM32\profapi.dll
0x00007ff9b0da0000 - 0x00007ff9b0db9000 	C:\Users\Harsh Jethva\.vscode\extensions\redhat.java-1.18.0-win32-x64\jre\17.0.7-win32-x86_64\bin\net.dll
0x00007ffa12b80000 - 0x00007ffa12cb7000 	C:\WINDOWS\SYSTEM32\WINHTTP.dll
0x00007ffa161d0000 - 0x00007ffa16239000 	C:\WINDOWS\system32\mswsock.dll
0x00007ff9b0d80000 - 0x00007ff9b0d95000 	C:\Users\Harsh Jethva\.vscode\extensions\redhat.java-1.18.0-win32-x64\jre\17.0.7-win32-x86_64\bin\nio.dll
0x00007ff9e13c0000 - 0x00007ff9e13d0000 	c:\Users\Harsh Jethva\.vscode\extensions\redhat.java-1.18.0-win32-x64\jre\17.0.7-win32-x86_64\bin\verify.dll
0x00007ff9f7e20000 - 0x00007ff9f7e5e000 	C:\Users\Harsh Jethva\AppData\Roaming\Code\User\globalStorage\redhat.java\1.18.0\config_ss_win\org.eclipse.equinox.launcher\org.eclipse.equinox.launcher.win32.win32.x86_64_1.2.700.v20221108-1024\eclipse_11801.dll
0x00007ffa19050000 - 0x00007ffa191ec000 	C:\WINDOWS\System32\ole32.dll

dbghelp: loaded successfully - version: 4.0.5 - missing functions: none
symbol engine: initialized successfully - sym options: 0x614 - pdb path: .;c:\Users\Harsh Jethva\.vscode\extensions\redhat.java-1.18.0-win32-x64\jre\17.0.7-win32-x86_64\bin;C:\WINDOWS\SYSTEM32;C:\WINDOWS\WinSxS\amd64_microsoft.windows.common-controls_6595b64144ccf1df_6.0.22621.1635_none_270f70857386168e;c:\Users\Harsh Jethva\.vscode\extensions\redhat.java-1.18.0-win32-x64\jre\17.0.7-win32-x86_64\bin\server;C:\Users\Harsh Jethva\AppData\Roaming\Code\User\globalStorage\redhat.java\1.18.0\config_ss_win\org.eclipse.equinox.launcher\org.eclipse.equinox.launcher.win32.win32.x86_64_1.2.700.v20221108-1024

VM Arguments:
jvm_args: --add-modules=ALL-SYSTEM --add-opens=java.base/java.util=ALL-UNNAMED --add-opens=java.base/java.lang=ALL-UNNAMED --add-opens=java.base/sun.nio.fs=ALL-UNNAMED -Declipse.application=org.eclipse.jdt.ls.core.id1 -Dosgi.bundles.defaultStartLevel=4 -Declipse.product=org.eclipse.jdt.ls.core.product -Djava.import.generatesMetadataFilesAtProjectRoot=false -Dfile.encoding=utf8 -XX:+UseParallelGC -XX:GCTimeRatio=4 -XX:AdaptiveSizePolicyWeight=90 -Dsun.zip.disableMemoryMapping=true -Xmx1G -Xms100m -Xlog:disable -javaagent:c:\Users\Harsh Jethva\.vscode\extensions\redhat.java-1.18.0-win32-x64\lombok\lombok-1.18.27.jar 
java_command: c:\Users\Harsh Jethva\.vscode\extensions\redhat.java-1.18.0-win32-x64\server\plugins\org.eclipse.equinox.launcher_1.6.400.v20210924-0641.jar -configuration c:\Users\Harsh Jethva\AppData\Roaming\Code\User\globalStorage\redhat.java\1.18.0\config_ss_win -data c:\Users\Harsh Jethva\AppData\Roaming\Code\User\workspaceStorage\d95572ede32113bef6a38a85f1542b1e\redhat.java\ss_ws
java_class_path (initial): c:\Users\Harsh Jethva\.vscode\extensions\redhat.java-1.18.0-win32-x64\server\plugins\org.eclipse.equinox.launcher_1.6.400.v20210924-0641.jar
Launcher Type: SUN_STANDARD

[Global flags]
    uintx AdaptiveSizePolicyWeight                 = 90                                        {product} {command line}
     intx CICompilerCount                          = 4                                         {product} {ergonomic}
    uintx GCTimeRatio                              = 4                                         {product} {command line}
   size_t InitialHeapSize                          = 104857600                                 {product} {command line}
   size_t MaxHeapSize                              = 1073741824                                {product} {command line}
   size_t MaxNewSize                               = 357564416                                 {product} {ergonomic}
   size_t MinHeapDeltaBytes                        = 524288                                    {product} {ergonomic}
   size_t MinHeapSize                              = 104857600                                 {product} {command line}
   size_t NewSize                                  = 34603008                                  {product} {ergonomic}
    uintx NonNMethodCodeHeapSize                   = 5839372                                {pd product} {ergonomic}
    uintx NonProfiledCodeHeapSize                  = 122909434                              {pd product} {ergonomic}
   size_t OldSize                                  = 70254592                                  {product} {ergonomic}
    uintx ProfiledCodeHeapSize                     = 122909434                              {pd product} {ergonomic}
    uintx ReservedCodeCacheSize                    = 251658240                              {pd product} {ergonomic}
     bool SegmentedCodeCache                       = true                                      {product} {ergonomic}
   size_t SoftMaxHeapSize                          = 1073741824                             {manageable} {ergonomic}
     bool UseCompressedClassPointers               = true                           {product lp64_product} {ergonomic}
     bool UseCompressedOops                        = true                           {product lp64_product} {ergonomic}
     bool UseLargePagesIndividualAllocation        = false                                  {pd product} {ergonomic}
     bool UseParallelGC                            = true                                      {product} {command line}

Logging:
Log output configuration:
 #0: stdout all=off uptime,level,tags
 #1: stderr all=off uptime,level,tags

Environment Variables:
JAVA_HOME=C:\Program Files\Java\jdk-19
PATH=C:\Windows\system32;C:\Windows;C:\Windows\System32\Wbem;C:\Windows\System32\WindowsPowerShell\v1.0\;C:\Windows\System32\OpenSSH\;C:\Program Files\NVIDIA Corporation\NVIDIA NvDLISR;C:\Apps\JDk\bin;C:\Program Files\Microsoft SQL Server\130\Tools\Binn\;C:\Program Files (x86)\NVIDIA Corporation\PhysX\Common;C:\xampp\php;C:\ProgramData\ComposerSetup\bin;C:\WINDOWS\system32;C:\WINDOWS;C:\WINDOWS\System32\Wbem;C:\WINDOWS\System32\WindowsPowerShell\v1.0\;C:\WINDOWS\System32\OpenSSH\;C:\Program Files\Git\cmd;C:\Apps\nodejs\;C:\Program Files\Microsoft SQL Server\150\Tools\Binn\;C:\Apps\flutter\bin;C:\Program Files\Java\jdk-19\bin;C:\Users\Harsh Jethva\AppData\Local\Pub\Cache\bin;C:\Users\Harsh Jethva\AppData\Local\Programs\Python\Python311\Scripts\;C:\Users\Harsh Jethva\AppData\Local\Programs\Python\Python311\;C:\Users\Harsh Jethva\AppData\Local\Microsoft\WindowsApps;C:\Apps\IntelliJ IDEA Community Edition 2023.1\bin;;C:\Users\Harsh Jethva\AppData\Roaming\Composer\vendor\bin;C:\Apps\Microsoft VS Code\bin;C:\Users\Harsh Jethva\AppData\Roaming\npm;C:\Users\Harsh Jethva\AppData\Local\GitHubDesktop\bin;C:\Users\Harsh Jethva\AppData\Local\Pub\Cache\bin;
USERNAME=Harsh Jethva
OS=Windows_NT
PROCESSOR_IDENTIFIER=AMD64 Family 25 Model 80 Stepping 0, AuthenticAMD
TMP=C:\Users\Harsh Jethva\AppData\Local\Temp
TEMP=C:\Users\Harsh Jethva\AppData\Local\Temp



---------------  S Y S T E M  ---------------

OS:
 Windows 11 , 64 bit Build 22621 (10.0.22621.1635)
OS uptime: 0 days 19:16 hours
Hyper-V role detected

CPU: total 12 (initial active 12) (12 cores per cpu, 2 threads per core) family 25 model 80 stepping 0 microcode 0x0, cx8, cmov, fxsr, ht, mmx, 3dnowpref, sse, sse2, sse3, ssse3, sse4a, sse4.1, sse4.2, popcnt, lzcnt, tsc, tscinvbit, avx, avx2, aes, erms, clmul, bmi1, bmi2, adx, sha, fma, vzeroupper, clflush, clflushopt, hv

Memory: 4k page, system-wide physical 7521M (192M free)
TotalPageFile size 14521M (AvailPageFile size 0M)
current process WorkingSet (physical memory assigned to process): 91M, peak: 91M
current process commit charge ("private bytes"): 213M, peak: 213M

vm_info: OpenJDK 64-Bit Server VM (17.0.7+7) for windows-amd64 JRE (17.0.7+7), built on Apr 18 2023 22:10:42 by "temurin" with MS VC++ 16.7 (VS2019)

END.
