#
# There is insufficient memory for the Java Runtime Environment to continue.
# Native memory allocation (mmap) failed to map 65536 bytes for Failed to commit metaspace.
# Possible reasons:
#   The system is out of physical RAM or swap space
#   The process is running with CompressedOops enabled, and the Java Heap may be blocking the growth of the native heap
# Possible solutions:
#   Reduce memory load on the system
#   Increase physical memory or swap space
#   Check if swap backing store is full
#   Decrease Java heap size (-Xmx/-Xms)
#   Decrease number of Java threads
#   Decrease Java thread stack sizes (-Xss)
#   Set larger code cache with -XX:ReservedCodeCacheSize=
#   JVM is running with Unscaled Compressed Oops mode in which the Java heap is
#     placed in the first 4GB address space. The Java Heap base address is the
#     maximum limit for the native heap growth. Please use -XX:HeapBaseMinAddress
#     to set the Java Heap base and to place the Java Heap above 4GB virtual address.
# This output file may be truncated or incomplete.
#
#  Out of Memory Error (virtualSpaceNode.cpp:110), pid=19816, tid=14628
#
# JRE version: OpenJDK Runtime Environment Temurin-17.0.7+7 (17.0.7+7) (build 17.0.7+7)
# Java VM: OpenJDK 64-Bit Server VM Temurin-17.0.7+7 (17.0.7+7, mixed mode, tiered, compressed oops, compressed class ptrs, parallel gc, windows-amd64)
# No core dump will be written. Minidumps are not enabled by default on client versions of Windows
#

---------------  S U M M A R Y ------------

Command Line: --add-modules=ALL-SYSTEM --add-opens=java.base/java.util=ALL-UNNAMED --add-opens=java.base/java.lang=ALL-UNNAMED --add-opens=java.base/sun.nio.fs=ALL-UNNAMED -Declipse.application=org.eclipse.jdt.ls.core.id1 -Dosgi.bundles.defaultStartLevel=4 -Declipse.product=org.eclipse.jdt.ls.core.product -Djava.import.generatesMetadataFilesAtProjectRoot=false -Dfile.encoding=utf8 -XX:+UseParallelGC -XX:GCTimeRatio=4 -XX:AdaptiveSizePolicyWeight=90 -Dsun.zip.disableMemoryMapping=true -Xmx1G -Xms100m -Xlog:disable -javaagent:c:\Users\Harsh Jethva\.vscode\extensions\redhat.java-1.18.0-win32-x64\lombok\lombok-1.18.27.jar -XX:+HeapDumpOnOutOfMemoryError -XX:HeapDumpPath=c:\Users\Harsh Jethva\AppData\Roaming\Code\User\workspaceStorage\d95572ede32113bef6a38a85f1542b1e\redhat.java -Daether.dependencyCollector.impl=bf c:\Users\Harsh Jethva\.vscode\extensions\redhat.java-1.18.0-win32-x64\server\plugins\org.eclipse.equinox.launcher_1.6.400.v20210924-0641.jar -configuration c:\Users\Harsh Jethva\AppData\Roaming\Code\User\globalStorage\redhat.java\1.18.0\config_win -data c:\Users\Harsh Jethva\AppData\Roaming\Code\User\workspaceStorage\d95572ede32113bef6a38a85f1542b1e\redhat.java\jdt_ws

Host: AMD Ryzen 5 5600H with Radeon Graphics         , 12 cores, 7G,  Windows 11 , 64 bit Build 22621 (10.0.22621.1635)
Time: Mon May  8 10:51:34 2023 India Standard Time elapsed time: 0.125574 seconds (0d 0h 0m 0s)

---------------  T H R E A D  ---------------

Current thread (0x0000023ef885d860):  JavaThread "main" [_thread_in_vm, id=14628, stack(0x00000073e3a00000,0x00000073e3b00000)]

Stack: [0x00000073e3a00000,0x00000073e3b00000]
Native frames: (J=compiled Java code, j=interpreted, Vv=VM code, C=native code)
V  [jvm.dll+0x67754a]
V  [jvm.dll+0x834304]
V  [jvm.dll+0x835aae]
V  [jvm.dll+0x836113]
V  [jvm.dll+0x24696f]
V  [jvm.dll+0x83039b]
V  [jvm.dll+0x61c006]
V  [jvm.dll+0x61c06a]
V  [jvm.dll+0x61e89a]
V  [jvm.dll+0x61c9a6]
V  [jvm.dll+0x36cff2]
V  [jvm.dll+0x1e311b]
V  [jvm.dll+0x53ea79]
V  [jvm.dll+0x1f2067]
V  [jvm.dll+0x7af05b]
V  [jvm.dll+0x7b0402]
V  [jvm.dll+0x7b0738]
V  [jvm.dll+0x23ec6e]
V  [jvm.dll+0x23eebf]
V  [jvm.dll+0x55c0a8]
V  [jvm.dll+0x55ef57]
V  [jvm.dll+0x384a64]
V  [jvm.dll+0x3840cf]
C  0x0000023e87549cb9

Java frames: (J=compiled Java code, j=interpreted, Vv=VM code)
j  jdk.internal.org.objectweb.asm.MethodWriter.computeMethodInfoSize()I+403 java.base@17.0.7
j  jdk.internal.org.objectweb.asm.ClassWriter.toByteArray()[B+62 java.base@17.0.7
j  java.lang.invoke.InnerClassLambdaMetafactory.generateInnerClass()Ljava/lang/Class;+432 java.base@17.0.7
j  java.lang.invoke.InnerClassLambdaMetafactory.spinInnerClass()Ljava/lang/Class;+114 java.base@17.0.7
j  java.lang.invoke.InnerClassLambdaMetafactory.buildCallSite()Ljava/lang/invoke/CallSite;+1 java.base@17.0.7
j  java.lang.invoke.LambdaMetafactory.metafactory(Ljava/lang/invoke/MethodHandles$Lookup;Ljava/lang/String;Ljava/lang/invoke/MethodType;Ljava/lang/invoke/MethodType;Ljava/lang/invoke/MethodHandle;Ljava/lang/invoke/MethodType;)Ljava/lang/invoke/CallSite;+67 java.base@17.0.7
j  java.lang.invoke.DirectMethodHandle$Holder.invokeStatic(Ljava/lang/Object;Ljava/lang/Object;Ljava/lang/Object;Ljava/lang/Object;Ljava/lang/Object;Ljava/lang/Object;Ljava/lang/Object;)Ljava/lang/Object;+20 java.base@17.0.7
j  java.lang.invoke.Invokers$Holder.invokeExact_MT(Ljava/lang/Object;Ljava/lang/Object;Ljava/lang/Object;Ljava/lang/Object;Ljava/lang/Object;Ljava/lang/Object;Ljava/lang/Object;Ljava/lang/Object;)Ljava/lang/Object;+28 java.base@17.0.7
j  java.lang.invoke.BootstrapMethodInvoker.invoke(Ljava/lang/Class;Ljava/lang/invoke/MethodHandle;Ljava/lang/String;Ljava/lang/Object;Ljava/lang/Object;Ljava/lang/Class;)Ljava/lang/Object;+319 java.base@17.0.7
j  java.lang.invoke.CallSite.makeSite(Ljava/lang/invoke/MethodHandle;Ljava/lang/String;Ljava/lang/invoke/MethodType;Ljava/lang/Object;Ljava/lang/Class;)Ljava/lang/invoke/CallSite;+8 java.base@17.0.7
j  java.lang.invoke.MethodHandleNatives.linkCallSiteImpl(Ljava/lang/Class;Ljava/lang/invoke/MethodHandle;Ljava/lang/String;Ljava/lang/invoke/MethodType;Ljava/lang/Object;[Ljava/lang/Object;)Ljava/lang/invoke/MemberName;+6 java.base@17.0.7
j  java.lang.invoke.MethodHandleNatives.linkCallSite(Ljava/lang/Object;ILjava/lang/Object;Ljava/lang/Object;Ljava/lang/Object;Ljava/lang/Object;[Ljava/lang/Object;)Ljava/lang/invoke/MemberName;+46 java.base@17.0.7
v  ~StubRoutines::call_stub
j  jdk.internal.module.DefaultRoots.compute(Ljava/lang/module/ModuleFinder;Ljava/lang/module/ModuleFinder;)Ljava/util/Set;+11 java.base@17.0.7
j  jdk.internal.module.ModuleBootstrap.boot2()Ljava/lang/ModuleLayer;+727 java.base@17.0.7
j  jdk.internal.module.ModuleBootstrap.boot()Ljava/lang/ModuleLayer;+64 java.base@17.0.7
j  java.lang.System.initPhase2(ZZ)I+0 java.base@17.0.7
v  ~StubRoutines::call_stub

---------------  P R O C E S S  ---------------

Threads class SMR info:
_java_thread_list=0x0000023efe9ae5d0, length=10, elements={
0x0000023ef885d860, 0x0000023ef891a480, 0x0000023ef891d6f0, 0x0000023efe993b30,
0x0000023efe995600, 0x0000023efe995ec0, 0x0000023efe996780, 0x0000023efe9ad0f0,
0x0000023efe9adaa0, 0x0000023efe9b0fa0
}

Java Threads: ( => current thread )
=>0x0000023ef885d860 JavaThread "main" [_thread_in_vm, id=14628, stack(0x00000073e3a00000,0x00000073e3b00000)]
  0x0000023ef891a480 JavaThread "Reference Handler" daemon [_thread_blocked, id=18344, stack(0x00000073e3d00000,0x00000073e3e00000)]
  0x0000023ef891d6f0 JavaThread "Finalizer" daemon [_thread_blocked, id=19628, stack(0x00000073e3e00000,0x00000073e3f00000)]
  0x0000023efe993b30 JavaThread "Signal Dispatcher" daemon [_thread_blocked, id=1480, stack(0x00000073e3f00000,0x00000073e4000000)]
  0x0000023efe995600 JavaThread "Attach Listener" daemon [_thread_blocked, id=20352, stack(0x00000073e4000000,0x00000073e4100000)]
  0x0000023efe995ec0 JavaThread "Service Thread" daemon [_thread_blocked, id=12084, stack(0x00000073e4100000,0x00000073e4200000)]
  0x0000023efe996780 JavaThread "Monitor Deflation Thread" daemon [_thread_blocked, id=12640, stack(0x00000073e4200000,0x00000073e4300000)]
  0x0000023efe9ad0f0 JavaThread "C2 CompilerThread0" daemon [_thread_blocked, id=3536, stack(0x00000073e4300000,0x00000073e4400000)]
  0x0000023efe9adaa0 JavaThread "C1 CompilerThread0" daemon [_thread_blocked, id=16412, stack(0x00000073e4400000,0x00000073e4500000)]
  0x0000023efe9b0fa0 JavaThread "Sweeper thread" daemon [_thread_blocked, id=15512, stack(0x00000073e4500000,0x00000073e4600000)]

Other Threads:
  0x0000023efe9620a0 VMThread "VM Thread" [stack: 0x00000073e3c00000,0x00000073e3d00000] [id=19736]
  0x0000023ef88727e0 GCTaskThread "GC Thread#0" [stack: 0x00000073e3b00000,0x00000073e3c00000] [id=16344]

Threads with active compile tasks:

VM state: not at safepoint (normal execution)

VM Mutex/Monitor currently owned by a thread:  ([mutex/lock_event])
[0x0000023ef8858f10] Metaspace_lock - owner thread: 0x0000023ef885d860

Heap address: 0x00000000c0000000, size: 1024 MB, Compressed Oops mode: 32-bit

CDS archive(s) not mapped
Compressed class space mapped at: 0x0000000100000000-0x0000000140000000, reserved size: 1073741824
Narrow klass base: 0x0000000000000000, Narrow klass shift: 3, Narrow klass range: 0x140000000

GC Precious Log:
 CPUs: 12 total, 12 available
 Memory: 7521M
 Large Page Support: Disabled
 NUMA Support: Disabled
 Compressed Oops: Enabled (32-bit)
 Alignments: Space 512K, Generation 512K, Heap 2M
 Heap Min Capacity: 100M
 Heap Initial Capacity: 100M
 Heap Max Capacity: 1G
 Pre-touch: Disabled
 Parallel Workers: 10

Heap:
 PSYoungGen      total 29696K, used 1536K [0x00000000eab00000, 0x00000000ecc00000, 0x0000000100000000)
  eden space 25600K, 6% used [0x00000000eab00000,0x00000000eac801a8,0x00000000ec400000)
  from space 4096K, 0% used [0x00000000ec800000,0x00000000ec800000,0x00000000ecc00000)
  to   space 4096K, 0% used [0x00000000ec400000,0x00000000ec400000,0x00000000ec800000)
 ParOldGen       total 68608K, used 0K [0x00000000c0000000, 0x00000000c4300000, 0x00000000eab00000)
  object space 68608K, 0% used [0x00000000c0000000,0x00000000c0000000,0x00000000c4300000)
 Metaspace       used 3677K, committed 3712K, reserved 1114112K
  class space    used 319K, committed 320K, reserved 1048576K

Card table byte_map: [0x0000023ef8220000,0x0000023ef8430000] _byte_map_base: 0x0000023ef7c20000

Marking Bits: (ParMarkBitMap*) 0x00007ff99d1952c0
 Begin Bits: [0x0000023efb4e0000, 0x0000023efc4e0000)
 End Bits:   [0x0000023efc4e0000, 0x0000023efd4e0000)

Polling page: 0x0000023ef6620000

Metaspace:

Usage:
  Non-class:      3.28 MB used.
      Class:    319.55 KB used.
       Both:      3.59 MB used.

Virtual space:
  Non-class space:       64.00 MB reserved,       3.31 MB (  5%) committed,  1 nodes.
      Class space:        1.00 GB reserved,     320.00 KB ( <1%) committed,  1 nodes.
             Both:        1.06 GB reserved,       3.62 MB ( <1%) committed. 

Chunk freelists:
   Non-Class:  12.00 MB
       Class:  15.62 MB
        Both:  27.62 MB

MaxMetaspaceSize: unlimited
CompressedClassSpaceSize: 1.00 GB
Initial GC threshold: 21.00 MB
Current GC threshold: 21.00 MB
CDS: off
MetaspaceReclaimPolicy: balanced
 - commit_granule_bytes: 65536.
 - commit_granule_words: 8192.
 - virtual_space_node_default_size: 8388608.
 - enlarge_chunks_in_place: 1.
 - new_chunks_are_fully_committed: 0.
 - uncommit_free_chunks: 1.
 - use_allocation_guard: 0.
 - handle_deallocations: 1.


Internal statistics:

num_allocs_failed_limit: 0.
num_arena_births: 2.
num_arena_deaths: 0.
num_vsnodes_births: 2.
num_vsnodes_deaths: 0.
num_space_committed: 58.
num_space_uncommitted: 0.
num_chunks_returned_to_freelist: 0.
num_chunks_taken_from_freelist: 4.
num_chunk_merges: 0.
num_chunk_splits: 2.
num_chunks_enlarged: 0.
num_inconsistent_stats: 0.

CodeHeap 'non-profiled nmethods': size=120000Kb used=11Kb max_used=11Kb free=119989Kb
 bounds [0x0000023e87ad0000, 0x0000023e87d40000, 0x0000023e8f000000]
CodeHeap 'profiled nmethods': size=120000Kb used=46Kb max_used=46Kb free=119953Kb
 bounds [0x0000023e80000000, 0x0000023e80270000, 0x0000023e87530000]
CodeHeap 'non-nmethods': size=5760Kb used=1060Kb max_used=1060Kb free=4699Kb
 bounds [0x0000023e87530000, 0x0000023e877a0000, 0x0000023e87ad0000]
 total_blobs=367 nmethods=41 adapters=241
 compilation: enabled
              stopped_count=0, restarted_count=0
 full_count=0

Compilation events (20 events):
Event: 0.099 Thread 0x0000023efe9adaa0   24       3       java.lang.StringLatin1::charAt (28 bytes)
Event: 0.099 Thread 0x0000023efe9adaa0 nmethod 24 0x0000023e80007010 code [0x0000023e800071c0, 0x0000023e800073c8]
Event: 0.099 Thread 0x0000023efe9adaa0   25       1       java.lang.module.ModuleReference::descriptor (5 bytes)
Event: 0.099 Thread 0x0000023efe9adaa0 nmethod 25 0x0000023e87ad0690 code [0x0000023e87ad0820, 0x0000023e87ad08f8]
Event: 0.107 Thread 0x0000023efe9adaa0   26       3       java.util.concurrent.ConcurrentHashMap::tabAt (22 bytes)
Event: 0.107 Thread 0x0000023efe9adaa0 nmethod 26 0x0000023e80007510 code [0x0000023e800076c0, 0x0000023e80007958]
Event: 0.107 Thread 0x0000023efe9adaa0   27       3       jdk.internal.misc.Unsafe::getReferenceAcquire (7 bytes)
Event: 0.107 Thread 0x0000023efe9adaa0 nmethod 27 0x0000023e80007a10 code [0x0000023e80007ba0, 0x0000023e80007cb8]
Event: 0.107 Thread 0x0000023efe9adaa0   28       3       java.util.concurrent.ConcurrentHashMap::spread (10 bytes)
Event: 0.107 Thread 0x0000023efe9adaa0 nmethod 28 0x0000023e80007d90 code [0x0000023e80007f20, 0x0000023e80008018]
Event: 0.111 Thread 0x0000023efe9ad0f0   29       4       java.lang.Object::<init> (1 bytes)
Event: 0.111 Thread 0x0000023efe9ad0f0 nmethod 29 0x0000023e87ad0990 code [0x0000023e87ad0b00, 0x0000023e87ad0b78]
Event: 0.115 Thread 0x0000023efe9adaa0   31       1       java.lang.Enum::ordinal (5 bytes)
Event: 0.115 Thread 0x0000023efe9adaa0 nmethod 31 0x0000023e87ad0f90 code [0x0000023e87ad1120, 0x0000023e87ad11f8]
Event: 0.117 Thread 0x0000023efe9adaa0   34       3       java.util.concurrent.ConcurrentHashMap::addCount (279 bytes)
Event: 0.118 Thread 0x0000023efe9adaa0 nmethod 34 0x0000023e80008090 code [0x0000023e800082e0, 0x0000023e80008c68]
Event: 0.118 Thread 0x0000023efe9adaa0   36   !   3       java.util.concurrent.ConcurrentHashMap::putVal (433 bytes)
Event: 0.119 Thread 0x0000023efe9adaa0 nmethod 36 0x0000023e80008f90 code [0x0000023e800092e0, 0x0000023e8000abe8]
Event: 0.119 Thread 0x0000023efe9adaa0   37       3       java.util.concurrent.ConcurrentHashMap$Node::<init> (20 bytes)
Event: 0.119 Thread 0x0000023efe9adaa0 nmethod 37 0x0000023e8000b590 code [0x0000023e8000b720, 0x0000023e8000b8b8]

GC Heap History (0 events):
No events

Dll operation events (1 events):
Event: 0.012 Loaded shared library c:\Users\Harsh Jethva\.vscode\extensions\redhat.java-1.18.0-win32-x64\jre\17.0.7-win32-x86_64\bin\java.dll

Deoptimization events (0 events):
No events

Classes unloaded (0 events):
No events

Classes redefined (0 events):
No events

Internal exceptions (0 events):
No events

VM Operations (0 events):
No events

Events (20 events):
Event: 0.121 loading class jdk/internal/org/objectweb/asm/ByteVector done
Event: 0.121 loading class java/lang/invoke/LambdaProxyClassArchive
Event: 0.121 loading class java/lang/invoke/LambdaProxyClassArchive done
Event: 0.121 loading class jdk/internal/org/objectweb/asm/MethodWriter
Event: 0.122 loading class jdk/internal/org/objectweb/asm/MethodVisitor
Event: 0.122 loading class jdk/internal/org/objectweb/asm/MethodVisitor done
Event: 0.122 loading class jdk/internal/org/objectweb/asm/MethodWriter done
Event: 0.122 loading class jdk/internal/org/objectweb/asm/Label
Event: 0.122 loading class jdk/internal/org/objectweb/asm/Label done
Event: 0.123 loading class java/lang/invoke/InnerClassLambdaMetafactory$ForwardingMethodGenerator
Event: 0.123 loading class java/lang/invoke/TypeConvertingMethodAdapter
Event: 0.123 loading class java/lang/invoke/TypeConvertingMethodAdapter done
Event: 0.123 loading class java/lang/invoke/InnerClassLambdaMetafactory$ForwardingMethodGenerator done
Event: 0.123 loading class jdk/internal/org/objectweb/asm/Handler
Event: 0.123 loading class jdk/internal/org/objectweb/asm/Handler done
Event: 0.124 loading class jdk/internal/org/objectweb/asm/Attribute
Event: 0.124 loading class jdk/internal/org/objectweb/asm/Attribute done
Event: 0.124 loading class jdk/internal/org/objectweb/asm/AnnotationWriter
Event: 0.124 loading class jdk/internal/org/objectweb/asm/AnnotationVisitor
Event: 0.124 loading class jdk/internal/org/objectweb/asm/AnnotationVisitor done


Dynamic libraries:
0x00007ff636150000 - 0x00007ff63615e000 	c:\Users\Harsh Jethva\.vscode\extensions\redhat.java-1.18.0-win32-x64\jre\17.0.7-win32-x86_64\bin\java.exe
0x00007ffa19930000 - 0x00007ffa19b44000 	C:\WINDOWS\SYSTEM32\ntdll.dll
0x00007ffa17de0000 - 0x00007ffa17ea2000 	C:\WINDOWS\System32\KERNEL32.DLL
0x00007ffa171f0000 - 0x00007ffa17593000 	C:\WINDOWS\System32\KERNELBASE.dll
0x00007ffa16e10000 - 0x00007ffa16f21000 	C:\WINDOWS\System32\ucrtbase.dll
0x00007ff9b1b20000 - 0x00007ff9b1b37000 	c:\Users\Harsh Jethva\.vscode\extensions\redhat.java-1.18.0-win32-x64\jre\17.0.7-win32-x86_64\bin\jli.dll
0x00007ffa18810000 - 0x00007ffa189bb000 	C:\WINDOWS\System32\USER32.dll
0x00007ffa16f30000 - 0x00007ffa16f56000 	C:\WINDOWS\System32\win32u.dll
0x00007ff9b1b00000 - 0x00007ff9b1b19000 	c:\Users\Harsh Jethva\.vscode\extensions\redhat.java-1.18.0-win32-x64\jre\17.0.7-win32-x86_64\bin\VCRUNTIME140.dll
0x00007ffa17eb0000 - 0x00007ffa17ed9000 	C:\WINDOWS\System32\GDI32.dll
0x00007ff9fc500000 - 0x00007ff9fc78e000 	C:\WINDOWS\WinSxS\amd64_microsoft.windows.common-controls_6595b64144ccf1df_6.0.22621.1635_none_270f70857386168e\COMCTL32.dll
0x00007ffa19840000 - 0x00007ffa198e7000 	C:\WINDOWS\System32\msvcrt.dll
0x00007ffa170d0000 - 0x00007ffa171e8000 	C:\WINDOWS\System32\gdi32full.dll
0x00007ffa17690000 - 0x00007ffa1772a000 	C:\WINDOWS\System32\msvcp_win.dll
0x00007ffa19010000 - 0x00007ffa19041000 	C:\WINDOWS\System32\IMM32.DLL
0x00007ff9e5560000 - 0x00007ff9e556c000 	c:\Users\Harsh Jethva\.vscode\extensions\redhat.java-1.18.0-win32-x64\jre\17.0.7-win32-x86_64\bin\vcruntime140_1.dll
0x00007ff9b1a60000 - 0x00007ff9b1af1000 	c:\Users\Harsh Jethva\.vscode\extensions\redhat.java-1.18.0-win32-x64\jre\17.0.7-win32-x86_64\bin\msvcp140.dll
0x00007ff99c610000 - 0x00007ff99d258000 	c:\Users\Harsh Jethva\.vscode\extensions\redhat.java-1.18.0-win32-x64\jre\17.0.7-win32-x86_64\bin\server\jvm.dll
0x00007ffa189c0000 - 0x00007ffa18a6e000 	C:\WINDOWS\System32\ADVAPI32.dll
0x00007ffa19210000 - 0x00007ffa192b4000 	C:\WINDOWS\System32\sechost.dll
0x00007ffa17ee0000 - 0x00007ffa17ff7000 	C:\WINDOWS\System32\RPCRT4.dll
0x00007ff9e6c10000 - 0x00007ff9e6c19000 	C:\WINDOWS\SYSTEM32\WSOCK32.dll
0x00007ffa10cb0000 - 0x00007ffa10cba000 	C:\WINDOWS\SYSTEM32\VERSION.dll
0x00007ffa17d60000 - 0x00007ffa17dd1000 	C:\WINDOWS\System32\WS2_32.dll
0x00007ffa12ce0000 - 0x00007ffa12d14000 	C:\WINDOWS\SYSTEM32\WINMM.dll
0x00007ffa15d60000 - 0x00007ffa15d78000 	C:\WINDOWS\SYSTEM32\kernel.appcore.dll
0x00007ff9e4c20000 - 0x00007ff9e4c2a000 	c:\Users\Harsh Jethva\.vscode\extensions\redhat.java-1.18.0-win32-x64\jre\17.0.7-win32-x86_64\bin\jimage.dll
0x00007ffa08ec0000 - 0x00007ffa090ee000 	C:\WINDOWS\SYSTEM32\DBGHELP.DLL
0x00007ffa193b0000 - 0x00007ffa19739000 	C:\WINDOWS\System32\combase.dll
0x00007ffa18a80000 - 0x00007ffa18b57000 	C:\WINDOWS\System32\OLEAUT32.dll
0x00007ffa07b50000 - 0x00007ffa07b82000 	C:\WINDOWS\SYSTEM32\dbgcore.DLL
0x00007ffa17610000 - 0x00007ffa1768b000 	C:\WINDOWS\System32\bcryptPrimitives.dll
0x00007ff9e3dc0000 - 0x00007ff9e3dce000 	c:\Users\Harsh Jethva\.vscode\extensions\redhat.java-1.18.0-win32-x64\jre\17.0.7-win32-x86_64\bin\instrument.dll
0x00007ff9b1a30000 - 0x00007ff9b1a55000 	c:\Users\Harsh Jethva\.vscode\extensions\redhat.java-1.18.0-win32-x64\jre\17.0.7-win32-x86_64\bin\java.dll
0x00007ff9b18a0000 - 0x00007ff9b18b8000 	c:\Users\Harsh Jethva\.vscode\extensions\redhat.java-1.18.0-win32-x64\jre\17.0.7-win32-x86_64\bin\zip.dll
0x00007ffa18010000 - 0x00007ffa1880a000 	C:\WINDOWS\System32\SHELL32.dll
0x00007ffa14d00000 - 0x00007ffa155ce000 	C:\WINDOWS\SYSTEM32\windows.storage.dll
0x00007ffa14bc0000 - 0x00007ffa14cfe000 	C:\WINDOWS\SYSTEM32\wintypes.dll
0x00007ffa179b0000 - 0x00007ffa17aa1000 	C:\WINDOWS\System32\SHCORE.dll
0x00007ffa17be0000 - 0x00007ffa17c3e000 	C:\WINDOWS\System32\shlwapi.dll
0x00007ffa16c80000 - 0x00007ffa16ca1000 	C:\WINDOWS\SYSTEM32\profapi.dll

dbghelp: loaded successfully - version: 4.0.5 - missing functions: none
symbol engine: initialized successfully - sym options: 0x614 - pdb path: .;c:\Users\Harsh Jethva\.vscode\extensions\redhat.java-1.18.0-win32-x64\jre\17.0.7-win32-x86_64\bin;C:\WINDOWS\SYSTEM32;C:\WINDOWS\WinSxS\amd64_microsoft.windows.common-controls_6595b64144ccf1df_6.0.22621.1635_none_270f70857386168e;c:\Users\Harsh Jethva\.vscode\extensions\redhat.java-1.18.0-win32-x64\jre\17.0.7-win32-x86_64\bin\server

VM Arguments:
jvm_args: --add-modules=ALL-SYSTEM --add-opens=java.base/java.util=ALL-UNNAMED --add-opens=java.base/java.lang=ALL-UNNAMED --add-opens=java.base/sun.nio.fs=ALL-UNNAMED -Declipse.application=org.eclipse.jdt.ls.core.id1 -Dosgi.bundles.defaultStartLevel=4 -Declipse.product=org.eclipse.jdt.ls.core.product -Djava.import.generatesMetadataFilesAtProjectRoot=false -Dfile.encoding=utf8 -XX:+UseParallelGC -XX:GCTimeRatio=4 -XX:AdaptiveSizePolicyWeight=90 -Dsun.zip.disableMemoryMapping=true -Xmx1G -Xms100m -Xlog:disable -javaagent:c:\Users\Harsh Jethva\.vscode\extensions\redhat.java-1.18.0-win32-x64\lombok\lombok-1.18.27.jar -XX:+HeapDumpOnOutOfMemoryError -XX:HeapDumpPath=c:\Users\Harsh Jethva\AppData\Roaming\Code\User\workspaceStorage\d95572ede32113bef6a38a85f1542b1e\redhat.java -Daether.dependencyCollector.impl=bf 
java_command: c:\Users\Harsh Jethva\.vscode\extensions\redhat.java-1.18.0-win32-x64\server\plugins\org.eclipse.equinox.launcher_1.6.400.v20210924-0641.jar -configuration c:\Users\Harsh Jethva\AppData\Roaming\Code\User\globalStorage\redhat.java\1.18.0\config_win -data c:\Users\Harsh Jethva\AppData\Roaming\Code\User\workspaceStorage\d95572ede32113bef6a38a85f1542b1e\redhat.java\jdt_ws
java_class_path (initial): c:\Users\Harsh Jethva\.vscode\extensions\redhat.java-1.18.0-win32-x64\server\plugins\org.eclipse.equinox.launcher_1.6.400.v20210924-0641.jar
Launcher Type: SUN_STANDARD

[Global flags]
    uintx AdaptiveSizePolicyWeight                 = 90                                        {product} {command line}
     intx CICompilerCount                          = 4                                         {product} {ergonomic}
    uintx GCTimeRatio                              = 4                                         {product} {command line}
     bool HeapDumpOnOutOfMemoryError               = true                                   {manageable} {command line}
    ccstr HeapDumpPath                             = c:\Users\Harsh Jethva\AppData\Roaming\Code\User\workspaceStorage\d95572ede32113bef6a38a85f1542b1e\redhat.java         {manageable} {command line}
   size_t InitialHeapSize                          = 104857600                                 {product} {command line}
   size_t MaxHeapSize                              = 1073741824                                {product} {command line}
   size_t MaxNewSize                               = 357564416                                 {product} {ergonomic}
   size_t MinHeapDeltaBytes                        = 524288                                    {product} {ergonomic}
   size_t MinHeapSize                              = 104857600                                 {product} {command line}
   size_t NewSize                                  = 34603008                                  {product} {ergonomic}
    uintx NonNMethodCodeHeapSize                   = 5839372                                {pd product} {ergonomic}
    uintx NonProfiledCodeHeapSize                  = 122909434                              {pd product} {ergonomic}
   size_t OldSize                                  = 70254592                                  {product} {ergonomic}
    uintx ProfiledCodeHeapSize                     = 122909434                              {pd product} {ergonomic}
    uintx ReservedCodeCacheSize                    = 251658240                              {pd product} {ergonomic}
     bool SegmentedCodeCache                       = true                                      {product} {ergonomic}
   size_t SoftMaxHeapSize                          = 1073741824                             {manageable} {ergonomic}
     bool UseCompressedClassPointers               = true                           {product lp64_product} {ergonomic}
     bool UseCompressedOops                        = true                           {product lp64_product} {ergonomic}
     bool UseLargePagesIndividualAllocation        = false                                  {pd product} {ergonomic}
     bool UseParallelGC                            = true                                      {product} {command line}

Logging:
Log output configuration:
 #0: stdout all=off uptime,level,tags
 #1: stderr all=off uptime,level,tags

Environment Variables:
JAVA_HOME=C:\Program Files\Java\jdk-19
PATH=C:\Windows\system32;C:\Windows;C:\Windows\System32\Wbem;C:\Windows\System32\WindowsPowerShell\v1.0\;C:\Windows\System32\OpenSSH\;C:\Program Files\NVIDIA Corporation\NVIDIA NvDLISR;C:\Apps\JDk\bin;C:\Program Files\Microsoft SQL Server\130\Tools\Binn\;C:\Program Files (x86)\NVIDIA Corporation\PhysX\Common;C:\xampp\php;C:\ProgramData\ComposerSetup\bin;C:\WINDOWS\system32;C:\WINDOWS;C:\WINDOWS\System32\Wbem;C:\WINDOWS\System32\WindowsPowerShell\v1.0\;C:\WINDOWS\System32\OpenSSH\;C:\Program Files\Git\cmd;C:\Apps\nodejs\;C:\Program Files\Microsoft SQL Server\150\Tools\Binn\;C:\Apps\flutter\bin;C:\Program Files\Java\jdk-19\bin;C:\Users\Harsh Jethva\AppData\Local\Pub\Cache\bin;C:\Users\Harsh Jethva\AppData\Local\Programs\Python\Python311\Scripts\;C:\Users\Harsh Jethva\AppData\Local\Programs\Python\Python311\;C:\Users\Harsh Jethva\AppData\Local\Microsoft\WindowsApps;C:\Apps\IntelliJ IDEA Community Edition 2023.1\bin;;C:\Users\Harsh Jethva\AppData\Roaming\Composer\vendor\bin;C:\Apps\Microsoft VS Code\bin;C:\Users\Harsh Jethva\AppData\Roaming\npm;C:\Users\Harsh Jethva\AppData\Local\GitHubDesktop\bin;C:\Users\Harsh Jethva\AppData\Local\Pub\Cache\bin;
USERNAME=Harsh Jethva
OS=Windows_NT
PROCESSOR_IDENTIFIER=AMD64 Family 25 Model 80 Stepping 0, AuthenticAMD
TMP=C:\Users\Harsh Jethva\AppData\Local\Temp
TEMP=C:\Users\Harsh Jethva\AppData\Local\Temp



---------------  S Y S T E M  ---------------

OS:
 Windows 11 , 64 bit Build 22621 (10.0.22621.1635)
OS uptime: 0 days 19:16 hours
Hyper-V role detected

CPU: total 12 (initial active 12) (12 cores per cpu, 2 threads per core) family 25 model 80 stepping 0 microcode 0x0, cx8, cmov, fxsr, ht, mmx, 3dnowpref, sse, sse2, sse3, ssse3, sse4a, sse4.1, sse4.2, popcnt, lzcnt, tsc, tscinvbit, avx, avx2, aes, erms, clmul, bmi1, bmi2, adx, sha, fma, vzeroupper, clflush, clflushopt, hv

Memory: 4k page, system-wide physical 7521M (319M free)
TotalPageFile size 14521M (AvailPageFile size 0M)
current process WorkingSet (physical memory assigned to process): 27M, peak: 27M
current process commit charge ("private bytes"): 188M, peak: 188M

vm_info: OpenJDK 64-Bit Server VM (17.0.7+7) for windows-amd64 JRE (17.0.7+7), built on Apr 18 2023 22:10:42 by "temurin" with MS VC++ 16.7 (VS2019)

END.
