#
# There is insufficient memory for the Java Runtime Environment to continue.
# Native memory allocation (malloc) failed to allocate 295536 bytes for Chunk::new
# Possible reasons:
#   The system is out of physical RAM or swap space
#   The process is running with CompressedOops enabled, and the Java Heap may be blocking the growth of the native heap
# Possible solutions:
#   Reduce memory load on the system
#   Increase physical memory or swap space
#   Check if swap backing store is full
#   Decrease Java heap size (-Xmx/-Xms)
#   Decrease number of Java threads
#   Decrease Java thread stack sizes (-Xss)
#   Set larger code cache with -XX:ReservedCodeCacheSize=
#   JVM is running with Unscaled Compressed Oops mode in which the Java heap is
#     placed in the first 4GB address space. The Java Heap base address is the
#     maximum limit for the native heap growth. Please use -XX:HeapBaseMinAddress
#     to set the Java Heap base and to place the Java Heap above 4GB virtual address.
# This output file may be truncated or incomplete.
#
#  Out of Memory Error (src/hotspot/share/memory/arena.cpp:197), pid=9456, tid=8032
#
# JRE version: OpenJDK Runtime Environment (11.0.15) (build 11.0.15+0-b2043.56-9505619)
# Java VM: OpenJDK 64-Bit Server VM (11.0.15+0-b2043.56-9505619, mixed mode, tiered, compressed oops, g1 gc, windows-amd64)
# No core dump will be written. Minidumps are not enabled by default on client versions of Windows
#

---------------  S U M M A R Y ------------

Command Line: -Dorg.gradle.appname=gradlew org.gradle.wrapper.GradleWrapperMain -q -Ptarget-platform=android-arm64 -Ptarget=H:\Flutter Projects\rku_bus_guide\lib\main.dart -Pbase-application-name=android.app.Application -Pdart-defines=Zmx1dHRlci5pbnNwZWN0b3Iuc3RydWN0dXJlZEVycm9ycz10cnVl,RkxVVFRFUl9XRUJfQVVUT19ERVRFQ1Q9dHJ1ZQ== -Pdart-obfuscation=false -Ptrack-widget-creation=true -Ptree-shake-icons=false -Pfilesystem-scheme=org-dartlang-root assembleDebug

Host: AMD Ryzen 5 5600H with Radeon Graphics         , 12 cores, 7G,  Windows 11 , 64 bit Build 22621 (10.0.22621.1485)
Time: Wed May  3 14:18:07 2023 India Standard Time elapsed time: 0.354354 seconds (0d 0h 0m 0s)

---------------  T H R E A D  ---------------

Current thread (0x0000024148729000):  JavaThread "C2 CompilerThread0" daemon [_thread_in_native, id=8032, stack(0x000000e308800000,0x000000e308900000)]


Current CompileTask:
C2:    354  478       4       java.util.HashMap::putVal (300 bytes)

Stack: [0x000000e308800000,0x000000e308900000]
Native frames: (J=compiled Java code, j=interpreted, Vv=VM code, C=native code)
V  [jvm.dll+0x64135a]
V  [jvm.dll+0x7d39f9]
V  [jvm.dll+0x7d51b9]
V  [jvm.dll+0x7d58a3]
V  [jvm.dll+0x2691c5]
V  [jvm.dll+0xc1a5c]
V  [jvm.dll+0xc200c]
V  [jvm.dll+0x377462]
V  [jvm.dll+0x342495]
V  [jvm.dll+0x34186a]
V  [jvm.dll+0x2214bd]
V  [jvm.dll+0x220498]
V  [jvm.dll+0x19e851]
V  [jvm.dll+0x230479]
V  [jvm.dll+0x22e5ef]
V  [jvm.dll+0x794de1]
V  [jvm.dll+0x78dc24]
V  [jvm.dll+0x6400f6]
C  [ucrtbase.dll+0x29363]
C  [KERNEL32.DLL+0x1269d]
C  [ntdll.dll+0x5a9f8]


---------------  P R O C E S S  ---------------

Threads class SMR info:
_java_thread_list=0x00000241491dd7c0, length=10, elements={
0x000002412e410000, 0x0000024148707800, 0x0000024148710000, 0x0000024148722800,
0x0000024148723800, 0x0000024148724800, 0x0000024148729000, 0x000002414872c800,
0x000002414872d800, 0x00000241491e8000
}

Java Threads: ( => current thread )
  0x000002412e410000 JavaThread "main" [_thread_in_native, id=12044, stack(0x000000e307c00000,0x000000e307d00000)]
  0x0000024148707800 JavaThread "Reference Handler" daemon [_thread_blocked, id=15012, stack(0x000000e308300000,0x000000e308400000)]
  0x0000024148710000 JavaThread "Finalizer" daemon [_thread_blocked, id=1768, stack(0x000000e308400000,0x000000e308500000)]
  0x0000024148722800 JavaThread "Signal Dispatcher" daemon [_thread_blocked, id=4432, stack(0x000000e308500000,0x000000e308600000)]
  0x0000024148723800 JavaThread "Attach Listener" daemon [_thread_blocked, id=1780, stack(0x000000e308600000,0x000000e308700000)]
  0x0000024148724800 JavaThread "Service Thread" daemon [_thread_blocked, id=11940, stack(0x000000e308700000,0x000000e308800000)]
=>0x0000024148729000 JavaThread "C2 CompilerThread0" daemon [_thread_in_native, id=8032, stack(0x000000e308800000,0x000000e308900000)]
  0x000002414872c800 JavaThread "C1 CompilerThread0" daemon [_thread_blocked, id=7640, stack(0x000000e308900000,0x000000e308a00000)]
  0x000002414872d800 JavaThread "Sweeper thread" daemon [_thread_blocked, id=11464, stack(0x000000e308a00000,0x000000e308b00000)]
  0x00000241491e8000 JavaThread "Common-Cleaner" daemon [_thread_blocked, id=14636, stack(0x000000e308c00000,0x000000e308d00000)]

Other Threads:
  0x0000024148703800 VMThread "VM Thread" [stack: 0x000000e308200000,0x000000e308300000] [id=6840]
  0x00000241491e1000 WatcherThread [stack: 0x000000e308b00000,0x000000e308c00000] [id=5904]
  0x000002412e42a000 GCTaskThread "GC Thread#0" [stack: 0x000000e307d00000,0x000000e307e00000] [id=1452]
  0x000002412e459800 ConcurrentGCThread "G1 Main Marker" [stack: 0x000000e307e00000,0x000000e307f00000] [id=13776]
  0x000002412e45b000 ConcurrentGCThread "G1 Conc#0" [stack: 0x000000e307f00000,0x000000e308000000] [id=3476]
  0x000002412e4de000 ConcurrentGCThread "G1 Refine#0" [stack: 0x000000e308000000,0x000000e308100000] [id=7064]
  0x0000024148549800 ConcurrentGCThread "G1 Young RemSet Sampling" [stack: 0x000000e308100000,0x000000e308200000] [id=9064]

Threads with active compile tasks:
C2 CompilerThread0      376  478       4       java.util.HashMap::putVal (300 bytes)

VM state:not at safepoint (normal execution)

VM Mutex/Monitor currently owned by a thread: None

Heap address: 0x000000008a600000, size: 1882 MB, Compressed Oops mode: 32-bit
Narrow klass base: 0x0000000000000000, Narrow klass shift: 3
Compressed class space size: 1073741824 Address: 0x0000000100000000

Heap:
 garbage-first heap   total 120832K, used 14336K [0x000000008a600000, 0x0000000100000000)
  region size 1024K, 13 young (13312K), 0 survivors (0K)
 Metaspace       used 8080K, capacity 8222K, committed 8448K, reserved 1060864K
  class space    used 709K, capacity 757K, committed 768K, reserved 1048576K
Heap Regions: E=young(eden), S=young(survivor), O=old, HS=humongous(starts), HC=humongous(continues), CS=collection set, F=free, A=archive, TAMS=top-at-mark-start (previous, next)
|   0|0x000000008a600000, 0x000000008a700000, 0x000000008a700000|100%|HS|  |TAMS 0x000000008a600000, 0x000000008a600000| Complete 
|   1|0x000000008a700000, 0x000000008a800000, 0x000000008a800000|100%|HC|  |TAMS 0x000000008a700000, 0x000000008a700000| Complete 
|   2|0x000000008a800000, 0x000000008a900000, 0x000000008a900000|100%|HC|  |TAMS 0x000000008a800000, 0x000000008a800000| Complete 
|   3|0x000000008a900000, 0x000000008a900000, 0x000000008aa00000|  0%| F|  |TAMS 0x000000008a900000, 0x000000008a900000| Untracked 
|   4|0x000000008aa00000, 0x000000008aa00000, 0x000000008ab00000|  0%| F|  |TAMS 0x000000008aa00000, 0x000000008aa00000| Untracked 
|   5|0x000000008ab00000, 0x000000008ab00000, 0x000000008ac00000|  0%| F|  |TAMS 0x000000008ab00000, 0x000000008ab00000| Untracked 
|   6|0x000000008ac00000, 0x000000008ac00000, 0x000000008ad00000|  0%| F|  |TAMS 0x000000008ac00000, 0x000000008ac00000| Untracked 
|   7|0x000000008ad00000, 0x000000008ad00000, 0x000000008ae00000|  0%| F|  |TAMS 0x000000008ad00000, 0x000000008ad00000| Untracked 
|   8|0x000000008ae00000, 0x000000008ae00000, 0x000000008af00000|  0%| F|  |TAMS 0x000000008ae00000, 0x000000008ae00000| Untracked 
|   9|0x000000008af00000, 0x000000008af00000, 0x000000008b000000|  0%| F|  |TAMS 0x000000008af00000, 0x000000008af00000| Untracked 
|  10|0x000000008b000000, 0x000000008b000000, 0x000000008b100000|  0%| F|  |TAMS 0x000000008b000000, 0x000000008b000000| Untracked 
|  11|0x000000008b100000, 0x000000008b100000, 0x000000008b200000|  0%| F|  |TAMS 0x000000008b100000, 0x000000008b100000| Untracked 
|  12|0x000000008b200000, 0x000000008b200000, 0x000000008b300000|  0%| F|  |TAMS 0x000000008b200000, 0x000000008b200000| Untracked 
|  13|0x000000008b300000, 0x000000008b300000, 0x000000008b400000|  0%| F|  |TAMS 0x000000008b300000, 0x000000008b300000| Untracked 
|  14|0x000000008b400000, 0x000000008b400000, 0x000000008b500000|  0%| F|  |TAMS 0x000000008b400000, 0x000000008b400000| Untracked 
|  15|0x000000008b500000, 0x000000008b500000, 0x000000008b600000|  0%| F|  |TAMS 0x000000008b500000, 0x000000008b500000| Untracked 
|  16|0x000000008b600000, 0x000000008b600000, 0x000000008b700000|  0%| F|  |TAMS 0x000000008b600000, 0x000000008b600000| Untracked 
|  17|0x000000008b700000, 0x000000008b700000, 0x000000008b800000|  0%| F|  |TAMS 0x000000008b700000, 0x000000008b700000| Untracked 
|  18|0x000000008b800000, 0x000000008b800000, 0x000000008b900000|  0%| F|  |TAMS 0x000000008b800000, 0x000000008b800000| Untracked 
|  19|0x000000008b900000, 0x000000008b900000, 0x000000008ba00000|  0%| F|  |TAMS 0x000000008b900000, 0x000000008b900000| Untracked 
|  20|0x000000008ba00000, 0x000000008ba00000, 0x000000008bb00000|  0%| F|  |TAMS 0x000000008ba00000, 0x000000008ba00000| Untracked 
|  21|0x000000008bb00000, 0x000000008bb00000, 0x000000008bc00000|  0%| F|  |TAMS 0x000000008bb00000, 0x000000008bb00000| Untracked 
|  22|0x000000008bc00000, 0x000000008bc00000, 0x000000008bd00000|  0%| F|  |TAMS 0x000000008bc00000, 0x000000008bc00000| Untracked 
|  23|0x000000008bd00000, 0x000000008bd00000, 0x000000008be00000|  0%| F|  |TAMS 0x000000008bd00000, 0x000000008bd00000| Untracked 
|  24|0x000000008be00000, 0x000000008be00000, 0x000000008bf00000|  0%| F|  |TAMS 0x000000008be00000, 0x000000008be00000| Untracked 
|  25|0x000000008bf00000, 0x000000008bf00000, 0x000000008c000000|  0%| F|  |TAMS 0x000000008bf00000, 0x000000008bf00000| Untracked 
|  26|0x000000008c000000, 0x000000008c000000, 0x000000008c100000|  0%| F|  |TAMS 0x000000008c000000, 0x000000008c000000| Untracked 
|  27|0x000000008c100000, 0x000000008c100000, 0x000000008c200000|  0%| F|  |TAMS 0x000000008c100000, 0x000000008c100000| Untracked 
|  28|0x000000008c200000, 0x000000008c200000, 0x000000008c300000|  0%| F|  |TAMS 0x000000008c200000, 0x000000008c200000| Untracked 
|  29|0x000000008c300000, 0x000000008c300000, 0x000000008c400000|  0%| F|  |TAMS 0x000000008c300000, 0x000000008c300000| Untracked 
|  30|0x000000008c400000, 0x000000008c400000, 0x000000008c500000|  0%| F|  |TAMS 0x000000008c400000, 0x000000008c400000| Untracked 
|  31|0x000000008c500000, 0x000000008c500000, 0x000000008c600000|  0%| F|  |TAMS 0x000000008c500000, 0x000000008c500000| Untracked 
|  32|0x000000008c600000, 0x000000008c600000, 0x000000008c700000|  0%| F|  |TAMS 0x000000008c600000, 0x000000008c600000| Untracked 
|  33|0x000000008c700000, 0x000000008c700000, 0x000000008c800000|  0%| F|  |TAMS 0x000000008c700000, 0x000000008c700000| Untracked 
|  34|0x000000008c800000, 0x000000008c800000, 0x000000008c900000|  0%| F|  |TAMS 0x000000008c800000, 0x000000008c800000| Untracked 
|  35|0x000000008c900000, 0x000000008c900000, 0x000000008ca00000|  0%| F|  |TAMS 0x000000008c900000, 0x000000008c900000| Untracked 
|  36|0x000000008ca00000, 0x000000008ca00000, 0x000000008cb00000|  0%| F|  |TAMS 0x000000008ca00000, 0x000000008ca00000| Untracked 
|  37|0x000000008cb00000, 0x000000008cb00000, 0x000000008cc00000|  0%| F|  |TAMS 0x000000008cb00000, 0x000000008cb00000| Untracked 
|  38|0x000000008cc00000, 0x000000008cc00000, 0x000000008cd00000|  0%| F|  |TAMS 0x000000008cc00000, 0x000000008cc00000| Untracked 
|  39|0x000000008cd00000, 0x000000008cd00000, 0x000000008ce00000|  0%| F|  |TAMS 0x000000008cd00000, 0x000000008cd00000| Untracked 
|  40|0x000000008ce00000, 0x000000008ce00000, 0x000000008cf00000|  0%| F|  |TAMS 0x000000008ce00000, 0x000000008ce00000| Untracked 
|  41|0x000000008cf00000, 0x000000008cf00000, 0x000000008d000000|  0%| F|  |TAMS 0x000000008cf00000, 0x000000008cf00000| Untracked 
|  42|0x000000008d000000, 0x000000008d000000, 0x000000008d100000|  0%| F|  |TAMS 0x000000008d000000, 0x000000008d000000| Untracked 
|  43|0x000000008d100000, 0x000000008d100000, 0x000000008d200000|  0%| F|  |TAMS 0x000000008d100000, 0x000000008d100000| Untracked 
|  44|0x000000008d200000, 0x000000008d200000, 0x000000008d300000|  0%| F|  |TAMS 0x000000008d200000, 0x000000008d200000| Untracked 
|  45|0x000000008d300000, 0x000000008d300000, 0x000000008d400000|  0%| F|  |TAMS 0x000000008d300000, 0x000000008d300000| Untracked 
|  46|0x000000008d400000, 0x000000008d400000, 0x000000008d500000|  0%| F|  |TAMS 0x000000008d400000, 0x000000008d400000| Untracked 
|  47|0x000000008d500000, 0x000000008d500000, 0x000000008d600000|  0%| F|  |TAMS 0x000000008d500000, 0x000000008d500000| Untracked 
|  48|0x000000008d600000, 0x000000008d600000, 0x000000008d700000|  0%| F|  |TAMS 0x000000008d600000, 0x000000008d600000| Untracked 
|  49|0x000000008d700000, 0x000000008d700000, 0x000000008d800000|  0%| F|  |TAMS 0x000000008d700000, 0x000000008d700000| Untracked 
|  50|0x000000008d800000, 0x000000008d800000, 0x000000008d900000|  0%| F|  |TAMS 0x000000008d800000, 0x000000008d800000| Untracked 
|  51|0x000000008d900000, 0x000000008d900000, 0x000000008da00000|  0%| F|  |TAMS 0x000000008d900000, 0x000000008d900000| Untracked 
|  52|0x000000008da00000, 0x000000008da00000, 0x000000008db00000|  0%| F|  |TAMS 0x000000008da00000, 0x000000008da00000| Untracked 
|  53|0x000000008db00000, 0x000000008db00000, 0x000000008dc00000|  0%| F|  |TAMS 0x000000008db00000, 0x000000008db00000| Untracked 
|  54|0x000000008dc00000, 0x000000008dc00000, 0x000000008dd00000|  0%| F|  |TAMS 0x000000008dc00000, 0x000000008dc00000| Untracked 
|  55|0x000000008dd00000, 0x000000008dd00000, 0x000000008de00000|  0%| F|  |TAMS 0x000000008dd00000, 0x000000008dd00000| Untracked 
|  56|0x000000008de00000, 0x000000008de00000, 0x000000008df00000|  0%| F|  |TAMS 0x000000008de00000, 0x000000008de00000| Untracked 
|  57|0x000000008df00000, 0x000000008df00000, 0x000000008e000000|  0%| F|  |TAMS 0x000000008df00000, 0x000000008df00000| Untracked 
|  58|0x000000008e000000, 0x000000008e000000, 0x000000008e100000|  0%| F|  |TAMS 0x000000008e000000, 0x000000008e000000| Untracked 
|  59|0x000000008e100000, 0x000000008e100000, 0x000000008e200000|  0%| F|  |TAMS 0x000000008e100000, 0x000000008e100000| Untracked 
|  60|0x000000008e200000, 0x000000008e200000, 0x000000008e300000|  0%| F|  |TAMS 0x000000008e200000, 0x000000008e200000| Untracked 
|  61|0x000000008e300000, 0x000000008e300000, 0x000000008e400000|  0%| F|  |TAMS 0x000000008e300000, 0x000000008e300000| Untracked 
|  62|0x000000008e400000, 0x000000008e400000, 0x000000008e500000|  0%| F|  |TAMS 0x000000008e400000, 0x000000008e400000| Untracked 
|  63|0x000000008e500000, 0x000000008e500000, 0x000000008e600000|  0%| F|  |TAMS 0x000000008e500000, 0x000000008e500000| Untracked 
|  64|0x000000008e600000, 0x000000008e600000, 0x000000008e700000|  0%| F|  |TAMS 0x000000008e600000, 0x000000008e600000| Untracked 
|  65|0x000000008e700000, 0x000000008e700000, 0x000000008e800000|  0%| F|  |TAMS 0x000000008e700000, 0x000000008e700000| Untracked 
|  66|0x000000008e800000, 0x000000008e800000, 0x000000008e900000|  0%| F|  |TAMS 0x000000008e800000, 0x000000008e800000| Untracked 
|  67|0x000000008e900000, 0x000000008e900000, 0x000000008ea00000|  0%| F|  |TAMS 0x000000008e900000, 0x000000008e900000| Untracked 
|  68|0x000000008ea00000, 0x000000008ea00000, 0x000000008eb00000|  0%| F|  |TAMS 0x000000008ea00000, 0x000000008ea00000| Untracked 
|  69|0x000000008eb00000, 0x000000008eb00000, 0x000000008ec00000|  0%| F|  |TAMS 0x000000008eb00000, 0x000000008eb00000| Untracked 
|  70|0x000000008ec00000, 0x000000008ec00000, 0x000000008ed00000|  0%| F|  |TAMS 0x000000008ec00000, 0x000000008ec00000| Untracked 
|  71|0x000000008ed00000, 0x000000008ed00000, 0x000000008ee00000|  0%| F|  |TAMS 0x000000008ed00000, 0x000000008ed00000| Untracked 
|  72|0x000000008ee00000, 0x000000008ee00000, 0x000000008ef00000|  0%| F|  |TAMS 0x000000008ee00000, 0x000000008ee00000| Untracked 
|  73|0x000000008ef00000, 0x000000008ef00000, 0x000000008f000000|  0%| F|  |TAMS 0x000000008ef00000, 0x000000008ef00000| Untracked 
|  74|0x000000008f000000, 0x000000008f000000, 0x000000008f100000|  0%| F|  |TAMS 0x000000008f000000, 0x000000008f000000| Untracked 
|  75|0x000000008f100000, 0x000000008f100000, 0x000000008f200000|  0%| F|  |TAMS 0x000000008f100000, 0x000000008f100000| Untracked 
|  76|0x000000008f200000, 0x000000008f200000, 0x000000008f300000|  0%| F|  |TAMS 0x000000008f200000, 0x000000008f200000| Untracked 
|  77|0x000000008f300000, 0x000000008f300000, 0x000000008f400000|  0%| F|  |TAMS 0x000000008f300000, 0x000000008f300000| Untracked 
|  78|0x000000008f400000, 0x000000008f400000, 0x000000008f500000|  0%| F|  |TAMS 0x000000008f400000, 0x000000008f400000| Untracked 
|  79|0x000000008f500000, 0x000000008f500000, 0x000000008f600000|  0%| F|  |TAMS 0x000000008f500000, 0x000000008f500000| Untracked 
|  80|0x000000008f600000, 0x000000008f600000, 0x000000008f700000|  0%| F|  |TAMS 0x000000008f600000, 0x000000008f600000| Untracked 
|  81|0x000000008f700000, 0x000000008f700000, 0x000000008f800000|  0%| F|  |TAMS 0x000000008f700000, 0x000000008f700000| Untracked 
|  82|0x000000008f800000, 0x000000008f800000, 0x000000008f900000|  0%| F|  |TAMS 0x000000008f800000, 0x000000008f800000| Untracked 
|  83|0x000000008f900000, 0x000000008f900000, 0x000000008fa00000|  0%| F|  |TAMS 0x000000008f900000, 0x000000008f900000| Untracked 
|  84|0x000000008fa00000, 0x000000008fa00000, 0x000000008fb00000|  0%| F|  |TAMS 0x000000008fa00000, 0x000000008fa00000| Untracked 
|  85|0x000000008fb00000, 0x000000008fb00000, 0x000000008fc00000|  0%| F|  |TAMS 0x000000008fb00000, 0x000000008fb00000| Untracked 
|  86|0x000000008fc00000, 0x000000008fc00000, 0x000000008fd00000|  0%| F|  |TAMS 0x000000008fc00000, 0x000000008fc00000| Untracked 
|  87|0x000000008fd00000, 0x000000008fd00000, 0x000000008fe00000|  0%| F|  |TAMS 0x000000008fd00000, 0x000000008fd00000| Untracked 
|  88|0x000000008fe00000, 0x000000008fe00000, 0x000000008ff00000|  0%| F|  |TAMS 0x000000008fe00000, 0x000000008fe00000| Untracked 
|  89|0x000000008ff00000, 0x000000008ff00000, 0x0000000090000000|  0%| F|  |TAMS 0x000000008ff00000, 0x000000008ff00000| Untracked 
|  90|0x0000000090000000, 0x0000000090000000, 0x0000000090100000|  0%| F|  |TAMS 0x0000000090000000, 0x0000000090000000| Untracked 
|  91|0x0000000090100000, 0x0000000090100000, 0x0000000090200000|  0%| F|  |TAMS 0x0000000090100000, 0x0000000090100000| Untracked 
|  92|0x0000000090200000, 0x0000000090200000, 0x0000000090300000|  0%| F|  |TAMS 0x0000000090200000, 0x0000000090200000| Untracked 
|  93|0x0000000090300000, 0x0000000090300000, 0x0000000090400000|  0%| F|  |TAMS 0x0000000090300000, 0x0000000090300000| Untracked 
|  94|0x0000000090400000, 0x0000000090400000, 0x0000000090500000|  0%| F|  |TAMS 0x0000000090400000, 0x0000000090400000| Untracked 
|  95|0x0000000090500000, 0x0000000090500000, 0x0000000090600000|  0%| F|  |TAMS 0x0000000090500000, 0x0000000090500000| Untracked 
|  96|0x0000000090600000, 0x0000000090600000, 0x0000000090700000|  0%| F|  |TAMS 0x0000000090600000, 0x0000000090600000| Untracked 
|  97|0x0000000090700000, 0x0000000090700000, 0x0000000090800000|  0%| F|  |TAMS 0x0000000090700000, 0x0000000090700000| Untracked 
|  98|0x0000000090800000, 0x0000000090800000, 0x0000000090900000|  0%| F|  |TAMS 0x0000000090800000, 0x0000000090800000| Untracked 
|  99|0x0000000090900000, 0x0000000090900000, 0x0000000090a00000|  0%| F|  |TAMS 0x0000000090900000, 0x0000000090900000| Untracked 
| 100|0x0000000090a00000, 0x0000000090a00000, 0x0000000090b00000|  0%| F|  |TAMS 0x0000000090a00000, 0x0000000090a00000| Untracked 
| 101|0x0000000090b00000, 0x0000000090b00000, 0x0000000090c00000|  0%| F|  |TAMS 0x0000000090b00000, 0x0000000090b00000| Untracked 
| 102|0x0000000090c00000, 0x0000000090c00000, 0x0000000090d00000|  0%| F|  |TAMS 0x0000000090c00000, 0x0000000090c00000| Untracked 
| 103|0x0000000090d00000, 0x0000000090d00000, 0x0000000090e00000|  0%| F|  |TAMS 0x0000000090d00000, 0x0000000090d00000| Untracked 
| 104|0x0000000090e00000, 0x0000000090e00000, 0x0000000090f00000|  0%| F|  |TAMS 0x0000000090e00000, 0x0000000090e00000| Untracked 
| 105|0x0000000090f00000, 0x0000000090ff3448, 0x0000000091000000| 95%| E|  |TAMS 0x0000000090f00000, 0x0000000090f00000| Complete 
| 106|0x0000000091000000, 0x0000000091100000, 0x0000000091100000|100%| E|CS|TAMS 0x0000000091000000, 0x0000000091000000| Complete 
| 107|0x0000000091100000, 0x0000000091200000, 0x0000000091200000|100%| E|CS|TAMS 0x0000000091100000, 0x0000000091100000| Complete 
| 108|0x0000000091200000, 0x0000000091300000, 0x0000000091300000|100%| E|CS|TAMS 0x0000000091200000, 0x0000000091200000| Complete 
| 109|0x0000000091300000, 0x0000000091400000, 0x0000000091400000|100%| E|CS|TAMS 0x0000000091300000, 0x0000000091300000| Complete 
| 110|0x0000000091400000, 0x0000000091500000, 0x0000000091500000|100%| E|CS|TAMS 0x0000000091400000, 0x0000000091400000| Complete 
| 111|0x0000000091500000, 0x0000000091600000, 0x0000000091600000|100%| E|CS|TAMS 0x0000000091500000, 0x0000000091500000| Complete 
| 112|0x0000000091600000, 0x0000000091700000, 0x0000000091700000|100%| E|CS|TAMS 0x0000000091600000, 0x0000000091600000| Complete 
| 113|0x0000000091700000, 0x0000000091800000, 0x0000000091800000|100%| E|CS|TAMS 0x0000000091700000, 0x0000000091700000| Complete 
| 114|0x0000000091800000, 0x0000000091900000, 0x0000000091900000|100%| E|CS|TAMS 0x0000000091800000, 0x0000000091800000| Complete 
| 115|0x0000000091900000, 0x0000000091a00000, 0x0000000091a00000|100%| E|  |TAMS 0x0000000091900000, 0x0000000091900000| Complete 
| 116|0x0000000091a00000, 0x0000000091b00000, 0x0000000091b00000|100%| E|CS|TAMS 0x0000000091a00000, 0x0000000091a00000| Complete 
| 117|0x0000000091b00000, 0x0000000091c00000, 0x0000000091c00000|100%| E|CS|TAMS 0x0000000091b00000, 0x0000000091b00000| Complete 

Card table byte_map: [0x0000024141840000,0x0000024141bf0000] _byte_map_base: 0x00000241413ed000

Marking Bits (Prev, Next): (CMBitMap*) 0x000002412e4517f8, (CMBitMap*) 0x000002412e451830
 Prev Bits: [0x0000024141fa0000, 0x0000024143d08000)
 Next Bits: [0x0000024143d10000, 0x0000024145a78000)

Polling page: 0x000002412dbe0000

Metaspace:

Usage:
  Non-class:      7.29 MB capacity,     7.20 MB ( 99%) used,    87.43 KB (  1%) free+waste,     6.62 KB ( <1%) overhead. 
      Class:    757.00 KB capacity,   709.64 KB ( 94%) used,    44.36 KB (  6%) free+waste,     3.00 KB ( <1%) overhead. 
       Both:      8.03 MB capacity,     7.89 MB ( 98%) used,   131.79 KB (  2%) free+waste,     9.62 KB ( <1%) overhead. 

Virtual space:
  Non-class space:       12.00 MB reserved,       7.50 MB ( 62%) committed 
      Class space:        1.00 GB reserved,     768.00 KB ( <1%) committed 
             Both:        1.01 GB reserved,       8.25 MB ( <1%) committed 

Chunk freelists:
   Non-Class:  23.00 KB
       Class:  11.00 KB
        Both:  34.00 KB

MaxMetaspaceSize: 17179869184.00 GB
CompressedClassSpaceSize: 1.00 GB
Initial GC threshold: 20.80 MB
Current GC threshold: 20.80 MB
CDS: off

CodeHeap 'non-profiled nmethods': size=120000Kb used=158Kb max_used=158Kb free=119841Kb
 bounds [0x0000024139a00000, 0x0000024139c70000, 0x0000024140f30000]
CodeHeap 'profiled nmethods': size=120000Kb used=840Kb max_used=840Kb free=119159Kb
 bounds [0x00000241324d0000, 0x0000024132740000, 0x0000024139a00000]
CodeHeap 'non-nmethods': size=5760Kb used=1113Kb max_used=1128Kb free=4646Kb
 bounds [0x0000024131f30000, 0x00000241321a0000, 0x00000241324d0000]
 total_blobs=896 nmethods=533 adapters=276
 compilation: enabled
              stopped_count=0, restarted_count=0
 full_count=0

Compilation events (20 events):
Event: 0.349 Thread 0x000002414872c800 nmethod 487 0x0000024132585290 code [0x0000024132585500, 0x0000024132585db8]
Event: 0.349 Thread 0x000002414872c800  488       3       java.util.AbstractCollection::addAll (42 bytes)
Event: 0.349 Thread 0x000002414872c800 nmethod 488 0x0000024132586210 code [0x0000024132586400, 0x00000241325868f8]
Event: 0.350 Thread 0x000002414872c800  491       3       jdk.internal.jimage.ImageStringsReader::unmaskedHashCode (173 bytes)
Event: 0.351 Thread 0x000002414872c800 nmethod 491 0x0000024132586a90 code [0x0000024132586d00, 0x00000241325878b8]
Event: 0.351 Thread 0x000002414872c800  492       3       jdk.internal.module.ModuleReferenceImpl::hashCode (56 bytes)
Event: 0.351 Thread 0x000002414872c800 nmethod 492 0x0000024132587d90 code [0x0000024132587f80, 0x00000241325883e8]
Event: 0.351 Thread 0x000002414872c800  493       3       java.nio.ByteBuffer::limit (8 bytes)
Event: 0.351 Thread 0x000002414872c800 nmethod 493 0x0000024132588590 code [0x0000024132588740, 0x0000024132588888]
Event: 0.351 Thread 0x000002414872c800  494       1       java.nio.DirectByteBuffer::address (5 bytes)
Event: 0.351 Thread 0x000002414872c800 nmethod 494 0x0000024139a25590 code [0x0000024139a25740, 0x0000024139a257f8]
Event: 0.352 Thread 0x000002414872c800  495       3       java.io.File::isDirectory (43 bytes)
Event: 0.352 Thread 0x000002414872c800 nmethod 495 0x0000024132588910 code [0x0000024132588b00, 0x0000024132588ea8]
Event: 0.353 Thread 0x000002414872c800  496       1       java.net.URL::getPath (5 bytes)
Event: 0.353 Thread 0x000002414872c800 nmethod 496 0x0000024139a25890 code [0x0000024139a25a40, 0x0000024139a25af8]
Event: 0.353 Thread 0x000002414872c800  497       1       java.net.URL::getRef (5 bytes)
Event: 0.353 Thread 0x000002414872c800 nmethod 497 0x0000024139a25b90 code [0x0000024139a25d40, 0x0000024139a25df8]
Event: 0.353 Thread 0x000002414872c800  498       3       java.net.URI$Parser::scan (76 bytes)
Event: 0.353 Thread 0x000002414872c800 nmethod 498 0x0000024132589010 code [0x0000024132589260, 0x0000024132589af8]
Event: 0.353 Thread 0x000002414872c800  500       1       java.net.URL::getAuthority (5 bytes)

GC Heap History (0 events):
No events

Deoptimization events (20 events):
Event: 0.339 Thread 0x000002412e410000 DEOPT PACKING pc=0x000002413257f70b sp=0x000000e307cfd440
Event: 0.339 Thread 0x000002412e410000 DEOPT UNPACKING pc=0x0000024131f7a95e sp=0x000000e307cfc910 mode 0
Event: 0.339 Thread 0x000002412e410000 DEOPT PACKING pc=0x000002413257f70b sp=0x000000e307cfd440
Event: 0.339 Thread 0x000002412e410000 DEOPT UNPACKING pc=0x0000024131f7a95e sp=0x000000e307cfc910 mode 0
Event: 0.339 Thread 0x000002412e410000 DEOPT PACKING pc=0x000002413257f70b sp=0x000000e307cfd440
Event: 0.339 Thread 0x000002412e410000 DEOPT UNPACKING pc=0x0000024131f7a95e sp=0x000000e307cfc910 mode 0
Event: 0.339 Thread 0x000002412e410000 DEOPT PACKING pc=0x000002413257f70b sp=0x000000e307cfd440
Event: 0.339 Thread 0x000002412e410000 DEOPT UNPACKING pc=0x0000024131f7a95e sp=0x000000e307cfc910 mode 0
Event: 0.340 Thread 0x000002412e410000 DEOPT PACKING pc=0x000002413257f70b sp=0x000000e307cfd440
Event: 0.340 Thread 0x000002412e410000 DEOPT UNPACKING pc=0x0000024131f7a95e sp=0x000000e307cfc910 mode 0
Event: 0.340 Thread 0x000002412e410000 DEOPT PACKING pc=0x000002413257f70b sp=0x000000e307cfd440
Event: 0.340 Thread 0x000002412e410000 DEOPT UNPACKING pc=0x0000024131f7a95e sp=0x000000e307cfc910 mode 0
Event: 0.340 Thread 0x000002412e410000 DEOPT PACKING pc=0x000002413257f70b sp=0x000000e307cfd440
Event: 0.340 Thread 0x000002412e410000 DEOPT UNPACKING pc=0x0000024131f7a95e sp=0x000000e307cfc910 mode 0
Event: 0.340 Thread 0x000002412e410000 DEOPT PACKING pc=0x000002413257f70b sp=0x000000e307cfd440
Event: 0.340 Thread 0x000002412e410000 DEOPT UNPACKING pc=0x0000024131f7a95e sp=0x000000e307cfc910 mode 0
Event: 0.340 Thread 0x000002412e410000 DEOPT PACKING pc=0x000002413257f70b sp=0x000000e307cfd440
Event: 0.340 Thread 0x000002412e410000 DEOPT UNPACKING pc=0x0000024131f7a95e sp=0x000000e307cfc910 mode 0
Event: 0.340 Thread 0x000002412e410000 DEOPT PACKING pc=0x000002413257f70b sp=0x000000e307cfd440
Event: 0.340 Thread 0x000002412e410000 DEOPT UNPACKING pc=0x0000024131f7a95e sp=0x000000e307cfc910 mode 0

Classes redefined (0 events):
No events

Internal exceptions (3 events):
Event: 0.138 Thread 0x000002412e410000 Exception <a 'java/lang/NoSuchMethodError'{0x0000000091a9f2a0}: 'int java.lang.invoke.DirectMethodHandle$Holder.invokeSpecialIFC(java.lang.Object, java.lang.Object, int)'> (0x0000000091a9f2a0) thrown at [src/hotspot/share/interpreter/linkResolver.cpp, line 773]
Event: 0.219 Thread 0x000002412e410000 Exception <a 'java/lang/NoSuchMethodError'{0x0000000091876500}: 'int java.lang.invoke.DirectMethodHandle$Holder.invokeStaticInit(java.lang.Object, java.lang.Object)'> (0x0000000091876500) thrown at [src/hotspot/share/interpreter/linkResolver.cpp, line 773]
Event: 0.248 Thread 0x000002412e410000 Exception <a 'java/lang/NoSuchMethodError'{0x000000009174c3c8}: 'int java.lang.invoke.DirectMethodHandle$Holder.invokeSpecial(java.lang.Object, java.lang.Object, java.lang.Object, java.lang.Object)'> (0x000000009174c3c8) thrown at [src/hotspot/share/interpreter/linkResolver.cpp, line 773]

Events (20 events):
Event: 0.245 loading class org/gradle/internal/service/CachingServiceLocator
Event: 0.245 loading class org/gradle/internal/service/CachingServiceLocator done
Event: 0.246 loading class org/gradle/api/internal/classpath/DefaultModuleRegistry$DefaultModule
Event: 0.247 loading class org/gradle/api/internal/classpath/DefaultModuleRegistry$DefaultModule done
Event: 0.247 loading class java/util/Collections$1
Event: 0.247 loading class java/util/Collections$1 done
Event: 0.248 loading class org/gradle/api/internal/classpath/DefaultModuleRegistry
Event: 0.248 loading class org/gradle/api/internal/classpath/DefaultModuleRegistry done
Event: 0.250 loading class java/lang/invoke/DirectMethodHandle$Constructor
Event: 0.250 loading class java/lang/invoke/DirectMethodHandle$Constructor done
Event: 0.251 loading class org/gradle/util/internal/GUtil
Event: 0.251 loading class org/gradle/util/internal/GUtil done
Event: 0.253 loading class org/gradle/api/Transformer
Event: 0.253 loading class org/gradle/api/Transformer done
Event: 0.254 loading class org/gradle/internal/IoActions
Event: 0.254 loading class org/gradle/internal/IoActions done
Event: 0.255 loading class org/gradle/api/Action
Event: 0.255 loading class org/gradle/api/Action done
Event: 0.351 loading class org/gradle/internal/classloader/VisitableURLClassLoader$Spec
Event: 0.351 loading class org/gradle/internal/classloader/VisitableURLClassLoader$Spec done


Dynamic libraries:
0x00007ff6a0760000 - 0x00007ff6a076a000 	C:\Apps\Android Studio\jbr\bin\java.exe
0x00007ffe6d6f0000 - 0x00007ffe6d904000 	C:\WINDOWS\SYSTEM32\ntdll.dll
0x00007ffe6b530000 - 0x00007ffe6b5f2000 	C:\WINDOWS\System32\KERNEL32.DLL
0x00007ffe6af50000 - 0x00007ffe6b2ec000 	C:\WINDOWS\System32\KERNELBASE.dll
0x00007ffe6ae30000 - 0x00007ffe6af41000 	C:\WINDOWS\System32\ucrtbase.dll
0x00007ffe661a0000 - 0x00007ffe661b7000 	C:\Apps\Android Studio\jbr\bin\jli.dll
0x00007ffe67710000 - 0x00007ffe6772b000 	C:\Apps\Android Studio\jbr\bin\VCRUNTIME140.dll
0x00007ffe6bb60000 - 0x00007ffe6bd0b000 	C:\WINDOWS\System32\USER32.dll
0x00007ffe4eb20000 - 0x00007ffe4edae000 	C:\WINDOWS\WinSxS\amd64_microsoft.windows.common-controls_6595b64144ccf1df_6.0.22621.608_none_a9444ca7c10bb01d\COMCTL32.dll
0x00007ffe6ad40000 - 0x00007ffe6ad66000 	C:\WINDOWS\System32\win32u.dll
0x00007ffe6bfe0000 - 0x00007ffe6c087000 	C:\WINDOWS\System32\msvcrt.dll
0x00007ffe6b500000 - 0x00007ffe6b529000 	C:\WINDOWS\System32\GDI32.dll
0x00007ffe6b2f0000 - 0x00007ffe6b403000 	C:\WINDOWS\System32\gdi32full.dll
0x00007ffe6ab30000 - 0x00007ffe6abca000 	C:\WINDOWS\System32\msvcp_win.dll
0x00007ffe6d670000 - 0x00007ffe6d6a1000 	C:\WINDOWS\System32\IMM32.DLL
0x00007ffe67d50000 - 0x00007ffe67d5c000 	C:\Apps\Android Studio\jbr\bin\vcruntime140_1.dll
0x00007ffe66110000 - 0x00007ffe6619d000 	C:\Apps\Android Studio\jbr\bin\msvcp140.dll
0x00007ffde50c0000 - 0x00007ffde5c7c000 	C:\Apps\Android Studio\jbr\bin\server\jvm.dll
0x00007ffe6c250000 - 0x00007ffe6c2fe000 	C:\WINDOWS\System32\ADVAPI32.dll
0x00007ffe6bf30000 - 0x00007ffe6bfd4000 	C:\WINDOWS\System32\sechost.dll
0x00007ffe6d080000 - 0x00007ffe6d197000 	C:\WINDOWS\System32\RPCRT4.dll
0x00007ffe6cd50000 - 0x00007ffe6cd58000 	C:\WINDOWS\System32\PSAPI.DLL
0x00007ffe64e70000 - 0x00007ffe64ea4000 	C:\WINDOWS\SYSTEM32\WINMM.dll
0x00007ffe66040000 - 0x00007ffe66049000 	C:\WINDOWS\SYSTEM32\WSOCK32.dll
0x00007ffe62dd0000 - 0x00007ffe62dda000 	C:\WINDOWS\SYSTEM32\VERSION.dll
0x00007ffe6c1d0000 - 0x00007ffe6c241000 	C:\WINDOWS\System32\WS2_32.dll
0x00007ffe69b40000 - 0x00007ffe69b58000 	C:\WINDOWS\SYSTEM32\kernel.appcore.dll
0x00007ffe578d0000 - 0x00007ffe578e0000 	C:\Apps\Android Studio\jbr\bin\verify.dll
0x00007ffe59550000 - 0x00007ffe5977e000 	C:\WINDOWS\SYSTEM32\DBGHELP.DLL
0x00007ffe6d1c0000 - 0x00007ffe6d549000 	C:\WINDOWS\System32\combase.dll
0x00007ffe6cc70000 - 0x00007ffe6cd47000 	C:\WINDOWS\System32\OLEAUT32.dll
0x00007ffe4b6f0000 - 0x00007ffe4b722000 	C:\WINDOWS\SYSTEM32\dbgcore.DLL
0x00007ffe6b480000 - 0x00007ffe6b4fb000 	C:\WINDOWS\System32\bcryptPrimitives.dll
0x00007ffe2bc10000 - 0x00007ffe2bc38000 	C:\Apps\Android Studio\jbr\bin\java.dll
0x00007ffe578c0000 - 0x00007ffe578ca000 	C:\Apps\Android Studio\jbr\bin\jimage.dll
0x00007ffe2bbf0000 - 0x00007ffe2bc08000 	C:\Apps\Android Studio\jbr\bin\zip.dll
0x00007ffe6c310000 - 0x00007ffe6cb00000 	C:\WINDOWS\System32\SHELL32.dll
0x00007ffe68af0000 - 0x00007ffe693bd000 	C:\WINDOWS\SYSTEM32\windows.storage.dll
0x00007ffe689b0000 - 0x00007ffe68aee000 	C:\WINDOWS\SYSTEM32\wintypes.dll
0x00007ffe6cf20000 - 0x00007ffe6d011000 	C:\WINDOWS\System32\SHCORE.dll
0x00007ffe6d020000 - 0x00007ffe6d07e000 	C:\WINDOWS\System32\shlwapi.dll
0x00007ffe6aa60000 - 0x00007ffe6aa81000 	C:\WINDOWS\SYSTEM32\profapi.dll
0x00007ffe2bbd0000 - 0x00007ffe2bbe9000 	C:\Apps\Android Studio\jbr\bin\net.dll
0x00007ffe63600000 - 0x00007ffe63737000 	C:\WINDOWS\SYSTEM32\WINHTTP.dll
0x00007ffe69fb0000 - 0x00007ffe6a019000 	C:\WINDOWS\system32\mswsock.dll
0x00007ffe2bac0000 - 0x00007ffe2bad3000 	C:\Apps\Android Studio\jbr\bin\nio.dll

dbghelp: loaded successfully - version: 4.0.5 - missing functions: none
symbol engine: initialized successfully - sym options: 0x614 - pdb path: .;C:\Apps\Android Studio\jbr\bin;C:\WINDOWS\SYSTEM32;C:\WINDOWS\WinSxS\amd64_microsoft.windows.common-controls_6595b64144ccf1df_6.0.22621.608_none_a9444ca7c10bb01d;C:\Apps\Android Studio\jbr\bin\server

VM Arguments:
jvm_args: -Dorg.gradle.appname=gradlew 
java_command: org.gradle.wrapper.GradleWrapperMain -q -Ptarget-platform=android-arm64 -Ptarget=H:\Flutter Projects\rku_bus_guide\lib\main.dart -Pbase-application-name=android.app.Application -Pdart-defines=Zmx1dHRlci5pbnNwZWN0b3Iuc3RydWN0dXJlZEVycm9ycz10cnVl,RkxVVFRFUl9XRUJfQVVUT19ERVRFQ1Q9dHJ1ZQ== -Pdart-obfuscation=false -Ptrack-widget-creation=true -Ptree-shake-icons=false -Pfilesystem-scheme=org-dartlang-root assembleDebug
java_class_path (initial): H:\Flutter Projects\rku_bus_guide\android\\gradle\wrapper\gradle-wrapper.jar
Launcher Type: SUN_STANDARD

[Global flags]
     intx CICompilerCount                          = 4                                         {product} {ergonomic}
     uint ConcGCThreads                            = 3                                         {product} {ergonomic}
     uint G1ConcRefinementThreads                  = 10                                        {product} {ergonomic}
   size_t G1HeapRegionSize                         = 1048576                                   {product} {ergonomic}
    uintx GCDrainStackTargetSize                   = 64                                        {product} {ergonomic}
   size_t InitialHeapSize                          = 123731968                                 {product} {ergonomic}
   size_t MarkStackSize                            = 4194304                                   {product} {ergonomic}
   size_t MaxHeapSize                              = 1973420032                                {product} {ergonomic}
   size_t MaxNewSize                               = 1183842304                                {product} {ergonomic}
   size_t MinHeapDeltaBytes                        = 1048576                                   {product} {ergonomic}
    uintx NonNMethodCodeHeapSize                   = 5836300                                {pd product} {ergonomic}
    uintx NonProfiledCodeHeapSize                  = 122910970                              {pd product} {ergonomic}
    uintx ProfiledCodeHeapSize                     = 122910970                              {pd product} {ergonomic}
    uintx ReservedCodeCacheSize                    = 251658240                              {pd product} {ergonomic}
     bool SegmentedCodeCache                       = true                                      {product} {ergonomic}
     bool UseCompressedClassPointers               = true                                 {lp64_product} {ergonomic}
     bool UseCompressedOops                        = true                                 {lp64_product} {ergonomic}
     bool UseG1GC                                  = true                                      {product} {ergonomic}
     bool UseLargePagesIndividualAllocation        = false                                  {pd product} {ergonomic}

Logging:
Log output configuration:
 #0: stdout all=warning uptime,level,tags
 #1: stderr all=off uptime,level,tags

Environment Variables:
JAVA_HOME=C:\Apps\Android Studio\jbr
CLASSPATH=H:\Flutter Projects\rku_bus_guide\android\\gradle\wrapper\gradle-wrapper.jar
PATH=C:\Windows\system32;C:\Windows;C:\Windows\System32\Wbem;C:\Windows\System32\WindowsPowerShell\v1.0\;C:\Windows\System32\OpenSSH\;C:\Program Files\NVIDIA Corporation\NVIDIA NvDLISR;C:\Apps\JDk\bin;C:\Program Files\Microsoft SQL Server\130\Tools\Binn\;C:\Program Files (x86)\NVIDIA Corporation\PhysX\Common;C:\xampp\php;C:\ProgramData\ComposerSetup\bin;C:\WINDOWS\system32;C:\WINDOWS;C:\WINDOWS\System32\Wbem;C:\WINDOWS\System32\WindowsPowerShell\v1.0\;C:\WINDOWS\System32\OpenSSH\;C:\Program Files\Git\cmd;C:\Apps\nodejs\;C:\Program Files\Microsoft SQL Server\150\Tools\Binn\;C:\Apps\flutter\bin;C:\Program Files\Java\jdk-19\bin;C:\Users\Harsh Jethva\AppData\Local\Pub\Cache\bin;C:\Users\Harsh Jethva\AppData\Local\Programs\Python\Python311\Scripts\;C:\Users\Harsh Jethva\AppData\Local\Programs\Python\Python311\;C:\Users\Harsh Jethva\AppData\Local\Microsoft\WindowsApps;C:\Apps\IntelliJ IDEA Community Edition 2023.1\bin;;C:\Users\Harsh Jethva\AppData\Roaming\Composer\vendor\bin;C:\Apps\Microsoft VS Code\bin;C:\Users\Harsh Jethva\AppData\Roaming\npm;C:\Users\Harsh Jethva\AppData\Local\GitHubDesktop\bin;C:\Users\Harsh Jethva\AppData\Local\Pub\Cache\bin;;C:\Apps\flutter\bin\mingit\cmd
USERNAME=Harsh Jethva
OS=Windows_NT
PROCESSOR_IDENTIFIER=AMD64 Family 25 Model 80 Stepping 0, AuthenticAMD



---------------  S Y S T E M  ---------------

OS: Windows 11 , 64 bit Build 22621 (10.0.22621.1485)
OS uptime: 0 days 1:00 hours
Hyper-V role detected

CPU:total 12 (initial active 12) (12 cores per cpu, 2 threads per core) family 25 model 80 stepping 0 microcode 0x0, cmov, cx8, fxsr, mmx, sse, sse2, sse3, ssse3, sse4.1, sse4.2, popcnt, avx, avx2, aes, clmul, erms, mmxext, 3dnowpref, lzcnt, sse4a, ht, tsc, tscinvbit, tscinv, bmi1, bmi2, adx, sha, fma

Memory: 4k page, system-wide physical 7521M (276M free)
TotalPageFile size 14521M (AvailPageFile size 0M)
current process WorkingSet (physical memory assigned to process): 58M, peak: 58M
current process commit charge ("private bytes"): 204M, peak: 204M

vm_info: OpenJDK 64-Bit Server VM (11.0.15+0-b2043.56-9505619) for windows-amd64 JRE (11.0.15+0-b2043.56-9505619), built on Jan 19 2023 02:48:00 by "builduser" with unknown MS VC++:1929

END.
