#
# There is insufficient memory for the Java Runtime Environment to continue.
# Native memory allocation (malloc) failed to allocate 985056 bytes for Chunk::new
# Possible reasons:
#   The system is out of physical RAM or swap space
#   The process is running with CompressedOops enabled, and the Java Heap may be blocking the growth of the native heap
# Possible solutions:
#   Reduce memory load on the system
#   Increase physical memory or swap space
#   Check if swap backing store is full
#   Decrease Java heap size (-Xmx/-Xms)
#   Decrease number of Java threads
#   Decrease Java thread stack sizes (-Xss)
#   Set larger code cache with -XX:ReservedCodeCacheSize=
#   JVM is running with Unscaled Compressed Oops mode in which the Java heap is
#     placed in the first 4GB address space. The Java Heap base address is the
#     maximum limit for the native heap growth. Please use -XX:HeapBaseMinAddress
#     to set the Java Heap base and to place the Java Heap above 4GB virtual address.
# This output file may be truncated or incomplete.
#
#  Out of Memory Error (src/hotspot/share/memory/arena.cpp:197), pid=5924, tid=17116
#
# JRE version: OpenJDK Runtime Environment (11.0.15) (build 11.0.15+0-b2043.56-9505619)
# Java VM: OpenJDK 64-Bit Server VM (11.0.15+0-b2043.56-9505619, mixed mode, tiered, compressed oops, g1 gc, windows-amd64)
# No core dump will be written. Minidumps are not enabled by default on client versions of Windows
#

---------------  S U M M A R Y ------------

Command Line: --add-opens=java.base/java.util=ALL-UNNAMED --add-opens=java.base/java.lang=ALL-UNNAMED --add-opens=java.base/java.lang.invoke=ALL-UNNAMED --add-opens=java.base/java.util=ALL-UNNAMED --add-opens=java.prefs/java.util.prefs=ALL-UNNAMED --add-opens=java.prefs/java.util.prefs=ALL-UNNAMED --add-opens=java.base/java.nio.charset=ALL-UNNAMED --add-opens=java.base/java.net=ALL-UNNAMED --add-opens=java.base/java.util.concurrent.atomic=ALL-UNNAMED -Xmx1536M -Dfile.encoding=windows-1252 -Duser.country=IN -Duser.language=en -Duser.variant org.gradle.launcher.daemon.bootstrap.GradleDaemon 7.5

Host: AMD Ryzen 5 5600H with Radeon Graphics         , 12 cores, 7G,  Windows 11 , 64 bit Build 22621 (10.0.22621.1485)
Time: Fri May  5 01:22:33 2023 India Standard Time elapsed time: 2.399896 seconds (0d 0h 0m 2s)

---------------  T H R E A D  ---------------

Current thread (0x000001fe64395800):  JavaThread "C2 CompilerThread0" daemon [_thread_in_native, id=17116, stack(0x000000c1ec900000,0x000000c1eca00000)]


Current CompileTask:
C2:   2399 2280       4       java.net.URLClassLoader$1::run (5 bytes)

Stack: [0x000000c1ec900000,0x000000c1eca00000]
Native frames: (J=compiled Java code, j=interpreted, Vv=VM code, C=native code)
V  [jvm.dll+0x64135a]
V  [jvm.dll+0x7d39f9]
V  [jvm.dll+0x7d51b9]
V  [jvm.dll+0x7d58a3]
V  [jvm.dll+0x2691c5]
V  [jvm.dll+0xc1a5c]
V  [jvm.dll+0xc200c]
V  [jvm.dll+0x2da2c2]
V  [jvm.dll+0x54cad9]
V  [jvm.dll+0x22a011]
V  [jvm.dll+0x223809]
V  [jvm.dll+0x220384]
V  [jvm.dll+0x19e851]
V  [jvm.dll+0x230479]
V  [jvm.dll+0x22e5ef]
V  [jvm.dll+0x794de1]
V  [jvm.dll+0x78dc24]
V  [jvm.dll+0x6400f6]
C  [ucrtbase.dll+0x29363]
C  [KERNEL32.DLL+0x1269d]
C  [ntdll.dll+0x5a9f8]


---------------  P R O C E S S  ---------------

Threads class SMR info:
_java_thread_list=0x000001fe67d9fde0, length=26, elements={
0x000001fe4a515000, 0x000001fe63b19800, 0x000001fe63b07000, 0x000001fe63b2b800,
0x000001fe63b2c800, 0x000001fe63b2d800, 0x000001fe64395800, 0x000001fe64398000,
0x000001fe6439c000, 0x000001fe64526000, 0x000001fe66f5c800, 0x000001fe65387000,
0x000001fe67bbe800, 0x000001fe66aa5000, 0x000001fe65ecc800, 0x000001fe674c9000,
0x000001fe66d1f000, 0x000001fe65257800, 0x000001fe664e2000, 0x000001fe66454000,
0x000001fe66458000, 0x000001fe66452800, 0x000001fe66453800, 0x000001fe658cb000,
0x000001fe66455000, 0x000001fe66459000
}

Java Threads: ( => current thread )
  0x000001fe4a515000 JavaThread "main" [_thread_blocked, id=5532, stack(0x000000c1ebd00000,0x000000c1ebe00000)]
  0x000001fe63b19800 JavaThread "Reference Handler" daemon [_thread_blocked, id=8652, stack(0x000000c1ec400000,0x000000c1ec500000)]
  0x000001fe63b07000 JavaThread "Finalizer" daemon [_thread_blocked, id=6436, stack(0x000000c1ec500000,0x000000c1ec600000)]
  0x000001fe63b2b800 JavaThread "Signal Dispatcher" daemon [_thread_blocked, id=6372, stack(0x000000c1ec600000,0x000000c1ec700000)]
  0x000001fe63b2c800 JavaThread "Attach Listener" daemon [_thread_blocked, id=15296, stack(0x000000c1ec700000,0x000000c1ec800000)]
  0x000001fe63b2d800 JavaThread "Service Thread" daemon [_thread_blocked, id=2276, stack(0x000000c1ec800000,0x000000c1ec900000)]
=>0x000001fe64395800 JavaThread "C2 CompilerThread0" daemon [_thread_in_native, id=17116, stack(0x000000c1ec900000,0x000000c1eca00000)]
  0x000001fe64398000 JavaThread "C1 CompilerThread0" daemon [_thread_blocked, id=6236, stack(0x000000c1eca00000,0x000000c1ecb00000)]
  0x000001fe6439c000 JavaThread "Sweeper thread" daemon [_thread_blocked, id=21824, stack(0x000000c1ecb00000,0x000000c1ecc00000)]
  0x000001fe64526000 JavaThread "Common-Cleaner" daemon [_thread_blocked, id=19824, stack(0x000000c1ecc00000,0x000000c1ecd00000)]
  0x000001fe66f5c800 JavaThread "Daemon health stats" [_thread_blocked, id=18564, stack(0x000000c1ed100000,0x000000c1ed200000)]
  0x000001fe65387000 JavaThread "Incoming local TCP Connector on port 54358" [_thread_in_native, id=8048, stack(0x000000c1ece00000,0x000000c1ecf00000)]
  0x000001fe67bbe800 JavaThread "Daemon periodic checks" [_thread_blocked, id=10116, stack(0x000000c1ecf00000,0x000000c1ed000000)]
  0x000001fe66aa5000 JavaThread "Daemon" [_thread_blocked, id=20888, stack(0x000000c1ed200000,0x000000c1ed300000)]
  0x000001fe65ecc800 JavaThread "Handler for socket connection from /127.0.0.1:54358 to /127.0.0.1:54359" [_thread_in_native, id=19428, stack(0x000000c1ed300000,0x000000c1ed400000)]
  0x000001fe674c9000 JavaThread "Cancel handler" [_thread_blocked, id=16200, stack(0x000000c1ed400000,0x000000c1ed500000)]
  0x000001fe66d1f000 JavaThread "Daemon worker" [_thread_in_vm, id=3300, stack(0x000000c1ed500000,0x000000c1ed600000)]
  0x000001fe65257800 JavaThread "Asynchronous log dispatcher for DefaultDaemonConnection: socket connection from /127.0.0.1:54358 to /127.0.0.1:54359" [_thread_blocked, id=21508, stack(0x000000c1ed600000,0x000000c1ed700000)]
  0x000001fe664e2000 JavaThread "Stdin handler" [_thread_blocked, id=13828, stack(0x000000c1ed700000,0x000000c1ed800000)]
  0x000001fe66454000 JavaThread "Daemon client event forwarder" [_thread_blocked, id=18660, stack(0x000000c1ed800000,0x000000c1ed900000)]
  0x000001fe66458000 JavaThread "Cache worker for journal cache (C:\Users\Harsh Jethva\.gradle\caches\journal-1)" [_thread_blocked, id=19624, stack(0x000000c1ee200000,0x000000c1ee300000)]
  0x000001fe66452800 JavaThread "File lock request listener" [_thread_in_native, id=11600, stack(0x000000c1ee300000,0x000000c1ee400000)]
  0x000001fe66453800 JavaThread "Cache worker for file hash cache (C:\Users\Harsh Jethva\.gradle\caches\7.5\fileHashes)" [_thread_blocked, id=21048, stack(0x000000c1ee400000,0x000000c1ee500000)]
  0x000001fe658cb000 JavaThread "C2 CompilerThread1" daemon [_thread_in_native, id=18788, stack(0x000000c1ee700000,0x000000c1ee800000)]
  0x000001fe66455000 JavaThread "File watcher server" daemon [_thread_in_native, id=22404, stack(0x000000c1ee800000,0x000000c1ee900000)]
  0x000001fe66459000 JavaThread "File watcher consumer" daemon [_thread_blocked, id=18312, stack(0x000000c1ee900000,0x000000c1eea00000)]

Other Threads:
  0x000001fe63b04000 VMThread "VM Thread" [stack: 0x000000c1ec300000,0x000000c1ec400000] [id=20556]
  0x000001fe6456b000 WatcherThread [stack: 0x000000c1ecd00000,0x000000c1ece00000] [id=8696]
  0x000001fe4a52e800 GCTaskThread "GC Thread#0" [stack: 0x000000c1ebe00000,0x000000c1ebf00000] [id=10036]
  0x000001fe6519d800 GCTaskThread "GC Thread#1" [stack: 0x000000c1ed000000,0x000000c1ed100000] [id=1960]
  0x000001fe65d73800 GCTaskThread "GC Thread#2" [stack: 0x000000c1ed900000,0x000000c1eda00000] [id=15452]
  0x000001fe679fb800 GCTaskThread "GC Thread#3" [stack: 0x000000c1eda00000,0x000000c1edb00000] [id=20688]
  0x000001fe679fc000 GCTaskThread "GC Thread#4" [stack: 0x000000c1edb00000,0x000000c1edc00000] [id=20752]
  0x000001fe65838800 GCTaskThread "GC Thread#5" [stack: 0x000000c1edc00000,0x000000c1edd00000] [id=16800]
  0x000001fe65839800 GCTaskThread "GC Thread#6" [stack: 0x000000c1edd00000,0x000000c1ede00000] [id=20896]
  0x000001fe659ef000 GCTaskThread "GC Thread#7" [stack: 0x000000c1ede00000,0x000000c1edf00000] [id=17604]
  0x000001fe659ef800 GCTaskThread "GC Thread#8" [stack: 0x000000c1edf00000,0x000000c1ee000000] [id=18016]
  0x000001fe65b73800 GCTaskThread "GC Thread#9" [stack: 0x000000c1ee000000,0x000000c1ee100000] [id=21532]
  0x000001fe4a557000 ConcurrentGCThread "G1 Main Marker" [stack: 0x000000c1ebf00000,0x000000c1ec000000] [id=15472]
  0x000001fe4a559000 ConcurrentGCThread "G1 Conc#0" [stack: 0x000000c1ec000000,0x000000c1ec100000] [id=12960]
  0x000001fe6563d000 ConcurrentGCThread "G1 Conc#1" [stack: 0x000000c1ee500000,0x000000c1ee600000] [id=16004]
  0x000001fe6692d800 ConcurrentGCThread "G1 Conc#2" [stack: 0x000000c1ee600000,0x000000c1ee700000] [id=7260]
  0x000001fe4a5dd800 ConcurrentGCThread "G1 Refine#0" [stack: 0x000000c1ec100000,0x000000c1ec200000] [id=3884]
  0x000001fe665f0000 ConcurrentGCThread "G1 Refine#1" [stack: 0x000000c1ee100000,0x000000c1ee200000] [id=18888]
  0x000001fe4a5de800 ConcurrentGCThread "G1 Young RemSet Sampling" [stack: 0x000000c1ec200000,0x000000c1ec300000] [id=4064]

Threads with active compile tasks:
C2 CompilerThread0     2412 2280       4       java.net.URLClassLoader$1::run (5 bytes)
C2 CompilerThread1     2412 2281   !   4       java.net.URLClassLoader$1::run (81 bytes)

VM state:not at safepoint (normal execution)

VM Mutex/Monitor currently owned by a thread: None

Heap address: 0x00000000a0000000, size: 1536 MB, Compressed Oops mode: 32-bit
Narrow klass base: 0x0000000000000000, Narrow klass shift: 3
Compressed class space size: 1073741824 Address: 0x0000000100000000

Heap:
 garbage-first heap   total 120832K, used 24068K [0x00000000a0000000, 0x0000000100000000)
  region size 1024K, 9 young (9216K), 3 survivors (3072K)
 Metaspace       used 26290K, capacity 26931K, committed 27260K, reserved 1073152K
  class space    used 3396K, capacity 3654K, committed 3788K, reserved 1048576K
Heap Regions: E=young(eden), S=young(survivor), O=old, HS=humongous(starts), HC=humongous(continues), CS=collection set, F=free, A=archive, TAMS=top-at-mark-start (previous, next)
|   0|0x00000000a0000000, 0x00000000a0100000, 0x00000000a0100000|100%| O|  |TAMS 0x00000000a0100000, 0x00000000a0000000| Untracked 
|   1|0x00000000a0100000, 0x00000000a0200000, 0x00000000a0200000|100%| O|  |TAMS 0x00000000a0200000, 0x00000000a0100000| Untracked 
|   2|0x00000000a0200000, 0x00000000a0300000, 0x00000000a0300000|100%| O|  |TAMS 0x00000000a0300000, 0x00000000a0200000| Untracked 
|   3|0x00000000a0300000, 0x00000000a0400000, 0x00000000a0400000|100%|HS|  |TAMS 0x00000000a0400000, 0x00000000a0300000| Complete 
|   4|0x00000000a0400000, 0x00000000a0500000, 0x00000000a0500000|100%|HC|  |TAMS 0x00000000a0500000, 0x00000000a0400000| Complete 
|   5|0x00000000a0500000, 0x00000000a0600000, 0x00000000a0600000|100%|HC|  |TAMS 0x00000000a0600000, 0x00000000a0500000| Complete 
|   6|0x00000000a0600000, 0x00000000a0700000, 0x00000000a0700000|100%| O|  |TAMS 0x00000000a0700000, 0x00000000a0600000| Untracked 
|   7|0x00000000a0700000, 0x00000000a0800000, 0x00000000a0800000|100%| O|  |TAMS 0x00000000a0800000, 0x00000000a0700000| Untracked 
|   8|0x00000000a0800000, 0x00000000a0900000, 0x00000000a0900000|100%| O|  |TAMS 0x00000000a0900000, 0x00000000a0800000| Untracked 
|   9|0x00000000a0900000, 0x00000000a0a00000, 0x00000000a0a00000|100%| O|  |TAMS 0x00000000a0a00000, 0x00000000a0900000| Untracked 
|  10|0x00000000a0a00000, 0x00000000a0b00000, 0x00000000a0b00000|100%| O|  |TAMS 0x00000000a0b00000, 0x00000000a0a00000| Untracked 
|  11|0x00000000a0b00000, 0x00000000a0c00000, 0x00000000a0c00000|100%| O|  |TAMS 0x00000000a0c00000, 0x00000000a0b00000| Untracked 
|  12|0x00000000a0c00000, 0x00000000a0d00000, 0x00000000a0d00000|100%| O|  |TAMS 0x00000000a0d00000, 0x00000000a0c00000| Untracked 
|  13|0x00000000a0d00000, 0x00000000a0e00000, 0x00000000a0e00000|100%| O|  |TAMS 0x00000000a0e00000, 0x00000000a0d00000| Untracked 
|  14|0x00000000a0e00000, 0x00000000a0f00000, 0x00000000a0f00000|100%| O|  |TAMS 0x00000000a0f00000, 0x00000000a0e00000| Untracked 
|  15|0x00000000a0f00000, 0x00000000a0f97e00, 0x00000000a1000000| 59%| O|  |TAMS 0x00000000a0f97e00, 0x00000000a0f00000| Untracked 
|  16|0x00000000a1000000, 0x00000000a1000000, 0x00000000a1100000|  0%| F|  |TAMS 0x00000000a1000000, 0x00000000a1000000| Untracked 
|  17|0x00000000a1100000, 0x00000000a1100000, 0x00000000a1200000|  0%| F|  |TAMS 0x00000000a1100000, 0x00000000a1100000| Untracked 
|  18|0x00000000a1200000, 0x00000000a1200000, 0x00000000a1300000|  0%| F|  |TAMS 0x00000000a1200000, 0x00000000a1200000| Untracked 
|  19|0x00000000a1300000, 0x00000000a1300000, 0x00000000a1400000|  0%| F|  |TAMS 0x00000000a1300000, 0x00000000a1300000| Untracked 
|  20|0x00000000a1400000, 0x00000000a1400000, 0x00000000a1500000|  0%| F|  |TAMS 0x00000000a1400000, 0x00000000a1400000| Untracked 
|  21|0x00000000a1500000, 0x00000000a1500000, 0x00000000a1600000|  0%| F|  |TAMS 0x00000000a1500000, 0x00000000a1500000| Untracked 
|  22|0x00000000a1600000, 0x00000000a1600000, 0x00000000a1700000|  0%| F|  |TAMS 0x00000000a1600000, 0x00000000a1600000| Untracked 
|  23|0x00000000a1700000, 0x00000000a1700000, 0x00000000a1800000|  0%| F|  |TAMS 0x00000000a1700000, 0x00000000a1700000| Untracked 
|  24|0x00000000a1800000, 0x00000000a1800000, 0x00000000a1900000|  0%| F|  |TAMS 0x00000000a1800000, 0x00000000a1800000| Untracked 
|  25|0x00000000a1900000, 0x00000000a1900000, 0x00000000a1a00000|  0%| F|  |TAMS 0x00000000a1900000, 0x00000000a1900000| Untracked 
|  26|0x00000000a1a00000, 0x00000000a1a00000, 0x00000000a1b00000|  0%| F|  |TAMS 0x00000000a1a00000, 0x00000000a1a00000| Untracked 
|  27|0x00000000a1b00000, 0x00000000a1b00000, 0x00000000a1c00000|  0%| F|  |TAMS 0x00000000a1b00000, 0x00000000a1b00000| Untracked 
|  28|0x00000000a1c00000, 0x00000000a1c00000, 0x00000000a1d00000|  0%| F|  |TAMS 0x00000000a1c00000, 0x00000000a1c00000| Untracked 
|  29|0x00000000a1d00000, 0x00000000a1d00000, 0x00000000a1e00000|  0%| F|  |TAMS 0x00000000a1d00000, 0x00000000a1d00000| Untracked 
|  30|0x00000000a1e00000, 0x00000000a1e00000, 0x00000000a1f00000|  0%| F|  |TAMS 0x00000000a1e00000, 0x00000000a1e00000| Untracked 
|  31|0x00000000a1f00000, 0x00000000a1f00000, 0x00000000a2000000|  0%| F|  |TAMS 0x00000000a1f00000, 0x00000000a1f00000| Untracked 
|  32|0x00000000a2000000, 0x00000000a2000000, 0x00000000a2100000|  0%| F|  |TAMS 0x00000000a2000000, 0x00000000a2000000| Untracked 
|  33|0x00000000a2100000, 0x00000000a2100000, 0x00000000a2200000|  0%| F|  |TAMS 0x00000000a2100000, 0x00000000a2100000| Untracked 
|  34|0x00000000a2200000, 0x00000000a2200000, 0x00000000a2300000|  0%| F|  |TAMS 0x00000000a2200000, 0x00000000a2200000| Untracked 
|  35|0x00000000a2300000, 0x00000000a2300000, 0x00000000a2400000|  0%| F|  |TAMS 0x00000000a2300000, 0x00000000a2300000| Untracked 
|  36|0x00000000a2400000, 0x00000000a2400000, 0x00000000a2500000|  0%| F|  |TAMS 0x00000000a2400000, 0x00000000a2400000| Untracked 
|  37|0x00000000a2500000, 0x00000000a2500000, 0x00000000a2600000|  0%| F|  |TAMS 0x00000000a2500000, 0x00000000a2500000| Untracked 
|  38|0x00000000a2600000, 0x00000000a2600000, 0x00000000a2700000|  0%| F|  |TAMS 0x00000000a2600000, 0x00000000a2600000| Untracked 
|  39|0x00000000a2700000, 0x00000000a2700000, 0x00000000a2800000|  0%| F|  |TAMS 0x00000000a2700000, 0x00000000a2700000| Untracked 
|  40|0x00000000a2800000, 0x00000000a2800000, 0x00000000a2900000|  0%| F|  |TAMS 0x00000000a2800000, 0x00000000a2800000| Untracked 
|  41|0x00000000a2900000, 0x00000000a2900000, 0x00000000a2a00000|  0%| F|  |TAMS 0x00000000a2900000, 0x00000000a2900000| Untracked 
|  42|0x00000000a2a00000, 0x00000000a2a00000, 0x00000000a2b00000|  0%| F|  |TAMS 0x00000000a2a00000, 0x00000000a2a00000| Untracked 
|  43|0x00000000a2b00000, 0x00000000a2b00000, 0x00000000a2c00000|  0%| F|  |TAMS 0x00000000a2b00000, 0x00000000a2b00000| Untracked 
|  44|0x00000000a2c00000, 0x00000000a2c00000, 0x00000000a2d00000|  0%| F|  |TAMS 0x00000000a2c00000, 0x00000000a2c00000| Untracked 
|  45|0x00000000a2d00000, 0x00000000a2d00000, 0x00000000a2e00000|  0%| F|  |TAMS 0x00000000a2d00000, 0x00000000a2d00000| Untracked 
|  46|0x00000000a2e00000, 0x00000000a2e00000, 0x00000000a2f00000|  0%| F|  |TAMS 0x00000000a2e00000, 0x00000000a2e00000| Untracked 
|  47|0x00000000a2f00000, 0x00000000a2f00000, 0x00000000a3000000|  0%| F|  |TAMS 0x00000000a2f00000, 0x00000000a2f00000| Untracked 
|  48|0x00000000a3000000, 0x00000000a3000000, 0x00000000a3100000|  0%| F|  |TAMS 0x00000000a3000000, 0x00000000a3000000| Untracked 
|  49|0x00000000a3100000, 0x00000000a3100000, 0x00000000a3200000|  0%| F|  |TAMS 0x00000000a3100000, 0x00000000a3100000| Untracked 
|  50|0x00000000a3200000, 0x00000000a3200000, 0x00000000a3300000|  0%| F|  |TAMS 0x00000000a3200000, 0x00000000a3200000| Untracked 
|  51|0x00000000a3300000, 0x00000000a3300000, 0x00000000a3400000|  0%| F|  |TAMS 0x00000000a3300000, 0x00000000a3300000| Untracked 
|  52|0x00000000a3400000, 0x00000000a3400000, 0x00000000a3500000|  0%| F|  |TAMS 0x00000000a3400000, 0x00000000a3400000| Untracked 
|  53|0x00000000a3500000, 0x00000000a3500000, 0x00000000a3600000|  0%| F|  |TAMS 0x00000000a3500000, 0x00000000a3500000| Untracked 
|  54|0x00000000a3600000, 0x00000000a3600000, 0x00000000a3700000|  0%| F|  |TAMS 0x00000000a3600000, 0x00000000a3600000| Untracked 
|  55|0x00000000a3700000, 0x00000000a3700000, 0x00000000a3800000|  0%| F|  |TAMS 0x00000000a3700000, 0x00000000a3700000| Untracked 
|  56|0x00000000a3800000, 0x00000000a3800000, 0x00000000a3900000|  0%| F|  |TAMS 0x00000000a3800000, 0x00000000a3800000| Untracked 
|  57|0x00000000a3900000, 0x00000000a3900000, 0x00000000a3a00000|  0%| F|  |TAMS 0x00000000a3900000, 0x00000000a3900000| Untracked 
|  58|0x00000000a3a00000, 0x00000000a3a00000, 0x00000000a3b00000|  0%| F|  |TAMS 0x00000000a3a00000, 0x00000000a3a00000| Untracked 
|  59|0x00000000a3b00000, 0x00000000a3b00000, 0x00000000a3c00000|  0%| F|  |TAMS 0x00000000a3b00000, 0x00000000a3b00000| Untracked 
|  60|0x00000000a3c00000, 0x00000000a3c00000, 0x00000000a3d00000|  0%| F|  |TAMS 0x00000000a3c00000, 0x00000000a3c00000| Untracked 
|  61|0x00000000a3d00000, 0x00000000a3d00000, 0x00000000a3e00000|  0%| F|  |TAMS 0x00000000a3d00000, 0x00000000a3d00000| Untracked 
|  62|0x00000000a3e00000, 0x00000000a3e00000, 0x00000000a3f00000|  0%| F|  |TAMS 0x00000000a3e00000, 0x00000000a3e00000| Untracked 
|  63|0x00000000a3f00000, 0x00000000a3f00000, 0x00000000a4000000|  0%| F|  |TAMS 0x00000000a3f00000, 0x00000000a3f00000| Untracked 
|  64|0x00000000a4000000, 0x00000000a4000000, 0x00000000a4100000|  0%| F|  |TAMS 0x00000000a4000000, 0x00000000a4000000| Untracked 
|  65|0x00000000a4100000, 0x00000000a4100000, 0x00000000a4200000|  0%| F|  |TAMS 0x00000000a4100000, 0x00000000a4100000| Untracked 
|  66|0x00000000a4200000, 0x00000000a4200000, 0x00000000a4300000|  0%| F|  |TAMS 0x00000000a4200000, 0x00000000a4200000| Untracked 
|  67|0x00000000a4300000, 0x00000000a43e9580, 0x00000000a4400000| 91%| S|CS|TAMS 0x00000000a4300000, 0x00000000a4300000| Complete 
|  68|0x00000000a4400000, 0x00000000a4500000, 0x00000000a4500000|100%| S|CS|TAMS 0x00000000a4400000, 0x00000000a4400000| Complete 
|  69|0x00000000a4500000, 0x00000000a4600000, 0x00000000a4600000|100%| S|CS|TAMS 0x00000000a4500000, 0x00000000a4500000| Complete 
|  70|0x00000000a4600000, 0x00000000a4600000, 0x00000000a4700000|  0%| F|  |TAMS 0x00000000a4600000, 0x00000000a4600000| Untracked 
|  71|0x00000000a4700000, 0x00000000a4700000, 0x00000000a4800000|  0%| F|  |TAMS 0x00000000a4700000, 0x00000000a4700000| Untracked 
|  72|0x00000000a4800000, 0x00000000a4800000, 0x00000000a4900000|  0%| F|  |TAMS 0x00000000a4800000, 0x00000000a4800000| Untracked 
|  73|0x00000000a4900000, 0x00000000a4900000, 0x00000000a4a00000|  0%| F|  |TAMS 0x00000000a4900000, 0x00000000a4900000| Untracked 
|  74|0x00000000a4a00000, 0x00000000a4a00000, 0x00000000a4b00000|  0%| F|  |TAMS 0x00000000a4a00000, 0x00000000a4a00000| Untracked 
|  75|0x00000000a4b00000, 0x00000000a4b00000, 0x00000000a4c00000|  0%| F|  |TAMS 0x00000000a4b00000, 0x00000000a4b00000| Untracked 
|  76|0x00000000a4c00000, 0x00000000a4c00000, 0x00000000a4d00000|  0%| F|  |TAMS 0x00000000a4c00000, 0x00000000a4c00000| Untracked 
|  77|0x00000000a4d00000, 0x00000000a4d00000, 0x00000000a4e00000|  0%| F|  |TAMS 0x00000000a4d00000, 0x00000000a4d00000| Untracked 
|  78|0x00000000a4e00000, 0x00000000a4e00000, 0x00000000a4f00000|  0%| F|  |TAMS 0x00000000a4e00000, 0x00000000a4e00000| Untracked 
|  79|0x00000000a4f00000, 0x00000000a4f00000, 0x00000000a5000000|  0%| F|  |TAMS 0x00000000a4f00000, 0x00000000a4f00000| Untracked 
|  80|0x00000000a5000000, 0x00000000a5000000, 0x00000000a5100000|  0%| F|  |TAMS 0x00000000a5000000, 0x00000000a5000000| Untracked 
|  81|0x00000000a5100000, 0x00000000a5100000, 0x00000000a5200000|  0%| F|  |TAMS 0x00000000a5100000, 0x00000000a5100000| Untracked 
|  82|0x00000000a5200000, 0x00000000a5200000, 0x00000000a5300000|  0%| F|  |TAMS 0x00000000a5200000, 0x00000000a5200000| Untracked 
|  83|0x00000000a5300000, 0x00000000a5300000, 0x00000000a5400000|  0%| F|  |TAMS 0x00000000a5300000, 0x00000000a5300000| Untracked 
|  84|0x00000000a5400000, 0x00000000a5400000, 0x00000000a5500000|  0%| F|  |TAMS 0x00000000a5400000, 0x00000000a5400000| Untracked 
|  85|0x00000000a5500000, 0x00000000a5500000, 0x00000000a5600000|  0%| F|  |TAMS 0x00000000a5500000, 0x00000000a5500000| Untracked 
|  86|0x00000000a5600000, 0x00000000a5600000, 0x00000000a5700000|  0%| F|  |TAMS 0x00000000a5600000, 0x00000000a5600000| Untracked 
|  87|0x00000000a5700000, 0x00000000a5700000, 0x00000000a5800000|  0%| F|  |TAMS 0x00000000a5700000, 0x00000000a5700000| Untracked 
|  88|0x00000000a5800000, 0x00000000a5800000, 0x00000000a5900000|  0%| F|  |TAMS 0x00000000a5800000, 0x00000000a5800000| Untracked 
|  89|0x00000000a5900000, 0x00000000a5900000, 0x00000000a5a00000|  0%| F|  |TAMS 0x00000000a5900000, 0x00000000a5900000| Untracked 
|  90|0x00000000a5a00000, 0x00000000a5a00000, 0x00000000a5b00000|  0%| F|  |TAMS 0x00000000a5a00000, 0x00000000a5a00000| Untracked 
|  91|0x00000000a5b00000, 0x00000000a5b00000, 0x00000000a5c00000|  0%| F|  |TAMS 0x00000000a5b00000, 0x00000000a5b00000| Untracked 
|  92|0x00000000a5c00000, 0x00000000a5c00000, 0x00000000a5d00000|  0%| F|  |TAMS 0x00000000a5c00000, 0x00000000a5c00000| Untracked 
|  93|0x00000000a5d00000, 0x00000000a5d00000, 0x00000000a5e00000|  0%| F|  |TAMS 0x00000000a5d00000, 0x00000000a5d00000| Untracked 
|  94|0x00000000a5e00000, 0x00000000a5e00000, 0x00000000a5f00000|  0%| F|  |TAMS 0x00000000a5e00000, 0x00000000a5e00000| Untracked 
|  95|0x00000000a5f00000, 0x00000000a5f00000, 0x00000000a6000000|  0%| F|  |TAMS 0x00000000a5f00000, 0x00000000a5f00000| Untracked 
|  96|0x00000000a6000000, 0x00000000a6000000, 0x00000000a6100000|  0%| F|  |TAMS 0x00000000a6000000, 0x00000000a6000000| Untracked 
|  97|0x00000000a6100000, 0x00000000a6100000, 0x00000000a6200000|  0%| F|  |TAMS 0x00000000a6100000, 0x00000000a6100000| Untracked 
|  98|0x00000000a6200000, 0x00000000a6200000, 0x00000000a6300000|  0%| F|  |TAMS 0x00000000a6200000, 0x00000000a6200000| Untracked 
|  99|0x00000000a6300000, 0x00000000a6300000, 0x00000000a6400000|  0%| F|  |TAMS 0x00000000a6300000, 0x00000000a6300000| Untracked 
| 100|0x00000000a6400000, 0x00000000a6400000, 0x00000000a6500000|  0%| F|  |TAMS 0x00000000a6400000, 0x00000000a6400000| Untracked 
| 101|0x00000000a6500000, 0x00000000a6500000, 0x00000000a6600000|  0%| F|  |TAMS 0x00000000a6500000, 0x00000000a6500000| Untracked 
| 102|0x00000000a6600000, 0x00000000a6600000, 0x00000000a6700000|  0%| F|  |TAMS 0x00000000a6600000, 0x00000000a6600000| Untracked 
| 103|0x00000000a6700000, 0x00000000a6700000, 0x00000000a6800000|  0%| F|  |TAMS 0x00000000a6700000, 0x00000000a6700000| Untracked 
| 104|0x00000000a6800000, 0x00000000a6800000, 0x00000000a6900000|  0%| F|  |TAMS 0x00000000a6800000, 0x00000000a6800000| Untracked 
| 105|0x00000000a6900000, 0x00000000a6900000, 0x00000000a6a00000|  0%| F|  |TAMS 0x00000000a6900000, 0x00000000a6900000| Untracked 
| 106|0x00000000a6a00000, 0x00000000a6a00000, 0x00000000a6b00000|  0%| F|  |TAMS 0x00000000a6a00000, 0x00000000a6a00000| Untracked 
| 107|0x00000000a6b00000, 0x00000000a6b00000, 0x00000000a6c00000|  0%| F|  |TAMS 0x00000000a6b00000, 0x00000000a6b00000| Untracked 
| 108|0x00000000a6c00000, 0x00000000a6c00000, 0x00000000a6d00000|  0%| F|  |TAMS 0x00000000a6c00000, 0x00000000a6c00000| Untracked 
| 109|0x00000000a6d00000, 0x00000000a6d00000, 0x00000000a6e00000|  0%| F|  |TAMS 0x00000000a6d00000, 0x00000000a6d00000| Untracked 
| 110|0x00000000a6e00000, 0x00000000a6e00000, 0x00000000a6f00000|  0%| F|  |TAMS 0x00000000a6e00000, 0x00000000a6e00000| Untracked 
| 111|0x00000000a6f00000, 0x00000000a6f00000, 0x00000000a7000000|  0%| F|  |TAMS 0x00000000a6f00000, 0x00000000a6f00000| Untracked 
| 112|0x00000000a7000000, 0x00000000a70fca60, 0x00000000a7100000| 98%| E|  |TAMS 0x00000000a7000000, 0x00000000a7000000| Complete 
| 113|0x00000000a7100000, 0x00000000a7200000, 0x00000000a7200000|100%| E|CS|TAMS 0x00000000a7100000, 0x00000000a7100000| Complete 
| 114|0x00000000a7200000, 0x00000000a7300000, 0x00000000a7300000|100%| E|CS|TAMS 0x00000000a7200000, 0x00000000a7200000| Complete 
| 115|0x00000000a7300000, 0x00000000a7400000, 0x00000000a7400000|100%| E|CS|TAMS 0x00000000a7300000, 0x00000000a7300000| Complete 
| 116|0x00000000a7400000, 0x00000000a7500000, 0x00000000a7500000|100%| E|CS|TAMS 0x00000000a7400000, 0x00000000a7400000| Complete 
| 117|0x00000000a7500000, 0x00000000a7600000, 0x00000000a7600000|100%| E|CS|TAMS 0x00000000a7500000, 0x00000000a7500000| Complete 

Card table byte_map: [0x000001fe5d880000,0x000001fe5db80000] _byte_map_base: 0x000001fe5d380000

Marking Bits (Prev, Next): (CMBitMap*) 0x000001fe4a54f3c0, (CMBitMap*) 0x000001fe4a54f388
 Prev Bits: [0x000001fe5f680000, 0x000001fe60e80000)
 Next Bits: [0x000001fe5de80000, 0x000001fe5f680000)

Polling page: 0x000001fe484a0000

Metaspace:

Usage:
  Non-class:     22.73 MB capacity,    22.38 MB ( 98%) used,   306.26 KB (  1%) free+waste,    52.31 KB ( <1%) overhead. 
      Class:      3.57 MB capacity,     3.32 MB ( 93%) used,   226.10 KB (  6%) free+waste,    26.75 KB ( <1%) overhead. 
       Both:     26.30 MB capacity,    25.70 MB ( 98%) used,   532.36 KB (  2%) free+waste,    79.06 KB ( <1%) overhead. 

Virtual space:
  Non-class space:       24.00 MB reserved,      22.92 MB ( 96%) committed 
      Class space:        1.00 GB reserved,       3.70 MB ( <1%) committed 
             Both:        1.02 GB reserved,      26.62 MB (  3%) committed 

Chunk freelists:
   Non-Class:  3.00 KB
       Class:  26.00 KB
        Both:  29.00 KB

MaxMetaspaceSize: 17179869184.00 GB
CompressedClassSpaceSize: 1.00 GB
Initial GC threshold: 20.80 MB
Current GC threshold: 35.20 MB
CDS: off

CodeHeap 'non-profiled nmethods': size=120000Kb used=1214Kb max_used=1214Kb free=118786Kb
 bounds [0x000001fe55b00000, 0x000001fe55d70000, 0x000001fe5d030000]
CodeHeap 'profiled nmethods': size=120000Kb used=4912Kb max_used=4912Kb free=115087Kb
 bounds [0x000001fe4e5d0000, 0x000001fe4eaa0000, 0x000001fe55b00000]
CodeHeap 'non-nmethods': size=5760Kb used=1229Kb max_used=1257Kb free=4531Kb
 bounds [0x000001fe4e030000, 0x000001fe4e2a0000, 0x000001fe4e5d0000]
 total_blobs=2828 nmethods=2322 adapters=418
 compilation: enabled
              stopped_count=0, restarted_count=0
 full_count=0

Compilation events (20 events):
Event: 2.364 Thread 0x000001fe64398000 2305       3       java.lang.invoke.DirectMethodHandle$Holder::invokeStatic (15 bytes)
Event: 2.364 Thread 0x000001fe64398000 nmethod 2305 0x000001fe4ea92e10 code [0x000001fe4ea92fe0, 0x000001fe4ea93478]
Event: 2.368 Thread 0x000001fe64398000 2306       3       com.google.common.base.CharMatcher$IsEither::matches (22 bytes)
Event: 2.369 Thread 0x000001fe64398000 nmethod 2306 0x000001fe4ea93590 code [0x000001fe4ea93740, 0x000001fe4ea938d8]
Event: 2.370 Thread 0x000001fe64398000 2307       3       java.util.Collections$UnmodifiableCollection::size (10 bytes)
Event: 2.371 Thread 0x000001fe64398000 nmethod 2307 0x000001fe4ea93990 code [0x000001fe4ea93b40, 0x000001fe4ea93d08]
Event: 2.371 Thread 0x000001fe64398000 2309       3       java.util.Collections$UnmodifiableList::get (11 bytes)
Event: 2.371 Thread 0x000001fe64398000 nmethod 2309 0x000001fe4ea93e10 code [0x000001fe4ea93fc0, 0x000001fe4ea94188]
Event: 2.371 Thread 0x000001fe64398000 2310       1       org.gradle.api.internal.file.pattern.EndOfPathMatcher::getMaxSegments (2 bytes)
Event: 2.371 Thread 0x000001fe64398000 nmethod 2310 0x000001fe55c2db90 code [0x000001fe55c2dd40, 0x000001fe55c2ddf8]
Event: 2.371 Thread 0x000001fe64398000 2311       3       org.gradle.api.internal.file.pattern.PatternMatcherFactory::compile (117 bytes)
Event: 2.371 Thread 0x000001fe64398000 nmethod 2311 0x000001fe4ea94290 code [0x000001fe4ea94540, 0x000001fe4ea951d8]
Event: 2.373 Thread 0x000001fe64398000 2312       3       jdk.internal.reflect.NativeMethodAccessorImpl::invoke (104 bytes)
Event: 2.375 Thread 0x000001fe64398000 nmethod 2312 0x000001fe4ea95590 code [0x000001fe4ea95840, 0x000001fe4ea96718]
Event: 2.376 Thread 0x000001fe64398000 2314       3       java.util.concurrent.locks.ReentrantLock$NonfairSync::tryAcquire (6 bytes)
Event: 2.376 Thread 0x000001fe64398000 nmethod 2314 0x000001fe4ea96c10 code [0x000001fe4ea96dc0, 0x000001fe4ea96ee8]
Event: 2.381 Thread 0x000001fe64398000 2315   !   3       java.lang.invoke.MethodHandleNatives::linkMethodHandleConstant (50 bytes)
Event: 2.381 Thread 0x000001fe64398000 nmethod 2315 0x000001fe4ea96f90 code [0x000001fe4ea97160, 0x000001fe4ea97348]
Event: 2.381 Thread 0x000001fe64398000 2316       3       java.lang.invoke.MethodHandles$Lookup::linkMethodHandleConstant (220 bytes)
Event: 2.383 Thread 0x000001fe64398000 nmethod 2316 0x000001fe4ea97510 code [0x000001fe4ea97900, 0x000001fe4ea99498]

GC Heap History (8 events):
Event: 0.525 GC heap before
{Heap before GC invocations=0 (full 0):
 garbage-first heap   total 120832K, used 29696K [0x00000000a0000000, 0x0000000100000000)
  region size 1024K, 24 young (24576K), 0 survivors (0K)
 Metaspace       used 10095K, capacity 10341K, committed 10624K, reserved 1058816K
  class space    used 1028K, capacity 1108K, committed 1152K, reserved 1048576K
}
Event: 0.532 GC heap after
{Heap after GC invocations=1 (full 0):
 garbage-first heap   total 120832K, used 9672K [0x00000000a0000000, 0x0000000100000000)
  region size 1024K, 3 young (3072K), 3 survivors (3072K)
 Metaspace       used 10095K, capacity 10341K, committed 10624K, reserved 1058816K
  class space    used 1028K, capacity 1108K, committed 1152K, reserved 1048576K
}
Event: 1.620 GC heap before
{Heap before GC invocations=1 (full 0):
 garbage-first heap   total 120832K, used 79304K [0x00000000a0000000, 0x0000000100000000)
  region size 1024K, 70 young (71680K), 3 survivors (3072K)
 Metaspace       used 17463K, capacity 17793K, committed 18048K, reserved 1064960K
  class space    used 2014K, capacity 2147K, committed 2176K, reserved 1048576K
}
Event: 1.626 GC heap after
{Heap after GC invocations=2 (full 0):
 garbage-first heap   total 120832K, used 16116K [0x00000000a0000000, 0x0000000100000000)
  region size 1024K, 9 young (9216K), 9 survivors (9216K)
 Metaspace       used 17463K, capacity 17793K, committed 18048K, reserved 1064960K
  class space    used 2014K, capacity 2147K, committed 2176K, reserved 1048576K
}
Event: 1.900 GC heap before
{Heap before GC invocations=2 (full 0):
 garbage-first heap   total 120832K, used 43764K [0x00000000a0000000, 0x0000000100000000)
  region size 1024K, 37 young (37888K), 9 survivors (9216K)
 Metaspace       used 20725K, capacity 21174K, committed 21296K, reserved 1069056K
  class space    used 2488K, capacity 2661K, committed 2688K, reserved 1048576K
}
Event: 1.907 GC heap after
{Heap after GC invocations=3 (full 0):
 garbage-first heap   total 120832K, used 17258K [0x00000000a0000000, 0x0000000100000000)
  region size 1024K, 2 young (2048K), 2 survivors (2048K)
 Metaspace       used 20725K, capacity 21174K, committed 21296K, reserved 1069056K
  class space    used 2488K, capacity 2661K, committed 2688K, reserved 1048576K
}
Event: 2.336 GC heap before
{Heap before GC invocations=4 (full 0):
 garbage-first heap   total 120832K, used 63338K [0x00000000a0000000, 0x0000000100000000)
  region size 1024K, 48 young (49152K), 2 survivors (2048K)
 Metaspace       used 25526K, capacity 26056K, committed 26236K, reserved 1073152K
  class space    used 3267K, capacity 3485K, committed 3532K, reserved 1048576K
}
Event: 2.339 GC heap after
{Heap after GC invocations=5 (full 0):
 garbage-first heap   total 120832K, used 18948K [0x00000000a0000000, 0x0000000100000000)
  region size 1024K, 3 young (3072K), 3 survivors (3072K)
 Metaspace       used 25526K, capacity 26056K, committed 26236K, reserved 1073152K
  class space    used 3267K, capacity 3485K, committed 3532K, reserved 1048576K
}

Deoptimization events (20 events):
Event: 2.117 Thread 0x000001fe66d1f000 DEOPT PACKING pc=0x000001fe55b5d07c sp=0x000000c1ed5f8950
Event: 2.117 Thread 0x000001fe66d1f000 DEOPT UNPACKING pc=0x000001fe4e07a1af sp=0x000000c1ed5f88b8 mode 2
Event: 2.193 Thread 0x000001fe66d1f000 DEOPT PACKING pc=0x000001fe4e9d1ef6 sp=0x000000c1ed5f7940
Event: 2.193 Thread 0x000001fe66d1f000 DEOPT UNPACKING pc=0x000001fe4e07a95e sp=0x000000c1ed5f6e60 mode 0
Event: 2.199 Thread 0x000001fe66d1f000 DEOPT PACKING pc=0x000001fe4e9d1ef6 sp=0x000000c1ed5f9690
Event: 2.199 Thread 0x000001fe66d1f000 DEOPT UNPACKING pc=0x000001fe4e07a95e sp=0x000000c1ed5f8bb0 mode 0
Event: 2.206 Thread 0x000001fe66d1f000 DEOPT PACKING pc=0x000001fe4e9d1ef6 sp=0x000000c1ed5f97a0
Event: 2.206 Thread 0x000001fe66d1f000 DEOPT UNPACKING pc=0x000001fe4e07a95e sp=0x000000c1ed5f8cc0 mode 0
Event: 2.249 Thread 0x000001fe66d1f000 Uncommon trap: trap_request=0xffffffcc fr.pc=0x000001fe55c1b968 relative=0x00000000000002a8
Event: 2.249 Thread 0x000001fe66d1f000 Uncommon trap: reason=intrinsic_or_type_checked_inlining action=make_not_entrant pc=0x000001fe55c1b968 method=java.util.Arrays.copyOf([Ljava/lang/Object;ILjava/lang/Class;)[Ljava/lang/Object; @ 35 c2
Event: 2.249 Thread 0x000001fe66d1f000 DEOPT PACKING pc=0x000001fe55c1b968 sp=0x000000c1ed5fa260
Event: 2.249 Thread 0x000001fe66d1f000 DEOPT UNPACKING pc=0x000001fe4e07a1af sp=0x000000c1ed5fa1f0 mode 2
Event: 2.262 Thread 0x000001fe66d1f000 Uncommon trap: trap_request=0xffffff4d fr.pc=0x000001fe55c01e1c relative=0x00000000000003bc
Event: 2.262 Thread 0x000001fe66d1f000 Uncommon trap: reason=unstable_if action=reinterpret pc=0x000001fe55c01e1c method=sun.nio.cs.UTF_8$Decoder.decodeArrayLoop(Ljava/nio/ByteBuffer;Ljava/nio/CharBuffer;)Ljava/nio/charset/CoderResult; @ 110 c2
Event: 2.262 Thread 0x000001fe66d1f000 DEOPT PACKING pc=0x000001fe55c01e1c sp=0x000000c1ed5f87f0
Event: 2.262 Thread 0x000001fe66d1f000 DEOPT UNPACKING pc=0x000001fe4e07a1af sp=0x000000c1ed5f8728 mode 2
Event: 2.366 Thread 0x000001fe66d1f000 Uncommon trap: trap_request=0xffffff7e fr.pc=0x000001fe55c29890 relative=0x0000000000000150
Event: 2.366 Thread 0x000001fe66d1f000 Uncommon trap: reason=predicate action=maybe_recompile pc=0x000001fe55c29890 method=com.google.common.base.CharMatcher.indexIn(Ljava/lang/CharSequence;I)I @ 19 c2
Event: 2.366 Thread 0x000001fe66d1f000 DEOPT PACKING pc=0x000001fe55c29890 sp=0x000000c1ed5fb700
Event: 2.366 Thread 0x000001fe66d1f000 DEOPT UNPACKING pc=0x000001fe4e07a1af sp=0x000000c1ed5fb690 mode 2

Classes redefined (0 events):
No events

Internal exceptions (20 events):
Event: 1.688 Thread 0x000001fe66d1f000 Exception <a 'java/lang/NoSuchMethodError'{0x00000000a6d33b80}: 'java.lang.Object java.lang.invoke.Invokers$Holder.linkToTargetMethod(java.lang.Object, java.lang.Object, int, java.lang.Object)'> (0x00000000a6d33b80) thrown at [src/hotspot/share/interpreter/linkResolver.cpp, line 773]
Event: 1.810 Thread 0x000001fe66d1f000 Exception <a 'java/lang/NoSuchMethodError'{0x00000000a64b4df0}: 'java.lang.Object java.lang.invoke.Invokers$Holder.linkToTargetMethod(java.lang.Object, java.lang.Object, java.lang.Object, java.lang.Object, java.lang.Object, java.lang.Object)'> (0x00000000a64b4df0) thrown at [src/hotspot/share/interpreter/linkResolver.cpp, line 773]
Event: 1.914 Thread 0x000001fe66d1f000 Exception <a 'java/lang/NoSuchMethodError'{0x00000000a7585848}: 'int java.lang.invoke.DirectMethodHandle$Holder.invokeSpecialIFC(java.lang.Object, java.lang.Object, java.lang.Object, java.lang.Object)'> (0x00000000a7585848) thrown at [src/hotspot/share/interpreter/linkResolver.cpp, line 773]
Event: 1.918 Thread 0x000001fe66d1f000 Exception <a 'java/lang/NoSuchMethodError'{0x00000000a7593a40}: 'java.lang.Object java.lang.invoke.DirectMethodHandle$Holder.invokeInterface(java.lang.Object, java.lang.Object, java.lang.Object)'> (0x00000000a7593a40) thrown at [src/hotspot/share/interpreter/linkResolver.cpp, line 773]
Event: 1.918 Thread 0x000001fe66d1f000 Exception <a 'java/lang/IncompatibleClassChangeError'{0x00000000a7596f18}: Found class java.lang.Object, but interface was expected> (0x00000000a7596f18) thrown at [src/hotspot/share/interpreter/linkResolver.cpp, line 839]
Event: 2.009 Thread 0x000001fe66d1f000 Exception <a 'java/lang/NoSuchMethodError'{0x00000000a6efcea8}: 'void java.lang.invoke.DirectMethodHandle$Holder.invokeSpecial(java.lang.Object, java.lang.Object, java.lang.Object, java.lang.Object, java.lang.Object)'> (0x00000000a6efcea8) thrown at [src/hotspot/share/interpreter/linkResolver.cpp, line 773]
Event: 2.029 Thread 0x000001fe66d1f000 Exception <a 'java/lang/NoSuchMethodError'{0x00000000a6b863c8}: 'java.lang.Object java.lang.invoke.DirectMethodHandle$Holder.invokeSpecial(java.lang.Object, java.lang.Object, java.lang.Object, java.lang.Object, java.lang.Object, java.lang.Object, java.lang.Object, java.lang.Object, java.lang.Object)'> (0x00000000a6b863c8) thrown at [src/hotspot/share/interpreter/linkResolver.cpp, line 773]
Event: 2.080 Thread 0x000001fe66d1f000 Exception <a 'java/lang/NoSuchMethodError'{0x00000000a6184158}: 'java.lang.Object java.lang.invoke.DirectMethodHandle$Holder.invokeVirtual(java.lang.Object, java.lang.Object, java.lang.Object, java.lang.Object)'> (0x00000000a6184158) thrown at [src/hotspot/share/interpreter/linkResolver.cpp, line 773]
Event: 2.151 Thread 0x000001fe66d1f000 Exception <a 'java/lang/NoSuchMethodError'{0x00000000a5a0c470}: 'void java.lang.invoke.DirectMethodHandle$Holder.invokeSpecial(java.lang.Object, java.lang.Object, java.lang.Object, java.lang.Object, java.lang.Object, java.lang.Object)'> (0x00000000a5a0c470) thrown at [src/hotspot/share/interpreter/linkResolver.cpp, line 773]
Event: 2.155 Thread 0x000001fe66d1f000 Exception <a 'java/lang/NoSuchMethodError'{0x00000000a5a3ab18}: 'java.lang.Object java.lang.invoke.DirectMethodHandle$Holder.invokeSpecial(java.lang.Object, java.lang.Object, java.lang.Object, java.lang.Object, java.lang.Object, java.lang.Object, java.lang.Object, java.lang.Object, int, int)'> (0x00000000a5a3ab18) thrown at [src/hotspot/share/interpreter/linkResolver.cpp, line 773]
Event: 2.156 Thread 0x000001fe66d1f000 Exception <a 'java/lang/NoSuchMethodError'{0x00000000a5a57490}: 'java.lang.Object java.lang.invoke.Invokers$Holder.linkToTargetMethod(java.lang.Object, java.lang.Object, java.lang.Object, java.lang.Object, java.lang.Object, java.lang.Object, java.lang.Object)'> (0x00000000a5a57490) thrown at [src/hotspot/share/interpreter/linkResolver.cpp, line 773]
Event: 2.171 Thread 0x000001fe66d1f000 Exception <a 'java/lang/NoSuchMethodError'{0x00000000a575ea60}: 'void java.lang.invoke.DirectMethodHandle$Holder.invokeSpecial(java.lang.Object, java.lang.Object, java.lang.Object, java.lang.Object, java.lang.Object, java.lang.Object, java.lang.Object)'> (0x00000000a575ea60) thrown at [src/hotspot/share/interpreter/linkResolver.cpp, line 773]
Event: 2.174 Thread 0x000001fe66d1f000 Exception <a 'java/lang/NoSuchMethodError'{0x00000000a57a20a0}: 'java.lang.Object java.lang.invoke.DirectMethodHandle$Holder.invokeStatic(java.lang.Object, java.lang.Object, java.lang.Object, int, java.lang.Object, java.lang.Object)'> (0x00000000a57a20a0) thrown at [src/hotspot/share/interpreter/linkResolver.cpp, line 773]
Event: 2.174 Thread 0x000001fe66d1f000 Exception <a 'java/lang/NoSuchMethodError'{0x00000000a57a97b0}: 'java.lang.Object java.lang.invoke.Invokers$Holder.linkToTargetMethod(java.lang.Object, java.lang.Object, int, java.lang.Object, java.lang.Object, java.lang.Object)'> (0x00000000a57a97b0) thrown at [src/hotspot/share/interpreter/linkResolver.cpp, line 773]
Event: 2.196 Thread 0x000001fe66d1f000 Exception <a 'java/lang/NoSuchMethodError'{0x00000000a556ab28}: 'java.lang.Object java.lang.invoke.DirectMethodHandle$Holder.invokeVirtual(java.lang.Object, java.lang.Object, java.lang.Object, java.lang.Object, java.lang.Object, java.lang.Object, java.lang.Object, java.lang.Object, java.lang.Object, java.lang.Object, java.lang.Object, java.lang.Object, java.lang.Object, java.lang.Object, java.lang.Object, java.lang.Object, java.lang.Object, java.lang.Object, java.lang.Object, java.lang.Object, java.lang.Ob
Event: 2.247 Thread 0x000001fe66d1f000 Exception <a 'java/lang/NoSuchMethodError'{0x00000000a4dce198}: 'int java.lang.invoke.DirectMethodHandle$Holder.invokeStaticInit(java.lang.Object, java.lang.Object, java.lang.Object)'> (0x00000000a4dce198) thrown at [src/hotspot/share/interpreter/linkResolver.cpp, line 773]
Event: 2.301 Thread 0x000001fe66d1f000 Exception <a 'java/lang/NoSuchMethodError'{0x00000000a488ca10}: 'void java.lang.invoke.DirectMethodHandle$Holder.invokeStaticInit(java.lang.Object, java.lang.Object)'> (0x00000000a488ca10) thrown at [src/hotspot/share/interpreter/linkResolver.cpp, line 773]
Event: 2.394 Thread 0x000001fe66d1f000 Exception <a 'java/lang/NoSuchMethodError'{0x00000000a711c6e0}: 'void java.lang.invoke.DirectMethodHandle$Holder.invokeStatic(java.lang.Object, java.lang.Object, java.lang.Object, java.lang.Object)'> (0x00000000a711c6e0) thrown at [src/hotspot/share/interpreter/linkResolver.cpp, line 773]
Event: 2.396 Thread 0x000001fe66d1f000 Exception <a 'java/lang/NoSuchMethodError'{0x00000000a713bca8}: 'int java.lang.invoke.DirectMethodHandle$Holder.invokeVirtual(java.lang.Object, java.lang.Object)'> (0x00000000a713bca8) thrown at [src/hotspot/share/interpreter/linkResolver.cpp, line 773]
Event: 2.398 Thread 0x000001fe66d1f000 Exception <a 'java/lang/NoSuchMethodError'{0x00000000a7154a70}: 'java.lang.Object java.lang.invoke.DirectMethodHandle$Holder.invokeVirtual(java.lang.Object, java.lang.Object, java.lang.Object)'> (0x00000000a7154a70) thrown at [src/hotspot/share/interpreter/linkResolver.cpp, line 773]

Events (20 events):
Event: 2.396 Executing VM operation: RevokeBias
Event: 2.396 Executing VM operation: RevokeBias done
Event: 2.396 loading class org/gradle/internal/watch/registry/impl/DefaultFileWatcherProbeRegistry$WatchProbe
Event: 2.396 loading class org/gradle/internal/watch/registry/impl/DefaultFileWatcherProbeRegistry$WatchProbe done
Event: 2.397 loading class org/gradle/internal/watch/registry/impl/DefaultFileWatcherProbeRegistry$WatchProbe
Event: 2.397 loading class org/gradle/internal/watch/registry/impl/DefaultFileWatcherProbeRegistry$WatchProbe done
Event: 2.397 loading class org/gradle/internal/watch/registry/WatchMode
Event: 2.397 loading class org/gradle/internal/watch/registry/WatchMode done
Event: 2.397 loading class org/gradle/internal/snapshot/SnapshotHierarchy
Event: 2.397 loading class org/gradle/internal/snapshot/SnapshotHierarchy done
Event: 2.397 loading class org/gradle/internal/watch/registry/impl/WatchableHierarchies
Event: 2.397 loading class org/gradle/internal/watch/registry/impl/WatchableHierarchies done
Event: 2.397 loading class org/gradle/internal/watch/registry/impl/Combiners
Event: 2.397 loading class org/gradle/internal/watch/registry/impl/Combiners done
Event: 2.398 loading class org/gradle/internal/file/FileHierarchySet
Event: 2.398 loading class org/gradle/internal/file/FileHierarchySet done
Event: 2.399 loading class org/gradle/internal/snapshot/SnapshotHierarchy
Event: 2.399 loading class org/gradle/internal/snapshot/SnapshotHierarchy done
Event: 2.399 loading class org/gradle/internal/watch/vfs/impl/WatchingVirtualFileSystem
Event: 2.399 loading class org/gradle/internal/watch/vfs/impl/WatchingVirtualFileSystem done


Dynamic libraries:
0x00007ff665120000 - 0x00007ff66512a000 	C:\Apps\Android Studio\jbr\bin\java.exe
0x00007ffad5d30000 - 0x00007ffad5f44000 	C:\WINDOWS\SYSTEM32\ntdll.dll
0x00007ffad4df0000 - 0x00007ffad4eb2000 	C:\WINDOWS\System32\KERNEL32.DLL
0x00007ffad36b0000 - 0x00007ffad3a4c000 	C:\WINDOWS\System32\KERNELBASE.dll
0x00007ffad3290000 - 0x00007ffad33a1000 	C:\WINDOWS\System32\ucrtbase.dll
0x00007ffab7030000 - 0x00007ffab704b000 	C:\Apps\Android Studio\jbr\bin\VCRUNTIME140.dll
0x00007ffaa5b90000 - 0x00007ffaa5ba7000 	C:\Apps\Android Studio\jbr\bin\jli.dll
0x00007ffad5ac0000 - 0x00007ffad5c6b000 	C:\WINDOWS\System32\USER32.dll
0x00007ffad3a50000 - 0x00007ffad3a76000 	C:\WINDOWS\System32\win32u.dll
0x00007ffab73b0000 - 0x00007ffab763e000 	C:\WINDOWS\WinSxS\amd64_microsoft.windows.common-controls_6595b64144ccf1df_6.0.22621.608_none_a9444ca7c10bb01d\COMCTL32.dll
0x00007ffad3c30000 - 0x00007ffad3cd7000 	C:\WINDOWS\System32\msvcrt.dll
0x00007ffad3b80000 - 0x00007ffad3ba9000 	C:\WINDOWS\System32\GDI32.dll
0x00007ffad3520000 - 0x00007ffad3633000 	C:\WINDOWS\System32\gdi32full.dll
0x00007ffad31f0000 - 0x00007ffad328a000 	C:\WINDOWS\System32\msvcp_win.dll
0x00007ffad3b40000 - 0x00007ffad3b71000 	C:\WINDOWS\System32\IMM32.DLL
0x00007ffab8fd0000 - 0x00007ffab8fdc000 	C:\Apps\Android Studio\jbr\bin\vcruntime140_1.dll
0x00007ffa95b30000 - 0x00007ffa95bbd000 	C:\Apps\Android Studio\jbr\bin\msvcp140.dll
0x00007ffa444d0000 - 0x00007ffa4508c000 	C:\Apps\Android Studio\jbr\bin\server\jvm.dll
0x00007ffad4840000 - 0x00007ffad48ee000 	C:\WINDOWS\System32\ADVAPI32.dll
0x00007ffad44d0000 - 0x00007ffad4574000 	C:\WINDOWS\System32\sechost.dll
0x00007ffad4580000 - 0x00007ffad4697000 	C:\WINDOWS\System32\RPCRT4.dll
0x00007ffad48f0000 - 0x00007ffad48f8000 	C:\WINDOWS\System32\PSAPI.DLL
0x00007ffad0420000 - 0x00007ffad0429000 	C:\WINDOWS\SYSTEM32\WSOCK32.dll
0x00007ffacbc50000 - 0x00007ffacbc84000 	C:\WINDOWS\SYSTEM32\WINMM.dll
0x00007ffacb650000 - 0x00007ffacb65a000 	C:\WINDOWS\SYSTEM32\VERSION.dll
0x00007ffad4d70000 - 0x00007ffad4de1000 	C:\WINDOWS\System32\WS2_32.dll
0x00007ffad2180000 - 0x00007ffad2198000 	C:\WINDOWS\SYSTEM32\kernel.appcore.dll
0x00007ffacfd60000 - 0x00007ffacfd70000 	C:\Apps\Android Studio\jbr\bin\verify.dll
0x00007ffac21c0000 - 0x00007ffac23ee000 	C:\WINDOWS\SYSTEM32\DBGHELP.DLL
0x00007ffad5200000 - 0x00007ffad5589000 	C:\WINDOWS\System32\combase.dll
0x00007ffad4ac0000 - 0x00007ffad4b97000 	C:\WINDOWS\System32\OLEAUT32.dll
0x00007ffab4760000 - 0x00007ffab4792000 	C:\WINDOWS\SYSTEM32\dbgcore.DLL
0x00007ffad3170000 - 0x00007ffad31eb000 	C:\WINDOWS\System32\bcryptPrimitives.dll
0x00007fface330000 - 0x00007fface358000 	C:\Apps\Android Studio\jbr\bin\java.dll
0x00007fface710000 - 0x00007fface71a000 	C:\Apps\Android Studio\jbr\bin\jimage.dll
0x00007fface6b0000 - 0x00007fface6c8000 	C:\Apps\Android Studio\jbr\bin\zip.dll
0x00007ffad3ce0000 - 0x00007ffad44d0000 	C:\WINDOWS\System32\SHELL32.dll
0x00007ffad1130000 - 0x00007ffad19fd000 	C:\WINDOWS\SYSTEM32\windows.storage.dll
0x00007ffad0ff0000 - 0x00007ffad112e000 	C:\WINDOWS\SYSTEM32\wintypes.dll
0x00007ffad5100000 - 0x00007ffad51f1000 	C:\WINDOWS\System32\SHCORE.dll
0x00007ffad4900000 - 0x00007ffad495e000 	C:\WINDOWS\System32\shlwapi.dll
0x00007ffad30a0000 - 0x00007ffad30c1000 	C:\WINDOWS\SYSTEM32\profapi.dll
0x00007ffaccbf0000 - 0x00007ffaccc09000 	C:\Apps\Android Studio\jbr\bin\net.dll
0x00007ffacbb10000 - 0x00007ffacbc47000 	C:\WINDOWS\SYSTEM32\WINHTTP.dll
0x00007ffad25f0000 - 0x00007ffad2659000 	C:\WINDOWS\system32\mswsock.dll
0x00007ffab9490000 - 0x00007ffab94a3000 	C:\Apps\Android Studio\jbr\bin\nio.dll
0x00007ffaa0eb0000 - 0x00007ffaa0ed7000 	C:\Users\Harsh Jethva\.gradle\native\e1d6ef7f7dcc3fd88c89a11ec53ec762bb8ba0a96d01ffa2cd45eb1d1d8dd5c5\windows-amd64\native-platform.dll
0x00007ffa79370000 - 0x00007ffa794b4000 	C:\Users\Harsh Jethva\.gradle\native\0d407fdbe67a94daf76414ababcb853783967236a71b16ec16e742cd7a986fd3\windows-amd64\native-platform-file-events.dll
0x00007ffac1c20000 - 0x00007ffac1c2a000 	C:\Apps\Android Studio\jbr\bin\management.dll
0x00007ffabf9c0000 - 0x00007ffabf9cb000 	C:\Apps\Android Studio\jbr\bin\management_ext.dll
0x00007ffad2880000 - 0x00007ffad289b000 	C:\WINDOWS\SYSTEM32\CRYPTSP.dll
0x00007ffad20f0000 - 0x00007ffad2125000 	C:\WINDOWS\system32\rsaenh.dll
0x00007ffad2710000 - 0x00007ffad2738000 	C:\WINDOWS\SYSTEM32\USERENV.dll
0x00007ffad2a30000 - 0x00007ffad2a58000 	C:\WINDOWS\SYSTEM32\bcrypt.dll
0x00007ffad2870000 - 0x00007ffad287c000 	C:\WINDOWS\SYSTEM32\CRYPTBASE.dll
0x00007ffad1c90000 - 0x00007ffad1cbd000 	C:\WINDOWS\SYSTEM32\IPHLPAPI.DLL
0x00007ffad4ba0000 - 0x00007ffad4ba9000 	C:\WINDOWS\System32\NSI.dll
0x00007ffacbca0000 - 0x00007ffacbcb9000 	C:\WINDOWS\SYSTEM32\dhcpcsvc6.DLL
0x00007ffacbaf0000 - 0x00007ffacbb0f000 	C:\WINDOWS\SYSTEM32\dhcpcsvc.DLL
0x00007ffad1cc0000 - 0x00007ffad1db3000 	C:\WINDOWS\SYSTEM32\DNSAPI.dll

dbghelp: loaded successfully - version: 4.0.5 - missing functions: none
symbol engine: initialized successfully - sym options: 0x614 - pdb path: .;C:\Apps\Android Studio\jbr\bin;C:\WINDOWS\SYSTEM32;C:\WINDOWS\WinSxS\amd64_microsoft.windows.common-controls_6595b64144ccf1df_6.0.22621.608_none_a9444ca7c10bb01d;C:\Apps\Android Studio\jbr\bin\server;C:\Users\Harsh Jethva\.gradle\native\e1d6ef7f7dcc3fd88c89a11ec53ec762bb8ba0a96d01ffa2cd45eb1d1d8dd5c5\windows-amd64;C:\Users\Harsh Jethva\.gradle\native\0d407fdbe67a94daf76414ababcb853783967236a71b16ec16e742cd7a986fd3\windows-amd64

VM Arguments:
jvm_args: --add-opens=java.base/java.util=ALL-UNNAMED --add-opens=java.base/java.lang=ALL-UNNAMED --add-opens=java.base/java.lang.invoke=ALL-UNNAMED --add-opens=java.base/java.util=ALL-UNNAMED --add-opens=java.prefs/java.util.prefs=ALL-UNNAMED --add-opens=java.prefs/java.util.prefs=ALL-UNNAMED --add-opens=java.base/java.nio.charset=ALL-UNNAMED --add-opens=java.base/java.net=ALL-UNNAMED --add-opens=java.base/java.util.concurrent.atomic=ALL-UNNAMED -Xmx1536M -Dfile.encoding=windows-1252 -Duser.country=IN -Duser.language=en -Duser.variant 
java_command: org.gradle.launcher.daemon.bootstrap.GradleDaemon 7.5
java_class_path (initial): C:\Users\Harsh Jethva\.gradle\wrapper\dists\gradle-7.5-all\6qsw290k5lz422uaf8jf6m7co\gradle-7.5\lib\gradle-launcher-7.5.jar
Launcher Type: SUN_STANDARD

[Global flags]
     intx CICompilerCount                          = 4                                         {product} {ergonomic}
     uint ConcGCThreads                            = 3                                         {product} {ergonomic}
     uint G1ConcRefinementThreads                  = 10                                        {product} {ergonomic}
   size_t G1HeapRegionSize                         = 1048576                                   {product} {ergonomic}
    uintx GCDrainStackTargetSize                   = 64                                        {product} {ergonomic}
   size_t InitialHeapSize                          = 123731968                                 {product} {ergonomic}
   size_t MarkStackSize                            = 4194304                                   {product} {ergonomic}
   size_t MaxHeapSize                              = 1610612736                                {product} {command line}
   size_t MaxNewSize                               = 965738496                                 {product} {ergonomic}
   size_t MinHeapDeltaBytes                        = 1048576                                   {product} {ergonomic}
    uintx NonNMethodCodeHeapSize                   = 5836300                                {pd product} {ergonomic}
    uintx NonProfiledCodeHeapSize                  = 122910970                              {pd product} {ergonomic}
    uintx ProfiledCodeHeapSize                     = 122910970                              {pd product} {ergonomic}
    uintx ReservedCodeCacheSize                    = 251658240                              {pd product} {ergonomic}
     bool SegmentedCodeCache                       = true                                      {product} {ergonomic}
     bool UseCompressedClassPointers               = true                                 {lp64_product} {ergonomic}
     bool UseCompressedOops                        = true                                 {lp64_product} {ergonomic}
     bool UseG1GC                                  = true                                      {product} {ergonomic}
     bool UseLargePagesIndividualAllocation        = false                                  {pd product} {ergonomic}

Logging:
Log output configuration:
 #0: stdout all=warning uptime,level,tags
 #1: stderr all=off uptime,level,tags

Environment Variables:
JAVA_HOME=C:\Apps\Android Studio\jbr
CLASSPATH=H:\Flutter Projects\rku_bus_guide\android\\gradle\wrapper\gradle-wrapper.jar
PATH=C:\Windows\system32;C:\Windows;C:\Windows\System32\Wbem;C:\Windows\System32\WindowsPowerShell\v1.0\;C:\Windows\System32\OpenSSH\;C:\Program Files\NVIDIA Corporation\NVIDIA NvDLISR;C:\Apps\JDk\bin;C:\Program Files\Microsoft SQL Server\130\Tools\Binn\;C:\Program Files (x86)\NVIDIA Corporation\PhysX\Common;C:\xampp\php;C:\ProgramData\ComposerSetup\bin;C:\WINDOWS\system32;C:\WINDOWS;C:\WINDOWS\System32\Wbem;C:\WINDOWS\System32\WindowsPowerShell\v1.0\;C:\WINDOWS\System32\OpenSSH\;C:\Program Files\Git\cmd;C:\Apps\nodejs\;C:\Program Files\Microsoft SQL Server\150\Tools\Binn\;C:\Apps\flutter\bin;C:\Program Files\Java\jdk-19\bin;C:\Users\Harsh Jethva\AppData\Local\Pub\Cache\bin;C:\Users\Harsh Jethva\AppData\Local\Programs\Python\Python311\Scripts\;C:\Users\Harsh Jethva\AppData\Local\Programs\Python\Python311\;C:\Users\Harsh Jethva\AppData\Local\Microsoft\WindowsApps;C:\Apps\IntelliJ IDEA Community Edition 2023.1\bin;;C:\Users\Harsh Jethva\AppData\Roaming\Composer\vendor\bin;C:\Apps\Microsoft VS Code\bin;C:\Users\Harsh Jethva\AppData\Roaming\npm;C:\Users\Harsh Jethva\AppData\Local\GitHubDesktop\bin;C:\Users\Harsh Jethva\AppData\Local\Pub\Cache\bin;;C:\Apps\flutter\bin\mingit\cmd
USERNAME=Harsh Jethva
OS=Windows_NT
PROCESSOR_IDENTIFIER=AMD64 Family 25 Model 80 Stepping 0, AuthenticAMD



---------------  S Y S T E M  ---------------

OS: Windows 11 , 64 bit Build 22621 (10.0.22621.1485)
OS uptime: 0 days 9:33 hours
Hyper-V role detected

CPU:total 12 (initial active 12) (12 cores per cpu, 2 threads per core) family 25 model 80 stepping 0 microcode 0x0, cmov, cx8, fxsr, mmx, sse, sse2, sse3, ssse3, sse4.1, sse4.2, popcnt, avx, avx2, aes, clmul, erms, mmxext, 3dnowpref, lzcnt, sse4a, ht, tsc, tscinvbit, tscinv, bmi1, bmi2, adx, sha, fma

Memory: 4k page, system-wide physical 7521M (2030M free)
TotalPageFile size 14521M (AvailPageFile size 39M)
current process WorkingSet (physical memory assigned to process): 212M, peak: 212M
current process commit charge ("private bytes"): 279M, peak: 279M

vm_info: OpenJDK 64-Bit Server VM (11.0.15+0-b2043.56-9505619) for windows-amd64 JRE (11.0.15+0-b2043.56-9505619), built on Jan 19 2023 02:48:00 by "builduser" with unknown MS VC++:1929

END.
