#
# There is insufficient memory for the Java Runtime Environment to continue.
# Native memory allocation (malloc) failed to allocate 32744 bytes for ChunkPool::allocate
# Possible reasons:
#   The system is out of physical RAM or swap space
#   The process is running with CompressedOops enabled, and the Java Heap may be blocking the growth of the native heap
# Possible solutions:
#   Reduce memory load on the system
#   Increase physical memory or swap space
#   Check if swap backing store is full
#   Decrease Java heap size (-Xmx/-Xms)
#   Decrease number of Java threads
#   Decrease Java thread stack sizes (-Xss)
#   Set larger code cache with -XX:ReservedCodeCacheSize=
#   JVM is running with Unscaled Compressed Oops mode in which the Java heap is
#     placed in the first 4GB address space. The Java Heap base address is the
#     maximum limit for the native heap growth. Please use -XX:HeapBaseMinAddress
#     to set the Java Heap base and to place the Java Heap above 4GB virtual address.
# This output file may be truncated or incomplete.
#
#  Out of Memory Error (src/hotspot/share/memory/arena.cpp:81), pid=13056, tid=3824
#
# JRE version: OpenJDK Runtime Environment (11.0.15) (build 11.0.15+0-b2043.56-9505619)
# Java VM: OpenJDK 64-Bit Server VM (11.0.15+0-b2043.56-9505619, mixed mode, tiered, compressed oops, g1 gc, windows-amd64)
# No core dump will be written. Minidumps are not enabled by default on client versions of Windows
#

---------------  S U M M A R Y ------------

Command Line: --add-opens=java.base/java.util=ALL-UNNAMED --add-opens=java.base/java.lang=ALL-UNNAMED --add-opens=java.base/java.lang.invoke=ALL-UNNAMED --add-opens=java.base/java.util=ALL-UNNAMED --add-opens=java.prefs/java.util.prefs=ALL-UNNAMED --add-opens=java.prefs/java.util.prefs=ALL-UNNAMED --add-opens=java.base/java.nio.charset=ALL-UNNAMED --add-opens=java.base/java.net=ALL-UNNAMED --add-opens=java.base/java.util.concurrent.atomic=ALL-UNNAMED -Xmx1536M -Dfile.encoding=windows-1252 -Duser.country=IN -Duser.language=en -Duser.variant org.gradle.launcher.daemon.bootstrap.GradleDaemon 7.5

Host: AMD Ryzen 5 5600H with Radeon Graphics         , 12 cores, 7G,  Windows 11 , 64 bit Build 22621 (10.0.22621.1485)
Time: Sun Apr 30 11:52:06 2023 India Standard Time elapsed time: 51.209074 seconds (0d 0h 0m 51s)

---------------  T H R E A D  ---------------

Current thread (0x00000145dcb3e000):  JavaThread "C2 CompilerThread0" daemon [_thread_in_native, id=3824, stack(0x00000031b8d00000,0x00000031b8e00000)]


Current CompileTask:
C2:  51209 11805       4       org.gradle.internal.logging.text.AbstractLineChoppingStyledTextOutput$1::execute (9 bytes)

Stack: [0x00000031b8d00000,0x00000031b8e00000]
Native frames: (J=compiled Java code, j=interpreted, Vv=VM code, C=native code)
V  [jvm.dll+0x64135a]
V  [jvm.dll+0x7d39f9]
V  [jvm.dll+0x7d51b9]
V  [jvm.dll+0x7d58a3]
V  [jvm.dll+0x2691c5]
V  [jvm.dll+0xc1cbf]
V  [jvm.dll+0xc200c]
V  [jvm.dll+0x54ca94]
V  [jvm.dll+0x220c9d]
V  [jvm.dll+0x223024]
V  [jvm.dll+0x220384]
V  [jvm.dll+0x19e851]
V  [jvm.dll+0x230479]
V  [jvm.dll+0x22e5ef]
V  [jvm.dll+0x794de1]
V  [jvm.dll+0x78dc24]
V  [jvm.dll+0x6400f6]
C  [ucrtbase.dll+0x29363]
C  [KERNEL32.DLL+0x1269d]
C  [ntdll.dll+0x5a9f8]


---------------  P R O C E S S  ---------------

Threads class SMR info:
_java_thread_list=0x00000145e9fa1420, length=185, elements={
0x00000145c3532800, 0x00000145dcb19800, 0x00000145dcb22800, 0x00000145dcb39800,
0x00000145dcb3a800, 0x00000145dcb3d000, 0x00000145dcb3e000, 0x00000145dcb41800,
0x00000145dd4a5000, 0x00000145dd5fc000, 0x00000145df153000, 0x00000145de429000,
0x00000145e0694800, 0x00000145dd9bf800, 0x00000145df43b800, 0x00000145ddb3e800,
0x00000145df1c8800, 0x00000145dfe69000, 0x00000145df7d3000, 0x00000145df1c6800,
0x00000145df1c0800, 0x00000145df1c5800, 0x00000145df1c3000, 0x00000145df1c4800,
0x00000145df1c7000, 0x00000145df1c1800, 0x00000145df1c4000, 0x00000145df1c2000,
0x00000145dfe33800, 0x00000145dfe38800, 0x00000145dfe37800, 0x00000145dfe32800,
0x00000145dfe3a000, 0x00000145dfe35000, 0x00000145dfe3f000, 0x00000145dfe3c800,
0x00000145dfe3d000, 0x00000145dfe3e000, 0x00000145dfe3f800, 0x00000145dfe40800,
0x00000145dfe41800, 0x00000145dfafb800, 0x00000145dfafa800, 0x00000145dfafc800,
0x00000145dfafd000, 0x00000145dfaff000, 0x00000145dfafe000, 0x00000145dfafa000,
0x00000145dfaf9000, 0x00000145dfb00800, 0x00000145dfb01000, 0x00000145dfaff800,
0x00000145dfb06000, 0x00000145dfb03000, 0x00000145dfb07000, 0x00000145dfb08000,
0x00000145dfb04800, 0x00000145dfb02000, 0x00000145dfb03800, 0x00000145dfb05800,
0x00000145e4b1b000, 0x00000145e4b1b800, 0x00000145e4b1c800, 0x00000145e4b1d800,
0x00000145e4b1e000, 0x00000145e4b1f000, 0x00000145e4b19800, 0x00000145e4b20000,
0x00000145e4b1a000, 0x00000145e4b25800, 0x00000145e4b24800, 0x00000145e4b24000,
0x00000145e4b23000, 0x00000145e4b22800, 0x00000145e4b26800, 0x00000145e4b20800,
0x00000145e4b27000, 0x00000145e4b21800, 0x00000145e4b28000, 0x00000145e1249800,
0x00000145e1246800, 0x00000145e1249000, 0x00000145e124a800, 0x00000145e124b000,
0x00000145e124d000, 0x00000145e124c000, 0x00000145e1247000, 0x00000145e124d800,
0x00000145e1248000, 0x00000145e124e800, 0x00000145e1253800, 0x00000145e124f800,
0x00000145e1252800, 0x00000145e1254000, 0x00000145e1250000, 0x00000145e1255000,
0x00000145e1252000, 0x00000145e1251000, 0x00000145e32d1800, 0x00000145e32cf800,
0x00000145e32d0000, 0x00000145e32cd800, 0x00000145e32ce800, 0x00000145e32d2800,
0x00000145e32d4000, 0x00000145e32d3800, 0x00000145e32d5000, 0x00000145e32d6000,
0x00000145e32d6800, 0x00000145e32d1000, 0x00000145e32d7800, 0x00000145e32db800,
0x00000145e32dc800, 0x00000145e32d8800, 0x00000145e32d9000, 0x00000145e32da000,
0x00000145e32da800, 0x00000145e47a8800, 0x00000145e47ad800, 0x00000145e47ad000,
0x00000145e47a8000, 0x00000145e47aa800, 0x00000145e47ae800, 0x00000145e47a9800,
0x00000145e47af800, 0x00000145e47ab000, 0x00000145e47b0000, 0x00000145e47b1000,
0x00000145e47b1800, 0x00000145e47ac000, 0x00000145e47b3800, 0x00000145e47b2800,
0x00000145e47b6000, 0x00000145e47b4000, 0x00000145e47b5000, 0x00000145e47b6800,
0x00000145e3305800, 0x00000145e3308000, 0x00000145e3305000, 0x00000145e3304000,
0x00000145e3306800, 0x00000145e3307000, 0x00000145e3309000, 0x00000145e3303000,
0x00000145e330d000, 0x00000145e330a800, 0x00000145e330f800, 0x00000145e330c000,
0x00000145e3309800, 0x00000145e3311000, 0x00000145e330b800, 0x00000145e3312000,
0x00000145e3310000, 0x00000145e330e000, 0x00000145e330e800, 0x00000145e3850800,
0x00000145e3851800, 0x00000145e384f800, 0x00000145e3852000, 0x00000145e384f000,
0x00000145e3857000, 0x00000145e3856000, 0x00000145e3853000, 0x00000145e3854800,
0x00000145e3858800, 0x00000145e3859800, 0x00000145e3858000, 0x00000145e3854000,
0x00000145ddc71800, 0x00000145e385d800, 0x00000145e385b000, 0x00000145e385c000,
0x00000145e385d000, 0x00000145e63ca800, 0x00000145e63c9800, 0x00000145e63cd000,
0x00000145e63cb000, 0x00000145e63c7000, 0x00000145e63c8800, 0x00000145e63cd800,
0x00000145e63cc000, 0x00000145e63c8000, 0x00000145e63d2800, 0x00000145e63d4000,
0x00000145e63d3800
}

Java Threads: ( => current thread )
  0x00000145c3532800 JavaThread "main" [_thread_blocked, id=9544, stack(0x00000031b8100000,0x00000031b8200000)]
  0x00000145dcb19800 JavaThread "Reference Handler" daemon [_thread_blocked, id=3896, stack(0x00000031b8800000,0x00000031b8900000)]
  0x00000145dcb22800 JavaThread "Finalizer" daemon [_thread_blocked, id=11880, stack(0x00000031b8900000,0x00000031b8a00000)]
  0x00000145dcb39800 JavaThread "Signal Dispatcher" daemon [_thread_blocked, id=12036, stack(0x00000031b8a00000,0x00000031b8b00000)]
  0x00000145dcb3a800 JavaThread "Attach Listener" daemon [_thread_blocked, id=12504, stack(0x00000031b8b00000,0x00000031b8c00000)]
  0x00000145dcb3d000 JavaThread "Service Thread" daemon [_thread_blocked, id=5280, stack(0x00000031b8c00000,0x00000031b8d00000)]
=>0x00000145dcb3e000 JavaThread "C2 CompilerThread0" daemon [_thread_in_native, id=3824, stack(0x00000031b8d00000,0x00000031b8e00000)]
  0x00000145dcb41800 JavaThread "C1 CompilerThread0" daemon [_thread_blocked, id=12872, stack(0x00000031b8e00000,0x00000031b8f00000)]
  0x00000145dd4a5000 JavaThread "Sweeper thread" daemon [_thread_blocked, id=7600, stack(0x00000031b8f00000,0x00000031b9000000)]
  0x00000145dd5fc000 JavaThread "Common-Cleaner" daemon [_thread_blocked, id=8860, stack(0x00000031b9000000,0x00000031b9100000)]
  0x00000145df153000 JavaThread "Daemon health stats" [_thread_blocked, id=7872, stack(0x00000031b9500000,0x00000031b9600000)]
  0x00000145de429000 JavaThread "Incoming local TCP Connector on port 53386" [_thread_in_native, id=15344, stack(0x00000031b9200000,0x00000031b9300000)]
  0x00000145e0694800 JavaThread "Daemon periodic checks" [_thread_blocked, id=2928, stack(0x00000031b9300000,0x00000031b9400000)]
  0x00000145dd9bf800 JavaThread "Daemon" [_thread_blocked, id=2596, stack(0x00000031b9600000,0x00000031b9700000)]
  0x00000145df43b800 JavaThread "Handler for socket connection from /127.0.0.1:53386 to /127.0.0.1:53387" [_thread_in_native, id=12912, stack(0x00000031b9700000,0x00000031b9800000)]
  0x00000145ddb3e800 JavaThread "Cancel handler" [_thread_blocked, id=8296, stack(0x00000031b9800000,0x00000031b9900000)]
  0x00000145df1c8800 JavaThread "Daemon worker" [_thread_blocked, id=3096, stack(0x00000031b9900000,0x00000031b9a00000)]
  0x00000145dfe69000 JavaThread "Asynchronous log dispatcher for DefaultDaemonConnection: socket connection from /127.0.0.1:53386 to /127.0.0.1:53387" [_thread_blocked, id=13464, stack(0x00000031b9a00000,0x00000031b9b00000)]
  0x00000145df7d3000 JavaThread "Stdin handler" [_thread_blocked, id=7640, stack(0x00000031b9b00000,0x00000031b9c00000)]
  0x00000145df1c6800 JavaThread "Daemon client event forwarder" [_thread_blocked, id=16300, stack(0x00000031b9c00000,0x00000031b9d00000)]
  0x00000145df1c0800 JavaThread "Cache worker for journal cache (C:\Users\Harsh Jethva\.gradle\caches\journal-1)" [_thread_blocked, id=4860, stack(0x00000031ba700000,0x00000031ba800000)]
  0x00000145df1c5800 JavaThread "File lock request listener" [_thread_in_native, id=8540, stack(0x00000031ba800000,0x00000031ba900000)]
  0x00000145df1c3000 JavaThread "Cache worker for file hash cache (C:\Users\Harsh Jethva\.gradle\caches\7.5\fileHashes)" [_thread_blocked, id=3444, stack(0x00000031ba900000,0x00000031baa00000)]
  0x00000145df1c4800 JavaThread "File watcher server" daemon [_thread_in_native, id=11628, stack(0x00000031bac00000,0x00000031bad00000)]
  0x00000145df1c7000 JavaThread "File watcher consumer" daemon [_thread_blocked, id=16192, stack(0x00000031bad00000,0x00000031bae00000)]
  0x00000145df1c1800 JavaThread "Cache worker for checksums cache (H:\Flutter Projects\rku_bus_guide\android\.gradle\7.5\checksums)" [_thread_blocked, id=1228, stack(0x00000031bae00000,0x00000031baf00000)]
  0x00000145df1c4000 JavaThread "Cache worker for cache directory md-rule (C:\Users\Harsh Jethva\.gradle\caches\7.5\md-rule)" [_thread_blocked, id=15996, stack(0x00000031baf00000,0x00000031bb000000)]
  0x00000145df1c2000 JavaThread "Cache worker for file content cache (C:\Users\Harsh Jethva\.gradle\caches\7.5\fileContent)" [_thread_blocked, id=6244, stack(0x00000031bb000000,0x00000031bb100000)]
  0x00000145dfe33800 JavaThread "File lock release action executor" [_thread_blocked, id=11704, stack(0x00000031bb100000,0x00000031bb200000)]
  0x00000145dfe38800 JavaThread "Cache worker for file hash cache (H:\Flutter Projects\rku_bus_guide\android\.gradle\7.5\fileHashes)" [_thread_blocked, id=4544, stack(0x00000031bb200000,0x00000031bb300000)]
  0x00000145dfe37800 JavaThread "Cache worker for cache directory md-supplier (C:\Users\Harsh Jethva\.gradle\caches\7.5\md-supplier)" [_thread_blocked, id=6328, stack(0x00000031b9d00000,0x00000031b9e00000)]
  0x00000145dfe32800 JavaThread "Cache worker for execution history cache (C:\Users\Harsh Jethva\.gradle\caches\7.5\executionHistory)" [_thread_blocked, id=3176, stack(0x00000031bb300000,0x00000031bb400000)]
  0x00000145dfe3a000 JavaThread "jar transforms" [_thread_blocked, id=12788, stack(0x00000031bb500000,0x00000031bb600000)]
  0x00000145dfe35000 JavaThread "jar transforms Thread 2" [_thread_blocked, id=13388, stack(0x00000031bb400000,0x00000031bb500000)]
  0x00000145dfe3f000 JavaThread "jar transforms Thread 3" [_thread_blocked, id=6856, stack(0x00000031bb800000,0x00000031bb900000)]
  0x00000145dfe3c800 JavaThread "jar transforms Thread 4" [_thread_blocked, id=10536, stack(0x00000031bb900000,0x00000031bba00000)]
  0x00000145dfe3d000 JavaThread "Cache worker for dependencies-accessors (H:\Flutter Projects\rku_bus_guide\android\.gradle\7.5\dependencies-accessors)" [_thread_blocked, id=9976, stack(0x00000031bba00000,0x00000031bbb00000)]
  0x00000145dfe3e000 JavaThread "jar transforms Thread 5" [_thread_blocked, id=9668, stack(0x00000031bbb00000,0x00000031bbc00000)]
  0x00000145dfe3f800 JavaThread "Cache worker for Build Output Cleanup Cache (H:\Flutter Projects\rku_bus_guide\android\.gradle\buildOutputCleanup)" [_thread_blocked, id=4840, stack(0x00000031bbc00000,0x00000031bbd00000)]
  0x00000145dfe40800 JavaThread "Unconstrained build operations" [_thread_blocked, id=1140, stack(0x00000031bb700000,0x00000031bb800000)]
  0x00000145dfe41800 JavaThread "Unconstrained build operations Thread 2" [_thread_blocked, id=9204, stack(0x00000031bbd00000,0x00000031bbe00000)]
  0x00000145dfafb800 JavaThread "Unconstrained build operations Thread 3" [_thread_blocked, id=7128, stack(0x00000031bbe00000,0x00000031bbf00000)]
  0x00000145dfafa800 JavaThread "Unconstrained build operations Thread 4" [_thread_blocked, id=6592, stack(0x00000031bbf00000,0x00000031bc000000)]
  0x00000145dfafc800 JavaThread "Unconstrained build operations Thread 5" [_thread_blocked, id=13680, stack(0x00000031bc000000,0x00000031bc100000)]
  0x00000145dfafd000 JavaThread "Unconstrained build operations Thread 6" [_thread_blocked, id=7900, stack(0x00000031bc100000,0x00000031bc200000)]
  0x00000145dfaff000 JavaThread "Unconstrained build operations Thread 7" [_thread_blocked, id=14680, stack(0x00000031bc200000,0x00000031bc300000)]
  0x00000145dfafe000 JavaThread "Unconstrained build operations Thread 8" [_thread_blocked, id=15692, stack(0x00000031bc300000,0x00000031bc400000)]
  0x00000145dfafa000 JavaThread "Unconstrained build operations Thread 9" [_thread_blocked, id=4260, stack(0x00000031bc400000,0x00000031bc500000)]
  0x00000145dfaf9000 JavaThread "Unconstrained build operations Thread 10" [_thread_blocked, id=14872, stack(0x00000031bc500000,0x00000031bc600000)]
  0x00000145dfb00800 JavaThread "Unconstrained build operations Thread 11" [_thread_blocked, id=14316, stack(0x00000031bc600000,0x00000031bc700000)]
  0x00000145dfb01000 JavaThread "Unconstrained build operations Thread 12" [_thread_blocked, id=2628, stack(0x00000031bc700000,0x00000031bc800000)]
  0x00000145dfaff800 JavaThread "Unconstrained build operations Thread 13" [_thread_blocked, id=5900, stack(0x00000031bc800000,0x00000031bc900000)]
  0x00000145dfb06000 JavaThread "Unconstrained build operations Thread 14" [_thread_blocked, id=3588, stack(0x00000031bc900000,0x00000031bca00000)]
  0x00000145dfb03000 JavaThread "Unconstrained build operations Thread 15" [_thread_blocked, id=1764, stack(0x00000031bca00000,0x00000031bcb00000)]
  0x00000145dfb07000 JavaThread "Unconstrained build operations Thread 16" [_thread_blocked, id=5124, stack(0x00000031bcb00000,0x00000031bcc00000)]
  0x00000145dfb08000 JavaThread "Unconstrained build operations Thread 17" [_thread_blocked, id=12604, stack(0x00000031bcc00000,0x00000031bcd00000)]
  0x00000145dfb04800 JavaThread "Unconstrained build operations Thread 18" [_thread_blocked, id=15008, stack(0x00000031bcd00000,0x00000031bce00000)]
  0x00000145dfb02000 JavaThread "Unconstrained build operations Thread 19" [_thread_blocked, id=10388, stack(0x00000031bce00000,0x00000031bcf00000)]
  0x00000145dfb03800 JavaThread "Unconstrained build operations Thread 20" [_thread_blocked, id=5096, stack(0x00000031bcf00000,0x00000031bd000000)]
  0x00000145dfb05800 JavaThread "Unconstrained build operations Thread 21" [_thread_blocked, id=11728, stack(0x00000031bd000000,0x00000031bd100000)]
  0x00000145e4b1b000 JavaThread "Unconstrained build operations Thread 22" [_thread_blocked, id=1940, stack(0x00000031bd100000,0x00000031bd200000)]
  0x00000145e4b1b800 JavaThread "Unconstrained build operations Thread 23" [_thread_blocked, id=11892, stack(0x00000031bd200000,0x00000031bd300000)]
  0x00000145e4b1c800 JavaThread "Unconstrained build operations Thread 24" [_thread_blocked, id=7140, stack(0x00000031bd300000,0x00000031bd400000)]
  0x00000145e4b1d800 JavaThread "Unconstrained build operations Thread 25" [_thread_blocked, id=5360, stack(0x00000031bd400000,0x00000031bd500000)]
  0x00000145e4b1e000 JavaThread "Unconstrained build operations Thread 26" [_thread_blocked, id=15872, stack(0x00000031bd500000,0x00000031bd600000)]
  0x00000145e4b1f000 JavaThread "Unconstrained build operations Thread 27" [_thread_blocked, id=7664, stack(0x00000031bd600000,0x00000031bd700000)]
  0x00000145e4b19800 JavaThread "Unconstrained build operations Thread 28" [_thread_blocked, id=14056, stack(0x00000031bd700000,0x00000031bd800000)]
  0x00000145e4b20000 JavaThread "Unconstrained build operations Thread 29" [_thread_blocked, id=2604, stack(0x00000031bd800000,0x00000031bd900000)]
  0x00000145e4b1a000 JavaThread "Unconstrained build operations Thread 30" [_thread_blocked, id=8656, stack(0x00000031bd900000,0x00000031bda00000)]
  0x00000145e4b25800 JavaThread "Unconstrained build operations Thread 31" [_thread_blocked, id=15488, stack(0x00000031bda00000,0x00000031bdb00000)]
  0x00000145e4b24800 JavaThread "Unconstrained build operations Thread 32" [_thread_blocked, id=9840, stack(0x00000031bdb00000,0x00000031bdc00000)]
  0x00000145e4b24000 JavaThread "Unconstrained build operations Thread 33" [_thread_blocked, id=6176, stack(0x00000031bdc00000,0x00000031bdd00000)]
  0x00000145e4b23000 JavaThread "Unconstrained build operations Thread 34" [_thread_blocked, id=11388, stack(0x00000031bdd00000,0x00000031bde00000)]
  0x00000145e4b22800 JavaThread "Unconstrained build operations Thread 35" [_thread_blocked, id=15788, stack(0x00000031bde00000,0x00000031bdf00000)]
  0x00000145e4b26800 JavaThread "Unconstrained build operations Thread 36" [_thread_blocked, id=2468, stack(0x00000031bdf00000,0x00000031be000000)]
  0x00000145e4b20800 JavaThread "Unconstrained build operations Thread 37" [_thread_blocked, id=11824, stack(0x00000031be000000,0x00000031be100000)]
  0x00000145e4b27000 JavaThread "Unconstrained build operations Thread 38" [_thread_blocked, id=12792, stack(0x00000031be100000,0x00000031be200000)]
  0x00000145e4b21800 JavaThread "Unconstrained build operations Thread 39" [_thread_blocked, id=13700, stack(0x00000031be200000,0x00000031be300000)]
  0x00000145e4b28000 JavaThread "Unconstrained build operations Thread 40" [_thread_blocked, id=12716, stack(0x00000031be300000,0x00000031be400000)]
  0x00000145e1249800 JavaThread "Unconstrained build operations Thread 41" [_thread_blocked, id=2216, stack(0x00000031be400000,0x00000031be500000)]
  0x00000145e1246800 JavaThread "Unconstrained build operations Thread 42" [_thread_blocked, id=1964, stack(0x00000031be500000,0x00000031be600000)]
  0x00000145e1249000 JavaThread "Unconstrained build operations Thread 43" [_thread_blocked, id=2372, stack(0x00000031be600000,0x00000031be700000)]
  0x00000145e124a800 JavaThread "Unconstrained build operations Thread 44" [_thread_blocked, id=6664, stack(0x00000031be700000,0x00000031be800000)]
  0x00000145e124b000 JavaThread "Unconstrained build operations Thread 45" [_thread_blocked, id=3584, stack(0x00000031be800000,0x00000031be900000)]
  0x00000145e124d000 JavaThread "Unconstrained build operations Thread 46" [_thread_blocked, id=8908, stack(0x00000031be900000,0x00000031bea00000)]
  0x00000145e124c000 JavaThread "Unconstrained build operations Thread 47" [_thread_blocked, id=8288, stack(0x00000031bea00000,0x00000031beb00000)]
  0x00000145e1247000 JavaThread "Unconstrained build operations Thread 48" [_thread_blocked, id=1744, stack(0x00000031beb00000,0x00000031bec00000)]
  0x00000145e124d800 JavaThread "Unconstrained build operations Thread 49" [_thread_blocked, id=2396, stack(0x00000031bec00000,0x00000031bed00000)]
  0x00000145e1248000 JavaThread "Unconstrained build operations Thread 50" [_thread_blocked, id=2252, stack(0x00000031bed00000,0x00000031bee00000)]
  0x00000145e124e800 JavaThread "Unconstrained build operations Thread 51" [_thread_blocked, id=12636, stack(0x00000031bee00000,0x00000031bef00000)]
  0x00000145e1253800 JavaThread "Unconstrained build operations Thread 52" [_thread_blocked, id=1472, stack(0x00000031bef00000,0x00000031bf000000)]
  0x00000145e124f800 JavaThread "Unconstrained build operations Thread 53" [_thread_blocked, id=3964, stack(0x00000031bf000000,0x00000031bf100000)]
  0x00000145e1252800 JavaThread "Unconstrained build operations Thread 54" [_thread_blocked, id=15660, stack(0x00000031bf100000,0x00000031bf200000)]
  0x00000145e1254000 JavaThread "Unconstrained build operations Thread 55" [_thread_blocked, id=14032, stack(0x00000031bf200000,0x00000031bf300000)]
  0x00000145e1250000 JavaThread "Unconstrained build operations Thread 56" [_thread_blocked, id=15916, stack(0x00000031bf300000,0x00000031bf400000)]
  0x00000145e1255000 JavaThread "Unconstrained build operations Thread 57" [_thread_blocked, id=15728, stack(0x00000031bf400000,0x00000031bf500000)]
  0x00000145e1252000 JavaThread "Unconstrained build operations Thread 58" [_thread_blocked, id=8084, stack(0x00000031bf500000,0x00000031bf600000)]
  0x00000145e1251000 JavaThread "Unconstrained build operations Thread 59" [_thread_blocked, id=14292, stack(0x00000031bf600000,0x00000031bf700000)]
  0x00000145e32d1800 JavaThread "Unconstrained build operations Thread 60" [_thread_blocked, id=7464, stack(0x00000031bf700000,0x00000031bf800000)]
  0x00000145e32cf800 JavaThread "Unconstrained build operations Thread 61" [_thread_blocked, id=7172, stack(0x00000031bf800000,0x00000031bf900000)]
  0x00000145e32d0000 JavaThread "Unconstrained build operations Thread 62" [_thread_blocked, id=8128, stack(0x00000031bf900000,0x00000031bfa00000)]
  0x00000145e32cd800 JavaThread "Unconstrained build operations Thread 63" [_thread_blocked, id=7788, stack(0x00000031bfa00000,0x00000031bfb00000)]
  0x00000145e32ce800 JavaThread "Unconstrained build operations Thread 64" [_thread_blocked, id=10372, stack(0x00000031bfb00000,0x00000031bfc00000)]
  0x00000145e32d2800 JavaThread "Unconstrained build operations Thread 65" [_thread_blocked, id=3884, stack(0x00000031bfc00000,0x00000031bfd00000)]
  0x00000145e32d4000 JavaThread "Unconstrained build operations Thread 66" [_thread_blocked, id=4384, stack(0x00000031bfd00000,0x00000031bfe00000)]
  0x00000145e32d3800 JavaThread "Unconstrained build operations Thread 67" [_thread_blocked, id=3436, stack(0x00000031bfe00000,0x00000031bff00000)]
  0x00000145e32d5000 JavaThread "Unconstrained build operations Thread 68" [_thread_blocked, id=7144, stack(0x00000031bff00000,0x00000031c0000000)]
  0x00000145e32d6000 JavaThread "Unconstrained build operations Thread 69" [_thread_blocked, id=8580, stack(0x00000031c0000000,0x00000031c0100000)]
  0x00000145e32d6800 JavaThread "Unconstrained build operations Thread 70" [_thread_blocked, id=13072, stack(0x00000031c0100000,0x00000031c0200000)]
  0x00000145e32d1000 JavaThread "Unconstrained build operations Thread 71" [_thread_blocked, id=11328, stack(0x00000031c0200000,0x00000031c0300000)]
  0x00000145e32d7800 JavaThread "Unconstrained build operations Thread 72" [_thread_blocked, id=11896, stack(0x00000031c0300000,0x00000031c0400000)]
  0x00000145e32db800 JavaThread "Unconstrained build operations Thread 73" [_thread_blocked, id=11664, stack(0x00000031c0400000,0x00000031c0500000)]
  0x00000145e32dc800 JavaThread "Unconstrained build operations Thread 74" [_thread_blocked, id=8916, stack(0x00000031c0500000,0x00000031c0600000)]
  0x00000145e32d8800 JavaThread "Unconstrained build operations Thread 75" [_thread_blocked, id=3484, stack(0x00000031c0600000,0x00000031c0700000)]
  0x00000145e32d9000 JavaThread "Unconstrained build operations Thread 76" [_thread_blocked, id=13796, stack(0x00000031c0700000,0x00000031c0800000)]
  0x00000145e32da000 JavaThread "Unconstrained build operations Thread 77" [_thread_blocked, id=3972, stack(0x00000031c0800000,0x00000031c0900000)]
  0x00000145e32da800 JavaThread "Unconstrained build operations Thread 78" [_thread_blocked, id=5864, stack(0x00000031c0900000,0x00000031c0a00000)]
  0x00000145e47a8800 JavaThread "Unconstrained build operations Thread 79" [_thread_blocked, id=2744, stack(0x00000031c0a00000,0x00000031c0b00000)]
  0x00000145e47ad800 JavaThread "Unconstrained build operations Thread 80" [_thread_blocked, id=5144, stack(0x00000031c0b00000,0x00000031c0c00000)]
  0x00000145e47ad000 JavaThread "Unconstrained build operations Thread 81" [_thread_blocked, id=7860, stack(0x00000031c0c00000,0x00000031c0d00000)]
  0x00000145e47a8000 JavaThread "Unconstrained build operations Thread 82" [_thread_blocked, id=13928, stack(0x00000031c0d00000,0x00000031c0e00000)]
  0x00000145e47aa800 JavaThread "Unconstrained build operations Thread 83" [_thread_blocked, id=16060, stack(0x00000031c0e00000,0x00000031c0f00000)]
  0x00000145e47ae800 JavaThread "Unconstrained build operations Thread 84" [_thread_blocked, id=3308, stack(0x00000031c0f00000,0x00000031c1000000)]
  0x00000145e47a9800 JavaThread "Unconstrained build operations Thread 85" [_thread_blocked, id=11756, stack(0x00000031c1000000,0x00000031c1100000)]
  0x00000145e47af800 JavaThread "Unconstrained build operations Thread 86" [_thread_blocked, id=6796, stack(0x00000031c1100000,0x00000031c1200000)]
  0x00000145e47ab000 JavaThread "Unconstrained build operations Thread 87" [_thread_blocked, id=14172, stack(0x00000031c1200000,0x00000031c1300000)]
  0x00000145e47b0000 JavaThread "Unconstrained build operations Thread 88" [_thread_blocked, id=10408, stack(0x00000031c1300000,0x00000031c1400000)]
  0x00000145e47b1000 JavaThread "Unconstrained build operations Thread 89" [_thread_blocked, id=8888, stack(0x00000031c1400000,0x00000031c1500000)]
  0x00000145e47b1800 JavaThread "Unconstrained build operations Thread 90" [_thread_blocked, id=11708, stack(0x00000031c1500000,0x00000031c1600000)]
  0x00000145e47ac000 JavaThread "Unconstrained build operations Thread 91" [_thread_blocked, id=15500, stack(0x00000031c1600000,0x00000031c1700000)]
  0x00000145e47b3800 JavaThread "Unconstrained build operations Thread 92" [_thread_blocked, id=15336, stack(0x00000031c1700000,0x00000031c1800000)]
  0x00000145e47b2800 JavaThread "Unconstrained build operations Thread 93" [_thread_blocked, id=15240, stack(0x00000031c1800000,0x00000031c1900000)]
  0x00000145e47b6000 JavaThread "Unconstrained build operations Thread 94" [_thread_blocked, id=2148, stack(0x00000031c1900000,0x00000031c1a00000)]
  0x00000145e47b4000 JavaThread "Unconstrained build operations Thread 95" [_thread_blocked, id=4572, stack(0x00000031c1a00000,0x00000031c1b00000)]
  0x00000145e47b5000 JavaThread "Unconstrained build operations Thread 96" [_thread_blocked, id=2180, stack(0x00000031c1b00000,0x00000031c1c00000)]
  0x00000145e47b6800 JavaThread "Unconstrained build operations Thread 97" [_thread_blocked, id=3184, stack(0x00000031c1c00000,0x00000031c1d00000)]
  0x00000145e3305800 JavaThread "Unconstrained build operations Thread 98" [_thread_blocked, id=13856, stack(0x00000031c1d00000,0x00000031c1e00000)]
  0x00000145e3308000 JavaThread "Unconstrained build operations Thread 99" [_thread_blocked, id=6612, stack(0x00000031c1e00000,0x00000031c1f00000)]
  0x00000145e3305000 JavaThread "Unconstrained build operations Thread 100" [_thread_blocked, id=3948, stack(0x00000031c1f00000,0x00000031c2000000)]
  0x00000145e3304000 JavaThread "Unconstrained build operations Thread 101" [_thread_blocked, id=12708, stack(0x00000031c2000000,0x00000031c2100000)]
  0x00000145e3306800 JavaThread "Unconstrained build operations Thread 102" [_thread_blocked, id=688, stack(0x00000031c2100000,0x00000031c2200000)]
  0x00000145e3307000 JavaThread "Unconstrained build operations Thread 103" [_thread_blocked, id=16252, stack(0x00000031c2200000,0x00000031c2300000)]
  0x00000145e3309000 JavaThread "Unconstrained build operations Thread 104" [_thread_blocked, id=15460, stack(0x00000031c2300000,0x00000031c2400000)]
  0x00000145e3303000 JavaThread "Unconstrained build operations Thread 105" [_thread_blocked, id=4856, stack(0x00000031c2400000,0x00000031c2500000)]
  0x00000145e330d000 JavaThread "Unconstrained build operations Thread 106" [_thread_blocked, id=12844, stack(0x00000031c2500000,0x00000031c2600000)]
  0x00000145e330a800 JavaThread "Unconstrained build operations Thread 107" [_thread_blocked, id=3776, stack(0x00000031c2600000,0x00000031c2700000)]
  0x00000145e330f800 JavaThread "Unconstrained build operations Thread 108" [_thread_blocked, id=7092, stack(0x00000031c2700000,0x00000031c2800000)]
  0x00000145e330c000 JavaThread "Unconstrained build operations Thread 109" [_thread_blocked, id=4244, stack(0x00000031c2800000,0x00000031c2900000)]
  0x00000145e3309800 JavaThread "Unconstrained build operations Thread 110" [_thread_blocked, id=4652, stack(0x00000031c2900000,0x00000031c2a00000)]
  0x00000145e3311000 JavaThread "Unconstrained build operations Thread 111" [_thread_blocked, id=15576, stack(0x00000031c2a00000,0x00000031c2b00000)]
  0x00000145e330b800 JavaThread "Unconstrained build operations Thread 112" [_thread_blocked, id=12392, stack(0x00000031c2b00000,0x00000031c2c00000)]
  0x00000145e3312000 JavaThread "Unconstrained build operations Thread 113" [_thread_blocked, id=8316, stack(0x00000031c2c00000,0x00000031c2d00000)]
  0x00000145e3310000 JavaThread "Unconstrained build operations Thread 114" [_thread_blocked, id=5752, stack(0x00000031c2d00000,0x00000031c2e00000)]
  0x00000145e330e000 JavaThread "Unconstrained build operations Thread 115" [_thread_blocked, id=13588, stack(0x00000031c2e00000,0x00000031c2f00000)]
  0x00000145e330e800 JavaThread "Unconstrained build operations Thread 116" [_thread_blocked, id=1672, stack(0x00000031c2f00000,0x00000031c3000000)]
  0x00000145e3850800 JavaThread "Unconstrained build operations Thread 117" [_thread_blocked, id=6588, stack(0x00000031c3000000,0x00000031c3100000)]
  0x00000145e3851800 JavaThread "Unconstrained build operations Thread 118" [_thread_blocked, id=6804, stack(0x00000031c3100000,0x00000031c3200000)]
  0x00000145e384f800 JavaThread "Unconstrained build operations Thread 119" [_thread_blocked, id=12972, stack(0x00000031c3200000,0x00000031c3300000)]
  0x00000145e3852000 JavaThread "Unconstrained build operations Thread 120" [_thread_blocked, id=7204, stack(0x00000031c3300000,0x00000031c3400000)]
  0x00000145e384f000 JavaThread "jar transforms Thread 6" [_thread_blocked, id=16360, stack(0x00000031c3400000,0x00000031c3500000)]
  0x00000145e3857000 JavaThread "jar transforms Thread 7" [_thread_blocked, id=5836, stack(0x00000031c3500000,0x00000031c3600000)]
  0x00000145e3856000 JavaThread "jar transforms Thread 8" [_thread_blocked, id=5480, stack(0x00000031c3600000,0x00000031c3700000)]
  0x00000145e3853000 JavaThread "jar transforms Thread 9" [_thread_blocked, id=2660, stack(0x00000031c3700000,0x00000031c3800000)]
  0x00000145e3854800 JavaThread "jar transforms Thread 10" [_thread_blocked, id=7364, stack(0x00000031c3800000,0x00000031c3900000)]
  0x00000145e3858800 JavaThread "jar transforms Thread 11" [_thread_blocked, id=5132, stack(0x00000031c3900000,0x00000031c3a00000)]
  0x00000145e3859800 JavaThread "jar transforms Thread 12" [_thread_blocked, id=2156, stack(0x00000031c3a00000,0x00000031c3b00000)]
  0x00000145e3858000 JavaThread "Memory manager" [_thread_blocked, id=6740, stack(0x00000031c3c00000,0x00000031c3d00000)]
  0x00000145e3854000 JavaThread "Cache worker for kotlin-dsl (C:\Users\Harsh Jethva\.gradle\caches\7.5\kotlin-dsl)" [_thread_blocked, id=5512, stack(0x00000031c3d00000,0x00000031c3e00000)]
  0x00000145ddc71800 JavaThread "C2 CompilerThread1" daemon [_thread_in_native, id=6356, stack(0x00000031c3e00000,0x00000031c3f00000)]
  0x00000145e385d800 JavaThread "included builds" [_thread_blocked, id=15696, stack(0x00000031c4000000,0x00000031c4100000)]
  0x00000145e385b000 JavaThread "Execution worker" [_thread_blocked, id=15300, stack(0x00000031c4100000,0x00000031c4200000)]
  0x00000145e385c000 JavaThread "Execution worker Thread 2" [_thread_blocked, id=15876, stack(0x00000031c4200000,0x00000031c4300000)]
  0x00000145e385d000 JavaThread "Execution worker Thread 3" [_thread_blocked, id=15192, stack(0x00000031c4300000,0x00000031c4400000)]
  0x00000145e63ca800 JavaThread "Execution worker Thread 4" [_thread_blocked, id=7584, stack(0x00000031c4400000,0x00000031c4500000)]
  0x00000145e63c9800 JavaThread "Execution worker Thread 5" [_thread_blocked, id=15860, stack(0x00000031c4500000,0x00000031c4600000)]
  0x00000145e63cd000 JavaThread "Execution worker Thread 6" [_thread_blocked, id=12156, stack(0x00000031c4600000,0x00000031c4700000)]
  0x00000145e63cb000 JavaThread "Execution worker Thread 7" [_thread_blocked, id=5320, stack(0x00000031c4700000,0x00000031c4800000)]
  0x00000145e63c7000 JavaThread "Execution worker Thread 8" [_thread_blocked, id=1564, stack(0x00000031c4800000,0x00000031c4900000)]
  0x00000145e63c8800 JavaThread "Execution worker Thread 9" [_thread_blocked, id=3212, stack(0x00000031c4900000,0x00000031c4a00000)]
  0x00000145e63cd800 JavaThread "Execution worker Thread 10" [_thread_blocked, id=11932, stack(0x00000031c4a00000,0x00000031c4b00000)]
  0x00000145e63cc000 JavaThread "Execution worker Thread 11" [_thread_blocked, id=10480, stack(0x00000031c4b00000,0x00000031c4c00000)]
  0x00000145e63c8000 JavaThread "Cache worker for execution history cache (H:\Flutter Projects\rku_bus_guide\android\.gradle\7.5\executionHistory)" [_thread_blocked, id=13620, stack(0x00000031c4c00000,0x00000031c4d00000)]
  0x00000145e63d2800 JavaThread "Exec process" [_thread_in_native, id=10220, stack(0x00000031c4d00000,0x00000031c4e00000)]
  0x00000145e63d4000 JavaThread "Exec process Thread 2" [_thread_in_native, id=332, stack(0x00000031c4e00000,0x00000031c4f00000)]
  0x00000145e63d3800 JavaThread "Exec process Thread 3" [_thread_in_native, id=2040, stack(0x00000031c4f00000,0x00000031c5000000)]

Other Threads:
  0x00000145dcaf5800 VMThread "VM Thread" [stack: 0x00000031b8700000,0x00000031b8800000] [id=11752]
  0x00000145dd619000 WatcherThread [stack: 0x00000031b9100000,0x00000031b9200000] [id=12260]
  0x00000145c354d000 GCTaskThread "GC Thread#0" [stack: 0x00000031b8200000,0x00000031b8300000] [id=4864]
  0x00000145ddff2800 GCTaskThread "GC Thread#1" [stack: 0x00000031b9400000,0x00000031b9500000] [id=7680]
  0x00000145de55c800 GCTaskThread "GC Thread#2" [stack: 0x00000031b9e00000,0x00000031b9f00000] [id=1532]
  0x00000145de55d000 GCTaskThread "GC Thread#3" [stack: 0x00000031b9f00000,0x00000031ba000000] [id=2896]
  0x00000145e0437800 GCTaskThread "GC Thread#4" [stack: 0x00000031ba000000,0x00000031ba100000] [id=12840]
  0x00000145e0438000 GCTaskThread "GC Thread#5" [stack: 0x00000031ba100000,0x00000031ba200000] [id=11316]
  0x00000145de863800 GCTaskThread "GC Thread#6" [stack: 0x00000031ba200000,0x00000031ba300000] [id=764]
  0x00000145de864000 GCTaskThread "GC Thread#7" [stack: 0x00000031ba300000,0x00000031ba400000] [id=9696]
  0x00000145e05dd800 GCTaskThread "GC Thread#8" [stack: 0x00000031ba400000,0x00000031ba500000] [id=10484]
  0x00000145e05de000 GCTaskThread "GC Thread#9" [stack: 0x00000031ba500000,0x00000031ba600000] [id=5788]
  0x00000145c3573800 ConcurrentGCThread "G1 Main Marker" [stack: 0x00000031b8300000,0x00000031b8400000] [id=12864]
  0x00000145c3576000 ConcurrentGCThread "G1 Conc#0" [stack: 0x00000031b8400000,0x00000031b8500000] [id=13768]
  0x00000145ddbea800 ConcurrentGCThread "G1 Conc#1" [stack: 0x00000031baa00000,0x00000031bab00000] [id=3600]
  0x00000145dfd7d000 ConcurrentGCThread "G1 Conc#2" [stack: 0x00000031bab00000,0x00000031bac00000] [id=15256]
  0x00000145dc961800 ConcurrentGCThread "G1 Refine#0" [stack: 0x00000031b8500000,0x00000031b8600000] [id=7740]
  0x00000145de3a1800 ConcurrentGCThread "G1 Refine#1" [stack: 0x00000031ba600000,0x00000031ba700000] [id=9168]
  0x00000145dc964000 ConcurrentGCThread "G1 Young RemSet Sampling" [stack: 0x00000031b8600000,0x00000031b8700000] [id=15248]

Threads with active compile tasks:
C2 CompilerThread0    51265 11805       4       org.gradle.internal.logging.text.AbstractLineChoppingStyledTextOutput$1::execute (9 bytes)
C2 CompilerThread1    51265 11802       4       org.gradle.internal.logging.text.AbstractLineChoppingStyledTextOutput::doAppend (43 bytes)

VM state:not at safepoint (normal execution)

VM Mutex/Monitor currently owned by a thread: None

Heap address: 0x00000000a0000000, size: 1536 MB, Compressed Oops mode: 32-bit
Narrow klass base: 0x0000000000000000, Narrow klass shift: 3
Compressed class space size: 1073741824 Address: 0x0000000100000000

Heap:
 garbage-first heap   total 175104K, used 143958K [0x00000000a0000000, 0x0000000100000000)
  region size 1024K, 17 young (17408K), 1 survivors (1024K)
 Metaspace       used 92617K, capacity 96041K, committed 96208K, reserved 1132544K
  class space    used 12153K, capacity 13303K, committed 13388K, reserved 1048576K
Heap Regions: E=young(eden), S=young(survivor), O=old, HS=humongous(starts), HC=humongous(continues), CS=collection set, F=free, A=archive, TAMS=top-at-mark-start (previous, next)
|   0|0x00000000a0000000, 0x00000000a0100000, 0x00000000a0100000|100%| O|  |TAMS 0x00000000a0100000, 0x00000000a0000000| Untracked 
|   1|0x00000000a0100000, 0x00000000a0200000, 0x00000000a0200000|100%| O|  |TAMS 0x00000000a0200000, 0x00000000a0100000| Untracked 
|   2|0x00000000a0200000, 0x00000000a0300000, 0x00000000a0300000|100%| O|  |TAMS 0x00000000a0300000, 0x00000000a0200000| Untracked 
|   3|0x00000000a0300000, 0x00000000a0400000, 0x00000000a0400000|100%|HS|  |TAMS 0x00000000a0400000, 0x00000000a0300000| Complete 
|   4|0x00000000a0400000, 0x00000000a0500000, 0x00000000a0500000|100%|HC|  |TAMS 0x00000000a0500000, 0x00000000a0400000| Complete 
|   5|0x00000000a0500000, 0x00000000a0600000, 0x00000000a0600000|100%|HC|  |TAMS 0x00000000a0600000, 0x00000000a0500000| Complete 
|   6|0x00000000a0600000, 0x00000000a0700000, 0x00000000a0700000|100%| O|  |TAMS 0x00000000a0700000, 0x00000000a0600000| Untracked 
|   7|0x00000000a0700000, 0x00000000a0800000, 0x00000000a0800000|100%| O|  |TAMS 0x00000000a0800000, 0x00000000a0700000| Untracked 
|   8|0x00000000a0800000, 0x00000000a0900000, 0x00000000a0900000|100%| O|  |TAMS 0x00000000a0900000, 0x00000000a0800000| Untracked 
|   9|0x00000000a0900000, 0x00000000a0a00000, 0x00000000a0a00000|100%| O|  |TAMS 0x00000000a0a00000, 0x00000000a0900000| Untracked 
|  10|0x00000000a0a00000, 0x00000000a0b00000, 0x00000000a0b00000|100%| O|  |TAMS 0x00000000a0b00000, 0x00000000a0a00000| Untracked 
|  11|0x00000000a0b00000, 0x00000000a0c00000, 0x00000000a0c00000|100%| O|  |TAMS 0x00000000a0c00000, 0x00000000a0b00000| Untracked 
|  12|0x00000000a0c00000, 0x00000000a0d00000, 0x00000000a0d00000|100%| O|  |TAMS 0x00000000a0d00000, 0x00000000a0c00000| Untracked 
|  13|0x00000000a0d00000, 0x00000000a0e00000, 0x00000000a0e00000|100%| O|  |TAMS 0x00000000a0e00000, 0x00000000a0d00000| Untracked 
|  14|0x00000000a0e00000, 0x00000000a0f00000, 0x00000000a0f00000|100%| O|  |TAMS 0x00000000a0f00000, 0x00000000a0e00000| Untracked 
|  15|0x00000000a0f00000, 0x00000000a1000000, 0x00000000a1000000|100%| O|  |TAMS 0x00000000a1000000, 0x00000000a0f00000| Untracked 
|  16|0x00000000a1000000, 0x00000000a1100000, 0x00000000a1100000|100%| O|  |TAMS 0x00000000a1100000, 0x00000000a1000000| Untracked 
|  17|0x00000000a1100000, 0x00000000a1200000, 0x00000000a1200000|100%| O|  |TAMS 0x00000000a1200000, 0x00000000a1100000| Untracked 
|  18|0x00000000a1200000, 0x00000000a1300000, 0x00000000a1300000|100%| O|  |TAMS 0x00000000a1300000, 0x00000000a1200000| Untracked 
|  19|0x00000000a1300000, 0x00000000a1400000, 0x00000000a1400000|100%| O|  |TAMS 0x00000000a1400000, 0x00000000a1300000| Untracked 
|  20|0x00000000a1400000, 0x00000000a1500000, 0x00000000a1500000|100%| O|  |TAMS 0x00000000a1500000, 0x00000000a1400000| Untracked 
|  21|0x00000000a1500000, 0x00000000a1600000, 0x00000000a1600000|100%| O|  |TAMS 0x00000000a1600000, 0x00000000a1500000| Untracked 
|  22|0x00000000a1600000, 0x00000000a1700000, 0x00000000a1700000|100%| O|  |TAMS 0x00000000a1700000, 0x00000000a1600000| Untracked 
|  23|0x00000000a1700000, 0x00000000a1800000, 0x00000000a1800000|100%| O|  |TAMS 0x00000000a1800000, 0x00000000a1700000| Untracked 
|  24|0x00000000a1800000, 0x00000000a1900000, 0x00000000a1900000|100%| O|  |TAMS 0x00000000a1900000, 0x00000000a1800000| Untracked 
|  25|0x00000000a1900000, 0x00000000a1a00000, 0x00000000a1a00000|100%| O|  |TAMS 0x00000000a1a00000, 0x00000000a1900000| Untracked 
|  26|0x00000000a1a00000, 0x00000000a1b00000, 0x00000000a1b00000|100%| O|  |TAMS 0x00000000a1b00000, 0x00000000a1a00000| Untracked 
|  27|0x00000000a1b00000, 0x00000000a1c00000, 0x00000000a1c00000|100%|HS|  |TAMS 0x00000000a1c00000, 0x00000000a1b00000| Complete 
|  28|0x00000000a1c00000, 0x00000000a1d00000, 0x00000000a1d00000|100%|HS|  |TAMS 0x00000000a1d00000, 0x00000000a1c00000| Complete 
|  29|0x00000000a1d00000, 0x00000000a1e00000, 0x00000000a1e00000|100%|HS|  |TAMS 0x00000000a1e00000, 0x00000000a1d00000| Complete 
|  30|0x00000000a1e00000, 0x00000000a1f00000, 0x00000000a1f00000|100%|HS|  |TAMS 0x00000000a1f00000, 0x00000000a1e00000| Complete 
|  31|0x00000000a1f00000, 0x00000000a2000000, 0x00000000a2000000|100%|HC|  |TAMS 0x00000000a2000000, 0x00000000a1f00000| Complete 
|  32|0x00000000a2000000, 0x00000000a2100000, 0x00000000a2100000|100%|HC|  |TAMS 0x00000000a2100000, 0x00000000a2000000| Complete 
|  33|0x00000000a2100000, 0x00000000a2200000, 0x00000000a2200000|100%|HS|  |TAMS 0x00000000a2200000, 0x00000000a2100000| Complete 
|  34|0x00000000a2200000, 0x00000000a2300000, 0x00000000a2300000|100%|HC|  |TAMS 0x00000000a2300000, 0x00000000a2200000| Complete 
|  35|0x00000000a2300000, 0x00000000a2400000, 0x00000000a2400000|100%| O|  |TAMS 0x00000000a2400000, 0x00000000a2300000| Untracked 
|  36|0x00000000a2400000, 0x00000000a2500000, 0x00000000a2500000|100%| O|  |TAMS 0x00000000a2500000, 0x00000000a2400000| Untracked 
|  37|0x00000000a2500000, 0x00000000a2600000, 0x00000000a2600000|100%| O|  |TAMS 0x00000000a2600000, 0x00000000a2500000| Untracked 
|  38|0x00000000a2600000, 0x00000000a2700000, 0x00000000a2700000|100%| O|  |TAMS 0x00000000a2700000, 0x00000000a2600000| Untracked 
|  39|0x00000000a2700000, 0x00000000a2800000, 0x00000000a2800000|100%| O|  |TAMS 0x00000000a2800000, 0x00000000a2700000| Untracked 
|  40|0x00000000a2800000, 0x00000000a2900000, 0x00000000a2900000|100%| O|  |TAMS 0x00000000a2900000, 0x00000000a2800000| Untracked 
|  41|0x00000000a2900000, 0x00000000a2a00000, 0x00000000a2a00000|100%| O|  |TAMS 0x00000000a2a00000, 0x00000000a2900000| Untracked 
|  42|0x00000000a2a00000, 0x00000000a2b00000, 0x00000000a2b00000|100%| O|  |TAMS 0x00000000a2b00000, 0x00000000a2a00000| Untracked 
|  43|0x00000000a2b00000, 0x00000000a2c00000, 0x00000000a2c00000|100%| O|  |TAMS 0x00000000a2c00000, 0x00000000a2b00000| Untracked 
|  44|0x00000000a2c00000, 0x00000000a2d00000, 0x00000000a2d00000|100%| O|  |TAMS 0x00000000a2d00000, 0x00000000a2c00000| Untracked 
|  45|0x00000000a2d00000, 0x00000000a2e00000, 0x00000000a2e00000|100%| O|  |TAMS 0x00000000a2e00000, 0x00000000a2d00000| Untracked 
|  46|0x00000000a2e00000, 0x00000000a2f00000, 0x00000000a2f00000|100%| O|  |TAMS 0x00000000a2f00000, 0x00000000a2e00000| Untracked 
|  47|0x00000000a2f00000, 0x00000000a3000000, 0x00000000a3000000|100%| O|  |TAMS 0x00000000a3000000, 0x00000000a2f00000| Untracked 
|  48|0x00000000a3000000, 0x00000000a3100000, 0x00000000a3100000|100%| O|  |TAMS 0x00000000a3100000, 0x00000000a3000000| Untracked 
|  49|0x00000000a3100000, 0x00000000a3200000, 0x00000000a3200000|100%| O|  |TAMS 0x00000000a3200000, 0x00000000a3100000| Untracked 
|  50|0x00000000a3200000, 0x00000000a3300000, 0x00000000a3300000|100%| O|  |TAMS 0x00000000a3300000, 0x00000000a3200000| Untracked 
|  51|0x00000000a3300000, 0x00000000a3400000, 0x00000000a3400000|100%| O|  |TAMS 0x00000000a3400000, 0x00000000a3300000| Untracked 
|  52|0x00000000a3400000, 0x00000000a3500000, 0x00000000a3500000|100%| O|  |TAMS 0x00000000a3500000, 0x00000000a3400000| Untracked 
|  53|0x00000000a3500000, 0x00000000a3600000, 0x00000000a3600000|100%| O|  |TAMS 0x00000000a3600000, 0x00000000a3500000| Untracked 
|  54|0x00000000a3600000, 0x00000000a3700000, 0x00000000a3700000|100%| O|  |TAMS 0x00000000a3700000, 0x00000000a3600000| Untracked 
|  55|0x00000000a3700000, 0x00000000a3800000, 0x00000000a3800000|100%| O|  |TAMS 0x00000000a3800000, 0x00000000a3700000| Untracked 
|  56|0x00000000a3800000, 0x00000000a3900000, 0x00000000a3900000|100%| O|  |TAMS 0x00000000a3900000, 0x00000000a3800000| Untracked 
|  57|0x00000000a3900000, 0x00000000a3a00000, 0x00000000a3a00000|100%| O|  |TAMS 0x00000000a3a00000, 0x00000000a3900000| Untracked 
|  58|0x00000000a3a00000, 0x00000000a3b00000, 0x00000000a3b00000|100%| O|  |TAMS 0x00000000a3b00000, 0x00000000a3a00000| Untracked 
|  59|0x00000000a3b00000, 0x00000000a3c00000, 0x00000000a3c00000|100%|HS|  |TAMS 0x00000000a3c00000, 0x00000000a3b00000| Complete 
|  60|0x00000000a3c00000, 0x00000000a3d00000, 0x00000000a3d00000|100%|HS|  |TAMS 0x00000000a3d00000, 0x00000000a3c00000| Complete 
|  61|0x00000000a3d00000, 0x00000000a3e00000, 0x00000000a3e00000|100%| O|  |TAMS 0x00000000a3e00000, 0x00000000a3d00000| Untracked 
|  62|0x00000000a3e00000, 0x00000000a3f00000, 0x00000000a3f00000|100%| O|  |TAMS 0x00000000a3f00000, 0x00000000a3e00000| Untracked 
|  63|0x00000000a3f00000, 0x00000000a4000000, 0x00000000a4000000|100%| O|  |TAMS 0x00000000a4000000, 0x00000000a3f00000| Untracked 
|  64|0x00000000a4000000, 0x00000000a4100000, 0x00000000a4100000|100%| O|  |TAMS 0x00000000a4100000, 0x00000000a4000000| Untracked 
|  65|0x00000000a4100000, 0x00000000a4200000, 0x00000000a4200000|100%| O|  |TAMS 0x00000000a4200000, 0x00000000a4100000| Untracked 
|  66|0x00000000a4200000, 0x00000000a4300000, 0x00000000a4300000|100%| O|  |TAMS 0x00000000a4300000, 0x00000000a4200000| Untracked 
|  67|0x00000000a4300000, 0x00000000a4400000, 0x00000000a4400000|100%| O|  |TAMS 0x00000000a4400000, 0x00000000a4300000| Untracked 
|  68|0x00000000a4400000, 0x00000000a4500000, 0x00000000a4500000|100%| O|  |TAMS 0x00000000a4500000, 0x00000000a4400000| Untracked 
|  69|0x00000000a4500000, 0x00000000a4600000, 0x00000000a4600000|100%| O|  |TAMS 0x00000000a4600000, 0x00000000a4500000| Untracked 
|  70|0x00000000a4600000, 0x00000000a4700000, 0x00000000a4700000|100%| O|  |TAMS 0x00000000a4700000, 0x00000000a4600000| Untracked 
|  71|0x00000000a4700000, 0x00000000a4800000, 0x00000000a4800000|100%| O|  |TAMS 0x00000000a4800000, 0x00000000a4700000| Untracked 
|  72|0x00000000a4800000, 0x00000000a4900000, 0x00000000a4900000|100%| O|  |TAMS 0x00000000a4900000, 0x00000000a4800000| Untracked 
|  73|0x00000000a4900000, 0x00000000a4a00000, 0x00000000a4a00000|100%| O|  |TAMS 0x00000000a4a00000, 0x00000000a4900000| Untracked 
|  74|0x00000000a4a00000, 0x00000000a4b00000, 0x00000000a4b00000|100%| O|  |TAMS 0x00000000a4b00000, 0x00000000a4a00000| Untracked 
|  75|0x00000000a4b00000, 0x00000000a4c00000, 0x00000000a4c00000|100%| O|  |TAMS 0x00000000a4c00000, 0x00000000a4b00000| Untracked 
|  76|0x00000000a4c00000, 0x00000000a4d00000, 0x00000000a4d00000|100%| O|  |TAMS 0x00000000a4d00000, 0x00000000a4c00000| Untracked 
|  77|0x00000000a4d00000, 0x00000000a4e00000, 0x00000000a4e00000|100%| O|  |TAMS 0x00000000a4e00000, 0x00000000a4d00000| Untracked 
|  78|0x00000000a4e00000, 0x00000000a4f00000, 0x00000000a4f00000|100%| O|  |TAMS 0x00000000a4f00000, 0x00000000a4e00000| Untracked 
|  79|0x00000000a4f00000, 0x00000000a5000000, 0x00000000a5000000|100%|HS|  |TAMS 0x00000000a5000000, 0x00000000a4f00000| Complete 
|  80|0x00000000a5000000, 0x00000000a5100000, 0x00000000a5100000|100%| O|  |TAMS 0x00000000a5100000, 0x00000000a5000000| Untracked 
|  81|0x00000000a5100000, 0x00000000a5200000, 0x00000000a5200000|100%| O|  |TAMS 0x00000000a5200000, 0x00000000a5100000| Untracked 
|  82|0x00000000a5200000, 0x00000000a5300000, 0x00000000a5300000|100%|HS|  |TAMS 0x00000000a5300000, 0x00000000a5200000| Complete 
|  83|0x00000000a5300000, 0x00000000a5400000, 0x00000000a5400000|100%| O|  |TAMS 0x00000000a5400000, 0x00000000a5300000| Untracked 
|  84|0x00000000a5400000, 0x00000000a5500000, 0x00000000a5500000|100%| O|  |TAMS 0x00000000a5500000, 0x00000000a5400000| Untracked 
|  85|0x00000000a5500000, 0x00000000a5600000, 0x00000000a5600000|100%| O|  |TAMS 0x00000000a5600000, 0x00000000a5500000| Untracked 
|  86|0x00000000a5600000, 0x00000000a5700000, 0x00000000a5700000|100%| O|  |TAMS 0x00000000a5700000, 0x00000000a5600000| Untracked 
|  87|0x00000000a5700000, 0x00000000a5800000, 0x00000000a5800000|100%| O|  |TAMS 0x00000000a5800000, 0x00000000a5700000| Untracked 
|  88|0x00000000a5800000, 0x00000000a5900000, 0x00000000a5900000|100%| O|  |TAMS 0x00000000a5900000, 0x00000000a5800000| Untracked 
|  89|0x00000000a5900000, 0x00000000a5a00000, 0x00000000a5a00000|100%| O|  |TAMS 0x00000000a5a00000, 0x00000000a5900000| Untracked 
|  90|0x00000000a5a00000, 0x00000000a5b00000, 0x00000000a5b00000|100%|HS|  |TAMS 0x00000000a5b00000, 0x00000000a5a00000| Complete 
|  91|0x00000000a5b00000, 0x00000000a5c00000, 0x00000000a5c00000|100%|HC|  |TAMS 0x00000000a5c00000, 0x00000000a5b00000| Complete 
|  92|0x00000000a5c00000, 0x00000000a5d00000, 0x00000000a5d00000|100%| O|  |TAMS 0x00000000a5d00000, 0x00000000a5c00000| Untracked 
|  93|0x00000000a5d00000, 0x00000000a5e00000, 0x00000000a5e00000|100%| O|  |TAMS 0x00000000a5e00000, 0x00000000a5d00000| Untracked 
|  94|0x00000000a5e00000, 0x00000000a5f00000, 0x00000000a5f00000|100%| O|  |TAMS 0x00000000a5f00000, 0x00000000a5e00000| Untracked 
|  95|0x00000000a5f00000, 0x00000000a6000000, 0x00000000a6000000|100%| O|  |TAMS 0x00000000a6000000, 0x00000000a5f00000| Untracked 
|  96|0x00000000a6000000, 0x00000000a6100000, 0x00000000a6100000|100%| O|  |TAMS 0x00000000a6100000, 0x00000000a6000000| Untracked 
|  97|0x00000000a6100000, 0x00000000a6200000, 0x00000000a6200000|100%| O|  |TAMS 0x00000000a6200000, 0x00000000a6100000| Untracked 
|  98|0x00000000a6200000, 0x00000000a6300000, 0x00000000a6300000|100%| O|  |TAMS 0x00000000a6300000, 0x00000000a6200000| Untracked 
|  99|0x00000000a6300000, 0x00000000a6400000, 0x00000000a6400000|100%| O|  |TAMS 0x00000000a6400000, 0x00000000a6300000| Untracked 
| 100|0x00000000a6400000, 0x00000000a6500000, 0x00000000a6500000|100%| O|  |TAMS 0x00000000a6500000, 0x00000000a6400000| Untracked 
| 101|0x00000000a6500000, 0x00000000a6600000, 0x00000000a6600000|100%|HS|  |TAMS 0x00000000a6600000, 0x00000000a6500000| Complete 
| 102|0x00000000a6600000, 0x00000000a6700000, 0x00000000a6700000|100%| O|  |TAMS 0x00000000a6700000, 0x00000000a6600000| Untracked 
| 103|0x00000000a6700000, 0x00000000a6800000, 0x00000000a6800000|100%| O|  |TAMS 0x00000000a6800000, 0x00000000a6700000| Untracked 
| 104|0x00000000a6800000, 0x00000000a6900000, 0x00000000a6900000|100%| O|  |TAMS 0x00000000a6900000, 0x00000000a6800000| Untracked 
| 105|0x00000000a6900000, 0x00000000a6a00000, 0x00000000a6a00000|100%| O|  |TAMS 0x00000000a6a00000, 0x00000000a6900000| Untracked 
| 106|0x00000000a6a00000, 0x00000000a6b00000, 0x00000000a6b00000|100%| O|  |TAMS 0x00000000a6b00000, 0x00000000a6a00000| Untracked 
| 107|0x00000000a6b00000, 0x00000000a6c00000, 0x00000000a6c00000|100%| O|  |TAMS 0x00000000a6c00000, 0x00000000a6b00000| Untracked 
| 108|0x00000000a6c00000, 0x00000000a6d00000, 0x00000000a6d00000|100%| O|  |TAMS 0x00000000a6d00000, 0x00000000a6c00000| Untracked 
| 109|0x00000000a6d00000, 0x00000000a6e00000, 0x00000000a6e00000|100%| O|  |TAMS 0x00000000a6e00000, 0x00000000a6d00000| Untracked 
| 110|0x00000000a6e00000, 0x00000000a6f00000, 0x00000000a6f00000|100%| O|  |TAMS 0x00000000a6f00000, 0x00000000a6e00000| Untracked 
| 111|0x00000000a6f00000, 0x00000000a7000000, 0x00000000a7000000|100%| O|  |TAMS 0x00000000a7000000, 0x00000000a6f00000| Untracked 
| 112|0x00000000a7000000, 0x00000000a7100000, 0x00000000a7100000|100%| O|  |TAMS 0x00000000a7100000, 0x00000000a7000000| Untracked 
| 113|0x00000000a7100000, 0x00000000a7200000, 0x00000000a7200000|100%| O|  |TAMS 0x00000000a7200000, 0x00000000a7100000| Untracked 
| 114|0x00000000a7200000, 0x00000000a7300000, 0x00000000a7300000|100%| O|  |TAMS 0x00000000a7300000, 0x00000000a7200000| Untracked 
| 115|0x00000000a7300000, 0x00000000a7400000, 0x00000000a7400000|100%| O|  |TAMS 0x00000000a7400000, 0x00000000a7300000| Untracked 
| 116|0x00000000a7400000, 0x00000000a7500000, 0x00000000a7500000|100%| O|  |TAMS 0x00000000a7500000, 0x00000000a7400000| Untracked 
| 117|0x00000000a7500000, 0x00000000a7600000, 0x00000000a7600000|100%| O|  |TAMS 0x00000000a7600000, 0x00000000a7500000| Untracked 
| 118|0x00000000a7600000, 0x00000000a7700000, 0x00000000a7700000|100%| O|  |TAMS 0x00000000a7700000, 0x00000000a7600000| Untracked 
| 119|0x00000000a7700000, 0x00000000a7800000, 0x00000000a7800000|100%| O|  |TAMS 0x00000000a7800000, 0x00000000a7700000| Untracked 
| 120|0x00000000a7800000, 0x00000000a7900000, 0x00000000a7900000|100%| O|  |TAMS 0x00000000a7900000, 0x00000000a7800000| Untracked 
| 121|0x00000000a7900000, 0x00000000a7a00000, 0x00000000a7a00000|100%| O|  |TAMS 0x00000000a7a00000, 0x00000000a7900000| Untracked 
| 122|0x00000000a7a00000, 0x00000000a7b00000, 0x00000000a7b00000|100%| O|  |TAMS 0x00000000a7a8de00, 0x00000000a7a00000| Untracked 
| 123|0x00000000a7b00000, 0x00000000a7c00000, 0x00000000a7c00000|100%| O|  |TAMS 0x00000000a7b00000, 0x00000000a7b00000| Untracked 
| 124|0x00000000a7c00000, 0x00000000a7cb4000, 0x00000000a7d00000| 70%| O|  |TAMS 0x00000000a7c00000, 0x00000000a7c00000| Untracked 
| 125|0x00000000a7d00000, 0x00000000a7d00000, 0x00000000a7e00000|  0%| F|  |TAMS 0x00000000a7d00000, 0x00000000a7d00000| Untracked 
| 126|0x00000000a7e00000, 0x00000000a7e00000, 0x00000000a7f00000|  0%| F|  |TAMS 0x00000000a7e00000, 0x00000000a7e00000| Untracked 
| 127|0x00000000a7f00000, 0x00000000a7f00000, 0x00000000a8000000|  0%| F|  |TAMS 0x00000000a7f00000, 0x00000000a7f00000| Untracked 
| 128|0x00000000a8000000, 0x00000000a8000000, 0x00000000a8100000|  0%| F|  |TAMS 0x00000000a8000000, 0x00000000a8000000| Untracked 
| 129|0x00000000a8100000, 0x00000000a8100000, 0x00000000a8200000|  0%| F|  |TAMS 0x00000000a8100000, 0x00000000a8100000| Untracked 
| 130|0x00000000a8200000, 0x00000000a8200000, 0x00000000a8300000|  0%| F|  |TAMS 0x00000000a8200000, 0x00000000a8200000| Untracked 
| 131|0x00000000a8300000, 0x00000000a8300000, 0x00000000a8400000|  0%| F|  |TAMS 0x00000000a8300000, 0x00000000a8300000| Untracked 
| 132|0x00000000a8400000, 0x00000000a8400000, 0x00000000a8500000|  0%| F|  |TAMS 0x00000000a8400000, 0x00000000a8400000| Untracked 
| 133|0x00000000a8500000, 0x00000000a8500000, 0x00000000a8600000|  0%| F|  |TAMS 0x00000000a8500000, 0x00000000a8500000| Untracked 
| 134|0x00000000a8600000, 0x00000000a8600000, 0x00000000a8700000|  0%| F|  |TAMS 0x00000000a8600000, 0x00000000a8600000| Untracked 
| 135|0x00000000a8700000, 0x00000000a8700000, 0x00000000a8800000|  0%| F|  |TAMS 0x00000000a8700000, 0x00000000a8700000| Untracked 
| 136|0x00000000a8800000, 0x00000000a8800000, 0x00000000a8900000|  0%| F|  |TAMS 0x00000000a8800000, 0x00000000a8800000| Untracked 
| 137|0x00000000a8900000, 0x00000000a8900000, 0x00000000a8a00000|  0%| F|  |TAMS 0x00000000a8900000, 0x00000000a8900000| Untracked 
| 138|0x00000000a8a00000, 0x00000000a8a00000, 0x00000000a8b00000|  0%| F|  |TAMS 0x00000000a8a00000, 0x00000000a8a00000| Untracked 
| 139|0x00000000a8b00000, 0x00000000a8b00000, 0x00000000a8c00000|  0%| F|  |TAMS 0x00000000a8b00000, 0x00000000a8b00000| Untracked 
| 140|0x00000000a8c00000, 0x00000000a8c00000, 0x00000000a8d00000|  0%| F|  |TAMS 0x00000000a8c00000, 0x00000000a8c00000| Untracked 
| 141|0x00000000a8d00000, 0x00000000a8d00000, 0x00000000a8e00000|  0%| F|  |TAMS 0x00000000a8d00000, 0x00000000a8d00000| Untracked 
| 142|0x00000000a8e00000, 0x00000000a8e00000, 0x00000000a8f00000|  0%| F|  |TAMS 0x00000000a8e00000, 0x00000000a8e00000| Untracked 
| 143|0x00000000a8f00000, 0x00000000a8f00000, 0x00000000a9000000|  0%| F|  |TAMS 0x00000000a8f00000, 0x00000000a8f00000| Untracked 
| 144|0x00000000a9000000, 0x00000000a9000000, 0x00000000a9100000|  0%| F|  |TAMS 0x00000000a9000000, 0x00000000a9000000| Untracked 
| 145|0x00000000a9100000, 0x00000000a9100000, 0x00000000a9200000|  0%| F|  |TAMS 0x00000000a9100000, 0x00000000a9100000| Untracked 
| 146|0x00000000a9200000, 0x00000000a9200000, 0x00000000a9300000|  0%| F|  |TAMS 0x00000000a9200000, 0x00000000a9200000| Untracked 
| 147|0x00000000a9300000, 0x00000000a9300000, 0x00000000a9400000|  0%| F|  |TAMS 0x00000000a9300000, 0x00000000a9300000| Untracked 
| 148|0x00000000a9400000, 0x00000000a9400000, 0x00000000a9500000|  0%| F|  |TAMS 0x00000000a9400000, 0x00000000a9400000| Untracked 
| 149|0x00000000a9500000, 0x00000000a9500000, 0x00000000a9600000|  0%| F|  |TAMS 0x00000000a9500000, 0x00000000a9500000| Untracked 
| 150|0x00000000a9600000, 0x00000000a9600000, 0x00000000a9700000|  0%| F|  |TAMS 0x00000000a9600000, 0x00000000a9600000| Untracked 
| 151|0x00000000a9700000, 0x00000000a9700000, 0x00000000a9800000|  0%| F|  |TAMS 0x00000000a9700000, 0x00000000a9700000| Untracked 
| 152|0x00000000a9800000, 0x00000000a98e1960, 0x00000000a9900000| 88%| S|CS|TAMS 0x00000000a9800000, 0x00000000a9800000| Complete 
| 153|0x00000000a9900000, 0x00000000a9900000, 0x00000000a9a00000|  0%| F|  |TAMS 0x00000000a9900000, 0x00000000a9900000| Untracked 
| 154|0x00000000a9a00000, 0x00000000a9a00000, 0x00000000a9b00000|  0%| F|  |TAMS 0x00000000a9a00000, 0x00000000a9a00000| Untracked 
| 155|0x00000000a9b00000, 0x00000000a9b52aa0, 0x00000000a9c00000| 32%| E|  |TAMS 0x00000000a9b00000, 0x00000000a9b00000| Complete 
| 156|0x00000000a9c00000, 0x00000000a9d00000, 0x00000000a9d00000|100%| E|CS|TAMS 0x00000000a9c00000, 0x00000000a9c00000| Complete 
| 157|0x00000000a9d00000, 0x00000000a9e00000, 0x00000000a9e00000|100%| E|CS|TAMS 0x00000000a9d00000, 0x00000000a9d00000| Complete 
| 158|0x00000000a9e00000, 0x00000000a9f00000, 0x00000000a9f00000|100%| E|CS|TAMS 0x00000000a9e00000, 0x00000000a9e00000| Complete 
| 159|0x00000000a9f00000, 0x00000000aa000000, 0x00000000aa000000|100%| E|CS|TAMS 0x00000000a9f00000, 0x00000000a9f00000| Complete 
| 160|0x00000000aa000000, 0x00000000aa100000, 0x00000000aa100000|100%| E|CS|TAMS 0x00000000aa000000, 0x00000000aa000000| Complete 
| 161|0x00000000aa100000, 0x00000000aa200000, 0x00000000aa200000|100%| E|CS|TAMS 0x00000000aa100000, 0x00000000aa100000| Complete 
| 162|0x00000000aa200000, 0x00000000aa300000, 0x00000000aa300000|100%| E|CS|TAMS 0x00000000aa200000, 0x00000000aa200000| Complete 
| 163|0x00000000aa300000, 0x00000000aa400000, 0x00000000aa400000|100%| E|CS|TAMS 0x00000000aa300000, 0x00000000aa300000| Complete 
| 164|0x00000000aa400000, 0x00000000aa500000, 0x00000000aa500000|100%| E|CS|TAMS 0x00000000aa400000, 0x00000000aa400000| Complete 
| 165|0x00000000aa500000, 0x00000000aa600000, 0x00000000aa600000|100%| E|CS|TAMS 0x00000000aa500000, 0x00000000aa500000| Complete 
| 166|0x00000000aa600000, 0x00000000aa700000, 0x00000000aa700000|100%| E|CS|TAMS 0x00000000aa600000, 0x00000000aa600000| Complete 
| 167|0x00000000aa700000, 0x00000000aa800000, 0x00000000aa800000|100%| E|CS|TAMS 0x00000000aa700000, 0x00000000aa700000| Complete 
| 168|0x00000000aa800000, 0x00000000aa900000, 0x00000000aa900000|100%| E|CS|TAMS 0x00000000aa800000, 0x00000000aa800000| Complete 
| 169|0x00000000aa900000, 0x00000000aaa00000, 0x00000000aaa00000|100%| E|CS|TAMS 0x00000000aa900000, 0x00000000aa900000| Complete 
| 170|0x00000000aaa00000, 0x00000000aab00000, 0x00000000aab00000|100%| E|CS|TAMS 0x00000000aaa00000, 0x00000000aaa00000| Complete 

Card table byte_map: [0x00000145d68a0000,0x00000145d6ba0000] _byte_map_base: 0x00000145d63a0000

Marking Bits (Prev, Next): (CMBitMap*) 0x00000145c356cdd0, (CMBitMap*) 0x00000145c356cd98
 Prev Bits: [0x00000145d86a0000, 0x00000145d9ea0000)
 Next Bits: [0x00000145d6ea0000, 0x00000145d86a0000)

Polling page: 0x00000145c1520000

Metaspace:

Usage:
  Non-class:     80.80 MB capacity,    78.58 MB ( 97%) used,     1.94 MB (  2%) free+waste,   286.19 KB ( <1%) overhead. 
      Class:     12.99 MB capacity,    11.87 MB ( 91%) used,  1015.87 KB (  8%) free+waste,   133.31 KB (  1%) overhead. 
       Both:     93.79 MB capacity,    90.45 MB ( 96%) used,     2.93 MB (  3%) free+waste,   419.50 KB ( <1%) overhead. 

Virtual space:
  Non-class space:       82.00 MB reserved,      80.88 MB ( 99%) committed 
      Class space:        1.00 GB reserved,      13.07 MB (  1%) committed 
             Both:        1.08 GB reserved,      93.95 MB (  8%) committed 

Chunk freelists:
   Non-Class:  18.00 KB
       Class:  9.00 KB
        Both:  27.00 KB

MaxMetaspaceSize: 17179869184.00 GB
CompressedClassSpaceSize: 1.00 GB
Initial GC threshold: 20.80 MB
Current GC threshold: 155.55 MB
CDS: off

CodeHeap 'non-profiled nmethods': size=120000Kb used=8023Kb max_used=8023Kb free=111976Kb
 bounds [0x00000145ceb20000, 0x00000145cf300000, 0x00000145d6050000]
CodeHeap 'profiled nmethods': size=120000Kb used=25458Kb max_used=25458Kb free=94541Kb
 bounds [0x00000145c75f0000, 0x00000145c8ed0000, 0x00000145ceb20000]
CodeHeap 'non-nmethods': size=5760Kb used=2375Kb max_used=2432Kb free=3384Kb
 bounds [0x00000145c7050000, 0x00000145c72c0000, 0x00000145c75f0000]
 total_blobs=12622 nmethods=11724 adapters=810
 compilation: enabled
              stopped_count=0, restarted_count=0
 full_count=0

Compilation events (20 events):
Event: 51.198 Thread 0x00000145ddc71800 11802       4       org.gradle.internal.logging.text.AbstractLineChoppingStyledTextOutput::doAppend (43 bytes)
Event: 51.198 Thread 0x00000145dcb3e000 11803       4       org.gradle.internal.logging.text.AbstractLineChoppingStyledTextOutput$StateContext::hasChar (25 bytes)
Event: 51.198 Thread 0x00000145dcb41800 11804       3       java.util.concurrent.ConcurrentHashMap::containsKey (14 bytes)
Event: 51.199 Thread 0x00000145dcb41800 nmethod 11804 0x00000145c8ec9d90 code [0x00000145c8ec9f40, 0x00000145c8eca0c8]
Event: 51.199 Thread 0x00000145dcb41800 11809       3       org.gradle.internal.logging.text.AbstractStyledTextOutput::style (20 bytes)
Event: 51.200 Thread 0x00000145dcb3e000 nmethod 11803 0x00000145cf2f2e10 code [0x00000145cf2f2fa0, 0x00000145cf2f3038]
Event: 51.200 Thread 0x00000145dcb41800 nmethod 11809 0x00000145c8eca190 code [0x00000145c8eca360, 0x00000145c8eca5c8]
Event: 51.200 Thread 0x00000145dcb3e000 11805       4       org.gradle.internal.logging.text.AbstractLineChoppingStyledTextOutput$1::execute (9 bytes)
Event: 51.200 Thread 0x00000145dcb41800 11808       1       org.gradle.internal.logging.events.RenderableOutputEvent::getBuildOperationId (5 bytes)
Event: 51.200 Thread 0x00000145dcb41800 nmethod 11808 0x00000145cf2f3110 code [0x00000145cf2f32c0, 0x00000145cf2f3378]
Event: 51.200 Thread 0x00000145dcb41800 11810       3       org.gradle.internal.io.LineBufferingOutputStream::write (59 bytes)
Event: 51.203 Thread 0x00000145dcb41800 nmethod 11810 0x00000145c8eca690 code [0x00000145c8eca960, 0x00000145c8ecb718]
Event: 51.203 Thread 0x00000145dcb41800 11814       3       org.gradle.internal.io.LineBufferingOutputStream::endsWithLineSeparator (27 bytes)
Event: 51.203 Thread 0x00000145dcb41800 nmethod 11814 0x00000145c8ecbc90 code [0x00000145c8ecbe40, 0x00000145c8ecbfd8]
Event: 51.203 Thread 0x00000145dcb41800 11812       3       org.gradle.internal.io.StreamByteBuffer$StreamByteBufferOutputStream::write (22 bytes)
Event: 51.204 Thread 0x00000145dcb41800 nmethod 11812 0x00000145c8ecc090 code [0x00000145c8ecc260, 0x00000145c8ecc4c8]
Event: 51.204 Thread 0x00000145dcb41800 11813       3       org.gradle.internal.io.StreamByteBuffer$StreamByteBufferChunk::write (32 bytes)
Event: 51.204 Thread 0x00000145dcb41800 nmethod 11813 0x00000145c8ecc690 code [0x00000145c8ecc840, 0x00000145c8ecc9d8]
Event: 51.204 Thread 0x00000145dcb41800 11811       1       org.gradle.launcher.daemon.server.exec.LogToClient::access$100 (5 bytes)
Event: 51.204 Thread 0x00000145dcb41800 nmethod 11811 0x00000145cf2f3410 code [0x00000145cf2f35c0, 0x00000145cf2f3658]

GC Heap History (20 events):
Event: 43.361 GC heap before
{Heap before GC invocations=51 (full 0):
 garbage-first heap   total 175104K, used 108261K [0x00000000a0000000, 0x0000000100000000)
  region size 1024K, 6 young (6144K), 2 survivors (2048K)
 Metaspace       used 81157K, capacity 84224K, committed 84560K, reserved 1122304K
  class space    used 10590K, capacity 11588K, committed 11724K, reserved 1048576K
}
Event: 43.368 GC heap after
{Heap after GC invocations=52 (full 0):
 garbage-first heap   total 175104K, used 107337K [0x00000000a0000000, 0x0000000100000000)
  region size 1024K, 3 young (3072K), 3 survivors (3072K)
 Metaspace       used 81157K, capacity 84224K, committed 84560K, reserved 1122304K
  class space    used 10590K, capacity 11588K, committed 11724K, reserved 1048576K
}
Event: 43.912 GC heap before
{Heap before GC invocations=53 (full 0):
 garbage-first heap   total 175104K, used 129865K [0x00000000a0000000, 0x0000000100000000)
  region size 1024K, 24 young (24576K), 3 survivors (3072K)
 Metaspace       used 82610K, capacity 85693K, committed 85968K, reserved 1124352K
  class space    used 10801K, capacity 11816K, committed 11852K, reserved 1048576K
}
Event: 43.921 GC heap after
{Heap after GC invocations=54 (full 0):
 garbage-first heap   total 175104K, used 109718K [0x00000000a0000000, 0x0000000100000000)
  region size 1024K, 3 young (3072K), 3 survivors (3072K)
 Metaspace       used 82610K, capacity 85693K, committed 85968K, reserved 1124352K
  class space    used 10801K, capacity 11816K, committed 11852K, reserved 1048576K
}
Event: 44.436 GC heap before
{Heap before GC invocations=54 (full 0):
 garbage-first heap   total 175104K, used 132246K [0x00000000a0000000, 0x0000000100000000)
  region size 1024K, 25 young (25600K), 3 survivors (3072K)
 Metaspace       used 84389K, capacity 87540K, committed 87760K, reserved 1124352K
  class space    used 11060K, capacity 12061K, committed 12108K, reserved 1048576K
}
Event: 44.449 GC heap after
{Heap after GC invocations=55 (full 0):
 garbage-first heap   total 175104K, used 110843K [0x00000000a0000000, 0x0000000100000000)
  region size 1024K, 2 young (2048K), 2 survivors (2048K)
 Metaspace       used 84389K, capacity 87540K, committed 87760K, reserved 1124352K
  class space    used 11060K, capacity 12061K, committed 12108K, reserved 1048576K
}
Event: 45.050 GC heap before
{Heap before GC invocations=56 (full 0):
 garbage-first heap   total 175104K, used 133371K [0x00000000a0000000, 0x0000000100000000)
  region size 1024K, 24 young (24576K), 2 survivors (2048K)
 Metaspace       used 87423K, capacity 90637K, committed 90832K, reserved 1128448K
  class space    used 11473K, capacity 12528K, committed 12620K, reserved 1048576K
}
Event: 45.054 GC heap after
{Heap after GC invocations=57 (full 0):
 garbage-first heap   total 175104K, used 112215K [0x00000000a0000000, 0x0000000100000000)
  region size 1024K, 3 young (3072K), 3 survivors (3072K)
 Metaspace       used 87423K, capacity 90637K, committed 90832K, reserved 1128448K
  class space    used 11473K, capacity 12528K, committed 12620K, reserved 1048576K
}
Event: 45.515 GC heap before
{Heap before GC invocations=57 (full 0):
 garbage-first heap   total 175104K, used 136791K [0x00000000a0000000, 0x0000000100000000)
  region size 1024K, 27 young (27648K), 3 survivors (3072K)
 Metaspace       used 89051K, capacity 92235K, committed 92624K, reserved 1128448K
  class space    used 11672K, capacity 12737K, committed 12876K, reserved 1048576K
}
Event: 45.528 GC heap after
{Heap after GC invocations=58 (full 0):
 garbage-first heap   total 175104K, used 114514K [0x00000000a0000000, 0x0000000100000000)
  region size 1024K, 4 young (4096K), 4 survivors (4096K)
 Metaspace       used 89051K, capacity 92235K, committed 92624K, reserved 1128448K
  class space    used 11672K, capacity 12737K, committed 12876K, reserved 1048576K
}
Event: 46.045 GC heap before
{Heap before GC invocations=59 (full 0):
 garbage-first heap   total 175104K, used 139090K [0x00000000a0000000, 0x0000000100000000)
  region size 1024K, 28 young (28672K), 4 survivors (4096K)
 Metaspace       used 90047K, capacity 93252K, committed 93392K, reserved 1130496K
  class space    used 11778K, capacity 12834K, committed 12876K, reserved 1048576K
}
Event: 46.053 GC heap after
{Heap after GC invocations=60 (full 0):
 garbage-first heap   total 175104K, used 118890K [0x00000000a0000000, 0x0000000100000000)
  region size 1024K, 4 young (4096K), 4 survivors (4096K)
 Metaspace       used 90047K, capacity 93252K, committed 93392K, reserved 1130496K
  class space    used 11778K, capacity 12834K, committed 12876K, reserved 1048576K
}
Event: 46.396 GC heap before
{Heap before GC invocations=60 (full 0):
 garbage-first heap   total 175104K, used 140394K [0x00000000a0000000, 0x0000000100000000)
  region size 1024K, 26 young (26624K), 4 survivors (4096K)
 Metaspace       used 90574K, capacity 93903K, committed 94032K, reserved 1130496K
  class space    used 11832K, capacity 12915K, committed 13004K, reserved 1048576K
}
Event: 46.405 GC heap after
{Heap after GC invocations=61 (full 0):
 garbage-first heap   total 175104K, used 123056K [0x00000000a0000000, 0x0000000100000000)
  region size 1024K, 4 young (4096K), 4 survivors (4096K)
 Metaspace       used 90574K, capacity 93903K, committed 94032K, reserved 1130496K
  class space    used 11832K, capacity 12915K, committed 13004K, reserved 1048576K
}
Event: 46.718 GC heap before
{Heap before GC invocations=62 (full 0):
 garbage-first heap   total 175104K, used 142512K [0x00000000a0000000, 0x0000000100000000)
  region size 1024K, 24 young (24576K), 4 survivors (4096K)
 Metaspace       used 91233K, capacity 94594K, committed 94928K, reserved 1130496K
  class space    used 11917K, capacity 13036K, committed 13132K, reserved 1048576K
}
Event: 46.724 GC heap after
{Heap after GC invocations=63 (full 0):
 garbage-first heap   total 175104K, used 125499K [0x00000000a0000000, 0x0000000100000000)
  region size 1024K, 3 young (3072K), 3 survivors (3072K)
 Metaspace       used 91233K, capacity 94594K, committed 94928K, reserved 1130496K
  class space    used 11917K, capacity 13036K, committed 13132K, reserved 1048576K
}
Event: 47.183 GC heap before
{Heap before GC invocations=63 (full 0):
 garbage-first heap   total 175104K, used 143931K [0x00000000a0000000, 0x0000000100000000)
  region size 1024K, 22 young (22528K), 3 survivors (3072K)
 Metaspace       used 92070K, capacity 95445K, committed 95568K, reserved 1132544K
  class space    used 12064K, capacity 13190K, committed 13260K, reserved 1048576K
}
Event: 47.191 GC heap after
{Heap after GC invocations=64 (full 0):
 garbage-first heap   total 175104K, used 127845K [0x00000000a0000000, 0x0000000100000000)
  region size 1024K, 3 young (3072K), 3 survivors (3072K)
 Metaspace       used 92070K, capacity 95445K, committed 95568K, reserved 1132544K
  class space    used 12064K, capacity 13190K, committed 13260K, reserved 1048576K
}
Event: 47.689 GC heap before
{Heap before GC invocations=65 (full 0):
 garbage-first heap   total 175104K, used 146277K [0x00000000a0000000, 0x0000000100000000)
  region size 1024K, 21 young (21504K), 3 survivors (3072K)
 Metaspace       used 92080K, capacity 95511K, committed 95824K, reserved 1132544K
  class space    used 12064K, capacity 13190K, committed 13260K, reserved 1048576K
}
Event: 47.693 GC heap after
{Heap after GC invocations=66 (full 0):
 garbage-first heap   total 175104K, used 128598K [0x00000000a0000000, 0x0000000100000000)
  region size 1024K, 1 young (1024K), 1 survivors (1024K)
 Metaspace       used 92080K, capacity 95511K, committed 95824K, reserved 1132544K
  class space    used 12064K, capacity 13190K, committed 13260K, reserved 1048576K
}

Deoptimization events (20 events):
Event: 51.197 Thread 0x00000145e63d4000 Uncommon trap: trap_request=0xffffffc6 fr.pc=0x00000145cf120a70 relative=0x00000000000003d0
Event: 51.197 Thread 0x00000145e63d4000 Uncommon trap: reason=bimorphic_or_optimized_type_check action=maybe_recompile pc=0x00000145cf120a70 method=org.gradle.internal.logging.sink.OutputEventRenderer.onOutput(Lorg/gradle/internal/logging/events/OutputEvent;)V @ 1 c2
Event: 51.197 Thread 0x00000145e63d4000 DEOPT PACKING pc=0x00000145cf120a70 sp=0x00000031c4efed30
Event: 51.197 Thread 0x00000145e63d4000 DEOPT UNPACKING pc=0x00000145c709a1af sp=0x00000031c4efec88 mode 2
Event: 51.198 Thread 0x00000145e63d4000 Uncommon trap: trap_request=0xffffffc6 fr.pc=0x00000145cf120a70 relative=0x00000000000003d0
Event: 51.198 Thread 0x00000145e63d4000 Uncommon trap: reason=bimorphic_or_optimized_type_check action=maybe_recompile pc=0x00000145cf120a70 method=org.gradle.internal.logging.sink.OutputEventRenderer.onOutput(Lorg/gradle/internal/logging/events/OutputEvent;)V @ 1 c2
Event: 51.198 Thread 0x00000145e63d4000 DEOPT PACKING pc=0x00000145cf120a70 sp=0x00000031c4efed30
Event: 51.198 Thread 0x00000145e63d4000 DEOPT UNPACKING pc=0x00000145c709a1af sp=0x00000031c4efec88 mode 2
Event: 51.199 Thread 0x00000145e63d4000 Uncommon trap: trap_request=0xffffffc6 fr.pc=0x00000145cf120a70 relative=0x00000000000003d0
Event: 51.199 Thread 0x00000145e63d4000 Uncommon trap: reason=bimorphic_or_optimized_type_check action=maybe_recompile pc=0x00000145cf120a70 method=org.gradle.internal.logging.sink.OutputEventRenderer.onOutput(Lorg/gradle/internal/logging/events/OutputEvent;)V @ 1 c2
Event: 51.199 Thread 0x00000145e63d4000 DEOPT PACKING pc=0x00000145cf120a70 sp=0x00000031c4efed30
Event: 51.199 Thread 0x00000145e63d4000 DEOPT UNPACKING pc=0x00000145c709a1af sp=0x00000031c4efec88 mode 2
Event: 51.199 Thread 0x00000145e63d4000 Uncommon trap: trap_request=0xffffffc6 fr.pc=0x00000145cf120a70 relative=0x00000000000003d0
Event: 51.199 Thread 0x00000145e63d4000 Uncommon trap: reason=bimorphic_or_optimized_type_check action=maybe_recompile pc=0x00000145cf120a70 method=org.gradle.internal.logging.sink.OutputEventRenderer.onOutput(Lorg/gradle/internal/logging/events/OutputEvent;)V @ 1 c2
Event: 51.199 Thread 0x00000145e63d4000 DEOPT PACKING pc=0x00000145cf120a70 sp=0x00000031c4efed30
Event: 51.199 Thread 0x00000145e63d4000 DEOPT UNPACKING pc=0x00000145c709a1af sp=0x00000031c4efec88 mode 2
Event: 51.200 Thread 0x00000145e63d4000 Uncommon trap: trap_request=0xffffffc6 fr.pc=0x00000145cf11f024 relative=0x0000000000000324
Event: 51.200 Thread 0x00000145e63d4000 Uncommon trap: reason=bimorphic_or_optimized_type_check action=maybe_recompile pc=0x00000145cf11f024 method=org.gradle.internal.logging.sink.OutputEventRenderer.onOutput(Lorg/gradle/internal/logging/events/OutputEvent;)V @ 1 c2
Event: 51.200 Thread 0x00000145e63d4000 DEOPT PACKING pc=0x00000145cf11f024 sp=0x00000031c4efecd0
Event: 51.200 Thread 0x00000145e63d4000 DEOPT UNPACKING pc=0x00000145c709a1af sp=0x00000031c4efec88 mode 2

Classes redefined (0 events):
No events

Internal exceptions (20 events):
Event: 47.879 Thread 0x00000145e385d800 Exception <a 'java/lang/ClassNotFoundException'{0x00000000aa049d60}: org/gradle/process/internal/DefaultExecAction_DecoratedBeanInfo> (0x00000000aa049d60) thrown at [src/hotspot/share/classfile/systemDictionary.cpp, line 230]
Event: 47.881 Thread 0x00000145e385d800 Exception <a 'java/lang/ClassNotFoundException'{0x00000000aa07ef38}: org/gradle/process/internal/DefaultExecActionBeanInfo> (0x00000000aa07ef38) thrown at [src/hotspot/share/classfile/systemDictionary.cpp, line 230]
Event: 47.883 Thread 0x00000145e385d800 Exception <a 'java/lang/ClassNotFoundException'{0x00000000aa0b79a8}: org/gradle/process/internal/DefaultExecHandleBuilderBeanInfo> (0x00000000aa0b79a8) thrown at [src/hotspot/share/classfile/systemDictionary.cpp, line 230]
Event: 47.884 Thread 0x00000145e385d800 Exception <a 'java/lang/ClassNotFoundException'{0x00000000aa0f08a8}: org/gradle/process/internal/AbstractExecHandleBuilderBeanInfo> (0x00000000aa0f08a8) thrown at [src/hotspot/share/classfile/systemDictionary.cpp, line 230]
Event: 47.885 Thread 0x00000145e385d800 Exception <a 'java/lang/ClassNotFoundException'{0x00000000a9f2a3e0}: org/gradle/process/internal/DefaultProcessForkOptionsBeanInfo> (0x00000000a9f2a3e0) thrown at [src/hotspot/share/classfile/systemDictionary.cpp, line 230]
Event: 47.887 Thread 0x00000145e385d800 Exception <a 'java/lang/ClassNotFoundException'{0x00000000a9f63e08}: org/gradle/process/internal/DefaultProcessForkOptionsCustomizer> (0x00000000a9f63e08) thrown at [src/hotspot/share/classfile/systemDictionary.cpp, line 230]
Event: 47.890 Thread 0x00000145e385d800 Exception <a 'java/lang/ClassNotFoundException'{0x00000000a9faa6d0}: org/gradle/process/internal/AbstractExecHandleBuilderCustomizer> (0x00000000a9faa6d0) thrown at [src/hotspot/share/classfile/systemDictionary.cpp, line 230]
Event: 47.892 Thread 0x00000145e385d800 Exception <a 'java/lang/ClassNotFoundException'{0x00000000a9ff4b68}: org/gradle/process/internal/DefaultExecHandleBuilderCustomizer> (0x00000000a9ff4b68) thrown at [src/hotspot/share/classfile/systemDictionary.cpp, line 230]
Event: 47.893 Thread 0x00000145e385d800 Exception <a 'java/lang/ClassNotFoundException'{0x00000000a9e57348}: org/gradle/process/internal/DefaultExecActionCustomizer> (0x00000000a9e57348) thrown at [src/hotspot/share/classfile/systemDictionary.cpp, line 230]
Event: 47.894 Thread 0x00000145e385d800 Exception <a 'java/lang/ClassNotFoundException'{0x00000000a9e99e28}: org/gradle/process/internal/DefaultExecAction_DecoratedCustomizer> (0x00000000a9e99e28) thrown at [src/hotspot/share/classfile/systemDictionary.cpp, line 230]
Event: 47.897 Thread 0x00000145e385d800 Exception <a 'java/lang/ClassNotFoundException'{0x00000000a9ef9720}: org/gradle/api/logging/LogLevelBeanInfo> (0x00000000a9ef9720) thrown at [src/hotspot/share/classfile/systemDictionary.cpp, line 230]
Event: 47.899 Thread 0x00000145e385d800 Exception <a 'java/lang/ClassNotFoundException'{0x00000000a9d29980}: org/gradle/api/logging/LogLevelCustomizer> (0x00000000a9d29980) thrown at [src/hotspot/share/classfile/systemDictionary.cpp, line 230]
Event: 47.907 Thread 0x00000145e385d800 Exception <a 'java/lang/ClassNotFoundException'{0x00000000a9da3378}: org/gradle/internal/logging/services/DefaultLoggingManagerBeanInfo> (0x00000000a9da3378) thrown at [src/hotspot/share/classfile/systemDictionary.cpp, line 230]
Event: 47.908 Thread 0x00000145e385d800 Exception <a 'java/lang/ClassNotFoundException'{0x00000000a9dde2f8}: org/gradle/internal/logging/services/DefaultLoggingManagerCustomizer> (0x00000000a9dde2f8) thrown at [src/hotspot/share/classfile/systemDictionary.cpp, line 230]
Event: 47.914 Thread 0x00000145e385d800 Exception <a 'java/lang/ClassNotFoundException'{0x00000000a9c1d3f0}: java/lang/BooleanBeanInfo> (0x00000000a9c1d3f0) thrown at [src/hotspot/share/classfile/systemDictionary.cpp, line 230]
Event: 47.914 Thread 0x00000145e385d800 Exception <a 'java/lang/ClassNotFoundException'{0x00000000a9c2b500}: java/lang/BooleanCustomizer> (0x00000000a9c2b500) thrown at [src/hotspot/share/classfile/systemDictionary.cpp, line 230]
Event: 47.942 Thread 0x00000145e63d2800 Exception <a 'java/lang/NoSuchMethodError'{0x00000000a9cbf8c8}: 'void java.lang.invoke.DirectMethodHandle$Holder.invokeStatic(java.lang.Object, long)'> (0x00000000a9cbf8c8) thrown at [src/hotspot/share/interpreter/linkResolver.cpp, line 773]
Event: 47.943 Thread 0x00000145e63d2800 Exception <a 'java/lang/NoSuchMethodError'{0x00000000a9cc4838}: 'java.lang.Object java.lang.invoke.DirectMethodHandle$Holder.invokeStatic(java.lang.Object, long)'> (0x00000000a9cc4838) thrown at [src/hotspot/share/interpreter/linkResolver.cpp, line 773]
Event: 47.943 Thread 0x00000145e63d2800 Exception <a 'java/lang/NoSuchMethodError'{0x00000000a9cc7b60}: 'java.lang.Object java.lang.invoke.DirectMethodHandle$Holder.invokeSpecial(java.lang.Object, java.lang.Object, long)'> (0x00000000a9cc7b60) thrown at [src/hotspot/share/interpreter/linkResolver.cpp, line 773]
Event: 47.946 Thread 0x00000145e63d2800 Exception <a 'java/lang/NoSuchMethodError'{0x00000000a9cd29f0}: 'java.lang.Object java.lang.invoke.DirectMethodHandle$Holder.invokeStaticInit(java.lang.Object, java.lang.Object, long, java.lang.Object)'> (0x00000000a9cd29f0) thrown at [src/hotspot/share/interpreter/linkResolver.cpp, line 773]

Events (20 events):
Event: 47.946 loading class java/lang/ProcessImpl$2 done
Event: 47.947 loading class java/lang/Process$PipeInputStream
Event: 47.947 loading class java/lang/Process$PipeInputStream done
Event: 47.947 Executing VM operation: Deoptimize
Event: 47.949 Executing VM operation: Deoptimize done
Event: 47.949 loading class org/gradle/process/internal/streams/ExecOutputHandleRunner
Event: 47.949 loading class org/gradle/process/internal/streams/ExecOutputHandleRunner done
Event: 47.950 Thread 0x00000145e63d4000 Thread added: 0x00000145e63d4000
Event: 47.950 Thread 0x00000145e63d3800 Thread added: 0x00000145e63d3800
Event: 49.151 Thread 0x00000145e5323000 Thread exited: 0x00000145e5323000
Event: 51.191 loading class org/gradle/internal/logging/events/StyledTextOutputEvent$Span
Event: 51.191 loading class org/gradle/internal/logging/events/StyledTextOutputEvent$Span done
Event: 51.194 loading class org/gradle/internal/logging/events/operations/StyledTextBuildOperationProgressDetails$Span
Event: 51.194 loading class org/gradle/internal/logging/events/operations/StyledTextBuildOperationProgressDetails$Span done
Event: 51.194 loading class org/gradle/internal/operations/logging/StyledTextBuildOperationProgressDetails$Span
Event: 51.194 loading class org/gradle/internal/operations/logging/StyledTextBuildOperationProgressDetails$Span done
Event: 51.194 Executing VM operation: RevokeBias
Event: 51.195 Executing VM operation: RevokeBias done
Event: 51.195 Executing VM operation: RevokeBias
Event: 51.196 Executing VM operation: RevokeBias done


Dynamic libraries:
0x00007ff7ae7c0000 - 0x00007ff7ae7ca000 	C:\Apps\Android Studio\jbr\bin\java.exe
0x00007fff2feb0000 - 0x00007fff300c4000 	C:\WINDOWS\SYSTEM32\ntdll.dll
0x00007fff2fa20000 - 0x00007fff2fae2000 	C:\WINDOWS\System32\KERNEL32.DLL
0x00007fff2d510000 - 0x00007fff2d8ac000 	C:\WINDOWS\System32\KERNELBASE.dll
0x00007fff2d950000 - 0x00007fff2da61000 	C:\WINDOWS\System32\ucrtbase.dll
0x00007ffee8650000 - 0x00007ffee8667000 	C:\Apps\Android Studio\jbr\bin\jli.dll
0x00007ffee8030000 - 0x00007ffee804b000 	C:\Apps\Android Studio\jbr\bin\VCRUNTIME140.dll
0x00007fff2f3e0000 - 0x00007fff2f58b000 	C:\WINDOWS\System32\USER32.dll
0x00007fff12270000 - 0x00007fff124fe000 	C:\WINDOWS\WinSxS\amd64_microsoft.windows.common-controls_6595b64144ccf1df_6.0.22621.608_none_a9444ca7c10bb01d\COMCTL32.dll
0x00007fff2d4e0000 - 0x00007fff2d506000 	C:\WINDOWS\System32\win32u.dll
0x00007fff2e560000 - 0x00007fff2e607000 	C:\WINDOWS\System32\msvcrt.dll
0x00007fff2ea40000 - 0x00007fff2ea69000 	C:\WINDOWS\System32\GDI32.dll
0x00007fff2dba0000 - 0x00007fff2dcb3000 	C:\WINDOWS\System32\gdi32full.dll
0x00007fff2d8b0000 - 0x00007fff2d94a000 	C:\WINDOWS\System32\msvcp_win.dll
0x00007fff2e610000 - 0x00007fff2e641000 	C:\WINDOWS\System32\IMM32.DLL
0x00007ffee9e20000 - 0x00007ffee9e2c000 	C:\Apps\Android Studio\jbr\bin\vcruntime140_1.dll
0x00007ffee2520000 - 0x00007ffee25ad000 	C:\Apps\Android Studio\jbr\bin\msvcp140.dll
0x00007ffeb0670000 - 0x00007ffeb122c000 	C:\Apps\Android Studio\jbr\bin\server\jvm.dll
0x00007fff2f970000 - 0x00007fff2fa1e000 	C:\WINDOWS\System32\ADVAPI32.dll
0x00007fff2f7a0000 - 0x00007fff2f844000 	C:\WINDOWS\System32\sechost.dll
0x00007fff2e3c0000 - 0x00007fff2e4d7000 	C:\WINDOWS\System32\RPCRT4.dll
0x00007fff2f590000 - 0x00007fff2f598000 	C:\WINDOWS\System32\PSAPI.DLL
0x00007fff27560000 - 0x00007fff27569000 	C:\WINDOWS\SYSTEM32\WSOCK32.dll
0x00007fff25130000 - 0x00007fff25164000 	C:\WINDOWS\SYSTEM32\WINMM.dll
0x00007fff24730000 - 0x00007fff2473a000 	C:\WINDOWS\SYSTEM32\VERSION.dll
0x00007fff2e1c0000 - 0x00007fff2e231000 	C:\WINDOWS\System32\WS2_32.dll
0x00007fff2c300000 - 0x00007fff2c318000 	C:\WINDOWS\SYSTEM32\kernel.appcore.dll
0x00007fff0a620000 - 0x00007fff0a630000 	C:\Apps\Android Studio\jbr\bin\verify.dll
0x00007fff1a1b0000 - 0x00007fff1a3de000 	C:\WINDOWS\SYSTEM32\DBGHELP.DLL
0x00007fff2e6b0000 - 0x00007fff2ea39000 	C:\WINDOWS\System32\combase.dll
0x00007fff2f300000 - 0x00007fff2f3d7000 	C:\WINDOWS\System32\OLEAUT32.dll
0x00007fff0baa0000 - 0x00007fff0bad2000 	C:\WINDOWS\SYSTEM32\dbgcore.DLL
0x00007fff2d460000 - 0x00007fff2d4db000 	C:\WINDOWS\System32\bcryptPrimitives.dll
0x00007fff0a5f0000 - 0x00007fff0a618000 	C:\Apps\Android Studio\jbr\bin\java.dll
0x00007fff0a5e0000 - 0x00007fff0a5ea000 	C:\Apps\Android Studio\jbr\bin\jimage.dll
0x00007fff083c0000 - 0x00007fff083d8000 	C:\Apps\Android Studio\jbr\bin\zip.dll
0x00007fff2ea70000 - 0x00007fff2f260000 	C:\WINDOWS\System32\SHELL32.dll
0x00007fff2b2b0000 - 0x00007fff2bb7d000 	C:\WINDOWS\SYSTEM32\windows.storage.dll
0x00007fff2b170000 - 0x00007fff2b2ae000 	C:\WINDOWS\SYSTEM32\wintypes.dll
0x00007fff2e260000 - 0x00007fff2e351000 	C:\WINDOWS\System32\SHCORE.dll
0x00007fff2dcc0000 - 0x00007fff2dd1e000 	C:\WINDOWS\System32\shlwapi.dll
0x00007fff2d220000 - 0x00007fff2d241000 	C:\WINDOWS\SYSTEM32\profapi.dll
0x00007fff083a0000 - 0x00007fff083b9000 	C:\Apps\Android Studio\jbr\bin\net.dll
0x00007fff24f90000 - 0x00007fff250c7000 	C:\WINDOWS\SYSTEM32\WINHTTP.dll
0x00007fff2c770000 - 0x00007fff2c7d9000 	C:\WINDOWS\system32\mswsock.dll
0x00007fff08380000 - 0x00007fff08393000 	C:\Apps\Android Studio\jbr\bin\nio.dll
0x00007ffee3310000 - 0x00007ffee3337000 	C:\Users\Harsh Jethva\.gradle\native\e1d6ef7f7dcc3fd88c89a11ec53ec762bb8ba0a96d01ffa2cd45eb1d1d8dd5c5\windows-amd64\native-platform.dll
0x00007ffede1b0000 - 0x00007ffede2f4000 	C:\Users\Harsh Jethva\.gradle\native\0d407fdbe67a94daf76414ababcb853783967236a71b16ec16e742cd7a986fd3\windows-amd64\native-platform-file-events.dll
0x00007fff08370000 - 0x00007fff0837a000 	C:\Apps\Android Studio\jbr\bin\management.dll
0x00007fff08140000 - 0x00007fff0814b000 	C:\Apps\Android Studio\jbr\bin\management_ext.dll
0x00007fff2ca20000 - 0x00007fff2ca3b000 	C:\WINDOWS\SYSTEM32\CRYPTSP.dll
0x00007fff2c270000 - 0x00007fff2c2a5000 	C:\WINDOWS\system32\rsaenh.dll
0x00007fff2c890000 - 0x00007fff2c8b8000 	C:\WINDOWS\SYSTEM32\USERENV.dll
0x00007fff2cbb0000 - 0x00007fff2cbd8000 	C:\WINDOWS\SYSTEM32\bcrypt.dll
0x00007fff2ca10000 - 0x00007fff2ca1c000 	C:\WINDOWS\SYSTEM32\CRYPTBASE.dll
0x00007fff2bdd0000 - 0x00007fff2bdfd000 	C:\WINDOWS\SYSTEM32\IPHLPAPI.DLL
0x00007fff2f2f0000 - 0x00007fff2f2f9000 	C:\WINDOWS\System32\NSI.dll
0x00007fff263e0000 - 0x00007fff263f9000 	C:\WINDOWS\SYSTEM32\dhcpcsvc6.DLL
0x00007fff24f70000 - 0x00007fff24f8f000 	C:\WINDOWS\SYSTEM32\dhcpcsvc.DLL
0x00007fff2be40000 - 0x00007fff2bf33000 	C:\WINDOWS\SYSTEM32\DNSAPI.dll

dbghelp: loaded successfully - version: 4.0.5 - missing functions: none
symbol engine: initialized successfully - sym options: 0x614 - pdb path: .;C:\Apps\Android Studio\jbr\bin;C:\WINDOWS\SYSTEM32;C:\WINDOWS\WinSxS\amd64_microsoft.windows.common-controls_6595b64144ccf1df_6.0.22621.608_none_a9444ca7c10bb01d;C:\Apps\Android Studio\jbr\bin\server;C:\Users\Harsh Jethva\.gradle\native\e1d6ef7f7dcc3fd88c89a11ec53ec762bb8ba0a96d01ffa2cd45eb1d1d8dd5c5\windows-amd64;C:\Users\Harsh Jethva\.gradle\native\0d407fdbe67a94daf76414ababcb853783967236a71b16ec16e742cd7a986fd3\windows-amd64

VM Arguments:
jvm_args: --add-opens=java.base/java.util=ALL-UNNAMED --add-opens=java.base/java.lang=ALL-UNNAMED --add-opens=java.base/java.lang.invoke=ALL-UNNAMED --add-opens=java.base/java.util=ALL-UNNAMED --add-opens=java.prefs/java.util.prefs=ALL-UNNAMED --add-opens=java.prefs/java.util.prefs=ALL-UNNAMED --add-opens=java.base/java.nio.charset=ALL-UNNAMED --add-opens=java.base/java.net=ALL-UNNAMED --add-opens=java.base/java.util.concurrent.atomic=ALL-UNNAMED -Xmx1536M -Dfile.encoding=windows-1252 -Duser.country=IN -Duser.language=en -Duser.variant 
java_command: org.gradle.launcher.daemon.bootstrap.GradleDaemon 7.5
java_class_path (initial): C:\Users\Harsh Jethva\.gradle\wrapper\dists\gradle-7.5-all\6qsw290k5lz422uaf8jf6m7co\gradle-7.5\lib\gradle-launcher-7.5.jar
Launcher Type: SUN_STANDARD

[Global flags]
     intx CICompilerCount                          = 4                                         {product} {ergonomic}
     uint ConcGCThreads                            = 3                                         {product} {ergonomic}
     uint G1ConcRefinementThreads                  = 10                                        {product} {ergonomic}
   size_t G1HeapRegionSize                         = 1048576                                   {product} {ergonomic}
    uintx GCDrainStackTargetSize                   = 64                                        {product} {ergonomic}
   size_t InitialHeapSize                          = 123731968                                 {product} {ergonomic}
   size_t MarkStackSize                            = 4194304                                   {product} {ergonomic}
   size_t MaxHeapSize                              = 1610612736                                {product} {command line}
   size_t MaxNewSize                               = 965738496                                 {product} {ergonomic}
   size_t MinHeapDeltaBytes                        = 1048576                                   {product} {ergonomic}
    uintx NonNMethodCodeHeapSize                   = 5836300                                {pd product} {ergonomic}
    uintx NonProfiledCodeHeapSize                  = 122910970                              {pd product} {ergonomic}
    uintx ProfiledCodeHeapSize                     = 122910970                              {pd product} {ergonomic}
    uintx ReservedCodeCacheSize                    = 251658240                              {pd product} {ergonomic}
     bool SegmentedCodeCache                       = true                                      {product} {ergonomic}
     bool UseCompressedClassPointers               = true                                 {lp64_product} {ergonomic}
     bool UseCompressedOops                        = true                                 {lp64_product} {ergonomic}
     bool UseG1GC                                  = true                                      {product} {ergonomic}
     bool UseLargePagesIndividualAllocation        = false                                  {pd product} {ergonomic}

Logging:
Log output configuration:
 #0: stdout all=warning uptime,level,tags
 #1: stderr all=off uptime,level,tags

Environment Variables:
JAVA_HOME=C:\Apps\Android Studio\jbr
CLASSPATH=H:\Flutter Projects\rku_bus_guide\android\\gradle\wrapper\gradle-wrapper.jar
PATH=C:\Windows\system32;C:\Windows;C:\Windows\System32\Wbem;C:\Windows\System32\WindowsPowerShell\v1.0\;C:\Windows\System32\OpenSSH\;C:\Program Files\NVIDIA Corporation\NVIDIA NvDLISR;C:\Apps\JDk\bin;C:\Program Files\Microsoft SQL Server\130\Tools\Binn\;C:\Program Files (x86)\NVIDIA Corporation\PhysX\Common;C:\xampp\php;C:\ProgramData\ComposerSetup\bin;C:\WINDOWS\system32;C:\WINDOWS;C:\WINDOWS\System32\Wbem;C:\WINDOWS\System32\WindowsPowerShell\v1.0\;C:\WINDOWS\System32\OpenSSH\;C:\Program Files\Git\cmd;C:\Apps\nodejs\;C:\Program Files\Microsoft SQL Server\150\Tools\Binn\;C:\Program Files\Microsoft SQL Server\Client SDK\ODBC\170\Tools\Binn\;C:\Program Files\dotnet\;C:\Apps\flutter\bin;C:\Program Files\Java\jdk-19\bin;C:\Users\Harsh Jethva\AppData\Local\Pub\Cache\bin;C:\Users\Harsh Jethva\AppData\Local\Programs\Python\Python311\Scripts\;C:\Users\Harsh Jethva\AppData\Local\Programs\Python\Python311\;C:\Users\Harsh Jethva\AppData\Local\Microsoft\WindowsApps;C:\Apps\IntelliJ IDEA Community Edition 2023.1\bin;;C:\Users\Harsh Jethva\AppData\Roaming\Composer\vendor\bin;C:\Apps\Microsoft VS Code\bin;C:\Users\Harsh Jethva\AppData\Roaming\npm;C:\Users\Harsh Jethva\AppData\Local\GitHubDesktop\bin;C:\Users\Harsh Jethva\.dotnet\tools;C:\Users\Harsh Jethva\AppData\Local\Pub\Cache\bin;;C:\Apps\flutter\bin\mingit\cmd
USERNAME=Harsh Jethva
OS=Windows_NT
PROCESSOR_IDENTIFIER=AMD64 Family 25 Model 80 Stepping 0, AuthenticAMD



---------------  S Y S T E M  ---------------

OS: Windows 11 , 64 bit Build 22621 (10.0.22621.1485)
OS uptime: 0 days 0:36 hours
Hyper-V role detected

CPU:total 12 (initial active 12) (12 cores per cpu, 2 threads per core) family 25 model 80 stepping 0 microcode 0x0, cmov, cx8, fxsr, mmx, sse, sse2, sse3, ssse3, sse4.1, sse4.2, popcnt, avx, avx2, aes, clmul, erms, mmxext, 3dnowpref, lzcnt, sse4a, ht, tsc, tscinvbit, tscinv, bmi1, bmi2, adx, sha, fma

Memory: 4k page, system-wide physical 7521M (2337M free)
TotalPageFile size 14521M (AvailPageFile size 161M)
current process WorkingSet (physical memory assigned to process): 37M, peak: 329M
current process commit charge ("private bytes"): 488M, peak: 509M

vm_info: OpenJDK 64-Bit Server VM (11.0.15+0-b2043.56-9505619) for windows-amd64 JRE (11.0.15+0-b2043.56-9505619), built on Jan 19 2023 02:48:00 by "builduser" with unknown MS VC++:1929

END.
