#
# There is insufficient memory for the Java Runtime Environment to continue.
# Native memory allocation (malloc) failed to allocate 615616 bytes for Chunk::new
# Possible reasons:
#   The system is out of physical RAM or swap space
#   The process is running with CompressedOops enabled, and the Java Heap may be blocking the growth of the native heap
# Possible solutions:
#   Reduce memory load on the system
#   Increase physical memory or swap space
#   Check if swap backing store is full
#   Decrease Java heap size (-Xmx/-Xms)
#   Decrease number of Java threads
#   Decrease Java thread stack sizes (-Xss)
#   Set larger code cache with -XX:ReservedCodeCacheSize=
#   JVM is running with Unscaled Compressed Oops mode in which the Java heap is
#     placed in the first 4GB address space. The Java Heap base address is the
#     maximum limit for the native heap growth. Please use -XX:HeapBaseMinAddress
#     to set the Java Heap base and to place the Java Heap above 4GB virtual address.
# This output file may be truncated or incomplete.
#
#  Out of Memory Error (src/hotspot/share/memory/arena.cpp:197), pid=708, tid=11468
#
# JRE version: OpenJDK Runtime Environment (11.0.15) (build 11.0.15+0-b2043.56-9505619)
# Java VM: OpenJDK 64-Bit Server VM (11.0.15+0-b2043.56-9505619, mixed mode, tiered, compressed oops, g1 gc, windows-amd64)
# No core dump will be written. Minidumps are not enabled by default on client versions of Windows
#

---------------  S U M M A R Y ------------

Command Line: --add-opens=java.base/java.util=ALL-UNNAMED --add-opens=java.base/java.lang=ALL-UNNAMED --add-opens=java.base/java.lang.invoke=ALL-UNNAMED --add-opens=java.base/java.util=ALL-UNNAMED --add-opens=java.prefs/java.util.prefs=ALL-UNNAMED --add-opens=java.prefs/java.util.prefs=ALL-UNNAMED --add-opens=java.base/java.nio.charset=ALL-UNNAMED --add-opens=java.base/java.net=ALL-UNNAMED --add-opens=java.base/java.util.concurrent.atomic=ALL-UNNAMED -Xmx1536M -Dfile.encoding=windows-1252 -Duser.country=IN -Duser.language=en -Duser.variant org.gradle.launcher.daemon.bootstrap.GradleDaemon 7.5

Host: AMD Ryzen 5 5600H with Radeon Graphics         , 12 cores, 7G,  Windows 11 , 64 bit Build 22621 (10.0.22621.1485)
Time: Fri May  5 01:21:50 2023 India Standard Time elapsed time: 17.917185 seconds (0d 0h 0m 17s)

---------------  T H R E A D  ---------------

Current thread (0x000001d27ee1e000):  JavaThread "C2 CompilerThread1" daemon [_thread_in_native, id=11468, stack(0x000000b3af400000,0x000000b3af500000)]


Current CompileTask:
C2:  17917 10178       4       java.lang.reflect.Method::invoke (65 bytes)

Stack: [0x000000b3af400000,0x000000b3af500000]
Native frames: (J=compiled Java code, j=interpreted, Vv=VM code, C=native code)
V  [jvm.dll+0x64135a]
V  [jvm.dll+0x7d39f9]
V  [jvm.dll+0x7d51b9]
V  [jvm.dll+0x7d58a3]
V  [jvm.dll+0x2691c5]
V  [jvm.dll+0xc1a5c]
V  [jvm.dll+0xc200c]
V  [jvm.dll+0x2da2c2]
V  [jvm.dll+0x54cad9]
V  [jvm.dll+0x220c9d]
V  [jvm.dll+0x223024]
V  [jvm.dll+0x220384]
V  [jvm.dll+0x19e851]
V  [jvm.dll+0x230479]
V  [jvm.dll+0x22e5ef]
V  [jvm.dll+0x794de1]
V  [jvm.dll+0x78dc24]
V  [jvm.dll+0x6400f6]
C  [ucrtbase.dll+0x29363]
C  [KERNEL32.DLL+0x1269d]
C  [ntdll.dll+0x5a9f8]


---------------  P R O C E S S  ---------------

Threads class SMR info:
_java_thread_list=0x000001d27d529360, length=169, elements={
0x000001d261be2800, 0x000001d27b1bb000, 0x000001d27b1c4000, 0x000001d27b1d9800,
0x000001d27b1da800, 0x000001d27b1dd800, 0x000001d27b1de800, 0x000001d27b1e1000,
0x000001d27bb37800, 0x000001d27bc91800, 0x000001d27e0d4000, 0x000001d27e1de800,
0x000001d27bea1800, 0x000001d27beee800, 0x000001d27e2ec000, 0x000001d27ea8e000,
0x000001d27cd9d800, 0x000001d27e381800, 0x000001d27e4b3000, 0x000001d27d6a4800,
0x000001d27e379000, 0x000001d27e376800, 0x000001d27e37a800, 0x000001d27e37b000,
0x000001d27e377000, 0x000001d27e379800, 0x000001d27e375800, 0x000001d27e37c000,
0x000001d27e378000, 0x000001d27ed5c000, 0x000001d27ed5f800, 0x000001d27ed5d800,
0x000001d27ed5e800, 0x000001d27ed61000, 0x000001d27ed5b000, 0x000001d27ed62800,
0x000001d27ed63800, 0x000001d27ed66000, 0x000001d27ed66800, 0x000001d27ed64000,
0x000001d27ed67800, 0x000001d27ed61800, 0x000001d27ed68000, 0x000001d27ed65000,
0x000001d27ed69000, 0x000001d27f5ba800, 0x000001d27f5bd000, 0x000001d27f5bc000,
0x000001d27f5be000, 0x000001d27f5b8000, 0x000001d27f5bb800, 0x000001d27f5be800,
0x000001d27f5b9000, 0x000001d27f5ba000, 0x000001d27f5c1000, 0x000001d27f5c0800,
0x000001d27f5c4800, 0x000001d27f5bf800, 0x000001d27f5c7000, 0x000001d27f5c6000,
0x000001d27f5c5000, 0x000001d27f5c2000, 0x000001d27f5c3000, 0x000001d27f5c3800,
0x000001d27dcd9000, 0x000001d27dcda800, 0x000001d27dcdd000, 0x000001d27dcd9800,
0x000001d27dcdc000, 0x000001d27dcd7000, 0x000001d27dcdd800, 0x000001d27dcd8000,
0x000001d27dcde800, 0x000001d27dcdf800, 0x000001d27dce0000, 0x000001d27dce1000,
0x000001d27dcdb000, 0x000001d27dce6000, 0x000001d27dce2000, 0x000001d27dce3800,
0x000001d27dce5000, 0x000001d27dce4000, 0x000001d27dce2800, 0x000001d27efe4000,
0x000001d27efe5000, 0x000001d27efe2800, 0x000001d27efe1800, 0x000001d27efe3800,
0x000001d27efe6000, 0x000001d27efe0000, 0x000001d27efe6800, 0x000001d27efe1000,
0x000001d27efec800, 0x000001d27efed000, 0x000001d27efe7800, 0x000001d27efe8800,
0x000001d27efe9000, 0x000001d27efee000, 0x000001d27efea000, 0x000001d27efea800,
0x000001d27efef000, 0x000001d27efeb800, 0x000001d27e2f5800, 0x000001d27e2f8000,
0x000001d27e2f9000, 0x000001d27e2fc000, 0x000001d27e2fa800, 0x000001d27e2f9800,
0x000001d27e2fb800, 0x000001d27e2f6800, 0x000001d27e2fd000, 0x000001d27e2f7000,
0x000001d27e2ff800, 0x000001d27e300000, 0x000001d27e2fe000, 0x000001d27e301000,
0x000001d27e2fe800, 0x000001d27e302000, 0x000001d27e302800, 0x000001d27e303800,
0x000001d27e304800, 0x000001d2014ac000, 0x000001d2014ab000, 0x000001d2014ac800,
0x000001d2014ad800, 0x000001d2014ae800, 0x000001d2014af000, 0x000001d2014a9800,
0x000001d2014b0000, 0x000001d2014aa000, 0x000001d2014b6800, 0x000001d2014b0800,
0x000001d2014b2800, 0x000001d2014b7000, 0x000001d2014b1800, 0x000001d2014b3000,
0x000001d2014b4000, 0x000001d2014b5800, 0x000001d2014b5000, 0x000001d2014b8000,
0x000001d27cbcd000, 0x000001d27cbc8000, 0x000001d27cbc9000, 0x000001d27cbc9800,
0x000001d27cbc7000, 0x000001d27cbd0000, 0x000001d27cbcf800, 0x000001d27cbce000,
0x000001d27cbca800, 0x000001d27cbcb800, 0x000001d27cbd2000, 0x000001d27cbce800,
0x000001d27cbd1000, 0x000001d27cbcc000, 0x000001d27cbd3800, 0x000001d27cbd2800,
0x000001d27cbd4800, 0x000001d27cbd5000, 0x000001d27cbd6000, 0x000001d201aaf800,
0x000001d201aae000, 0x000001d201ab2000, 0x000001d201ab3000, 0x000001d201ab0800,
0x000001d201aaf000, 0x000001d201ab1800, 0x000001d201ab4000, 0x000001d27ee1e000,
0x000001d27ee1b800
}

Java Threads: ( => current thread )
  0x000001d261be2800 JavaThread "main" [_thread_blocked, id=9992, stack(0x000000b3a4300000,0x000000b3a4400000)]
  0x000001d27b1bb000 JavaThread "Reference Handler" daemon [_thread_blocked, id=16872, stack(0x000000b3a4a00000,0x000000b3a4b00000)]
  0x000001d27b1c4000 JavaThread "Finalizer" daemon [_thread_blocked, id=18104, stack(0x000000b3a4b00000,0x000000b3a4c00000)]
  0x000001d27b1d9800 JavaThread "Signal Dispatcher" daemon [_thread_blocked, id=8056, stack(0x000000b3a4c00000,0x000000b3a4d00000)]
  0x000001d27b1da800 JavaThread "Attach Listener" daemon [_thread_blocked, id=7516, stack(0x000000b3a4d00000,0x000000b3a4e00000)]
  0x000001d27b1dd800 JavaThread "Service Thread" daemon [_thread_blocked, id=4764, stack(0x000000b3a4e00000,0x000000b3a4f00000)]
  0x000001d27b1de800 JavaThread "C2 CompilerThread0" daemon [_thread_blocked, id=10372, stack(0x000000b3a4f00000,0x000000b3a5000000)]
  0x000001d27b1e1000 JavaThread "C1 CompilerThread0" daemon [_thread_blocked, id=6704, stack(0x000000b3a5000000,0x000000b3a5100000)]
  0x000001d27bb37800 JavaThread "Sweeper thread" daemon [_thread_blocked, id=6620, stack(0x000000b3a5100000,0x000000b3a5200000)]
  0x000001d27bc91800 JavaThread "Common-Cleaner" daemon [_thread_blocked, id=11068, stack(0x000000b3a5200000,0x000000b3a5300000)]
  0x000001d27e0d4000 JavaThread "Daemon health stats" [_thread_blocked, id=14268, stack(0x000000b3a5700000,0x000000b3a5800000)]
  0x000001d27e1de800 JavaThread "Incoming local TCP Connector on port 54263" [_thread_in_native, id=9888, stack(0x000000b3a5400000,0x000000b3a5500000)]
  0x000001d27bea1800 JavaThread "Daemon periodic checks" [_thread_blocked, id=21992, stack(0x000000b3a5500000,0x000000b3a5600000)]
  0x000001d27beee800 JavaThread "Daemon" [_thread_blocked, id=16420, stack(0x000000b3a5900000,0x000000b3a5a00000)]
  0x000001d27e2ec000 JavaThread "Handler for socket connection from /127.0.0.1:54263 to /127.0.0.1:54264" [_thread_in_native, id=15400, stack(0x000000b3a5a00000,0x000000b3a5b00000)]
  0x000001d27ea8e000 JavaThread "Cancel handler" [_thread_blocked, id=7628, stack(0x000000b3a5b00000,0x000000b3a5c00000)]
  0x000001d27cd9d800 JavaThread "Daemon worker" [_thread_in_Java, id=14060, stack(0x000000b3a5c00000,0x000000b3a5d00000)]
  0x000001d27e381800 JavaThread "Asynchronous log dispatcher for DefaultDaemonConnection: socket connection from /127.0.0.1:54263 to /127.0.0.1:54264" [_thread_blocked, id=17816, stack(0x000000b3a5d00000,0x000000b3a5e00000)]
  0x000001d27e4b3000 JavaThread "Stdin handler" [_thread_blocked, id=13552, stack(0x000000b3a5e00000,0x000000b3a5f00000)]
  0x000001d27d6a4800 JavaThread "Daemon client event forwarder" [_thread_blocked, id=9228, stack(0x000000b3a5f00000,0x000000b3a6000000)]
  0x000001d27e379000 JavaThread "Cache worker for journal cache (C:\Users\Harsh Jethva\.gradle\caches\journal-1)" [_thread_blocked, id=19648, stack(0x000000b3a6900000,0x000000b3a6a00000)]
  0x000001d27e376800 JavaThread "File lock request listener" [_thread_in_native, id=8044, stack(0x000000b3a6a00000,0x000000b3a6b00000)]
  0x000001d27e37a800 JavaThread "Cache worker for file hash cache (C:\Users\Harsh Jethva\.gradle\caches\7.5\fileHashes)" [_thread_blocked, id=7644, stack(0x000000b3a6b00000,0x000000b3a6c00000)]
  0x000001d27e37b000 JavaThread "File watcher server" daemon [_thread_in_native, id=17740, stack(0x000000b3a6e00000,0x000000b3a6f00000)]
  0x000001d27e377000 JavaThread "File watcher consumer" daemon [_thread_blocked, id=18404, stack(0x000000b3a6f00000,0x000000b3a7000000)]
  0x000001d27e379800 JavaThread "Cache worker for checksums cache (H:\Flutter Projects\rku_bus_guide\android\.gradle\7.5\checksums)" [_thread_blocked, id=22248, stack(0x000000b3a7000000,0x000000b3a7100000)]
  0x000001d27e375800 JavaThread "Cache worker for cache directory md-rule (C:\Users\Harsh Jethva\.gradle\caches\7.5\md-rule)" [_thread_blocked, id=11160, stack(0x000000b3a7100000,0x000000b3a7200000)]
  0x000001d27e37c000 JavaThread "Cache worker for file content cache (C:\Users\Harsh Jethva\.gradle\caches\7.5\fileContent)" [_thread_blocked, id=18508, stack(0x000000b3a7200000,0x000000b3a7300000)]
  0x000001d27e378000 JavaThread "Cache worker for file hash cache (H:\Flutter Projects\rku_bus_guide\android\.gradle\7.5\fileHashes)" [_thread_blocked, id=19496, stack(0x000000b3a7300000,0x000000b3a7400000)]
  0x000001d27ed5c000 JavaThread "Cache worker for cache directory md-supplier (C:\Users\Harsh Jethva\.gradle\caches\7.5\md-supplier)" [_thread_blocked, id=22344, stack(0x000000b3a7400000,0x000000b3a7500000)]
  0x000001d27ed5f800 JavaThread "Cache worker for execution history cache (C:\Users\Harsh Jethva\.gradle\caches\7.5\executionHistory)" [_thread_blocked, id=10352, stack(0x000000b3a7500000,0x000000b3a7600000)]
  0x000001d27ed5d800 JavaThread "jar transforms" [_thread_blocked, id=11780, stack(0x000000b3a7700000,0x000000b3a7800000)]
  0x000001d27ed5e800 JavaThread "jar transforms Thread 2" [_thread_blocked, id=21340, stack(0x000000b3a7800000,0x000000b3a7900000)]
  0x000001d27ed61000 JavaThread "jar transforms Thread 3" [_thread_blocked, id=10848, stack(0x000000b3a7900000,0x000000b3a7a00000)]
  0x000001d27ed5b000 JavaThread "jar transforms Thread 4" [_thread_blocked, id=22476, stack(0x000000b3a7a00000,0x000000b3a7b00000)]
  0x000001d27ed62800 JavaThread "Cache worker for dependencies-accessors (H:\Flutter Projects\rku_bus_guide\android\.gradle\7.5\dependencies-accessors)" [_thread_blocked, id=17760, stack(0x000000b3a7b00000,0x000000b3a7c00000)]
  0x000001d27ed63800 JavaThread "jar transforms Thread 5" [_thread_blocked, id=22044, stack(0x000000b3a7c00000,0x000000b3a7d00000)]
  0x000001d27ed66000 JavaThread "Cache worker for Build Output Cleanup Cache (H:\Flutter Projects\rku_bus_guide\android\.gradle\buildOutputCleanup)" [_thread_blocked, id=6960, stack(0x000000b3a7d00000,0x000000b3a7e00000)]
  0x000001d27ed66800 JavaThread "Unconstrained build operations" [_thread_blocked, id=20924, stack(0x000000b3a5800000,0x000000b3a5900000)]
  0x000001d27ed64000 JavaThread "Unconstrained build operations Thread 2" [_thread_blocked, id=10384, stack(0x000000b3a7600000,0x000000b3a7700000)]
  0x000001d27ed67800 JavaThread "Unconstrained build operations Thread 3" [_thread_blocked, id=18360, stack(0x000000b3a7e00000,0x000000b3a7f00000)]
  0x000001d27ed61800 JavaThread "Unconstrained build operations Thread 4" [_thread_blocked, id=8588, stack(0x000000b3a7f00000,0x000000b3a8000000)]
  0x000001d27ed68000 JavaThread "Unconstrained build operations Thread 5" [_thread_blocked, id=19576, stack(0x000000b3a8000000,0x000000b3a8100000)]
  0x000001d27ed65000 JavaThread "Unconstrained build operations Thread 6" [_thread_blocked, id=16048, stack(0x000000b3a8100000,0x000000b3a8200000)]
  0x000001d27ed69000 JavaThread "Unconstrained build operations Thread 7" [_thread_blocked, id=21468, stack(0x000000b3a8200000,0x000000b3a8300000)]
  0x000001d27f5ba800 JavaThread "Unconstrained build operations Thread 8" [_thread_blocked, id=5512, stack(0x000000b3a8300000,0x000000b3a8400000)]
  0x000001d27f5bd000 JavaThread "Unconstrained build operations Thread 9" [_thread_blocked, id=1668, stack(0x000000b3a8400000,0x000000b3a8500000)]
  0x000001d27f5bc000 JavaThread "Unconstrained build operations Thread 10" [_thread_blocked, id=7388, stack(0x000000b3a8500000,0x000000b3a8600000)]
  0x000001d27f5be000 JavaThread "Unconstrained build operations Thread 11" [_thread_blocked, id=5048, stack(0x000000b3a8600000,0x000000b3a8700000)]
  0x000001d27f5b8000 JavaThread "Unconstrained build operations Thread 12" [_thread_blocked, id=15548, stack(0x000000b3a8700000,0x000000b3a8800000)]
  0x000001d27f5bb800 JavaThread "Unconstrained build operations Thread 13" [_thread_blocked, id=18900, stack(0x000000b3a8800000,0x000000b3a8900000)]
  0x000001d27f5be800 JavaThread "Unconstrained build operations Thread 14" [_thread_blocked, id=3508, stack(0x000000b3a8900000,0x000000b3a8a00000)]
  0x000001d27f5b9000 JavaThread "Unconstrained build operations Thread 15" [_thread_blocked, id=18732, stack(0x000000b3a8a00000,0x000000b3a8b00000)]
  0x000001d27f5ba000 JavaThread "Unconstrained build operations Thread 16" [_thread_blocked, id=16836, stack(0x000000b3a8b00000,0x000000b3a8c00000)]
  0x000001d27f5c1000 JavaThread "Unconstrained build operations Thread 17" [_thread_blocked, id=6964, stack(0x000000b3a8c00000,0x000000b3a8d00000)]
  0x000001d27f5c0800 JavaThread "Unconstrained build operations Thread 18" [_thread_blocked, id=15792, stack(0x000000b3a8d00000,0x000000b3a8e00000)]
  0x000001d27f5c4800 JavaThread "Unconstrained build operations Thread 19" [_thread_blocked, id=19936, stack(0x000000b3a8e00000,0x000000b3a8f00000)]
  0x000001d27f5bf800 JavaThread "Unconstrained build operations Thread 20" [_thread_blocked, id=10360, stack(0x000000b3a8f00000,0x000000b3a9000000)]
  0x000001d27f5c7000 JavaThread "Unconstrained build operations Thread 21" [_thread_blocked, id=5484, stack(0x000000b3a9000000,0x000000b3a9100000)]
  0x000001d27f5c6000 JavaThread "Unconstrained build operations Thread 22" [_thread_blocked, id=20872, stack(0x000000b3a9100000,0x000000b3a9200000)]
  0x000001d27f5c5000 JavaThread "Unconstrained build operations Thread 23" [_thread_blocked, id=18940, stack(0x000000b3a9200000,0x000000b3a9300000)]
  0x000001d27f5c2000 JavaThread "Unconstrained build operations Thread 24" [_thread_blocked, id=11112, stack(0x000000b3a9300000,0x000000b3a9400000)]
  0x000001d27f5c3000 JavaThread "Unconstrained build operations Thread 25" [_thread_blocked, id=10872, stack(0x000000b3a9400000,0x000000b3a9500000)]
  0x000001d27f5c3800 JavaThread "Unconstrained build operations Thread 26" [_thread_blocked, id=12484, stack(0x000000b3a9500000,0x000000b3a9600000)]
  0x000001d27dcd9000 JavaThread "Unconstrained build operations Thread 27" [_thread_blocked, id=16400, stack(0x000000b3a9600000,0x000000b3a9700000)]
  0x000001d27dcda800 JavaThread "Unconstrained build operations Thread 28" [_thread_blocked, id=7720, stack(0x000000b3a9700000,0x000000b3a9800000)]
  0x000001d27dcdd000 JavaThread "Unconstrained build operations Thread 29" [_thread_blocked, id=6184, stack(0x000000b3a9800000,0x000000b3a9900000)]
  0x000001d27dcd9800 JavaThread "Unconstrained build operations Thread 30" [_thread_blocked, id=21796, stack(0x000000b3a9900000,0x000000b3a9a00000)]
  0x000001d27dcdc000 JavaThread "Unconstrained build operations Thread 31" [_thread_blocked, id=696, stack(0x000000b3a9a00000,0x000000b3a9b00000)]
  0x000001d27dcd7000 JavaThread "Unconstrained build operations Thread 32" [_thread_blocked, id=21572, stack(0x000000b3a9b00000,0x000000b3a9c00000)]
  0x000001d27dcdd800 JavaThread "Unconstrained build operations Thread 33" [_thread_blocked, id=8280, stack(0x000000b3a9c00000,0x000000b3a9d00000)]
  0x000001d27dcd8000 JavaThread "Unconstrained build operations Thread 34" [_thread_blocked, id=21648, stack(0x000000b3a9d00000,0x000000b3a9e00000)]
  0x000001d27dcde800 JavaThread "Unconstrained build operations Thread 35" [_thread_blocked, id=9588, stack(0x000000b3a9e00000,0x000000b3a9f00000)]
  0x000001d27dcdf800 JavaThread "Unconstrained build operations Thread 36" [_thread_blocked, id=18928, stack(0x000000b3a9f00000,0x000000b3aa000000)]
  0x000001d27dce0000 JavaThread "Unconstrained build operations Thread 37" [_thread_blocked, id=1648, stack(0x000000b3aa000000,0x000000b3aa100000)]
  0x000001d27dce1000 JavaThread "Unconstrained build operations Thread 38" [_thread_blocked, id=15496, stack(0x000000b3aa100000,0x000000b3aa200000)]
  0x000001d27dcdb000 JavaThread "Unconstrained build operations Thread 39" [_thread_blocked, id=13048, stack(0x000000b3aa200000,0x000000b3aa300000)]
  0x000001d27dce6000 JavaThread "Unconstrained build operations Thread 40" [_thread_blocked, id=18220, stack(0x000000b3aa300000,0x000000b3aa400000)]
  0x000001d27dce2000 JavaThread "Unconstrained build operations Thread 41" [_thread_blocked, id=21872, stack(0x000000b3aa400000,0x000000b3aa500000)]
  0x000001d27dce3800 JavaThread "Unconstrained build operations Thread 42" [_thread_blocked, id=1912, stack(0x000000b3aa500000,0x000000b3aa600000)]
  0x000001d27dce5000 JavaThread "Unconstrained build operations Thread 43" [_thread_blocked, id=10844, stack(0x000000b3aa600000,0x000000b3aa700000)]
  0x000001d27dce4000 JavaThread "Unconstrained build operations Thread 44" [_thread_blocked, id=20728, stack(0x000000b3aa700000,0x000000b3aa800000)]
  0x000001d27dce2800 JavaThread "Unconstrained build operations Thread 45" [_thread_blocked, id=14864, stack(0x000000b3aa800000,0x000000b3aa900000)]
  0x000001d27efe4000 JavaThread "Unconstrained build operations Thread 46" [_thread_blocked, id=17248, stack(0x000000b3aa900000,0x000000b3aaa00000)]
  0x000001d27efe5000 JavaThread "Unconstrained build operations Thread 47" [_thread_blocked, id=5212, stack(0x000000b3aaa00000,0x000000b3aab00000)]
  0x000001d27efe2800 JavaThread "Unconstrained build operations Thread 48" [_thread_blocked, id=5872, stack(0x000000b3aab00000,0x000000b3aac00000)]
  0x000001d27efe1800 JavaThread "Unconstrained build operations Thread 49" [_thread_blocked, id=8788, stack(0x000000b3aac00000,0x000000b3aad00000)]
  0x000001d27efe3800 JavaThread "Unconstrained build operations Thread 50" [_thread_blocked, id=15964, stack(0x000000b3aad00000,0x000000b3aae00000)]
  0x000001d27efe6000 JavaThread "Unconstrained build operations Thread 51" [_thread_blocked, id=18232, stack(0x000000b3aae00000,0x000000b3aaf00000)]
  0x000001d27efe0000 JavaThread "Unconstrained build operations Thread 52" [_thread_blocked, id=7452, stack(0x000000b3aaf00000,0x000000b3ab000000)]
  0x000001d27efe6800 JavaThread "Unconstrained build operations Thread 53" [_thread_blocked, id=17932, stack(0x000000b3ab000000,0x000000b3ab100000)]
  0x000001d27efe1000 JavaThread "Unconstrained build operations Thread 54" [_thread_blocked, id=17488, stack(0x000000b3ab100000,0x000000b3ab200000)]
  0x000001d27efec800 JavaThread "Unconstrained build operations Thread 55" [_thread_blocked, id=3228, stack(0x000000b3ab200000,0x000000b3ab300000)]
  0x000001d27efed000 JavaThread "Unconstrained build operations Thread 56" [_thread_blocked, id=16896, stack(0x000000b3ab300000,0x000000b3ab400000)]
  0x000001d27efe7800 JavaThread "Unconstrained build operations Thread 57" [_thread_blocked, id=3624, stack(0x000000b3ab400000,0x000000b3ab500000)]
  0x000001d27efe8800 JavaThread "Unconstrained build operations Thread 58" [_thread_blocked, id=19504, stack(0x000000b3ab500000,0x000000b3ab600000)]
  0x000001d27efe9000 JavaThread "Unconstrained build operations Thread 59" [_thread_blocked, id=19376, stack(0x000000b3ab600000,0x000000b3ab700000)]
  0x000001d27efee000 JavaThread "Unconstrained build operations Thread 60" [_thread_blocked, id=17324, stack(0x000000b3ab700000,0x000000b3ab800000)]
  0x000001d27efea000 JavaThread "Unconstrained build operations Thread 61" [_thread_blocked, id=9656, stack(0x000000b3ab800000,0x000000b3ab900000)]
  0x000001d27efea800 JavaThread "Unconstrained build operations Thread 62" [_thread_blocked, id=20384, stack(0x000000b3ab900000,0x000000b3aba00000)]
  0x000001d27efef000 JavaThread "Unconstrained build operations Thread 63" [_thread_blocked, id=18580, stack(0x000000b3aba00000,0x000000b3abb00000)]
  0x000001d27efeb800 JavaThread "Unconstrained build operations Thread 64" [_thread_blocked, id=9096, stack(0x000000b3abb00000,0x000000b3abc00000)]
  0x000001d27e2f5800 JavaThread "Unconstrained build operations Thread 65" [_thread_blocked, id=22296, stack(0x000000b3abc00000,0x000000b3abd00000)]
  0x000001d27e2f8000 JavaThread "Unconstrained build operations Thread 66" [_thread_blocked, id=2548, stack(0x000000b3abd00000,0x000000b3abe00000)]
  0x000001d27e2f9000 JavaThread "Unconstrained build operations Thread 67" [_thread_blocked, id=16592, stack(0x000000b3abe00000,0x000000b3abf00000)]
  0x000001d27e2fc000 JavaThread "Unconstrained build operations Thread 68" [_thread_blocked, id=19364, stack(0x000000b3abf00000,0x000000b3ac000000)]
  0x000001d27e2fa800 JavaThread "Unconstrained build operations Thread 69" [_thread_blocked, id=18148, stack(0x000000b3ac000000,0x000000b3ac100000)]
  0x000001d27e2f9800 JavaThread "Unconstrained build operations Thread 70" [_thread_blocked, id=17588, stack(0x000000b3ac100000,0x000000b3ac200000)]
  0x000001d27e2fb800 JavaThread "Unconstrained build operations Thread 71" [_thread_blocked, id=11008, stack(0x000000b3ac200000,0x000000b3ac300000)]
  0x000001d27e2f6800 JavaThread "Unconstrained build operations Thread 72" [_thread_blocked, id=15940, stack(0x000000b3ac300000,0x000000b3ac400000)]
  0x000001d27e2fd000 JavaThread "Unconstrained build operations Thread 73" [_thread_blocked, id=16280, stack(0x000000b3ac400000,0x000000b3ac500000)]
  0x000001d27e2f7000 JavaThread "Unconstrained build operations Thread 74" [_thread_blocked, id=21612, stack(0x000000b3ac500000,0x000000b3ac600000)]
  0x000001d27e2ff800 JavaThread "Unconstrained build operations Thread 75" [_thread_blocked, id=10288, stack(0x000000b3ac600000,0x000000b3ac700000)]
  0x000001d27e300000 JavaThread "Unconstrained build operations Thread 76" [_thread_blocked, id=19980, stack(0x000000b3ac700000,0x000000b3ac800000)]
  0x000001d27e2fe000 JavaThread "Unconstrained build operations Thread 77" [_thread_blocked, id=20696, stack(0x000000b3ac800000,0x000000b3ac900000)]
  0x000001d27e301000 JavaThread "Unconstrained build operations Thread 78" [_thread_blocked, id=21032, stack(0x000000b3ac900000,0x000000b3aca00000)]
  0x000001d27e2fe800 JavaThread "Unconstrained build operations Thread 79" [_thread_blocked, id=2352, stack(0x000000b3aca00000,0x000000b3acb00000)]
  0x000001d27e302000 JavaThread "Unconstrained build operations Thread 80" [_thread_blocked, id=7224, stack(0x000000b3acb00000,0x000000b3acc00000)]
  0x000001d27e302800 JavaThread "Unconstrained build operations Thread 81" [_thread_blocked, id=19236, stack(0x000000b3acc00000,0x000000b3acd00000)]
  0x000001d27e303800 JavaThread "Unconstrained build operations Thread 82" [_thread_blocked, id=19208, stack(0x000000b3acd00000,0x000000b3ace00000)]
  0x000001d27e304800 JavaThread "Unconstrained build operations Thread 83" [_thread_blocked, id=10776, stack(0x000000b3ace00000,0x000000b3acf00000)]
  0x000001d2014ac000 JavaThread "Unconstrained build operations Thread 84" [_thread_blocked, id=5788, stack(0x000000b3acf00000,0x000000b3ad000000)]
  0x000001d2014ab000 JavaThread "Unconstrained build operations Thread 85" [_thread_blocked, id=21672, stack(0x000000b3ad000000,0x000000b3ad100000)]
  0x000001d2014ac800 JavaThread "Unconstrained build operations Thread 86" [_thread_blocked, id=15408, stack(0x000000b3ad100000,0x000000b3ad200000)]
  0x000001d2014ad800 JavaThread "Unconstrained build operations Thread 87" [_thread_blocked, id=9444, stack(0x000000b3ad200000,0x000000b3ad300000)]
  0x000001d2014ae800 JavaThread "Unconstrained build operations Thread 88" [_thread_blocked, id=10840, stack(0x000000b3ad300000,0x000000b3ad400000)]
  0x000001d2014af000 JavaThread "Unconstrained build operations Thread 89" [_thread_blocked, id=12348, stack(0x000000b3ad400000,0x000000b3ad500000)]
  0x000001d2014a9800 JavaThread "Unconstrained build operations Thread 90" [_thread_blocked, id=10860, stack(0x000000b3ad500000,0x000000b3ad600000)]
  0x000001d2014b0000 JavaThread "Unconstrained build operations Thread 91" [_thread_blocked, id=9820, stack(0x000000b3ad600000,0x000000b3ad700000)]
  0x000001d2014aa000 JavaThread "Unconstrained build operations Thread 92" [_thread_blocked, id=2924, stack(0x000000b3ad700000,0x000000b3ad800000)]
  0x000001d2014b6800 JavaThread "Unconstrained build operations Thread 93" [_thread_blocked, id=7992, stack(0x000000b3ad800000,0x000000b3ad900000)]
  0x000001d2014b0800 JavaThread "Unconstrained build operations Thread 94" [_thread_blocked, id=7668, stack(0x000000b3ad900000,0x000000b3ada00000)]
  0x000001d2014b2800 JavaThread "Unconstrained build operations Thread 95" [_thread_blocked, id=21092, stack(0x000000b3ada00000,0x000000b3adb00000)]
  0x000001d2014b7000 JavaThread "Unconstrained build operations Thread 96" [_thread_blocked, id=20124, stack(0x000000b3adb00000,0x000000b3adc00000)]
  0x000001d2014b1800 JavaThread "Unconstrained build operations Thread 97" [_thread_blocked, id=6580, stack(0x000000b3adc00000,0x000000b3add00000)]
  0x000001d2014b3000 JavaThread "Unconstrained build operations Thread 98" [_thread_blocked, id=6956, stack(0x000000b3add00000,0x000000b3ade00000)]
  0x000001d2014b4000 JavaThread "Unconstrained build operations Thread 99" [_thread_blocked, id=19784, stack(0x000000b3ade00000,0x000000b3adf00000)]
  0x000001d2014b5800 JavaThread "Unconstrained build operations Thread 100" [_thread_blocked, id=8748, stack(0x000000b3adf00000,0x000000b3ae000000)]
  0x000001d2014b5000 JavaThread "Unconstrained build operations Thread 101" [_thread_blocked, id=10080, stack(0x000000b3ae000000,0x000000b3ae100000)]
  0x000001d2014b8000 JavaThread "Unconstrained build operations Thread 102" [_thread_blocked, id=21244, stack(0x000000b3ae100000,0x000000b3ae200000)]
  0x000001d27cbcd000 JavaThread "Unconstrained build operations Thread 103" [_thread_blocked, id=17652, stack(0x000000b3ae200000,0x000000b3ae300000)]
  0x000001d27cbc8000 JavaThread "Unconstrained build operations Thread 104" [_thread_blocked, id=22168, stack(0x000000b3ae300000,0x000000b3ae400000)]
  0x000001d27cbc9000 JavaThread "Unconstrained build operations Thread 105" [_thread_blocked, id=14056, stack(0x000000b3ae400000,0x000000b3ae500000)]
  0x000001d27cbc9800 JavaThread "Unconstrained build operations Thread 106" [_thread_blocked, id=9256, stack(0x000000b3ae500000,0x000000b3ae600000)]
  0x000001d27cbc7000 JavaThread "Unconstrained build operations Thread 107" [_thread_blocked, id=14216, stack(0x000000b3ae600000,0x000000b3ae700000)]
  0x000001d27cbd0000 JavaThread "Unconstrained build operations Thread 108" [_thread_blocked, id=19632, stack(0x000000b3ae700000,0x000000b3ae800000)]
  0x000001d27cbcf800 JavaThread "Unconstrained build operations Thread 109" [_thread_blocked, id=6624, stack(0x000000b3ae800000,0x000000b3ae900000)]
  0x000001d27cbce000 JavaThread "Unconstrained build operations Thread 110" [_thread_blocked, id=16312, stack(0x000000b3ae900000,0x000000b3aea00000)]
  0x000001d27cbca800 JavaThread "Unconstrained build operations Thread 111" [_thread_blocked, id=19536, stack(0x000000b3aea00000,0x000000b3aeb00000)]
  0x000001d27cbcb800 JavaThread "Unconstrained build operations Thread 112" [_thread_blocked, id=15992, stack(0x000000b3aeb00000,0x000000b3aec00000)]
  0x000001d27cbd2000 JavaThread "Unconstrained build operations Thread 113" [_thread_blocked, id=18276, stack(0x000000b3aec00000,0x000000b3aed00000)]
  0x000001d27cbce800 JavaThread "Unconstrained build operations Thread 114" [_thread_blocked, id=7868, stack(0x000000b3aed00000,0x000000b3aee00000)]
  0x000001d27cbd1000 JavaThread "Unconstrained build operations Thread 115" [_thread_blocked, id=19964, stack(0x000000b3aee00000,0x000000b3aef00000)]
  0x000001d27cbcc000 JavaThread "Unconstrained build operations Thread 116" [_thread_blocked, id=22160, stack(0x000000b3aef00000,0x000000b3af000000)]
  0x000001d27cbd3800 JavaThread "Unconstrained build operations Thread 117" [_thread_blocked, id=1696, stack(0x000000b3af000000,0x000000b3af100000)]
  0x000001d27cbd2800 JavaThread "Unconstrained build operations Thread 118" [_thread_blocked, id=19572, stack(0x000000b3af100000,0x000000b3af200000)]
  0x000001d27cbd4800 JavaThread "Unconstrained build operations Thread 119" [_thread_blocked, id=20980, stack(0x000000b3af200000,0x000000b3af300000)]
  0x000001d27cbd5000 JavaThread "Unconstrained build operations Thread 120" [_thread_blocked, id=17456, stack(0x000000b3af300000,0x000000b3af400000)]
  0x000001d27cbd6000 JavaThread "jar transforms Thread 6" [_thread_blocked, id=17088, stack(0x000000b3af600000,0x000000b3af700000)]
  0x000001d201aaf800 JavaThread "jar transforms Thread 7" [_thread_blocked, id=2628, stack(0x000000b3af700000,0x000000b3af800000)]
  0x000001d201aae000 JavaThread "jar transforms Thread 8" [_thread_blocked, id=14160, stack(0x000000b3af800000,0x000000b3af900000)]
  0x000001d201ab2000 JavaThread "jar transforms Thread 9" [_thread_blocked, id=20604, stack(0x000000b3af900000,0x000000b3afa00000)]
  0x000001d201ab3000 JavaThread "jar transforms Thread 10" [_thread_blocked, id=18372, stack(0x000000b3afa00000,0x000000b3afb00000)]
  0x000001d201ab0800 JavaThread "jar transforms Thread 11" [_thread_blocked, id=6712, stack(0x000000b3afb00000,0x000000b3afc00000)]
  0x000001d201aaf000 JavaThread "jar transforms Thread 12" [_thread_blocked, id=8392, stack(0x000000b3afc00000,0x000000b3afd00000)]
  0x000001d201ab1800 JavaThread "Memory manager" [_thread_blocked, id=5816, stack(0x000000b3afd00000,0x000000b3afe00000)]
  0x000001d201ab4000 JavaThread "Cache worker for kotlin-dsl (C:\Users\Harsh Jethva\.gradle\caches\7.5\kotlin-dsl)" [_thread_blocked, id=19880, stack(0x000000b3af500000,0x000000b3af600000)]
=>0x000001d27ee1e000 JavaThread "C2 CompilerThread1" daemon [_thread_in_native, id=11468, stack(0x000000b3af400000,0x000000b3af500000)]
  0x000001d27ee1b800 JavaThread "C2 CompilerThread2" daemon [_thread_in_native, id=21444, stack(0x000000b3afe00000,0x000000b3aff00000)]

Other Threads:
  0x000001d27b196000 VMThread "VM Thread" [stack: 0x000000b3a4900000,0x000000b3a4a00000] [id=5304]
  0x000001d27bcaa800 WatcherThread [stack: 0x000000b3a5300000,0x000000b3a5400000] [id=21016]
  0x000001d261bfb800 GCTaskThread "GC Thread#0" [stack: 0x000000b3a4400000,0x000000b3a4500000] [id=17280]
  0x000001d27cddd000 GCTaskThread "GC Thread#1" [stack: 0x000000b3a5600000,0x000000b3a5700000] [id=16756]
  0x000001d27e22e800 GCTaskThread "GC Thread#2" [stack: 0x000000b3a6000000,0x000000b3a6100000] [id=3276]
  0x000001d27ce7e000 GCTaskThread "GC Thread#3" [stack: 0x000000b3a6100000,0x000000b3a6200000] [id=5544]
  0x000001d27ce7f000 GCTaskThread "GC Thread#4" [stack: 0x000000b3a6200000,0x000000b3a6300000] [id=7756]
  0x000001d27e3a5800 GCTaskThread "GC Thread#5" [stack: 0x000000b3a6300000,0x000000b3a6400000] [id=11972]
  0x000001d27e3a6000 GCTaskThread "GC Thread#6" [stack: 0x000000b3a6400000,0x000000b3a6500000] [id=20760]
  0x000001d27caf6800 GCTaskThread "GC Thread#7" [stack: 0x000000b3a6500000,0x000000b3a6600000] [id=21568]
  0x000001d27caf7800 GCTaskThread "GC Thread#8" [stack: 0x000000b3a6600000,0x000000b3a6700000] [id=2264]
  0x000001d27e29b000 GCTaskThread "GC Thread#9" [stack: 0x000000b3a6700000,0x000000b3a6800000] [id=20840]
  0x000001d261c22000 ConcurrentGCThread "G1 Main Marker" [stack: 0x000000b3a4500000,0x000000b3a4600000] [id=21596]
  0x000001d261c24000 ConcurrentGCThread "G1 Conc#0" [stack: 0x000000b3a4600000,0x000000b3a4700000] [id=13388]
  0x000001d27e4a3800 ConcurrentGCThread "G1 Conc#1" [stack: 0x000000b3a6c00000,0x000000b3a6d00000] [id=9512]
  0x000001d27e4a4800 ConcurrentGCThread "G1 Conc#2" [stack: 0x000000b3a6d00000,0x000000b3a6e00000] [id=15812]
  0x000001d27b001800 ConcurrentGCThread "G1 Refine#0" [stack: 0x000000b3a4700000,0x000000b3a4800000] [id=11224]
  0x000001d27caf0800 ConcurrentGCThread "G1 Refine#1" [stack: 0x000000b3a6800000,0x000000b3a6900000] [id=3164]
  0x000001d261cab000 ConcurrentGCThread "G1 Young RemSet Sampling" [stack: 0x000000b3a4800000,0x000000b3a4900000] [id=1384]

Threads with active compile tasks:
C1 CompilerThread0    17936 10237       3       java.lang.Class::searchMethods (104 bytes)
C2 CompilerThread1    17936 10178       4       java.lang.reflect.Method::invoke (65 bytes)
C2 CompilerThread2    17936 10114   !   4       org.gradle.internal.classloader.CachingClassLoader::loadClass (85 bytes)

VM state:not at safepoint (normal execution)

VM Mutex/Monitor currently owned by a thread: None

Heap address: 0x00000000a0000000, size: 1536 MB, Compressed Oops mode: 32-bit
Narrow klass base: 0x0000000000000000, Narrow klass shift: 3
Compressed class space size: 1073741824 Address: 0x0000000100000000

Heap:
 garbage-first heap   total 145408K, used 112264K [0x00000000a0000000, 0x0000000100000000)
  region size 1024K, 3 young (3072K), 2 survivors (2048K)
 Metaspace       used 85882K, capacity 89018K, committed 89296K, reserved 1136640K
  class space    used 11307K, capacity 12330K, committed 12364K, reserved 1048576K
Heap Regions: E=young(eden), S=young(survivor), O=old, HS=humongous(starts), HC=humongous(continues), CS=collection set, F=free, A=archive, TAMS=top-at-mark-start (previous, next)
|   0|0x00000000a0000000, 0x00000000a0100000, 0x00000000a0100000|100%| O|  |TAMS 0x00000000a0100000, 0x00000000a0000000| Untracked 
|   1|0x00000000a0100000, 0x00000000a0200000, 0x00000000a0200000|100%| O|  |TAMS 0x00000000a0200000, 0x00000000a0100000| Untracked 
|   2|0x00000000a0200000, 0x00000000a0300000, 0x00000000a0300000|100%| O|  |TAMS 0x00000000a0300000, 0x00000000a0200000| Untracked 
|   3|0x00000000a0300000, 0x00000000a0400000, 0x00000000a0400000|100%|HS|  |TAMS 0x00000000a0400000, 0x00000000a0300000| Complete 
|   4|0x00000000a0400000, 0x00000000a0500000, 0x00000000a0500000|100%|HC|  |TAMS 0x00000000a0500000, 0x00000000a0400000| Complete 
|   5|0x00000000a0500000, 0x00000000a0600000, 0x00000000a0600000|100%|HC|  |TAMS 0x00000000a0600000, 0x00000000a0500000| Complete 
|   6|0x00000000a0600000, 0x00000000a0700000, 0x00000000a0700000|100%| O|  |TAMS 0x00000000a0700000, 0x00000000a0600000| Untracked 
|   7|0x00000000a0700000, 0x00000000a0800000, 0x00000000a0800000|100%| O|  |TAMS 0x00000000a0800000, 0x00000000a0700000| Untracked 
|   8|0x00000000a0800000, 0x00000000a0900000, 0x00000000a0900000|100%| O|  |TAMS 0x00000000a0900000, 0x00000000a0800000| Untracked 
|   9|0x00000000a0900000, 0x00000000a0a00000, 0x00000000a0a00000|100%| O|  |TAMS 0x00000000a0a00000, 0x00000000a0900000| Untracked 
|  10|0x00000000a0a00000, 0x00000000a0b00000, 0x00000000a0b00000|100%| O|  |TAMS 0x00000000a0b00000, 0x00000000a0a00000| Untracked 
|  11|0x00000000a0b00000, 0x00000000a0c00000, 0x00000000a0c00000|100%| O|  |TAMS 0x00000000a0c00000, 0x00000000a0b00000| Untracked 
|  12|0x00000000a0c00000, 0x00000000a0d00000, 0x00000000a0d00000|100%| O|  |TAMS 0x00000000a0d00000, 0x00000000a0c00000| Untracked 
|  13|0x00000000a0d00000, 0x00000000a0e00000, 0x00000000a0e00000|100%| O|  |TAMS 0x00000000a0e00000, 0x00000000a0d00000| Untracked 
|  14|0x00000000a0e00000, 0x00000000a0f00000, 0x00000000a0f00000|100%| O|  |TAMS 0x00000000a0f00000, 0x00000000a0e00000| Untracked 
|  15|0x00000000a0f00000, 0x00000000a1000000, 0x00000000a1000000|100%| O|  |TAMS 0x00000000a1000000, 0x00000000a0f00000| Untracked 
|  16|0x00000000a1000000, 0x00000000a1100000, 0x00000000a1100000|100%| O|  |TAMS 0x00000000a1100000, 0x00000000a1000000| Untracked 
|  17|0x00000000a1100000, 0x00000000a1200000, 0x00000000a1200000|100%| O|  |TAMS 0x00000000a1200000, 0x00000000a1100000| Untracked 
|  18|0x00000000a1200000, 0x00000000a1300000, 0x00000000a1300000|100%| O|  |TAMS 0x00000000a1300000, 0x00000000a1200000| Untracked 
|  19|0x00000000a1300000, 0x00000000a1400000, 0x00000000a1400000|100%| O|  |TAMS 0x00000000a1400000, 0x00000000a1300000| Untracked 
|  20|0x00000000a1400000, 0x00000000a1500000, 0x00000000a1500000|100%| O|  |TAMS 0x00000000a1500000, 0x00000000a1400000| Untracked 
|  21|0x00000000a1500000, 0x00000000a1600000, 0x00000000a1600000|100%| O|  |TAMS 0x00000000a1600000, 0x00000000a1500000| Untracked 
|  22|0x00000000a1600000, 0x00000000a1700000, 0x00000000a1700000|100%| O|  |TAMS 0x00000000a1700000, 0x00000000a1600000| Untracked 
|  23|0x00000000a1700000, 0x00000000a1800000, 0x00000000a1800000|100%| O|  |TAMS 0x00000000a1800000, 0x00000000a1700000| Untracked 
|  24|0x00000000a1800000, 0x00000000a1900000, 0x00000000a1900000|100%| O|  |TAMS 0x00000000a1900000, 0x00000000a1800000| Untracked 
|  25|0x00000000a1900000, 0x00000000a1a00000, 0x00000000a1a00000|100%| O|  |TAMS 0x00000000a1a00000, 0x00000000a1900000| Untracked 
|  26|0x00000000a1a00000, 0x00000000a1b00000, 0x00000000a1b00000|100%| O|  |TAMS 0x00000000a1b00000, 0x00000000a1a00000| Untracked 
|  27|0x00000000a1b00000, 0x00000000a1c00000, 0x00000000a1c00000|100%|HS|  |TAMS 0x00000000a1c00000, 0x00000000a1b00000| Complete 
|  28|0x00000000a1c00000, 0x00000000a1d00000, 0x00000000a1d00000|100%|HS|  |TAMS 0x00000000a1d00000, 0x00000000a1c00000| Complete 
|  29|0x00000000a1d00000, 0x00000000a1e00000, 0x00000000a1e00000|100%|HS|  |TAMS 0x00000000a1e00000, 0x00000000a1d00000| Complete 
|  30|0x00000000a1e00000, 0x00000000a1f00000, 0x00000000a1f00000|100%|HS|  |TAMS 0x00000000a1f00000, 0x00000000a1e00000| Complete 
|  31|0x00000000a1f00000, 0x00000000a2000000, 0x00000000a2000000|100%|HC|  |TAMS 0x00000000a2000000, 0x00000000a1f00000| Complete 
|  32|0x00000000a2000000, 0x00000000a2100000, 0x00000000a2100000|100%|HC|  |TAMS 0x00000000a2100000, 0x00000000a2000000| Complete 
|  33|0x00000000a2100000, 0x00000000a2200000, 0x00000000a2200000|100%|HS|  |TAMS 0x00000000a2200000, 0x00000000a2100000| Complete 
|  34|0x00000000a2200000, 0x00000000a2300000, 0x00000000a2300000|100%|HC|  |TAMS 0x00000000a2300000, 0x00000000a2200000| Complete 
|  35|0x00000000a2300000, 0x00000000a2400000, 0x00000000a2400000|100%| O|  |TAMS 0x00000000a2400000, 0x00000000a2300000| Untracked 
|  36|0x00000000a2400000, 0x00000000a2500000, 0x00000000a2500000|100%| O|  |TAMS 0x00000000a2500000, 0x00000000a2400000| Untracked 
|  37|0x00000000a2500000, 0x00000000a2600000, 0x00000000a2600000|100%| O|  |TAMS 0x00000000a2600000, 0x00000000a2500000| Untracked 
|  38|0x00000000a2600000, 0x00000000a2700000, 0x00000000a2700000|100%| O|  |TAMS 0x00000000a2700000, 0x00000000a2600000| Untracked 
|  39|0x00000000a2700000, 0x00000000a2800000, 0x00000000a2800000|100%| O|  |TAMS 0x00000000a2800000, 0x00000000a2700000| Untracked 
|  40|0x00000000a2800000, 0x00000000a2900000, 0x00000000a2900000|100%| O|  |TAMS 0x00000000a2900000, 0x00000000a2800000| Untracked 
|  41|0x00000000a2900000, 0x00000000a2a00000, 0x00000000a2a00000|100%| O|  |TAMS 0x00000000a2a00000, 0x00000000a2900000| Untracked 
|  42|0x00000000a2a00000, 0x00000000a2b00000, 0x00000000a2b00000|100%| O|  |TAMS 0x00000000a2b00000, 0x00000000a2a00000| Untracked 
|  43|0x00000000a2b00000, 0x00000000a2c00000, 0x00000000a2c00000|100%| O|  |TAMS 0x00000000a2c00000, 0x00000000a2b00000| Untracked 
|  44|0x00000000a2c00000, 0x00000000a2d00000, 0x00000000a2d00000|100%| O|  |TAMS 0x00000000a2d00000, 0x00000000a2c00000| Untracked 
|  45|0x00000000a2d00000, 0x00000000a2e00000, 0x00000000a2e00000|100%| O|  |TAMS 0x00000000a2e00000, 0x00000000a2d00000| Untracked 
|  46|0x00000000a2e00000, 0x00000000a2f00000, 0x00000000a2f00000|100%| O|  |TAMS 0x00000000a2f00000, 0x00000000a2e00000| Untracked 
|  47|0x00000000a2f00000, 0x00000000a3000000, 0x00000000a3000000|100%| O|  |TAMS 0x00000000a3000000, 0x00000000a2f00000| Untracked 
|  48|0x00000000a3000000, 0x00000000a3100000, 0x00000000a3100000|100%| O|  |TAMS 0x00000000a3100000, 0x00000000a3000000| Untracked 
|  49|0x00000000a3100000, 0x00000000a3200000, 0x00000000a3200000|100%| O|  |TAMS 0x00000000a3200000, 0x00000000a3100000| Untracked 
|  50|0x00000000a3200000, 0x00000000a3300000, 0x00000000a3300000|100%| O|  |TAMS 0x00000000a3300000, 0x00000000a3200000| Untracked 
|  51|0x00000000a3300000, 0x00000000a3400000, 0x00000000a3400000|100%|HS|  |TAMS 0x00000000a3400000, 0x00000000a3300000| Complete 
|  52|0x00000000a3400000, 0x00000000a3500000, 0x00000000a3500000|100%| O|  |TAMS 0x00000000a3500000, 0x00000000a3400000| Untracked 
|  53|0x00000000a3500000, 0x00000000a3600000, 0x00000000a3600000|100%| O|  |TAMS 0x00000000a3600000, 0x00000000a3500000| Untracked 
|  54|0x00000000a3600000, 0x00000000a3700000, 0x00000000a3700000|100%| O|  |TAMS 0x00000000a3700000, 0x00000000a3600000| Untracked 
|  55|0x00000000a3700000, 0x00000000a3800000, 0x00000000a3800000|100%| O|  |TAMS 0x00000000a3800000, 0x00000000a3700000| Untracked 
|  56|0x00000000a3800000, 0x00000000a3900000, 0x00000000a3900000|100%| O|  |TAMS 0x00000000a3900000, 0x00000000a3800000| Untracked 
|  57|0x00000000a3900000, 0x00000000a3a00000, 0x00000000a3a00000|100%| O|  |TAMS 0x00000000a3a00000, 0x00000000a3900000| Untracked 
|  58|0x00000000a3a00000, 0x00000000a3b00000, 0x00000000a3b00000|100%|HS|  |TAMS 0x00000000a3b00000, 0x00000000a3a00000| Complete 
|  59|0x00000000a3b00000, 0x00000000a3c00000, 0x00000000a3c00000|100%| O|  |TAMS 0x00000000a3c00000, 0x00000000a3b00000| Untracked 
|  60|0x00000000a3c00000, 0x00000000a3d00000, 0x00000000a3d00000|100%| O|  |TAMS 0x00000000a3d00000, 0x00000000a3c00000| Untracked 
|  61|0x00000000a3d00000, 0x00000000a3e00000, 0x00000000a3e00000|100%| O|  |TAMS 0x00000000a3e00000, 0x00000000a3d00000| Untracked 
|  62|0x00000000a3e00000, 0x00000000a3f00000, 0x00000000a3f00000|100%| O|  |TAMS 0x00000000a3f00000, 0x00000000a3e00000| Untracked 
|  63|0x00000000a3f00000, 0x00000000a4000000, 0x00000000a4000000|100%| O|  |TAMS 0x00000000a4000000, 0x00000000a3f00000| Untracked 
|  64|0x00000000a4000000, 0x00000000a4100000, 0x00000000a4100000|100%| O|  |TAMS 0x00000000a4100000, 0x00000000a4000000| Untracked 
|  65|0x00000000a4100000, 0x00000000a4200000, 0x00000000a4200000|100%| O|  |TAMS 0x00000000a4200000, 0x00000000a4100000| Untracked 
|  66|0x00000000a4200000, 0x00000000a4300000, 0x00000000a4300000|100%| O|  |TAMS 0x00000000a4300000, 0x00000000a4200000| Untracked 
|  67|0x00000000a4300000, 0x00000000a4400000, 0x00000000a4400000|100%| O|  |TAMS 0x00000000a4400000, 0x00000000a4300000| Untracked 
|  68|0x00000000a4400000, 0x00000000a4500000, 0x00000000a4500000|100%| O|  |TAMS 0x00000000a4500000, 0x00000000a4400000| Untracked 
|  69|0x00000000a4500000, 0x00000000a4600000, 0x00000000a4600000|100%| O|  |TAMS 0x00000000a4600000, 0x00000000a4500000| Untracked 
|  70|0x00000000a4600000, 0x00000000a4700000, 0x00000000a4700000|100%| O|  |TAMS 0x00000000a4700000, 0x00000000a4600000| Untracked 
|  71|0x00000000a4700000, 0x00000000a4800000, 0x00000000a4800000|100%| O|  |TAMS 0x00000000a4800000, 0x00000000a4700000| Untracked 
|  72|0x00000000a4800000, 0x00000000a4900000, 0x00000000a4900000|100%| O|  |TAMS 0x00000000a4900000, 0x00000000a4800000| Untracked 
|  73|0x00000000a4900000, 0x00000000a4a00000, 0x00000000a4a00000|100%| O|  |TAMS 0x00000000a4a00000, 0x00000000a4900000| Untracked 
|  74|0x00000000a4a00000, 0x00000000a4b00000, 0x00000000a4b00000|100%| O|  |TAMS 0x00000000a4b00000, 0x00000000a4a00000| Untracked 
|  75|0x00000000a4b00000, 0x00000000a4c00000, 0x00000000a4c00000|100%| O|  |TAMS 0x00000000a4c00000, 0x00000000a4b00000| Untracked 
|  76|0x00000000a4c00000, 0x00000000a4d00000, 0x00000000a4d00000|100%| O|  |TAMS 0x00000000a4d00000, 0x00000000a4c00000| Untracked 
|  77|0x00000000a4d00000, 0x00000000a4e00000, 0x00000000a4e00000|100%| O|  |TAMS 0x00000000a4e00000, 0x00000000a4d00000| Untracked 
|  78|0x00000000a4e00000, 0x00000000a4f00000, 0x00000000a4f00000|100%| O|  |TAMS 0x00000000a4f00000, 0x00000000a4e00000| Untracked 
|  79|0x00000000a4f00000, 0x00000000a5000000, 0x00000000a5000000|100%| O|  |TAMS 0x00000000a5000000, 0x00000000a4f00000| Untracked 
|  80|0x00000000a5000000, 0x00000000a5100000, 0x00000000a5100000|100%| O|  |TAMS 0x00000000a5100000, 0x00000000a5000000| Untracked 
|  81|0x00000000a5100000, 0x00000000a5200000, 0x00000000a5200000|100%| O|  |TAMS 0x00000000a5200000, 0x00000000a5100000| Untracked 
|  82|0x00000000a5200000, 0x00000000a5300000, 0x00000000a5300000|100%|HS|  |TAMS 0x00000000a5300000, 0x00000000a5200000| Complete 
|  83|0x00000000a5300000, 0x00000000a5400000, 0x00000000a5400000|100%|HS|  |TAMS 0x00000000a5400000, 0x00000000a5300000| Complete 
|  84|0x00000000a5400000, 0x00000000a5500000, 0x00000000a5500000|100%| O|  |TAMS 0x00000000a5500000, 0x00000000a5400000| Untracked 
|  85|0x00000000a5500000, 0x00000000a5600000, 0x00000000a5600000|100%| O|  |TAMS 0x00000000a5600000, 0x00000000a5500000| Untracked 
|  86|0x00000000a5600000, 0x00000000a5700000, 0x00000000a5700000|100%| O|  |TAMS 0x00000000a5700000, 0x00000000a5600000| Untracked 
|  87|0x00000000a5700000, 0x00000000a5800000, 0x00000000a5800000|100%| O|  |TAMS 0x00000000a5800000, 0x00000000a5700000| Untracked 
|  88|0x00000000a5800000, 0x00000000a5900000, 0x00000000a5900000|100%| O|  |TAMS 0x00000000a5900000, 0x00000000a5800000| Untracked 
|  89|0x00000000a5900000, 0x00000000a5a00000, 0x00000000a5a00000|100%| O|  |TAMS 0x00000000a5a00000, 0x00000000a5900000| Untracked 
|  90|0x00000000a5a00000, 0x00000000a5b00000, 0x00000000a5b00000|100%| O|  |TAMS 0x00000000a5b00000, 0x00000000a5a00000| Untracked 
|  91|0x00000000a5b00000, 0x00000000a5c00000, 0x00000000a5c00000|100%|HS|  |TAMS 0x00000000a5c00000, 0x00000000a5b00000| Complete 
|  92|0x00000000a5c00000, 0x00000000a5d00000, 0x00000000a5d00000|100%|HC|  |TAMS 0x00000000a5d00000, 0x00000000a5c00000| Complete 
|  93|0x00000000a5d00000, 0x00000000a5e00000, 0x00000000a5e00000|100%| O|  |TAMS 0x00000000a5e00000, 0x00000000a5d00000| Untracked 
|  94|0x00000000a5e00000, 0x00000000a5f00000, 0x00000000a5f00000|100%| O|  |TAMS 0x00000000a5f00000, 0x00000000a5e00000| Untracked 
|  95|0x00000000a5f00000, 0x00000000a6000000, 0x00000000a6000000|100%| O|  |TAMS 0x00000000a6000000, 0x00000000a5f00000| Untracked 
|  96|0x00000000a6000000, 0x00000000a6100000, 0x00000000a6100000|100%| O|  |TAMS 0x00000000a6100000, 0x00000000a6000000| Untracked 
|  97|0x00000000a6100000, 0x00000000a6200000, 0x00000000a6200000|100%| O|  |TAMS 0x00000000a6200000, 0x00000000a6100000| Untracked 
|  98|0x00000000a6200000, 0x00000000a6300000, 0x00000000a6300000|100%| O|  |TAMS 0x00000000a6300000, 0x00000000a6200000| Untracked 
|  99|0x00000000a6300000, 0x00000000a6400000, 0x00000000a6400000|100%| O|  |TAMS 0x00000000a6400000, 0x00000000a6300000| Untracked 
| 100|0x00000000a6400000, 0x00000000a6500000, 0x00000000a6500000|100%| O|  |TAMS 0x00000000a6500000, 0x00000000a6400000| Untracked 
| 101|0x00000000a6500000, 0x00000000a6600000, 0x00000000a6600000|100%|HS|  |TAMS 0x00000000a6600000, 0x00000000a6500000| Complete 
| 102|0x00000000a6600000, 0x00000000a6700000, 0x00000000a6700000|100%| O|  |TAMS 0x00000000a6700000, 0x00000000a6600000| Untracked 
| 103|0x00000000a6700000, 0x00000000a6800000, 0x00000000a6800000|100%| O|  |TAMS 0x00000000a6800000, 0x00000000a6700000| Untracked 
| 104|0x00000000a6800000, 0x00000000a6900000, 0x00000000a6900000|100%| O|  |TAMS 0x00000000a6900000, 0x00000000a6800000| Untracked 
| 105|0x00000000a6900000, 0x00000000a6a00000, 0x00000000a6a00000|100%| O|  |TAMS 0x00000000a6a00000, 0x00000000a6900000| Untracked 
| 106|0x00000000a6a00000, 0x00000000a6b00000, 0x00000000a6b00000|100%| O|  |TAMS 0x00000000a6b00000, 0x00000000a6a00000| Untracked 
| 107|0x00000000a6b00000, 0x00000000a6bde600, 0x00000000a6c00000| 86%| O|  |TAMS 0x00000000a6bde600, 0x00000000a6b00000| Untracked 
| 108|0x00000000a6c00000, 0x00000000a6c00000, 0x00000000a6d00000|  0%| F|  |TAMS 0x00000000a6c00000, 0x00000000a6c00000| Untracked 
| 109|0x00000000a6d00000, 0x00000000a6d00000, 0x00000000a6e00000|  0%| F|  |TAMS 0x00000000a6d00000, 0x00000000a6d00000| Untracked 
| 110|0x00000000a6e00000, 0x00000000a6e00000, 0x00000000a6f00000|  0%| F|  |TAMS 0x00000000a6e00000, 0x00000000a6e00000| Untracked 
| 111|0x00000000a6f00000, 0x00000000a6f00000, 0x00000000a7000000|  0%| F|  |TAMS 0x00000000a6f00000, 0x00000000a6f00000| Untracked 
| 112|0x00000000a7000000, 0x00000000a7000000, 0x00000000a7100000|  0%| F|  |TAMS 0x00000000a7000000, 0x00000000a7000000| Untracked 
| 113|0x00000000a7100000, 0x00000000a7100000, 0x00000000a7200000|  0%| F|  |TAMS 0x00000000a7100000, 0x00000000a7100000| Untracked 
| 114|0x00000000a7200000, 0x00000000a7200000, 0x00000000a7300000|  0%| F|  |TAMS 0x00000000a7200000, 0x00000000a7200000| Untracked 
| 115|0x00000000a7300000, 0x00000000a7300000, 0x00000000a7400000|  0%| F|  |TAMS 0x00000000a7300000, 0x00000000a7300000| Untracked 
| 116|0x00000000a7400000, 0x00000000a7400000, 0x00000000a7500000|  0%| F|  |TAMS 0x00000000a7400000, 0x00000000a7400000| Untracked 
| 117|0x00000000a7500000, 0x00000000a7500000, 0x00000000a7600000|  0%| F|  |TAMS 0x00000000a7500000, 0x00000000a7500000| Untracked 
| 118|0x00000000a7600000, 0x00000000a7600000, 0x00000000a7700000|  0%| F|  |TAMS 0x00000000a7600000, 0x00000000a7600000| Untracked 
| 119|0x00000000a7700000, 0x00000000a7700000, 0x00000000a7800000|  0%| F|  |TAMS 0x00000000a7700000, 0x00000000a7700000| Untracked 
| 120|0x00000000a7800000, 0x00000000a7800000, 0x00000000a7900000|  0%| F|  |TAMS 0x00000000a7800000, 0x00000000a7800000| Untracked 
| 121|0x00000000a7900000, 0x00000000a7900000, 0x00000000a7a00000|  0%| F|  |TAMS 0x00000000a7900000, 0x00000000a7900000| Untracked 
| 122|0x00000000a7a00000, 0x00000000a7a00000, 0x00000000a7b00000|  0%| F|  |TAMS 0x00000000a7a00000, 0x00000000a7a00000| Untracked 
| 123|0x00000000a7b00000, 0x00000000a7b00000, 0x00000000a7c00000|  0%| F|  |TAMS 0x00000000a7b00000, 0x00000000a7b00000| Untracked 
| 124|0x00000000a7c00000, 0x00000000a7c00000, 0x00000000a7d00000|  0%| F|  |TAMS 0x00000000a7c00000, 0x00000000a7c00000| Untracked 
| 125|0x00000000a7d00000, 0x00000000a7d00000, 0x00000000a7e00000|  0%| F|  |TAMS 0x00000000a7d00000, 0x00000000a7d00000| Untracked 
| 126|0x00000000a7e00000, 0x00000000a7e00000, 0x00000000a7f00000|  0%| F|  |TAMS 0x00000000a7e00000, 0x00000000a7e00000| Untracked 
| 127|0x00000000a7f00000, 0x00000000a7fc3bb0, 0x00000000a8000000| 76%| S|CS|TAMS 0x00000000a7f00000, 0x00000000a7f00000| Complete 
| 128|0x00000000a8000000, 0x00000000a8000000, 0x00000000a8100000|  0%| F|  |TAMS 0x00000000a8000000, 0x00000000a8000000| Untracked 
| 129|0x00000000a8100000, 0x00000000a8100000, 0x00000000a8200000|  0%| F|  |TAMS 0x00000000a8100000, 0x00000000a8100000| Untracked 
| 130|0x00000000a8200000, 0x00000000a8300000, 0x00000000a8300000|100%| S|CS|TAMS 0x00000000a8200000, 0x00000000a8200000| Complete 
| 131|0x00000000a8300000, 0x00000000a8300000, 0x00000000a8400000|  0%| F|  |TAMS 0x00000000a8300000, 0x00000000a8300000| Untracked 
| 132|0x00000000a8400000, 0x00000000a8400000, 0x00000000a8500000|  0%| F|  |TAMS 0x00000000a8400000, 0x00000000a8400000| Untracked 
| 133|0x00000000a8500000, 0x00000000a8500000, 0x00000000a8600000|  0%| F|  |TAMS 0x00000000a8500000, 0x00000000a8500000| Untracked 
| 134|0x00000000a8600000, 0x00000000a8600000, 0x00000000a8700000|  0%| F|  |TAMS 0x00000000a8600000, 0x00000000a8600000| Untracked 
| 135|0x00000000a8700000, 0x00000000a8700000, 0x00000000a8800000|  0%| F|  |TAMS 0x00000000a8700000, 0x00000000a8700000| Untracked 
| 136|0x00000000a8800000, 0x00000000a8800000, 0x00000000a8900000|  0%| F|  |TAMS 0x00000000a8800000, 0x00000000a8800000| Untracked 
| 137|0x00000000a8900000, 0x00000000a8900000, 0x00000000a8a00000|  0%| F|  |TAMS 0x00000000a8900000, 0x00000000a8900000| Untracked 
| 138|0x00000000a8a00000, 0x00000000a8a00000, 0x00000000a8b00000|  0%| F|  |TAMS 0x00000000a8a00000, 0x00000000a8a00000| Untracked 
| 139|0x00000000a8b00000, 0x00000000a8b00000, 0x00000000a8c00000|  0%| F|  |TAMS 0x00000000a8b00000, 0x00000000a8b00000| Untracked 
| 140|0x00000000a8c00000, 0x00000000a8c00000, 0x00000000a8d00000|  0%| F|  |TAMS 0x00000000a8c00000, 0x00000000a8c00000| Untracked 
| 141|0x00000000a8d00000, 0x00000000a8e00000, 0x00000000a8e00000|100%| E|  |TAMS 0x00000000a8d00000, 0x00000000a8d00000| Complete 

Card table byte_map: [0x000001d274f50000,0x000001d275250000] _byte_map_base: 0x000001d274a50000

Marking Bits (Prev, Next): (CMBitMap*) 0x000001d261c1b1a8, (CMBitMap*) 0x000001d261c1b1e0
 Prev Bits: [0x000001d275550000, 0x000001d276d50000)
 Next Bits: [0x000001d276d50000, 0x000001d278550000)

Polling page: 0x000001d25fbb0000

Metaspace:

Usage:
  Non-class:     74.89 MB capacity,    72.85 MB ( 97%) used,     1.79 MB (  2%) free+waste,   250.81 KB ( <1%) overhead. 
      Class:     12.04 MB capacity,    11.05 MB ( 92%) used,   901.01 KB (  7%) free+waste,   117.50 KB ( <1%) overhead. 
       Both:     86.93 MB capacity,    83.90 MB ( 97%) used,     2.67 MB (  3%) free+waste,   368.31 KB ( <1%) overhead. 

Virtual space:
  Non-class space:       86.00 MB reserved,      75.13 MB ( 87%) committed 
      Class space:        1.00 GB reserved,      12.07 MB (  1%) committed 
             Both:        1.08 GB reserved,      87.20 MB (  8%) committed 

Chunk freelists:
   Non-Class:  52.00 KB
       Class:  22.00 KB
        Both:  74.00 KB

MaxMetaspaceSize: 17179869184.00 GB
CompressedClassSpaceSize: 1.00 GB
Initial GC threshold: 20.80 MB
Current GC threshold: 144.51 MB
CDS: off

CodeHeap 'non-profiled nmethods': size=120000Kb used=6668Kb max_used=6668Kb free=113331Kb
 bounds [0x000001d26d1d0000, 0x000001d26d860000, 0x000001d274700000]
CodeHeap 'profiled nmethods': size=120000Kb used=22584Kb max_used=22584Kb free=97415Kb
 bounds [0x000001d265ca0000, 0x000001d2672b0000, 0x000001d26d1d0000]
CodeHeap 'non-nmethods': size=5760Kb used=2369Kb max_used=2443Kb free=3390Kb
 bounds [0x000001d265700000, 0x000001d265970000, 0x000001d265ca0000]
 total_blobs=11111 nmethods=10223 adapters=798
 compilation: enabled
              stopped_count=0, restarted_count=0
 full_count=0

Compilation events (20 events):
Event: 17.908 Thread 0x000001d27b1e1000 nmethod 10218 0x000001d26729b810 code [0x000001d26729b9c0, 0x000001d26729bb88]
Event: 17.909 Thread 0x000001d27b1e1000 10219   !   3       com.sun.proxy.$Proxy102::annotationType (29 bytes)
Event: 17.909 Thread 0x000001d27b1e1000 nmethod 10219 0x000001d26729bc90 code [0x000001d26729be80, 0x000001d26729c258]
Event: 17.909 Thread 0x000001d27b1e1000 10220       3       com.sun.xml.bind.v2.model.impl.RuntimeTypeInfoSetImpl::getClassInfo (9 bytes)
Event: 17.910 Thread 0x000001d27b1e1000 nmethod 10220 0x000001d26729c410 code [0x000001d26729c5e0, 0x000001d26729c948]
Event: 17.910 Thread 0x000001d27b1e1000 10221       3       com.sun.xml.bind.v2.model.impl.RuntimeTypeInfoSetImpl::getClassInfo (9 bytes)
Event: 17.910 Thread 0x000001d27b1e1000 nmethod 10221 0x000001d26729ca90 code [0x000001d26729cc60, 0x000001d26729ce88]
Event: 17.910 Thread 0x000001d27b1e1000 10222       3       com.sun.xml.bind.v2.model.impl.TypeInfoSetImpl::getClassInfo (86 bytes)
Event: 17.910 Thread 0x000001d27b1e1000 nmethod 10222 0x000001d26729cf90 code [0x000001d26729d1e0, 0x000001d26729dd48]
Event: 17.910 Thread 0x000001d27b1e1000 10223       3       com.sun.xml.bind.v2.model.impl.RuntimeModelBuilder::getClassInfo (11 bytes)
Event: 17.911 Thread 0x000001d27b1e1000 nmethod 10223 0x000001d26729e010 code [0x000001d26729e1e0, 0x000001d26729e568]
Event: 17.911 Thread 0x000001d27b1e1000 10224       3       com.sun.xml.bind.v2.model.annotation.RuntimeInlineAnnotationReader::getMethodAnnotation (11 bytes)
Event: 17.912 Thread 0x000001d27b1e1000 nmethod 10224 0x000001d26729e690 code [0x000001d26729e8e0, 0x000001d26729f1d8]
Event: 17.912 Thread 0x000001d27b1e1000 10225       3       com.sun.xml.bind.v2.model.annotation.RuntimeInlineAnnotationReader::getMethodAnnotation (10 bytes)
Event: 17.913 Thread 0x000001d27b1e1000 nmethod 10225 0x000001d26729f510 code [0x000001d26729f760, 0x000001d26729fef8]
Event: 17.913 Thread 0x000001d27b1e1000 10226       3       com.sun.xml.bind.v2.model.impl.ElementPropertyInfoImpl::kind (4 bytes)
Event: 17.913 Thread 0x000001d27b1e1000 nmethod 10226 0x000001d2672a0210 code [0x000001d2672a03c0, 0x000001d2672a04d8]
Event: 17.914 Thread 0x000001d27b1de800 nmethod 10148 0x000001d26d84d790 code [0x000001d26d84dba0, 0x000001d26d84f8f8]
Event: 17.914 Thread 0x000001d27b1e1000 10227       3       com.sun.xml.bind.v2.model.impl.ElementPropertyInfoImpl::getTypes (469 bytes)
Event: 17.914 Thread 0x000001d27b1de800 10204       4       java.util.TreeMap::successor (66 bytes)

GC Heap History (20 events):
Event: 13.164 GC heap before
{Heap before GC invocations=26 (full 0):
 garbage-first heap   total 145408K, used 87218K [0x00000000a0000000, 0x0000000100000000)
  region size 1024K, 4 young (4096K), 2 survivors (2048K)
 Metaspace       used 79390K, capacity 81869K, committed 82000K, reserved 1120256K
  class space    used 10326K, capacity 11185K, committed 11212K, reserved 1048576K
}
Event: 13.167 GC heap after
{Heap after GC invocations=27 (full 0):
 garbage-first heap   total 145408K, used 86975K [0x00000000a0000000, 0x0000000100000000)
  region size 1024K, 3 young (3072K), 3 survivors (3072K)
 Metaspace       used 79390K, capacity 81869K, committed 82000K, reserved 1120256K
  class space    used 10326K, capacity 11185K, committed 11212K, reserved 1048576K
}
Event: 14.425 GC heap before
{Heap before GC invocations=28 (full 0):
 garbage-first heap   total 145408K, used 111551K [0x00000000a0000000, 0x0000000100000000)
  region size 1024K, 27 young (27648K), 3 survivors (3072K)
 Metaspace       used 80433K, capacity 82975K, committed 83280K, reserved 1122304K
  class space    used 10511K, capacity 11397K, committed 11468K, reserved 1048576K
}
Event: 14.429 GC heap after
{Heap after GC invocations=29 (full 0):
 garbage-first heap   total 145408K, used 92572K [0x00000000a0000000, 0x0000000100000000)
  region size 1024K, 4 young (4096K), 4 survivors (4096K)
 Metaspace       used 80433K, capacity 82975K, committed 83280K, reserved 1122304K
  class space    used 10511K, capacity 11397K, committed 11468K, reserved 1048576K
}
Event: 15.214 GC heap before
{Heap before GC invocations=29 (full 0):
 garbage-first heap   total 145408K, used 104860K [0x00000000a0000000, 0x0000000100000000)
  region size 1024K, 17 young (17408K), 4 survivors (4096K)
 Metaspace       used 80548K, capacity 83168K, committed 83280K, reserved 1122304K
  class space    used 10523K, capacity 11438K, committed 11468K, reserved 1048576K
}
Event: 15.222 GC heap after
{Heap after GC invocations=30 (full 0):
 garbage-first heap   total 145408K, used 96143K [0x00000000a0000000, 0x0000000100000000)
  region size 1024K, 4 young (4096K), 4 survivors (4096K)
 Metaspace       used 80548K, capacity 83168K, committed 83280K, reserved 1122304K
  class space    used 10523K, capacity 11438K, committed 11468K, reserved 1048576K
}
Event: 16.384 GC heap before
{Heap before GC invocations=31 (full 0):
 garbage-first heap   total 145408K, used 114575K [0x00000000a0000000, 0x0000000100000000)
  region size 1024K, 21 young (21504K), 4 survivors (4096K)
 Metaspace       used 81049K, capacity 84023K, committed 84176K, reserved 1122304K
  class space    used 10578K, capacity 11541K, committed 11596K, reserved 1048576K
}
Event: 16.388 GC heap after
{Heap after GC invocations=32 (full 0):
 garbage-first heap   total 145408K, used 102400K [0x00000000a0000000, 0x0000000100000000)
  region size 1024K, 3 young (3072K), 3 survivors (3072K)
 Metaspace       used 81049K, capacity 84023K, committed 84176K, reserved 1122304K
  class space    used 10578K, capacity 11541K, committed 11596K, reserved 1048576K
}
Event: 16.782 GC heap before
{Heap before GC invocations=32 (full 0):
 garbage-first heap   total 145408K, used 112640K [0x00000000a0000000, 0x0000000100000000)
  region size 1024K, 14 young (14336K), 3 survivors (3072K)
 Metaspace       used 81162K, capacity 84228K, committed 84560K, reserved 1122304K
  class space    used 10594K, capacity 11587K, committed 11724K, reserved 1048576K
}
Event: 16.788 GC heap after
{Heap after GC invocations=33 (full 0):
 garbage-first heap   total 145408K, used 103772K [0x00000000a0000000, 0x0000000100000000)
  region size 1024K, 2 young (2048K), 2 survivors (2048K)
 Metaspace       used 81162K, capacity 84228K, committed 84560K, reserved 1122304K
  class space    used 10594K, capacity 11587K, committed 11724K, reserved 1048576K
}
Event: 17.177 GC heap before
{Heap before GC invocations=34 (full 0):
 garbage-first heap   total 145408K, used 107868K [0x00000000a0000000, 0x0000000100000000)
  region size 1024K, 6 young (6144K), 2 survivors (2048K)
 Metaspace       used 81164K, capacity 84228K, committed 84560K, reserved 1122304K
  class space    used 10594K, capacity 11587K, committed 11724K, reserved 1048576K
}
Event: 17.179 GC heap after
{Heap after GC invocations=35 (full 0):
 garbage-first heap   total 145408K, used 107111K [0x00000000a0000000, 0x0000000100000000)
  region size 1024K, 2 young (2048K), 2 survivors (2048K)
 Metaspace       used 81164K, capacity 84228K, committed 84560K, reserved 1122304K
  class space    used 10594K, capacity 11587K, committed 11724K, reserved 1048576K
}
Event: 17.362 GC heap before
{Heap before GC invocations=36 (full 0):
 garbage-first heap   total 145408K, used 121447K [0x00000000a0000000, 0x0000000100000000)
  region size 1024K, 15 young (15360K), 2 survivors (2048K)
 Metaspace       used 81919K, capacity 85095K, committed 85456K, reserved 1122304K
  class space    used 10709K, capacity 11724K, committed 11852K, reserved 1048576K
}
Event: 17.365 GC heap after
{Heap after GC invocations=37 (full 0):
 garbage-first heap   total 145408K, used 108981K [0x00000000a0000000, 0x0000000100000000)
  region size 1024K, 2 young (2048K), 2 survivors (2048K)
 Metaspace       used 81919K, capacity 85095K, committed 85456K, reserved 1122304K
  class space    used 10709K, capacity 11724K, committed 11852K, reserved 1048576K
}
Event: 17.506 GC heap before
{Heap before GC invocations=37 (full 0):
 garbage-first heap   total 145408K, used 121269K [0x00000000a0000000, 0x0000000100000000)
  region size 1024K, 14 young (14336K), 2 survivors (2048K)
 Metaspace       used 82835K, capacity 85879K, committed 86096K, reserved 1124352K
  class space    used 10832K, capacity 11852K, committed 11980K, reserved 1048576K
}
Event: 17.511 GC heap after
{Heap after GC invocations=38 (full 0):
 garbage-first heap   total 145408K, used 110679K [0x00000000a0000000, 0x0000000100000000)
  region size 1024K, 2 young (2048K), 2 survivors (2048K)
 Metaspace       used 82835K, capacity 85879K, committed 86096K, reserved 1124352K
  class space    used 10832K, capacity 11852K, committed 11980K, reserved 1048576K
}
Event: 17.678 GC heap before
{Heap before GC invocations=39 (full 0):
 garbage-first heap   total 145408K, used 121943K [0x00000000a0000000, 0x0000000100000000)
  region size 1024K, 13 young (13312K), 2 survivors (2048K)
 Metaspace       used 83718K, capacity 86866K, committed 87120K, reserved 1124352K
  class space    used 10959K, capacity 11963K, committed 11980K, reserved 1048576K
}
Event: 17.680 GC heap after
{Heap after GC invocations=40 (full 0):
 garbage-first heap   total 145408K, used 111177K [0x00000000a0000000, 0x0000000100000000)
  region size 1024K, 1 young (1024K), 1 survivors (1024K)
 Metaspace       used 83718K, capacity 86866K, committed 87120K, reserved 1124352K
  class space    used 10959K, capacity 11963K, committed 11980K, reserved 1048576K
}
Event: 17.772 GC heap before
{Heap before GC invocations=40 (full 0):
 garbage-first heap   total 145408K, used 122441K [0x00000000a0000000, 0x0000000100000000)
  region size 1024K, 12 young (12288K), 1 survivors (1024K)
 Metaspace       used 84895K, capacity 88024K, committed 88144K, reserved 1128448K
  class space    used 11142K, capacity 12156K, committed 12236K, reserved 1048576K
}
Event: 17.775 GC heap after
{Heap after GC invocations=41 (full 0):
 garbage-first heap   total 145408K, used 111563K [0x00000000a0000000, 0x0000000100000000)
  region size 1024K, 2 young (2048K), 2 survivors (2048K)
 Metaspace       used 84895K, capacity 88024K, committed 88144K, reserved 1128448K
  class space    used 11142K, capacity 12156K, committed 12236K, reserved 1048576K
}

Deoptimization events (20 events):
Event: 17.711 Thread 0x000001d27cd9d800 Uncommon trap: trap_request=0xffffff4d fr.pc=0x000001d26d30c2a0 relative=0x0000000000000820
Event: 17.711 Thread 0x000001d27cd9d800 Uncommon trap: reason=unstable_if action=reinterpret pc=0x000001d26d30c2a0 method=java.util.jar.JarFile.getVersionedEntry(Ljava/lang/String;Ljava/util/jar/JarEntry;)Ljava/util/jar/JarEntry; @ 67 c2
Event: 17.711 Thread 0x000001d27cd9d800 DEOPT PACKING pc=0x000001d26d30c2a0 sp=0x000000b3a5cf7000
Event: 17.711 Thread 0x000001d27cd9d800 DEOPT UNPACKING pc=0x000001d26574a1af sp=0x000000b3a5cf6fe8 mode 2
Event: 17.814 Thread 0x000001d27cd9d800 Uncommon trap: trap_request=0xfffffff4 fr.pc=0x000001d26d595934 relative=0x0000000000001bf4
Event: 17.814 Thread 0x000001d27cd9d800 Uncommon trap: reason=null_check action=make_not_entrant pc=0x000001d26d595934 method=java.lang.Class.createAnnotationData(I)Ljava/lang/Class$AnnotationData; @ 14 c2
Event: 17.814 Thread 0x000001d27cd9d800 DEOPT PACKING pc=0x000001d26d595934 sp=0x000000b3a5cf7e30
Event: 17.814 Thread 0x000001d27cd9d800 DEOPT UNPACKING pc=0x000001d26574a1af sp=0x000000b3a5cf7d88 mode 2
Event: 17.817 Thread 0x000001d27cd9d800 Uncommon trap: trap_request=0xffffffde fr.pc=0x000001d26d6b3ce4 relative=0x00000000000017e4
Event: 17.817 Thread 0x000001d27cd9d800 Uncommon trap: reason=class_check action=maybe_recompile pc=0x000001d26d6b3ce4 method=java.lang.Class.createAnnotationData(I)Ljava/lang/Class$AnnotationData; @ 103 c2
Event: 17.817 Thread 0x000001d27cd9d800 DEOPT PACKING pc=0x000001d26d6b3ce4 sp=0x000000b3a5cf8390
Event: 17.817 Thread 0x000001d27cd9d800 DEOPT UNPACKING pc=0x000001d26574a1af sp=0x000000b3a5cf8208 mode 2
Event: 17.823 Thread 0x000001d27cd9d800 Uncommon trap: trap_request=0xffffffde fr.pc=0x000001d26d6b3cac relative=0x00000000000017ac
Event: 17.823 Thread 0x000001d27cd9d800 Uncommon trap: reason=class_check action=maybe_recompile pc=0x000001d26d6b3cac method=java.lang.Class.createAnnotationData(I)Ljava/lang/Class$AnnotationData; @ 103 c2
Event: 17.823 Thread 0x000001d27cd9d800 DEOPT PACKING pc=0x000001d26d6b3cac sp=0x000000b3a5cf8390
Event: 17.823 Thread 0x000001d27cd9d800 DEOPT UNPACKING pc=0x000001d26574a1af sp=0x000000b3a5cf8320 mode 2
Event: 17.861 Thread 0x000001d27cd9d800 Uncommon trap: trap_request=0xfffffff4 fr.pc=0x000001d26d6b3d70 relative=0x0000000000001870
Event: 17.861 Thread 0x000001d27cd9d800 Uncommon trap: reason=null_check action=make_not_entrant pc=0x000001d26d6b3d70 method=java.lang.Class.createAnnotationData(I)Ljava/lang/Class$AnnotationData; @ 14 c2
Event: 17.861 Thread 0x000001d27cd9d800 DEOPT PACKING pc=0x000001d26d6b3d70 sp=0x000000b3a5cf6330
Event: 17.861 Thread 0x000001d27cd9d800 DEOPT UNPACKING pc=0x000001d26574a1af sp=0x000000b3a5cf62d0 mode 2

Classes redefined (0 events):
No events

Internal exceptions (20 events):
Event: 17.164 Thread 0x000001d27cd9d800 Exception <a 'java/security/PrivilegedActionException'{0x00000000a8b218b8}> (0x00000000a8b218b8) thrown at [src/hotspot/share/prims/jvm.cpp, line 1306]
Event: 17.164 Thread 0x000001d27cd9d800 Exception <a 'java/security/PrivilegedActionException'{0x00000000a8b230c8}> (0x00000000a8b230c8) thrown at [src/hotspot/share/prims/jvm.cpp, line 1306]
Event: 17.165 Thread 0x000001d27cd9d800 Exception <a 'java/security/PrivilegedActionException'{0x00000000a8b26b30}> (0x00000000a8b26b30) thrown at [src/hotspot/share/prims/jvm.cpp, line 1306]
Event: 17.165 Thread 0x000001d27cd9d800 Exception <a 'java/security/PrivilegedActionException'{0x00000000a8b28340}> (0x00000000a8b28340) thrown at [src/hotspot/share/prims/jvm.cpp, line 1306]
Event: 17.165 Thread 0x000001d27cd9d800 Exception <a 'java/security/PrivilegedActionException'{0x00000000a8b2be30}> (0x00000000a8b2be30) thrown at [src/hotspot/share/prims/jvm.cpp, line 1306]
Event: 17.165 Thread 0x000001d27cd9d800 Exception <a 'java/security/PrivilegedActionException'{0x00000000a8b2d640}> (0x00000000a8b2d640) thrown at [src/hotspot/share/prims/jvm.cpp, line 1306]
Event: 17.219 Thread 0x000001d27cd9d800 Exception <a 'java/lang/ClassNotFoundException'{0x00000000a8df85e8}: com/android/build/gradle/internal/dsl/TestOptions_DecoratedBeanInfo> (0x00000000a8df85e8) thrown at [src/hotspot/share/classfile/systemDictionary.cpp, line 230]
Event: 17.220 Thread 0x000001d27cd9d800 Exception <a 'java/lang/ClassNotFoundException'{0x00000000a8c1db08}: com/android/build/gradle/internal/dsl/TestOptionsBeanInfo> (0x00000000a8c1db08) thrown at [src/hotspot/share/classfile/systemDictionary.cpp, line 230]
Event: 17.220 Thread 0x000001d27cd9d800 Exception <a 'java/lang/ClassNotFoundException'{0x00000000a8c44920}: com/android/build/gradle/internal/dsl/TestOptionsCustomizer> (0x00000000a8c44920) thrown at [src/hotspot/share/classfile/systemDictionary.cpp, line 230]
Event: 17.228 Thread 0x000001d27cd9d800 Exception <a 'java/lang/ClassNotFoundException'{0x00000000a8c88420}: com/android/build/gradle/internal/dsl/TestOptions_DecoratedCustomizer> (0x00000000a8c88420) thrown at [src/hotspot/share/classfile/systemDictionary.cpp, line 230]
Event: 17.230 Thread 0x000001d27cd9d800 Exception <a 'java/lang/ClassNotFoundException'{0x00000000a8b0ac48}: com/android/build/gradle/internal/dsl/TestOptions$UnitTestOptions_DecoratedBeanInfo> (0x00000000a8b0ac48) thrown at [src/hotspot/share/classfile/systemDictionary.cpp, line 230]
Event: 17.231 Thread 0x000001d27cd9d800 Exception <a 'java/lang/ClassNotFoundException'{0x00000000a8b34078}: com/android/build/gradle/internal/dsl/TestOptions$UnitTestOptionsBeanInfo> (0x00000000a8b34078) thrown at [src/hotspot/share/classfile/systemDictionary.cpp, line 230]
Event: 17.231 Thread 0x000001d27cd9d800 Exception <a 'java/lang/ClassNotFoundException'{0x00000000a8b5ee50}: com/android/build/gradle/internal/dsl/TestOptions$UnitTestOptionsCustomizer> (0x00000000a8b5ee50) thrown at [src/hotspot/share/classfile/systemDictionary.cpp, line 230]
Event: 17.232 Thread 0x000001d27cd9d800 Exception <a 'java/lang/ClassNotFoundException'{0x00000000a8b92f98}: com/android/build/gradle/internal/dsl/TestOptions$UnitTestOptions_DecoratedCustomizer> (0x00000000a8b92f98) thrown at [src/hotspot/share/classfile/systemDictionary.cpp, line 230]
Event: 17.390 Thread 0x000001d27cd9d800 Exception <a 'java/lang/NoSuchMethodError'{0x00000000a8be6110}: 'void java.lang.invoke.DirectMethodHandle$Holder.invokeInterface(java.lang.Object, java.lang.Object)'> (0x00000000a8be6110) thrown at [src/hotspot/share/interpreter/linkResolver.cpp, line 773]
Event: 17.639 Thread 0x000001d27cd9d800 Exception <a 'sun/nio/fs/WindowsException'{0x00000000a8437000}> (0x00000000a8437000) thrown at [src/hotspot/share/prims/jni.cpp, line 617]
Event: 17.639 Thread 0x000001d27cd9d800 Exception <a 'sun/nio/fs/WindowsException'{0x00000000a8437468}> (0x00000000a8437468) thrown at [src/hotspot/share/prims/jni.cpp, line 617]
Event: 17.747 Thread 0x000001d27cd9d800 Exception <a 'java/lang/NullPointerException'{0x00000000a8575540}> (0x00000000a8575540) thrown at [src/hotspot/share/interpreter/linkResolver.cpp, line 1440]
Event: 17.814 Thread 0x000001d27cd9d800 Implicit null exception at 0x000001d26d593f7b to 0x000001d26d595910
Event: 17.861 Thread 0x000001d27cd9d800 Implicit null exception at 0x000001d26d6b2726 to 0x000001d26d6b3d48

Events (20 events):
Event: 17.906 loading class com/android/sdklib/repository/generated/sysimg/v2/SysImgDetailsType
Event: 17.906 loading class com/android/sdklib/repository/generated/sysimg/v2/SysImgDetailsType done
Event: 17.908 loading class com/android/sdklib/repository/generated/sysimg/v1/SysImgDetailsType
Event: 17.908 loading class com/android/sdklib/repository/generated/sysimg/v1/SysImgDetailsType done
Event: 17.910 loading class com/android/repository/impl/generated/generic/v1/GenericDetailsType
Event: 17.910 loading class com/android/repository/impl/generated/generic/v1/GenericDetailsType done
Event: 17.911 loading class com/android/repository/impl/generated/generic/v2/GenericDetailsType
Event: 17.911 loading class com/android/repository/impl/generated/generic/v2/GenericDetailsType done
Event: 17.912 loading class com/sun/xml/bind/v2/util/FlattenIterator
Event: 17.912 loading class com/sun/xml/bind/v2/util/FlattenIterator done
Event: 17.912 loading class com/sun/xml/bind/v2/model/impl/RuntimeModelBuilder$IDTransducerImpl
Event: 17.912 loading class com/sun/xml/bind/v2/model/impl/RuntimeModelBuilder$IDTransducerImpl done
Event: 17.913 loading class com/sun/xml/bind/v2/runtime/FilterTransducer
Event: 17.913 loading class com/sun/xml/bind/v2/runtime/FilterTransducer done
Event: 17.914 loading class com/sun/xml/bind/v2/runtime/SchemaTypeTransducer
Event: 17.914 loading class com/sun/xml/bind/v2/runtime/SchemaTypeTransducer done
Event: 17.915 loading class com/sun/xml/bind/v2/runtime/unmarshaller/Loader
Event: 17.915 loading class com/sun/xml/bind/v2/runtime/unmarshaller/Loader done
Event: 17.916 loading class com/sun/xml/bind/v2/runtime/unmarshaller/TextLoader
Event: 17.916 loading class com/sun/xml/bind/v2/runtime/unmarshaller/TextLoader done


Dynamic libraries:
0x00007ff665120000 - 0x00007ff66512a000 	C:\Apps\Android Studio\jbr\bin\java.exe
0x00007ffad5d30000 - 0x00007ffad5f44000 	C:\WINDOWS\SYSTEM32\ntdll.dll
0x00007ffad4df0000 - 0x00007ffad4eb2000 	C:\WINDOWS\System32\KERNEL32.DLL
0x00007ffad36b0000 - 0x00007ffad3a4c000 	C:\WINDOWS\System32\KERNELBASE.dll
0x00007ffad3290000 - 0x00007ffad33a1000 	C:\WINDOWS\System32\ucrtbase.dll
0x00007ffab7030000 - 0x00007ffab704b000 	C:\Apps\Android Studio\jbr\bin\VCRUNTIME140.dll
0x00007ffaa5b90000 - 0x00007ffaa5ba7000 	C:\Apps\Android Studio\jbr\bin\jli.dll
0x00007ffad5ac0000 - 0x00007ffad5c6b000 	C:\WINDOWS\System32\USER32.dll
0x00007ffad3a50000 - 0x00007ffad3a76000 	C:\WINDOWS\System32\win32u.dll
0x00007ffab73b0000 - 0x00007ffab763e000 	C:\WINDOWS\WinSxS\amd64_microsoft.windows.common-controls_6595b64144ccf1df_6.0.22621.608_none_a9444ca7c10bb01d\COMCTL32.dll
0x00007ffad3b80000 - 0x00007ffad3ba9000 	C:\WINDOWS\System32\GDI32.dll
0x00007ffad3c30000 - 0x00007ffad3cd7000 	C:\WINDOWS\System32\msvcrt.dll
0x00007ffad3520000 - 0x00007ffad3633000 	C:\WINDOWS\System32\gdi32full.dll
0x00007ffad31f0000 - 0x00007ffad328a000 	C:\WINDOWS\System32\msvcp_win.dll
0x00007ffad3b40000 - 0x00007ffad3b71000 	C:\WINDOWS\System32\IMM32.DLL
0x00007ffab8fd0000 - 0x00007ffab8fdc000 	C:\Apps\Android Studio\jbr\bin\vcruntime140_1.dll
0x00007ffa95b30000 - 0x00007ffa95bbd000 	C:\Apps\Android Studio\jbr\bin\msvcp140.dll
0x00007ffa444d0000 - 0x00007ffa4508c000 	C:\Apps\Android Studio\jbr\bin\server\jvm.dll
0x00007ffad4840000 - 0x00007ffad48ee000 	C:\WINDOWS\System32\ADVAPI32.dll
0x00007ffad44d0000 - 0x00007ffad4574000 	C:\WINDOWS\System32\sechost.dll
0x00007ffad4580000 - 0x00007ffad4697000 	C:\WINDOWS\System32\RPCRT4.dll
0x00007ffad48f0000 - 0x00007ffad48f8000 	C:\WINDOWS\System32\PSAPI.DLL
0x00007ffad0420000 - 0x00007ffad0429000 	C:\WINDOWS\SYSTEM32\WSOCK32.dll
0x00007ffacb650000 - 0x00007ffacb65a000 	C:\WINDOWS\SYSTEM32\VERSION.dll
0x00007ffacbc50000 - 0x00007ffacbc84000 	C:\WINDOWS\SYSTEM32\WINMM.dll
0x00007ffad4d70000 - 0x00007ffad4de1000 	C:\WINDOWS\System32\WS2_32.dll
0x00007ffad2180000 - 0x00007ffad2198000 	C:\WINDOWS\SYSTEM32\kernel.appcore.dll
0x00007ffacfd60000 - 0x00007ffacfd70000 	C:\Apps\Android Studio\jbr\bin\verify.dll
0x00007ffac21c0000 - 0x00007ffac23ee000 	C:\WINDOWS\SYSTEM32\DBGHELP.DLL
0x00007ffad5200000 - 0x00007ffad5589000 	C:\WINDOWS\System32\combase.dll
0x00007ffad4ac0000 - 0x00007ffad4b97000 	C:\WINDOWS\System32\OLEAUT32.dll
0x00007ffab4760000 - 0x00007ffab4792000 	C:\WINDOWS\SYSTEM32\dbgcore.DLL
0x00007ffad3170000 - 0x00007ffad31eb000 	C:\WINDOWS\System32\bcryptPrimitives.dll
0x00007fface330000 - 0x00007fface358000 	C:\Apps\Android Studio\jbr\bin\java.dll
0x00007fface710000 - 0x00007fface71a000 	C:\Apps\Android Studio\jbr\bin\jimage.dll
0x00007fface6b0000 - 0x00007fface6c8000 	C:\Apps\Android Studio\jbr\bin\zip.dll
0x00007ffad3ce0000 - 0x00007ffad44d0000 	C:\WINDOWS\System32\SHELL32.dll
0x00007ffad1130000 - 0x00007ffad19fd000 	C:\WINDOWS\SYSTEM32\windows.storage.dll
0x00007ffad0ff0000 - 0x00007ffad112e000 	C:\WINDOWS\SYSTEM32\wintypes.dll
0x00007ffad5100000 - 0x00007ffad51f1000 	C:\WINDOWS\System32\SHCORE.dll
0x00007ffad4900000 - 0x00007ffad495e000 	C:\WINDOWS\System32\shlwapi.dll
0x00007ffad30a0000 - 0x00007ffad30c1000 	C:\WINDOWS\SYSTEM32\profapi.dll
0x00007ffaccbf0000 - 0x00007ffaccc09000 	C:\Apps\Android Studio\jbr\bin\net.dll
0x00007ffacbb10000 - 0x00007ffacbc47000 	C:\WINDOWS\SYSTEM32\WINHTTP.dll
0x00007ffad25f0000 - 0x00007ffad2659000 	C:\WINDOWS\system32\mswsock.dll
0x00007ffab9490000 - 0x00007ffab94a3000 	C:\Apps\Android Studio\jbr\bin\nio.dll
0x00007ffaa0eb0000 - 0x00007ffaa0ed7000 	C:\Users\Harsh Jethva\.gradle\native\e1d6ef7f7dcc3fd88c89a11ec53ec762bb8ba0a96d01ffa2cd45eb1d1d8dd5c5\windows-amd64\native-platform.dll
0x00007ffa79370000 - 0x00007ffa794b4000 	C:\Users\Harsh Jethva\.gradle\native\0d407fdbe67a94daf76414ababcb853783967236a71b16ec16e742cd7a986fd3\windows-amd64\native-platform-file-events.dll
0x00007ffac1c20000 - 0x00007ffac1c2a000 	C:\Apps\Android Studio\jbr\bin\management.dll
0x00007ffabf9c0000 - 0x00007ffabf9cb000 	C:\Apps\Android Studio\jbr\bin\management_ext.dll
0x00007ffad2880000 - 0x00007ffad289b000 	C:\WINDOWS\SYSTEM32\CRYPTSP.dll
0x00007ffad20f0000 - 0x00007ffad2125000 	C:\WINDOWS\system32\rsaenh.dll
0x00007ffad2710000 - 0x00007ffad2738000 	C:\WINDOWS\SYSTEM32\USERENV.dll
0x00007ffad2a30000 - 0x00007ffad2a58000 	C:\WINDOWS\SYSTEM32\bcrypt.dll
0x00007ffad2870000 - 0x00007ffad287c000 	C:\WINDOWS\SYSTEM32\CRYPTBASE.dll
0x00007ffad1c90000 - 0x00007ffad1cbd000 	C:\WINDOWS\SYSTEM32\IPHLPAPI.DLL
0x00007ffad4ba0000 - 0x00007ffad4ba9000 	C:\WINDOWS\System32\NSI.dll
0x00007ffacbca0000 - 0x00007ffacbcb9000 	C:\WINDOWS\SYSTEM32\dhcpcsvc6.DLL
0x00007ffacbaf0000 - 0x00007ffacbb0f000 	C:\WINDOWS\SYSTEM32\dhcpcsvc.DLL
0x00007ffad1cc0000 - 0x00007ffad1db3000 	C:\WINDOWS\SYSTEM32\DNSAPI.dll

dbghelp: loaded successfully - version: 4.0.5 - missing functions: none
symbol engine: initialized successfully - sym options: 0x614 - pdb path: .;C:\Apps\Android Studio\jbr\bin;C:\WINDOWS\SYSTEM32;C:\WINDOWS\WinSxS\amd64_microsoft.windows.common-controls_6595b64144ccf1df_6.0.22621.608_none_a9444ca7c10bb01d;C:\Apps\Android Studio\jbr\bin\server;C:\Users\Harsh Jethva\.gradle\native\e1d6ef7f7dcc3fd88c89a11ec53ec762bb8ba0a96d01ffa2cd45eb1d1d8dd5c5\windows-amd64;C:\Users\Harsh Jethva\.gradle\native\0d407fdbe67a94daf76414ababcb853783967236a71b16ec16e742cd7a986fd3\windows-amd64

VM Arguments:
jvm_args: --add-opens=java.base/java.util=ALL-UNNAMED --add-opens=java.base/java.lang=ALL-UNNAMED --add-opens=java.base/java.lang.invoke=ALL-UNNAMED --add-opens=java.base/java.util=ALL-UNNAMED --add-opens=java.prefs/java.util.prefs=ALL-UNNAMED --add-opens=java.prefs/java.util.prefs=ALL-UNNAMED --add-opens=java.base/java.nio.charset=ALL-UNNAMED --add-opens=java.base/java.net=ALL-UNNAMED --add-opens=java.base/java.util.concurrent.atomic=ALL-UNNAMED -Xmx1536M -Dfile.encoding=windows-1252 -Duser.country=IN -Duser.language=en -Duser.variant 
java_command: org.gradle.launcher.daemon.bootstrap.GradleDaemon 7.5
java_class_path (initial): C:\Users\Harsh Jethva\.gradle\wrapper\dists\gradle-7.5-all\6qsw290k5lz422uaf8jf6m7co\gradle-7.5\lib\gradle-launcher-7.5.jar
Launcher Type: SUN_STANDARD

[Global flags]
     intx CICompilerCount                          = 4                                         {product} {ergonomic}
     uint ConcGCThreads                            = 3                                         {product} {ergonomic}
     uint G1ConcRefinementThreads                  = 10                                        {product} {ergonomic}
   size_t G1HeapRegionSize                         = 1048576                                   {product} {ergonomic}
    uintx GCDrainStackTargetSize                   = 64                                        {product} {ergonomic}
   size_t InitialHeapSize                          = 123731968                                 {product} {ergonomic}
   size_t MarkStackSize                            = 4194304                                   {product} {ergonomic}
   size_t MaxHeapSize                              = 1610612736                                {product} {command line}
   size_t MaxNewSize                               = 965738496                                 {product} {ergonomic}
   size_t MinHeapDeltaBytes                        = 1048576                                   {product} {ergonomic}
    uintx NonNMethodCodeHeapSize                   = 5836300                                {pd product} {ergonomic}
    uintx NonProfiledCodeHeapSize                  = 122910970                              {pd product} {ergonomic}
    uintx ProfiledCodeHeapSize                     = 122910970                              {pd product} {ergonomic}
    uintx ReservedCodeCacheSize                    = 251658240                              {pd product} {ergonomic}
     bool SegmentedCodeCache                       = true                                      {product} {ergonomic}
     bool UseCompressedClassPointers               = true                                 {lp64_product} {ergonomic}
     bool UseCompressedOops                        = true                                 {lp64_product} {ergonomic}
     bool UseG1GC                                  = true                                      {product} {ergonomic}
     bool UseLargePagesIndividualAllocation        = false                                  {pd product} {ergonomic}

Logging:
Log output configuration:
 #0: stdout all=warning uptime,level,tags
 #1: stderr all=off uptime,level,tags

Environment Variables:
JAVA_HOME=C:\Apps\Android Studio\jbr
CLASSPATH=H:\Flutter Projects\rku_bus_guide\android\\gradle\wrapper\gradle-wrapper.jar
PATH=C:\Windows\system32;C:\Windows;C:\Windows\System32\Wbem;C:\Windows\System32\WindowsPowerShell\v1.0\;C:\Windows\System32\OpenSSH\;C:\Program Files\NVIDIA Corporation\NVIDIA NvDLISR;C:\Apps\JDk\bin;C:\Program Files\Microsoft SQL Server\130\Tools\Binn\;C:\Program Files (x86)\NVIDIA Corporation\PhysX\Common;C:\xampp\php;C:\ProgramData\ComposerSetup\bin;C:\WINDOWS\system32;C:\WINDOWS;C:\WINDOWS\System32\Wbem;C:\WINDOWS\System32\WindowsPowerShell\v1.0\;C:\WINDOWS\System32\OpenSSH\;C:\Program Files\Git\cmd;C:\Apps\nodejs\;C:\Program Files\Microsoft SQL Server\150\Tools\Binn\;C:\Apps\flutter\bin;C:\Program Files\Java\jdk-19\bin;C:\Users\Harsh Jethva\AppData\Local\Pub\Cache\bin;C:\Users\Harsh Jethva\AppData\Local\Programs\Python\Python311\Scripts\;C:\Users\Harsh Jethva\AppData\Local\Programs\Python\Python311\;C:\Users\Harsh Jethva\AppData\Local\Microsoft\WindowsApps;C:\Apps\IntelliJ IDEA Community Edition 2023.1\bin;;C:\Users\Harsh Jethva\AppData\Roaming\Composer\vendor\bin;C:\Apps\Microsoft VS Code\bin;C:\Users\Harsh Jethva\AppData\Roaming\npm;C:\Users\Harsh Jethva\AppData\Local\GitHubDesktop\bin;C:\Users\Harsh Jethva\AppData\Local\Pub\Cache\bin;;C:\Apps\flutter\bin\mingit\cmd
USERNAME=Harsh Jethva
OS=Windows_NT
PROCESSOR_IDENTIFIER=AMD64 Family 25 Model 80 Stepping 0, AuthenticAMD



---------------  S Y S T E M  ---------------

OS: Windows 11 , 64 bit Build 22621 (10.0.22621.1485)
OS uptime: 0 days 9:33 hours
Hyper-V role detected

CPU:total 12 (initial active 12) (12 cores per cpu, 2 threads per core) family 25 model 80 stepping 0 microcode 0x0, cmov, cx8, fxsr, mmx, sse, sse2, sse3, ssse3, sse4.1, sse4.2, popcnt, avx, avx2, aes, clmul, erms, mmxext, 3dnowpref, lzcnt, sse4a, ht, tsc, tscinvbit, tscinv, bmi1, bmi2, adx, sha, fma

Memory: 4k page, system-wide physical 7521M (700M free)
TotalPageFile size 14521M (AvailPageFile size 0M)
current process WorkingSet (physical memory assigned to process): 405M, peak: 405M
current process commit charge ("private bytes"): 454M, peak: 455M

vm_info: OpenJDK 64-Bit Server VM (11.0.15+0-b2043.56-9505619) for windows-amd64 JRE (11.0.15+0-b2043.56-9505619), built on Jan 19 2023 02:48:00 by "builduser" with unknown MS VC++:1929

END.
