#
# There is insufficient memory for the Java Runtime Environment to continue.
# Native memory allocation (malloc) failed to allocate 32744 bytes for ChunkPool::allocate
# Possible reasons:
#   The system is out of physical RAM or swap space
#   The process is running with CompressedOops enabled, and the Java Heap may be blocking the growth of the native heap
# Possible solutions:
#   Reduce memory load on the system
#   Increase physical memory or swap space
#   Check if swap backing store is full
#   Decrease Java heap size (-Xmx/-Xms)
#   Decrease number of Java threads
#   Decrease Java thread stack sizes (-Xss)
#   Set larger code cache with -XX:ReservedCodeCacheSize=
#   JVM is running with Unscaled Compressed Oops mode in which the Java heap is
#     placed in the first 4GB address space. The Java Heap base address is the
#     maximum limit for the native heap growth. Please use -XX:HeapBaseMinAddress
#     to set the Java Heap base and to place the Java Heap above 4GB virtual address.
# This output file may be truncated or incomplete.
#
#  Out of Memory Error (src/hotspot/share/memory/arena.cpp:81), pid=20312, tid=15008
#
# JRE version: OpenJDK Runtime Environment (11.0.15) (build 11.0.15+0-b2043.56-9505619)
# Java VM: OpenJDK 64-Bit Server VM (11.0.15+0-b2043.56-9505619, mixed mode, tiered, compressed oops, g1 gc, windows-amd64)
# No core dump will be written. Minidumps are not enabled by default on client versions of Windows
#

---------------  S U M M A R Y ------------

Command Line: -Dorg.gradle.appname=gradlew org.gradle.wrapper.GradleWrapperMain -q -Ptarget-platform=android-arm64 -Ptarget=H:\Flutter Projects\rku_bus_guide\lib\main.dart -Pbase-application-name=android.app.Application -Pdart-defines=Zmx1dHRlci5pbnNwZWN0b3Iuc3RydWN0dXJlZEVycm9ycz10cnVl,RkxVVFRFUl9XRUJfQVVUT19ERVRFQ1Q9dHJ1ZQ== -Pdart-obfuscation=false -Ptrack-widget-creation=true -Ptree-shake-icons=false -Pfilesystem-scheme=org-dartlang-root assembleDebug

Host: AMD Ryzen 5 5600H with Radeon Graphics         , 12 cores, 7G,  Windows 11 , 64 bit Build 22621 (10.0.22621.1485)
Time: Tue Apr 18 18:18:46 2023 India Standard Time elapsed time: 52.654522 seconds (0d 0h 0m 52s)

---------------  T H R E A D  ---------------

Current thread (0x000001649647f000):  JavaThread "C2 CompilerThread0" daemon [_thread_in_native, id=15008, stack(0x00000040c8600000,0x00000040c8700000)]


Current CompileTask:
C2:  52654 1674       4       org.gradle.internal.logging.sink.OutputEventTransformer::onOutput (399 bytes)

Stack: [0x00000040c8600000,0x00000040c8700000]
Native frames: (J=compiled Java code, j=interpreted, Vv=VM code, C=native code)
V  [jvm.dll+0x64135a]
V  [jvm.dll+0x7d39f9]
V  [jvm.dll+0x7d51b9]
V  [jvm.dll+0x7d58a3]
V  [jvm.dll+0x2691c5]
V  [jvm.dll+0xc1cbf]
V  [jvm.dll+0xc200c]
V  [jvm.dll+0xc1b6b]
V  [jvm.dll+0x61dfab]
V  [jvm.dll+0x61c9f4]
V  [jvm.dll+0x5df7db]
V  [jvm.dll+0x5d8ece]
V  [jvm.dll+0x354929]
V  [jvm.dll+0x65479b]
V  [jvm.dll+0x653dfa]
V  [jvm.dll+0x1a130c]
V  [jvm.dll+0x2d926f]
V  [jvm.dll+0x65f336]
V  [jvm.dll+0x656cbb]
V  [jvm.dll+0x656309]
V  [jvm.dll+0x6540ed]
V  [jvm.dll+0x1a130c]
V  [jvm.dll+0x2d926f]
V  [jvm.dll+0x65f336]
V  [jvm.dll+0x656cbb]
V  [jvm.dll+0x656309]
V  [jvm.dll+0x6540ed]
V  [jvm.dll+0x1a130c]
V  [jvm.dll+0x1a1eb7]
V  [jvm.dll+0x2d926f]
V  [jvm.dll+0x65f336]
V  [jvm.dll+0x656cbb]
V  [jvm.dll+0x656309]
V  [jvm.dll+0x6540ed]
V  [jvm.dll+0x1a130c]
V  [jvm.dll+0x1a1eb7]
V  [jvm.dll+0x2d926f]
V  [jvm.dll+0x65f336]
V  [jvm.dll+0x656cbb]
V  [jvm.dll+0x656309]
V  [jvm.dll+0x6540ed]
V  [jvm.dll+0x1a130c]
V  [jvm.dll+0x2200ef]
V  [jvm.dll+0x19e851]
V  [jvm.dll+0x230479]
V  [jvm.dll+0x22e5ef]
V  [jvm.dll+0x794de1]
V  [jvm.dll+0x78dc24]
V  [jvm.dll+0x6400f6]
C  [ucrtbase.dll+0x29363]
C  [KERNEL32.DLL+0x1269d]
C  [ntdll.dll+0x5a9f8]


---------------  P R O C E S S  ---------------

Threads class SMR info:
_java_thread_list=0x00000164976b50e0, length=12, elements={
0x00000164f980f800, 0x0000016495ae2800, 0x0000016495b0f000, 0x0000016496478800,
0x0000016496479800, 0x000001649647c000, 0x000001649647f000, 0x0000016496482000,
0x0000016495b29800, 0x00000164965e3000, 0x000001649766c800, 0x0000016497112800
}

Java Threads: ( => current thread )
  0x00000164f980f800 JavaThread "main" [_thread_in_native, id=12792, stack(0x00000040c7a00000,0x00000040c7b00000)]
  0x0000016495ae2800 JavaThread "Reference Handler" daemon [_thread_blocked, id=5352, stack(0x00000040c8100000,0x00000040c8200000)]
  0x0000016495b0f000 JavaThread "Finalizer" daemon [_thread_blocked, id=22916, stack(0x00000040c8200000,0x00000040c8300000)]
  0x0000016496478800 JavaThread "Signal Dispatcher" daemon [_thread_blocked, id=8152, stack(0x00000040c8300000,0x00000040c8400000)]
  0x0000016496479800 JavaThread "Attach Listener" daemon [_thread_blocked, id=5768, stack(0x00000040c8400000,0x00000040c8500000)]
  0x000001649647c000 JavaThread "Service Thread" daemon [_thread_blocked, id=9432, stack(0x00000040c8500000,0x00000040c8600000)]
=>0x000001649647f000 JavaThread "C2 CompilerThread0" daemon [_thread_in_native, id=15008, stack(0x00000040c8600000,0x00000040c8700000)]
  0x0000016496482000 JavaThread "C1 CompilerThread0" daemon [_thread_blocked, id=8208, stack(0x00000040c8700000,0x00000040c8800000)]
  0x0000016495b29800 JavaThread "Sweeper thread" daemon [_thread_blocked, id=21388, stack(0x00000040c8800000,0x00000040c8900000)]
  0x00000164965e3000 JavaThread "Common-Cleaner" daemon [_thread_blocked, id=14004, stack(0x00000040c8a00000,0x00000040c8b00000)]
  0x000001649766c800 JavaThread "pool-1-thread-1" [_thread_blocked, id=25476, stack(0x00000040c8d00000,0x00000040c8e00000)]
  0x0000016497112800 JavaThread "DisconnectableInputStream source reader" daemon [_thread_in_native, id=21084, stack(0x00000040c8e00000,0x00000040c8f00000)]

Other Threads:
  0x0000016495ae2000 VMThread "VM Thread" [stack: 0x00000040c8000000,0x00000040c8100000] [id=18456]
  0x00000164965dc000 WatcherThread [stack: 0x00000040c8900000,0x00000040c8a00000] [id=17476]
  0x00000164f9829800 GCTaskThread "GC Thread#0" [stack: 0x00000040c7b00000,0x00000040c7c00000] [id=5756]
  0x0000016496a4f000 GCTaskThread "GC Thread#1" [stack: 0x00000040c8c00000,0x00000040c8d00000] [id=25332]
  0x00000164f9858800 ConcurrentGCThread "G1 Main Marker" [stack: 0x00000040c7c00000,0x00000040c7d00000] [id=17108]
  0x00000164f985c000 ConcurrentGCThread "G1 Conc#0" [stack: 0x00000040c7d00000,0x00000040c7e00000] [id=24260]
  0x00000164f98de800 ConcurrentGCThread "G1 Refine#0" [stack: 0x00000040c7e00000,0x00000040c7f00000] [id=18160]
  0x000001649594a000 ConcurrentGCThread "G1 Young RemSet Sampling" [stack: 0x00000040c7f00000,0x00000040c8000000] [id=3856]

Threads with active compile tasks:
C2 CompilerThread0    52689 1674       4       org.gradle.internal.logging.sink.OutputEventTransformer::onOutput (399 bytes)

VM state:not at safepoint (normal execution)

VM Mutex/Monitor currently owned by a thread: None

Heap address: 0x000000008a600000, size: 1882 MB, Compressed Oops mode: 32-bit
Narrow klass base: 0x0000000000000000, Narrow klass shift: 3
Compressed class space size: 1073741824 Address: 0x0000000100000000

Heap:
 garbage-first heap   total 120832K, used 38824K [0x000000008a600000, 0x0000000100000000)
  region size 1024K, 33 young (33792K), 3 survivors (3072K)
 Metaspace       used 17177K, capacity 17520K, committed 17664K, reserved 1064960K
  class space    used 1901K, capacity 2037K, committed 2048K, reserved 1048576K
Heap Regions: E=young(eden), S=young(survivor), O=old, HS=humongous(starts), HC=humongous(continues), CS=collection set, F=free, A=archive, TAMS=top-at-mark-start (previous, next)
|   0|0x000000008a600000, 0x000000008a600000, 0x000000008a700000|  0%| F|  |TAMS 0x000000008a600000, 0x000000008a600000| Untracked 
|   1|0x000000008a700000, 0x000000008a700000, 0x000000008a800000|  0%| F|  |TAMS 0x000000008a700000, 0x000000008a700000| Untracked 
|   2|0x000000008a800000, 0x000000008a800000, 0x000000008a900000|  0%| F|  |TAMS 0x000000008a800000, 0x000000008a800000| Untracked 
|   3|0x000000008a900000, 0x000000008aa00000, 0x000000008aa00000|100%|HS|  |TAMS 0x000000008a900000, 0x000000008a900000| Complete 
|   4|0x000000008aa00000, 0x000000008ab00000, 0x000000008ab00000|100%|HC|  |TAMS 0x000000008aa00000, 0x000000008aa00000| Complete 
|   5|0x000000008ab00000, 0x000000008ac00000, 0x000000008ac00000|100%|HC|  |TAMS 0x000000008ab00000, 0x000000008ab00000| Complete 
|   6|0x000000008ac00000, 0x000000008ad00000, 0x000000008ad00000|100%| O|  |TAMS 0x000000008ac00000, 0x000000008ac00000| Untracked 
|   7|0x000000008ad00000, 0x000000008ae00000, 0x000000008ae00000|100%| O|  |TAMS 0x000000008ad00000, 0x000000008ad00000| Untracked 
|   8|0x000000008ae00000, 0x000000008aeea000, 0x000000008af00000| 91%| O|  |TAMS 0x000000008ae00000, 0x000000008ae00000| Untracked 
|   9|0x000000008af00000, 0x000000008af00000, 0x000000008b000000|  0%| F|  |TAMS 0x000000008af00000, 0x000000008af00000| Untracked 
|  10|0x000000008b000000, 0x000000008b000000, 0x000000008b100000|  0%| F|  |TAMS 0x000000008b000000, 0x000000008b000000| Untracked 
|  11|0x000000008b100000, 0x000000008b100000, 0x000000008b200000|  0%| F|  |TAMS 0x000000008b100000, 0x000000008b100000| Untracked 
|  12|0x000000008b200000, 0x000000008b200000, 0x000000008b300000|  0%| F|  |TAMS 0x000000008b200000, 0x000000008b200000| Untracked 
|  13|0x000000008b300000, 0x000000008b300000, 0x000000008b400000|  0%| F|  |TAMS 0x000000008b300000, 0x000000008b300000| Untracked 
|  14|0x000000008b400000, 0x000000008b400000, 0x000000008b500000|  0%| F|  |TAMS 0x000000008b400000, 0x000000008b400000| Untracked 
|  15|0x000000008b500000, 0x000000008b500000, 0x000000008b600000|  0%| F|  |TAMS 0x000000008b500000, 0x000000008b500000| Untracked 
|  16|0x000000008b600000, 0x000000008b600000, 0x000000008b700000|  0%| F|  |TAMS 0x000000008b600000, 0x000000008b600000| Untracked 
|  17|0x000000008b700000, 0x000000008b700000, 0x000000008b800000|  0%| F|  |TAMS 0x000000008b700000, 0x000000008b700000| Untracked 
|  18|0x000000008b800000, 0x000000008b800000, 0x000000008b900000|  0%| F|  |TAMS 0x000000008b800000, 0x000000008b800000| Untracked 
|  19|0x000000008b900000, 0x000000008b900000, 0x000000008ba00000|  0%| F|  |TAMS 0x000000008b900000, 0x000000008b900000| Untracked 
|  20|0x000000008ba00000, 0x000000008ba00000, 0x000000008bb00000|  0%| F|  |TAMS 0x000000008ba00000, 0x000000008ba00000| Untracked 
|  21|0x000000008bb00000, 0x000000008bb00000, 0x000000008bc00000|  0%| F|  |TAMS 0x000000008bb00000, 0x000000008bb00000| Untracked 
|  22|0x000000008bc00000, 0x000000008bc00000, 0x000000008bd00000|  0%| F|  |TAMS 0x000000008bc00000, 0x000000008bc00000| Untracked 
|  23|0x000000008bd00000, 0x000000008bd00000, 0x000000008be00000|  0%| F|  |TAMS 0x000000008bd00000, 0x000000008bd00000| Untracked 
|  24|0x000000008be00000, 0x000000008be00000, 0x000000008bf00000|  0%| F|  |TAMS 0x000000008be00000, 0x000000008be00000| Untracked 
|  25|0x000000008bf00000, 0x000000008bf00000, 0x000000008c000000|  0%| F|  |TAMS 0x000000008bf00000, 0x000000008bf00000| Untracked 
|  26|0x000000008c000000, 0x000000008c000000, 0x000000008c100000|  0%| F|  |TAMS 0x000000008c000000, 0x000000008c000000| Untracked 
|  27|0x000000008c100000, 0x000000008c100000, 0x000000008c200000|  0%| F|  |TAMS 0x000000008c100000, 0x000000008c100000| Untracked 
|  28|0x000000008c200000, 0x000000008c200000, 0x000000008c300000|  0%| F|  |TAMS 0x000000008c200000, 0x000000008c200000| Untracked 
|  29|0x000000008c300000, 0x000000008c300000, 0x000000008c400000|  0%| F|  |TAMS 0x000000008c300000, 0x000000008c300000| Untracked 
|  30|0x000000008c400000, 0x000000008c400000, 0x000000008c500000|  0%| F|  |TAMS 0x000000008c400000, 0x000000008c400000| Untracked 
|  31|0x000000008c500000, 0x000000008c500000, 0x000000008c600000|  0%| F|  |TAMS 0x000000008c500000, 0x000000008c500000| Untracked 
|  32|0x000000008c600000, 0x000000008c600000, 0x000000008c700000|  0%| F|  |TAMS 0x000000008c600000, 0x000000008c600000| Untracked 
|  33|0x000000008c700000, 0x000000008c700000, 0x000000008c800000|  0%| F|  |TAMS 0x000000008c700000, 0x000000008c700000| Untracked 
|  34|0x000000008c800000, 0x000000008c800000, 0x000000008c900000|  0%| F|  |TAMS 0x000000008c800000, 0x000000008c800000| Untracked 
|  35|0x000000008c900000, 0x000000008c900000, 0x000000008ca00000|  0%| F|  |TAMS 0x000000008c900000, 0x000000008c900000| Untracked 
|  36|0x000000008ca00000, 0x000000008ca00000, 0x000000008cb00000|  0%| F|  |TAMS 0x000000008ca00000, 0x000000008ca00000| Untracked 
|  37|0x000000008cb00000, 0x000000008cb00000, 0x000000008cc00000|  0%| F|  |TAMS 0x000000008cb00000, 0x000000008cb00000| Untracked 
|  38|0x000000008cc00000, 0x000000008cc00000, 0x000000008cd00000|  0%| F|  |TAMS 0x000000008cc00000, 0x000000008cc00000| Untracked 
|  39|0x000000008cd00000, 0x000000008cd00000, 0x000000008ce00000|  0%| F|  |TAMS 0x000000008cd00000, 0x000000008cd00000| Untracked 
|  40|0x000000008ce00000, 0x000000008ce00000, 0x000000008cf00000|  0%| F|  |TAMS 0x000000008ce00000, 0x000000008ce00000| Untracked 
|  41|0x000000008cf00000, 0x000000008cf00000, 0x000000008d000000|  0%| F|  |TAMS 0x000000008cf00000, 0x000000008cf00000| Untracked 
|  42|0x000000008d000000, 0x000000008d000000, 0x000000008d100000|  0%| F|  |TAMS 0x000000008d000000, 0x000000008d000000| Untracked 
|  43|0x000000008d100000, 0x000000008d100000, 0x000000008d200000|  0%| F|  |TAMS 0x000000008d100000, 0x000000008d100000| Untracked 
|  44|0x000000008d200000, 0x000000008d200000, 0x000000008d300000|  0%| F|  |TAMS 0x000000008d200000, 0x000000008d200000| Untracked 
|  45|0x000000008d300000, 0x000000008d300000, 0x000000008d400000|  0%| F|  |TAMS 0x000000008d300000, 0x000000008d300000| Untracked 
|  46|0x000000008d400000, 0x000000008d400000, 0x000000008d500000|  0%| F|  |TAMS 0x000000008d400000, 0x000000008d400000| Untracked 
|  47|0x000000008d500000, 0x000000008d500000, 0x000000008d600000|  0%| F|  |TAMS 0x000000008d500000, 0x000000008d500000| Untracked 
|  48|0x000000008d600000, 0x000000008d600000, 0x000000008d700000|  0%| F|  |TAMS 0x000000008d600000, 0x000000008d600000| Untracked 
|  49|0x000000008d700000, 0x000000008d700000, 0x000000008d800000|  0%| F|  |TAMS 0x000000008d700000, 0x000000008d700000| Untracked 
|  50|0x000000008d800000, 0x000000008d800000, 0x000000008d900000|  0%| F|  |TAMS 0x000000008d800000, 0x000000008d800000| Untracked 
|  51|0x000000008d900000, 0x000000008d900000, 0x000000008da00000|  0%| F|  |TAMS 0x000000008d900000, 0x000000008d900000| Untracked 
|  52|0x000000008da00000, 0x000000008da00000, 0x000000008db00000|  0%| F|  |TAMS 0x000000008da00000, 0x000000008da00000| Untracked 
|  53|0x000000008db00000, 0x000000008db00000, 0x000000008dc00000|  0%| F|  |TAMS 0x000000008db00000, 0x000000008db00000| Untracked 
|  54|0x000000008dc00000, 0x000000008dc00000, 0x000000008dd00000|  0%| F|  |TAMS 0x000000008dc00000, 0x000000008dc00000| Untracked 
|  55|0x000000008dd00000, 0x000000008dd00000, 0x000000008de00000|  0%| F|  |TAMS 0x000000008dd00000, 0x000000008dd00000| Untracked 
|  56|0x000000008de00000, 0x000000008de00000, 0x000000008df00000|  0%| F|  |TAMS 0x000000008de00000, 0x000000008de00000| Untracked 
|  57|0x000000008df00000, 0x000000008df00000, 0x000000008e000000|  0%| F|  |TAMS 0x000000008df00000, 0x000000008df00000| Untracked 
|  58|0x000000008e000000, 0x000000008e000000, 0x000000008e100000|  0%| F|  |TAMS 0x000000008e000000, 0x000000008e000000| Untracked 
|  59|0x000000008e100000, 0x000000008e100000, 0x000000008e200000|  0%| F|  |TAMS 0x000000008e100000, 0x000000008e100000| Untracked 
|  60|0x000000008e200000, 0x000000008e200000, 0x000000008e300000|  0%| F|  |TAMS 0x000000008e200000, 0x000000008e200000| Untracked 
|  61|0x000000008e300000, 0x000000008e300000, 0x000000008e400000|  0%| F|  |TAMS 0x000000008e300000, 0x000000008e300000| Untracked 
|  62|0x000000008e400000, 0x000000008e400000, 0x000000008e500000|  0%| F|  |TAMS 0x000000008e400000, 0x000000008e400000| Untracked 
|  63|0x000000008e500000, 0x000000008e500000, 0x000000008e600000|  0%| F|  |TAMS 0x000000008e500000, 0x000000008e500000| Untracked 
|  64|0x000000008e600000, 0x000000008e600000, 0x000000008e700000|  0%| F|  |TAMS 0x000000008e600000, 0x000000008e600000| Untracked 
|  65|0x000000008e700000, 0x000000008e700000, 0x000000008e800000|  0%| F|  |TAMS 0x000000008e700000, 0x000000008e700000| Untracked 
|  66|0x000000008e800000, 0x000000008e800000, 0x000000008e900000|  0%| F|  |TAMS 0x000000008e800000, 0x000000008e800000| Untracked 
|  67|0x000000008e900000, 0x000000008e900000, 0x000000008ea00000|  0%| F|  |TAMS 0x000000008e900000, 0x000000008e900000| Untracked 
|  68|0x000000008ea00000, 0x000000008ea00000, 0x000000008eb00000|  0%| F|  |TAMS 0x000000008ea00000, 0x000000008ea00000| Untracked 
|  69|0x000000008eb00000, 0x000000008eb00000, 0x000000008ec00000|  0%| F|  |TAMS 0x000000008eb00000, 0x000000008eb00000| Untracked 
|  70|0x000000008ec00000, 0x000000008ec00000, 0x000000008ed00000|  0%| F|  |TAMS 0x000000008ec00000, 0x000000008ec00000| Untracked 
|  71|0x000000008ed00000, 0x000000008ed00000, 0x000000008ee00000|  0%| F|  |TAMS 0x000000008ed00000, 0x000000008ed00000| Untracked 
|  72|0x000000008ee00000, 0x000000008ee00000, 0x000000008ef00000|  0%| F|  |TAMS 0x000000008ee00000, 0x000000008ee00000| Untracked 
|  73|0x000000008ef00000, 0x000000008ef00000, 0x000000008f000000|  0%| F|  |TAMS 0x000000008ef00000, 0x000000008ef00000| Untracked 
|  74|0x000000008f000000, 0x000000008f000000, 0x000000008f100000|  0%| F|  |TAMS 0x000000008f000000, 0x000000008f000000| Untracked 
|  75|0x000000008f100000, 0x000000008f100000, 0x000000008f200000|  0%| F|  |TAMS 0x000000008f100000, 0x000000008f100000| Untracked 
|  76|0x000000008f200000, 0x000000008f200000, 0x000000008f300000|  0%| F|  |TAMS 0x000000008f200000, 0x000000008f200000| Untracked 
|  77|0x000000008f300000, 0x000000008f300000, 0x000000008f400000|  0%| F|  |TAMS 0x000000008f300000, 0x000000008f300000| Untracked 
|  78|0x000000008f400000, 0x000000008f400000, 0x000000008f500000|  0%| F|  |TAMS 0x000000008f400000, 0x000000008f400000| Untracked 
|  79|0x000000008f500000, 0x000000008f500000, 0x000000008f600000|  0%| F|  |TAMS 0x000000008f500000, 0x000000008f500000| Untracked 
|  80|0x000000008f600000, 0x000000008f600000, 0x000000008f700000|  0%| F|  |TAMS 0x000000008f600000, 0x000000008f600000| Untracked 
|  81|0x000000008f700000, 0x000000008f700000, 0x000000008f800000|  0%| F|  |TAMS 0x000000008f700000, 0x000000008f700000| Untracked 
|  82|0x000000008f800000, 0x000000008f800000, 0x000000008f900000|  0%| F|  |TAMS 0x000000008f800000, 0x000000008f800000| Untracked 
|  83|0x000000008f900000, 0x000000008f900000, 0x000000008fa00000|  0%| F|  |TAMS 0x000000008f900000, 0x000000008f900000| Untracked 
|  84|0x000000008fa00000, 0x000000008fa00000, 0x000000008fb00000|  0%| F|  |TAMS 0x000000008fa00000, 0x000000008fa00000| Untracked 
|  85|0x000000008fb00000, 0x000000008fc00000, 0x000000008fc00000|100%| E|  |TAMS 0x000000008fb00000, 0x000000008fb00000| Complete 
|  86|0x000000008fc00000, 0x000000008fd00000, 0x000000008fd00000|100%| E|CS|TAMS 0x000000008fc00000, 0x000000008fc00000| Complete 
|  87|0x000000008fd00000, 0x000000008fe00000, 0x000000008fe00000|100%| E|CS|TAMS 0x000000008fd00000, 0x000000008fd00000| Complete 
|  88|0x000000008fe00000, 0x000000008ff00000, 0x000000008ff00000|100%| E|CS|TAMS 0x000000008fe00000, 0x000000008fe00000| Complete 
|  89|0x000000008ff00000, 0x0000000090000000, 0x0000000090000000|100%| E|CS|TAMS 0x000000008ff00000, 0x000000008ff00000| Complete 
|  90|0x0000000090000000, 0x0000000090100000, 0x0000000090100000|100%| E|CS|TAMS 0x0000000090000000, 0x0000000090000000| Complete 
|  91|0x0000000090100000, 0x0000000090200000, 0x0000000090200000|100%| S|CS|TAMS 0x0000000090100000, 0x0000000090100000| Complete 
|  92|0x0000000090200000, 0x0000000090300000, 0x0000000090300000|100%| S|CS|TAMS 0x0000000090200000, 0x0000000090200000| Complete 
|  93|0x0000000090300000, 0x0000000090400000, 0x0000000090400000|100%| S|CS|TAMS 0x0000000090300000, 0x0000000090300000| Complete 
|  94|0x0000000090400000, 0x0000000090500000, 0x0000000090500000|100%| E|CS|TAMS 0x0000000090400000, 0x0000000090400000| Complete 
|  95|0x0000000090500000, 0x0000000090600000, 0x0000000090600000|100%| E|CS|TAMS 0x0000000090500000, 0x0000000090500000| Complete 
|  96|0x0000000090600000, 0x0000000090700000, 0x0000000090700000|100%| E|CS|TAMS 0x0000000090600000, 0x0000000090600000| Complete 
|  97|0x0000000090700000, 0x0000000090800000, 0x0000000090800000|100%| E|CS|TAMS 0x0000000090700000, 0x0000000090700000| Complete 
|  98|0x0000000090800000, 0x0000000090900000, 0x0000000090900000|100%| E|CS|TAMS 0x0000000090800000, 0x0000000090800000| Complete 
|  99|0x0000000090900000, 0x0000000090a00000, 0x0000000090a00000|100%| E|CS|TAMS 0x0000000090900000, 0x0000000090900000| Complete 
| 100|0x0000000090a00000, 0x0000000090b00000, 0x0000000090b00000|100%| E|CS|TAMS 0x0000000090a00000, 0x0000000090a00000| Complete 
| 101|0x0000000090b00000, 0x0000000090c00000, 0x0000000090c00000|100%| E|CS|TAMS 0x0000000090b00000, 0x0000000090b00000| Complete 
| 102|0x0000000090c00000, 0x0000000090d00000, 0x0000000090d00000|100%| E|CS|TAMS 0x0000000090c00000, 0x0000000090c00000| Complete 
| 103|0x0000000090d00000, 0x0000000090e00000, 0x0000000090e00000|100%| E|CS|TAMS 0x0000000090d00000, 0x0000000090d00000| Complete 
| 104|0x0000000090e00000, 0x0000000090f00000, 0x0000000090f00000|100%| E|CS|TAMS 0x0000000090e00000, 0x0000000090e00000| Complete 
| 105|0x0000000090f00000, 0x0000000091000000, 0x0000000091000000|100%| E|CS|TAMS 0x0000000090f00000, 0x0000000090f00000| Complete 
| 106|0x0000000091000000, 0x0000000091100000, 0x0000000091100000|100%| E|CS|TAMS 0x0000000091000000, 0x0000000091000000| Complete 
| 107|0x0000000091100000, 0x0000000091200000, 0x0000000091200000|100%| E|CS|TAMS 0x0000000091100000, 0x0000000091100000| Complete 
| 108|0x0000000091200000, 0x0000000091300000, 0x0000000091300000|100%| E|CS|TAMS 0x0000000091200000, 0x0000000091200000| Complete 
| 109|0x0000000091300000, 0x0000000091400000, 0x0000000091400000|100%| E|CS|TAMS 0x0000000091300000, 0x0000000091300000| Complete 
| 110|0x0000000091400000, 0x0000000091500000, 0x0000000091500000|100%| E|CS|TAMS 0x0000000091400000, 0x0000000091400000| Complete 
| 111|0x0000000091500000, 0x0000000091600000, 0x0000000091600000|100%| E|CS|TAMS 0x0000000091500000, 0x0000000091500000| Complete 
| 112|0x0000000091600000, 0x0000000091700000, 0x0000000091700000|100%| E|CS|TAMS 0x0000000091600000, 0x0000000091600000| Complete 
| 113|0x0000000091700000, 0x0000000091800000, 0x0000000091800000|100%| E|CS|TAMS 0x0000000091700000, 0x0000000091700000| Complete 
| 114|0x0000000091800000, 0x0000000091900000, 0x0000000091900000|100%| E|CS|TAMS 0x0000000091800000, 0x0000000091800000| Complete 
| 115|0x0000000091900000, 0x0000000091a00000, 0x0000000091a00000|100%| E|CS|TAMS 0x0000000091900000, 0x0000000091900000| Complete 
| 116|0x0000000091a00000, 0x0000000091b00000, 0x0000000091b00000|100%| E|CS|TAMS 0x0000000091a00000, 0x0000000091a00000| Complete 
| 117|0x0000000091b00000, 0x0000000091c00000, 0x0000000091c00000|100%| E|CS|TAMS 0x0000000091b00000, 0x0000000091b00000| Complete 

Card table byte_map: [0x00000164ffb50000,0x00000164fff00000] _byte_map_base: 0x00000164ff6fd000

Marking Bits (Prev, Next): (CMBitMap*) 0x00000164f98508a8, (CMBitMap*) 0x00000164f98508e0
 Prev Bits: [0x000001648f3b0000, 0x0000016491118000)
 Next Bits: [0x0000016491120000, 0x0000016492e88000)

Polling page: 0x00000164f98e0000

Metaspace:

Usage:
  Non-class:     15.12 MB capacity,    14.92 MB ( 99%) used,   180.17 KB (  1%) free+waste,    26.81 KB ( <1%) overhead. 
      Class:      1.99 MB capacity,     1.86 MB ( 93%) used,   122.85 KB (  6%) free+waste,    13.12 KB ( <1%) overhead. 
       Both:     17.11 MB capacity,    16.77 MB ( 98%) used,   303.02 KB (  2%) free+waste,    39.94 KB ( <1%) overhead. 

Virtual space:
  Non-class space:       16.00 MB reserved,      15.25 MB ( 95%) committed 
      Class space:        1.00 GB reserved,       2.00 MB ( <1%) committed 
             Both:        1.02 GB reserved,      17.25 MB (  2%) committed 

Chunk freelists:
   Non-Class:  5.00 KB
       Class:  11.00 KB
        Both:  16.00 KB

MaxMetaspaceSize: 17179869184.00 GB
CompressedClassSpaceSize: 1.00 GB
Initial GC threshold: 20.80 MB
Current GC threshold: 20.80 MB
CDS: off

CodeHeap 'non-profiled nmethods': size=120000Kb used=749Kb max_used=749Kb free=119251Kb
 bounds [0x0000016487ad0000, 0x0000016487d40000, 0x000001648f000000]
CodeHeap 'profiled nmethods': size=120000Kb used=3384Kb max_used=3384Kb free=116615Kb
 bounds [0x00000164805a0000, 0x00000164808f0000, 0x0000016487ad0000]
CodeHeap 'non-nmethods': size=5760Kb used=1169Kb max_used=1190Kb free=4590Kb
 bounds [0x0000016480000000, 0x0000016480270000, 0x00000164805a0000]
 total_blobs=2128 nmethods=1692 adapters=349
 compilation: enabled
              stopped_count=0, restarted_count=0
 full_count=0

Compilation events (20 events):
Event: 41.771 Thread 0x000001649647f000 1664       4       com.esotericsoftware.kryo.io.Input::readUtf8Length (139 bytes)
Event: 41.772 Thread 0x000001649647f000 nmethod 1664 0x0000016487b89c90 code [0x0000016487b89e20, 0x0000016487b89f18]
Event: 42.659 Thread 0x0000016496482000 1665       3       org.gradle.internal.serialize.kryo.KryoBackedDecoder::readString (5 bytes)
Event: 42.660 Thread 0x0000016496482000 nmethod 1665 0x00000164808e3190 code [0x00000164808e33c0, 0x00000164808e39a8]
Event: 42.807 Thread 0x0000016496482000 1666   !   3       org.gradle.internal.logging.sink.OutputEventRenderer::onOutput (101 bytes)
Event: 42.808 Thread 0x0000016496482000 nmethod 1666 0x00000164808e3c10 code [0x00000164808e3e60, 0x00000164808e4bf8]
Event: 42.851 Thread 0x000001649647f000 1667       4       java.lang.String::substring (68 bytes)
Event: 42.855 Thread 0x000001649647f000 nmethod 1667 0x0000016487b8a010 code [0x0000016487b8a1c0, 0x0000016487b8a638]
Event: 44.119 Thread 0x000001649647f000 1668       4       java.util.HashMap::afterNodeRemoval (1 bytes)
Event: 44.119 Thread 0x000001649647f000 nmethod 1668 0x0000016487b8a810 code [0x0000016487b8a9a0, 0x0000016487b8a9f8]
Event: 51.729 Thread 0x0000016496482000 1669       3       java.util.concurrent.locks.AbstractQueuedSynchronizer$ConditionObject::doSignal (43 bytes)
Event: 51.729 Thread 0x0000016496482000 nmethod 1669 0x00000164808e4f10 code [0x00000164808e50e0, 0x00000164808e5428]
Event: 52.414 Thread 0x0000016496482000 1671       3       java.lang.invoke.InvokerBytecodeGenerator::loadInsnOpcode (86 bytes)
Event: 52.415 Thread 0x0000016496482000 nmethod 1671 0x00000164808e5590 code [0x00000164808e5820, 0x00000164808e6358]
Event: 52.415 Thread 0x0000016496482000 1672       3       java.lang.invoke.InnerClassLambdaMetafactory::getOpcodeOffset (38 bytes)
Event: 52.416 Thread 0x0000016496482000 nmethod 1672 0x00000164808e6710 code [0x00000164808e68e0, 0x00000164808e6b58]
Event: 52.420 Thread 0x0000016496482000 1673       3       java.nio.CharBuffer::position (8 bytes)
Event: 52.420 Thread 0x0000016496482000 nmethod 1673 0x00000164808e6c10 code [0x00000164808e6dc0, 0x00000164808e6f08]
Event: 52.644 Thread 0x000001649647f000 1674       4       org.gradle.internal.logging.sink.OutputEventTransformer::onOutput (399 bytes)
Event: 52.653 Thread 0x0000016496482000 1675       3       java.nio.CharBuffer::position (6 bytes)

GC Heap History (2 events):
Event: 0.567 GC heap before
{Heap before GC invocations=0 (full 0):
 garbage-first heap   total 120832K, used 29696K [0x000000008a600000, 0x0000000100000000)
  region size 1024K, 24 young (24576K), 0 survivors (0K)
 Metaspace       used 10631K, capacity 10918K, committed 11264K, reserved 1058816K
  class space    used 1072K, capacity 1168K, committed 1280K, reserved 1048576K
}
Event: 0.573 GC heap after
{Heap after GC invocations=1 (full 0):
 garbage-first heap   total 120832K, used 9128K [0x000000008a600000, 0x0000000100000000)
  region size 1024K, 3 young (3072K), 3 survivors (3072K)
 Metaspace       used 10631K, capacity 10918K, committed 11264K, reserved 1058816K
  class space    used 1072K, capacity 1168K, committed 1280K, reserved 1048576K
}

Deoptimization events (20 events):
Event: 41.422 Thread 0x00000164f980f800 Uncommon trap: trap_request=0xffffff4d fr.pc=0x0000016487b715b0 relative=0x0000000000000350
Event: 41.422 Thread 0x00000164f980f800 Uncommon trap: reason=unstable_if action=reinterpret pc=0x0000016487b715b0 method=org.gradle.internal.logging.sink.OutputEventRenderer.onOutput(Lorg/gradle/internal/logging/events/OutputEvent;)V @ 24 c2
Event: 41.422 Thread 0x00000164f980f800 DEOPT PACKING pc=0x0000016487b715b0 sp=0x00000040c7afcbc0
Event: 41.422 Thread 0x00000164f980f800 DEOPT UNPACKING pc=0x000001648004a1af sp=0x00000040c7afcb68 mode 2
Event: 41.422 Thread 0x00000164f980f800 Uncommon trap: trap_request=0xffffffde fr.pc=0x0000016487b74724 relative=0x0000000000002744
Event: 41.422 Thread 0x00000164f980f800 Uncommon trap: reason=class_check action=maybe_recompile pc=0x0000016487b74724 method=org.gradle.internal.logging.sink.OutputEventTransformer.onOutput(Lorg/gradle/internal/logging/events/OutputEvent;)V @ 287 c2
Event: 41.422 Thread 0x00000164f980f800 DEOPT PACKING pc=0x0000016487b74724 sp=0x00000040c7afcb00
Event: 41.422 Thread 0x00000164f980f800 DEOPT UNPACKING pc=0x000001648004a1af sp=0x00000040c7afcac8 mode 2
Event: 41.422 Thread 0x00000164f980f800 Uncommon trap: trap_request=0xffffffde fr.pc=0x0000016487b74724 relative=0x0000000000002744
Event: 41.422 Thread 0x00000164f980f800 Uncommon trap: reason=class_check action=maybe_recompile pc=0x0000016487b74724 method=org.gradle.internal.logging.sink.OutputEventTransformer.onOutput(Lorg/gradle/internal/logging/events/OutputEvent;)V @ 287 c2
Event: 41.422 Thread 0x00000164f980f800 DEOPT PACKING pc=0x0000016487b74724 sp=0x00000040c7afcb00
Event: 41.422 Thread 0x00000164f980f800 DEOPT UNPACKING pc=0x000001648004a1af sp=0x00000040c7afcac8 mode 2
Event: 52.418 Thread 0x00000164f980f800 Uncommon trap: trap_request=0xffffffde fr.pc=0x0000016487b74724 relative=0x0000000000002744
Event: 52.418 Thread 0x00000164f980f800 Uncommon trap: reason=class_check action=maybe_recompile pc=0x0000016487b74724 method=org.gradle.internal.logging.sink.OutputEventTransformer.onOutput(Lorg/gradle/internal/logging/events/OutputEvent;)V @ 287 c2
Event: 52.418 Thread 0x00000164f980f800 DEOPT PACKING pc=0x0000016487b74724 sp=0x00000040c7afcb40
Event: 52.418 Thread 0x00000164f980f800 DEOPT UNPACKING pc=0x000001648004a1af sp=0x00000040c7afcaf8 mode 2
Event: 52.642 Thread 0x00000164f980f800 Uncommon trap: trap_request=0xffffff4d fr.pc=0x0000016487b6fcac relative=0x000000000000044c
Event: 52.642 Thread 0x00000164f980f800 Uncommon trap: reason=unstable_if action=reinterpret pc=0x0000016487b6fcac method=com.esotericsoftware.kryo.io.Input.require(I)I @ 180 c2
Event: 52.642 Thread 0x00000164f980f800 DEOPT PACKING pc=0x0000016487b6fcac sp=0x00000040c7afcc00
Event: 52.642 Thread 0x00000164f980f800 DEOPT UNPACKING pc=0x000001648004a1af sp=0x00000040c7afc870 mode 2

Classes redefined (0 events):
No events

Internal exceptions (20 events):
Event: 0.119 Thread 0x00000164f980f800 Exception <a 'java/lang/NoSuchMethodError'{0x0000000091a9f480}: 'int java.lang.invoke.DirectMethodHandle$Holder.invokeSpecialIFC(java.lang.Object, java.lang.Object, int)'> (0x0000000091a9f480) thrown at [src/hotspot/share/interpreter/linkResolver.cpp, line 773]
Event: 0.195 Thread 0x00000164f980f800 Exception <a 'java/lang/NoSuchMethodError'{0x00000000918765a8}: 'int java.lang.invoke.DirectMethodHandle$Holder.invokeStaticInit(java.lang.Object, java.lang.Object)'> (0x00000000918765a8) thrown at [src/hotspot/share/interpreter/linkResolver.cpp, line 773]
Event: 0.222 Thread 0x00000164f980f800 Exception <a 'java/lang/NoSuchMethodError'{0x000000009174c3c8}: 'int java.lang.invoke.DirectMethodHandle$Holder.invokeSpecial(java.lang.Object, java.lang.Object, java.lang.Object, java.lang.Object)'> (0x000000009174c3c8) thrown at [src/hotspot/share/interpreter/linkResolver.cpp, line 773]
Event: 0.546 Thread 0x00000164f980f800 Implicit null exception at 0x0000016487b129f5 to 0x0000016487b12bc0
Event: 0.565 Thread 0x00000164f980f800 Exception <a 'java/lang/NoClassDefFoundError'{0x00000000904da1b0}: org/slf4j/impl/StaticMarkerBinder> (0x00000000904da1b0) thrown at [src/hotspot/share/classfile/systemDictionary.cpp, line 219]
Event: 0.588 Thread 0x00000164f980f800 Exception <a 'java/lang/NoSuchMethodError'{0x0000000091bd3180}: 'java.lang.Object java.lang.invoke.DirectMethodHandle$Holder.invokeVirtual(java.lang.Object, java.lang.Object, java.lang.Object, java.lang.Object, java.lang.Object, java.lang.Object, java.lang.Object)'> (0x0000000091bd3180) thrown at [src/hotspot/share/interpreter/linkResolver.cpp, line 773]
Event: 0.590 Thread 0x00000164f980f800 Exception <a 'java/lang/NoSuchMethodError'{0x0000000091be6d30}: 'java.lang.Object java.lang.invoke.Invokers$Holder.invoker(java.lang.Object, java.lang.Object, java.lang.Object)'> (0x0000000091be6d30) thrown at [src/hotspot/share/interpreter/linkResolver.cpp, line 773]
Event: 0.592 Thread 0x00000164f980f800 Exception <a 'java/lang/NoSuchMethodError'{0x0000000091bf7a70}: 'void java.lang.invoke.DelegatingMethodHandle$Holder.delegate(java.lang.Object, java.lang.Object, int, java.lang.Object)'> (0x0000000091bf7a70) thrown at [src/hotspot/share/interpreter/linkResolver.cpp, line 773]
Event: 0.660 Thread 0x00000164f980f800 Exception <a 'java/lang/NoSuchMethodError'{0x000000009142f9f8}: 'java.lang.Object java.lang.invoke.DirectMethodHandle$Holder.invokeInterface(java.lang.Object, java.lang.Object, java.lang.Object)'> (0x000000009142f9f8) thrown at [src/hotspot/share/interpreter/linkResolver.cpp, line 773]
Event: 0.697 Thread 0x00000164f980f800 Exception <a 'java/lang/NoSuchMethodError'{0x00000000912ccf98}: 'java.lang.Object java.lang.invoke.DirectMethodHandle$Holder.invokeStaticInit(java.lang.Object, java.lang.Object, java.lang.Object)'> (0x00000000912ccf98) thrown at [src/hotspot/share/interpreter/linkResolver.cpp, line 773]
Event: 0.772 Thread 0x00000164f980f800 Exception <a 'java/lang/NoSuchMethodError'{0x0000000090db1940}: 'java.lang.Object java.lang.invoke.DirectMethodHandle$Holder.invokeStaticInit(java.lang.Object, int, int, int, int)'> (0x0000000090db1940) thrown at [src/hotspot/share/interpreter/linkResolver.cpp, line 773]
Event: 0.895 Thread 0x00000164f980f800 Exception <a 'java/lang/NoSuchMethodError'{0x0000000090ddb6e0}: 'java.lang.Object java.lang.invoke.DirectMethodHandle$Holder.invokeStaticInit(java.lang.Object, java.lang.Object, int, int, int, int)'> (0x0000000090ddb6e0) thrown at [src/hotspot/share/interpreter/linkResolver.cpp, line 773]
Event: 1.092 Thread 0x00000164f980f800 Implicit null exception at 0x0000016487b05274 to 0x0000016487b05778
Event: 1.093 Thread 0x00000164f980f800 Implicit null exception at 0x0000016487b13a74 to 0x0000016487b13f5c
Event: 1.240 Thread 0x000001649734a000 Exception <a 'java/lang/NoSuchMethodError'{0x000000009040e118}: 'void java.lang.invoke.DirectMethodHandle$Holder.invokeStatic(java.lang.Object, long)'> (0x000000009040e118) thrown at [src/hotspot/share/interpreter/linkResolver.cpp, line 773]
Event: 1.240 Thread 0x000001649734a000 Exception <a 'java/lang/NoSuchMethodError'{0x0000000090413080}: 'java.lang.Object java.lang.invoke.DirectMethodHandle$Holder.invokeStatic(java.lang.Object, long)'> (0x0000000090413080) thrown at [src/hotspot/share/interpreter/linkResolver.cpp, line 773]
Event: 1.242 Thread 0x000001649734a000 Exception <a 'java/lang/NoSuchMethodError'{0x0000000090421120}: 'java.lang.Object java.lang.invoke.DirectMethodHandle$Holder.invokeStaticInit(java.lang.Object, java.lang.Object, long, java.lang.Object)'> (0x0000000090421120) thrown at [src/hotspot/share/interpreter/linkResolver.cpp, line 773]
Event: 1.243 Thread 0x000001649734a000 Exception <a 'java/lang/NoSuchMethodError'{0x00000000904272e0}: 'java.lang.Object java.lang.invoke.DirectMethodHandle$Holder.invokeStatic(java.lang.Object, java.lang.Object, long)'> (0x00000000904272e0) thrown at [src/hotspot/share/interpreter/linkResolver.cpp, line 773]
Event: 1.243 Thread 0x000001649734a000 Exception <a 'java/lang/NoSuchMethodError'{0x000000009042d5b0}: 'java.lang.Object java.lang.invoke.Invokers$Holder.linkToTargetMethod(java.lang.Object, long, java.lang.Object)'> (0x000000009042d5b0) thrown at [src/hotspot/share/interpreter/linkResolver.cpp, line 773]
Event: 52.641 Thread 0x00000164f980f800 Exception <a 'java/io/IOException'{0x000000008fb76d50}> (0x000000008fb76d50) thrown at [src/hotspot/share/prims/jni.cpp, line 617]

Events (20 events):
Event: 52.417 loading class jdk/internal/misc/JavaObjectInputFilterAccess
Event: 52.417 loading class jdk/internal/misc/JavaObjectInputFilterAccess done
Event: 52.417 loading class java/io/Bits
Event: 52.417 loading class java/io/Bits done
Event: 52.417 loading class org/gradle/internal/serialize/ExceptionReplacingObjectInputStream$1
Event: 52.417 loading class org/gradle/internal/serialize/ExceptionReplacingObjectInputStream$1 done
Event: 52.641 loading class com/google/common/base/Objects
Event: 52.641 loading class com/google/common/base/Objects done
Event: 52.642 loading class com/google/common/base/ExtraObjectsMethodsForWeb
Event: 52.642 loading class com/google/common/base/ExtraObjectsMethodsForWeb done
Event: 52.643 loading class org/slf4j/helpers/MessageFormatter
Event: 52.643 loading class org/slf4j/helpers/MessageFormatter done
Event: 52.643 Executing VM operation: RevokeBias
Event: 52.643 Executing VM operation: RevokeBias done
Event: 52.644 loading class org/slf4j/helpers/FormattingTuple
Event: 52.644 loading class org/slf4j/helpers/FormattingTuple done
Event: 52.644 Executing VM operation: RevokeBias
Event: 52.644 Executing VM operation: RevokeBias done
Event: 52.653 loading class org/gradle/util/internal/LimitedDescription
Event: 52.653 loading class org/gradle/util/internal/LimitedDescription done


Dynamic libraries:
0x00007ff7c4fa0000 - 0x00007ff7c4faa000 	C:\Apps\Android Studio\jbr\bin\java.exe
0x00007ff958530000 - 0x00007ff958744000 	C:\WINDOWS\SYSTEM32\ntdll.dll
0x00007ff957250000 - 0x00007ff957312000 	C:\WINDOWS\System32\KERNEL32.DLL
0x00007ff955b10000 - 0x00007ff955eac000 	C:\WINDOWS\System32\KERNELBASE.dll
0x00007ff956220000 - 0x00007ff956331000 	C:\WINDOWS\System32\ucrtbase.dll
0x00007ff945c40000 - 0x00007ff945c57000 	C:\Apps\Android Studio\jbr\bin\jli.dll
0x00007ff945c90000 - 0x00007ff945cab000 	C:\Apps\Android Studio\jbr\bin\VCRUNTIME140.dll
0x00007ff957dc0000 - 0x00007ff957f6b000 	C:\WINDOWS\System32\USER32.dll
0x00007ff93af30000 - 0x00007ff93b1be000 	C:\WINDOWS\WinSxS\amd64_microsoft.windows.common-controls_6595b64144ccf1df_6.0.22621.608_none_a9444ca7c10bb01d\COMCTL32.dll
0x00007ff955970000 - 0x00007ff955996000 	C:\WINDOWS\System32\win32u.dll
0x00007ff957000000 - 0x00007ff9570a7000 	C:\WINDOWS\System32\msvcrt.dll
0x00007ff956970000 - 0x00007ff956999000 	C:\WINDOWS\System32\GDI32.dll
0x00007ff956010000 - 0x00007ff956123000 	C:\WINDOWS\System32\gdi32full.dll
0x00007ff955f70000 - 0x00007ff95600a000 	C:\WINDOWS\System32\msvcp_win.dll
0x00007ff9570b0000 - 0x00007ff9570e1000 	C:\WINDOWS\System32\IMM32.DLL
0x00007ff946450000 - 0x00007ff94645c000 	C:\Apps\Android Studio\jbr\bin\vcruntime140_1.dll
0x00007ff934c80000 - 0x00007ff934d0d000 	C:\Apps\Android Studio\jbr\bin\msvcp140.dll
0x00007ff909670000 - 0x00007ff90a22c000 	C:\Apps\Android Studio\jbr\bin\server\jvm.dll
0x00007ff9568c0000 - 0x00007ff95696e000 	C:\WINDOWS\System32\ADVAPI32.dll
0x00007ff958220000 - 0x00007ff9582c4000 	C:\WINDOWS\System32\sechost.dll
0x00007ff957380000 - 0x00007ff957497000 	C:\WINDOWS\System32\RPCRT4.dll
0x00007ff956a90000 - 0x00007ff956a98000 	C:\WINDOWS\System32\PSAPI.DLL
0x00007ff950000000 - 0x00007ff950034000 	C:\WINDOWS\SYSTEM32\WINMM.dll
0x00007ff945e90000 - 0x00007ff945e99000 	C:\WINDOWS\SYSTEM32\WSOCK32.dll
0x00007ff94f860000 - 0x00007ff94f86a000 	C:\WINDOWS\SYSTEM32\VERSION.dll
0x00007ff958470000 - 0x00007ff9584e1000 	C:\WINDOWS\System32\WS2_32.dll
0x00007ff954930000 - 0x00007ff954948000 	C:\WINDOWS\SYSTEM32\kernel.appcore.dll
0x00007ff945e60000 - 0x00007ff945e70000 	C:\Apps\Android Studio\jbr\bin\verify.dll
0x00007ff947b10000 - 0x00007ff947d3e000 	C:\WINDOWS\SYSTEM32\DBGHELP.DLL
0x00007ff956360000 - 0x00007ff9566e9000 	C:\WINDOWS\System32\combase.dll
0x00007ff958130000 - 0x00007ff958207000 	C:\WINDOWS\System32\OLEAUT32.dll
0x00007ff946f60000 - 0x00007ff946f92000 	C:\WINDOWS\SYSTEM32\dbgcore.DLL
0x00007ff9561a0000 - 0x00007ff95621b000 	C:\WINDOWS\System32\bcryptPrimitives.dll
0x00007ff938cb0000 - 0x00007ff938cd8000 	C:\Apps\Android Studio\jbr\bin\java.dll
0x00007ff945d40000 - 0x00007ff945d4a000 	C:\Apps\Android Studio\jbr\bin\jimage.dll
0x00007ff943710000 - 0x00007ff943728000 	C:\Apps\Android Studio\jbr\bin\zip.dll
0x00007ff9574b0000 - 0x00007ff957ca0000 	C:\WINDOWS\System32\SHELL32.dll
0x00007ff953930000 - 0x00007ff9541fd000 	C:\WINDOWS\SYSTEM32\windows.storage.dll
0x00007ff9537f0000 - 0x00007ff95392e000 	C:\WINDOWS\SYSTEM32\wintypes.dll
0x00007ff9567a0000 - 0x00007ff956891000 	C:\WINDOWS\System32\SHCORE.dll
0x00007ff9569a0000 - 0x00007ff9569fe000 	C:\WINDOWS\System32\shlwapi.dll
0x00007ff9558a0000 - 0x00007ff9558c1000 	C:\WINDOWS\SYSTEM32\profapi.dll
0x00007ff9365f0000 - 0x00007ff936609000 	C:\Apps\Android Studio\jbr\bin\net.dll
0x00007ff950040000 - 0x00007ff950177000 	C:\WINDOWS\SYSTEM32\WINHTTP.dll
0x00007ff954df0000 - 0x00007ff954e59000 	C:\WINDOWS\system32\mswsock.dll
0x00007ff934980000 - 0x00007ff934993000 	C:\Apps\Android Studio\jbr\bin\nio.dll
0x00007ff934d60000 - 0x00007ff934d87000 	C:\Users\Harsh Jethva\.gradle\native\e1d6ef7f7dcc3fd88c89a11ec53ec762bb8ba0a96d01ffa2cd45eb1d1d8dd5c5\windows-amd64\native-platform.dll
0x00007ff939600000 - 0x00007ff93960a000 	C:\Apps\Android Studio\jbr\bin\management.dll
0x00007ff937930000 - 0x00007ff93793b000 	C:\Apps\Android Studio\jbr\bin\management_ext.dll
0x00007ff955070000 - 0x00007ff95508b000 	C:\WINDOWS\SYSTEM32\CRYPTSP.dll
0x00007ff9548f0000 - 0x00007ff954925000 	C:\WINDOWS\system32\rsaenh.dll
0x00007ff954ec0000 - 0x00007ff954ee8000 	C:\WINDOWS\SYSTEM32\USERENV.dll
0x00007ff955230000 - 0x00007ff955258000 	C:\WINDOWS\SYSTEM32\bcrypt.dll
0x00007ff955090000 - 0x00007ff95509c000 	C:\WINDOWS\SYSTEM32\CRYPTBASE.dll
0x00007ff954450000 - 0x00007ff95447d000 	C:\WINDOWS\SYSTEM32\IPHLPAPI.DLL
0x00007ff956ff0000 - 0x00007ff956ff9000 	C:\WINDOWS\System32\NSI.dll
0x00007ff950380000 - 0x00007ff950399000 	C:\WINDOWS\SYSTEM32\dhcpcsvc6.DLL
0x00007ff94ffe0000 - 0x00007ff94ffff000 	C:\WINDOWS\SYSTEM32\dhcpcsvc.DLL
0x00007ff9544c0000 - 0x00007ff9545b3000 	C:\WINDOWS\SYSTEM32\DNSAPI.dll

dbghelp: loaded successfully - version: 4.0.5 - missing functions: none
symbol engine: initialized successfully - sym options: 0x614 - pdb path: .;C:\Apps\Android Studio\jbr\bin;C:\WINDOWS\SYSTEM32;C:\WINDOWS\WinSxS\amd64_microsoft.windows.common-controls_6595b64144ccf1df_6.0.22621.608_none_a9444ca7c10bb01d;C:\Apps\Android Studio\jbr\bin\server;C:\Users\Harsh Jethva\.gradle\native\e1d6ef7f7dcc3fd88c89a11ec53ec762bb8ba0a96d01ffa2cd45eb1d1d8dd5c5\windows-amd64

VM Arguments:
jvm_args: -Dorg.gradle.appname=gradlew 
java_command: org.gradle.wrapper.GradleWrapperMain -q -Ptarget-platform=android-arm64 -Ptarget=H:\Flutter Projects\rku_bus_guide\lib\main.dart -Pbase-application-name=android.app.Application -Pdart-defines=Zmx1dHRlci5pbnNwZWN0b3Iuc3RydWN0dXJlZEVycm9ycz10cnVl,RkxVVFRFUl9XRUJfQVVUT19ERVRFQ1Q9dHJ1ZQ== -Pdart-obfuscation=false -Ptrack-widget-creation=true -Ptree-shake-icons=false -Pfilesystem-scheme=org-dartlang-root assembleDebug
java_class_path (initial): H:\Flutter Projects\rku_bus_guide\android\\gradle\wrapper\gradle-wrapper.jar
Launcher Type: SUN_STANDARD

[Global flags]
     intx CICompilerCount                          = 4                                         {product} {ergonomic}
     uint ConcGCThreads                            = 3                                         {product} {ergonomic}
     uint G1ConcRefinementThreads                  = 10                                        {product} {ergonomic}
   size_t G1HeapRegionSize                         = 1048576                                   {product} {ergonomic}
    uintx GCDrainStackTargetSize                   = 64                                        {product} {ergonomic}
   size_t InitialHeapSize                          = 123731968                                 {product} {ergonomic}
   size_t MarkStackSize                            = 4194304                                   {product} {ergonomic}
   size_t MaxHeapSize                              = 1973420032                                {product} {ergonomic}
   size_t MaxNewSize                               = 1183842304                                {product} {ergonomic}
   size_t MinHeapDeltaBytes                        = 1048576                                   {product} {ergonomic}
    uintx NonNMethodCodeHeapSize                   = 5836300                                {pd product} {ergonomic}
    uintx NonProfiledCodeHeapSize                  = 122910970                              {pd product} {ergonomic}
    uintx ProfiledCodeHeapSize                     = 122910970                              {pd product} {ergonomic}
    uintx ReservedCodeCacheSize                    = 251658240                              {pd product} {ergonomic}
     bool SegmentedCodeCache                       = true                                      {product} {ergonomic}
     bool UseCompressedClassPointers               = true                                 {lp64_product} {ergonomic}
     bool UseCompressedOops                        = true                                 {lp64_product} {ergonomic}
     bool UseG1GC                                  = true                                      {product} {ergonomic}
     bool UseLargePagesIndividualAllocation        = false                                  {pd product} {ergonomic}

Logging:
Log output configuration:
 #0: stdout all=warning uptime,level,tags
 #1: stderr all=off uptime,level,tags

Environment Variables:
JAVA_HOME=C:\Apps\Android Studio\jbr
CLASSPATH=H:\Flutter Projects\rku_bus_guide\android\\gradle\wrapper\gradle-wrapper.jar
PATH=C:\Windows\system32;C:\Windows;C:\Windows\System32\Wbem;C:\Windows\System32\WindowsPowerShell\v1.0\;C:\Windows\System32\OpenSSH\;C:\Program Files\NVIDIA Corporation\NVIDIA NvDLISR;C:\Apps\JDk\bin;C:\Program Files\Microsoft SQL Server\130\Tools\Binn\;C:\Program Files (x86)\NVIDIA Corporation\PhysX\Common;C:\xampp\php;C:\ProgramData\ComposerSetup\bin;C:\WINDOWS\system32;C:\WINDOWS;C:\WINDOWS\System32\Wbem;C:\WINDOWS\System32\WindowsPowerShell\v1.0\;C:\WINDOWS\System32\OpenSSH\;C:\Program Files\Git\cmd;C:\Apps\nodejs\;C:\Program Files\Microsoft SQL Server\150\Tools\Binn\;C:\Program Files\Microsoft SQL Server\Client SDK\ODBC\170\Tools\Binn\;C:\Program Files\dotnet\;C:\Apps\flutter\bin;C:\Program Files\Java\jdk-19\bin;C:\Users\Harsh Jethva\AppData\Local\Pub\Cache\bin;C:\Users\Harsh Jethva\AppData\Local\Programs\Python\Python311\Scripts\;C:\Users\Harsh Jethva\AppData\Local\Programs\Python\Python311\;C:\Users\Harsh Jethva\AppData\Local\Microsoft\WindowsApps;C:\Apps\IntelliJ IDEA Community Edition 2023.1\bin;;C:\Users\Harsh Jethva\AppData\Roaming\Composer\vendor\bin;C:\Apps\Microsoft VS Code\bin;C:\Users\Harsh Jethva\AppData\Roaming\npm;C:\Users\Harsh Jethva\AppData\Local\GitHubDesktop\bin;C:\Users\Harsh Jethva\.dotnet\tools;C:\Users\Harsh Jethva\AppData\Local\Pub\Cache\bin;;C:\Apps\flutter\bin\mingit\cmd
USERNAME=Harsh Jethva
OS=Windows_NT
PROCESSOR_IDENTIFIER=AMD64 Family 25 Model 80 Stepping 0, AuthenticAMD



---------------  S Y S T E M  ---------------

OS: Windows 11 , 64 bit Build 22621 (10.0.22621.1485)
OS uptime: 3 days 7:10 hours
Hyper-V role detected

CPU:total 12 (initial active 12) (12 cores per cpu, 2 threads per core) family 25 model 80 stepping 0 microcode 0x0, cmov, cx8, fxsr, mmx, sse, sse2, sse3, ssse3, sse4.1, sse4.2, popcnt, avx, avx2, aes, clmul, erms, mmxext, 3dnowpref, lzcnt, sse4a, ht, tsc, tscinvbit, tscinv, bmi1, bmi2, adx, sha, fma

Memory: 4k page, system-wide physical 7521M (685M free)
TotalPageFile size 14521M (AvailPageFile size 11M)
current process WorkingSet (physical memory assigned to process): 107M, peak: 110M
current process commit charge ("private bytes"): 225M, peak: 230M

vm_info: OpenJDK 64-Bit Server VM (11.0.15+0-b2043.56-9505619) for windows-amd64 JRE (11.0.15+0-b2043.56-9505619), built on Jan 19 2023 02:48:00 by "builduser" with unknown MS VC++:1929

END.
