#
# There is insufficient memory for the Java Runtime Environment to continue.
# Native memory allocation (malloc) failed to allocate 32744 bytes for ChunkPool::allocate
# Possible reasons:
#   The system is out of physical RAM or swap space
#   The process is running with CompressedOops enabled, and the Java Heap may be blocking the growth of the native heap
# Possible solutions:
#   Reduce memory load on the system
#   Increase physical memory or swap space
#   Check if swap backing store is full
#   Decrease Java heap size (-Xmx/-Xms)
#   Decrease number of Java threads
#   Decrease Java thread stack sizes (-Xss)
#   Set larger code cache with -XX:ReservedCodeCacheSize=
#   JVM is running with Unscaled Compressed Oops mode in which the Java heap is
#     placed in the first 4GB address space. The Java Heap base address is the
#     maximum limit for the native heap growth. Please use -XX:HeapBaseMinAddress
#     to set the Java Heap base and to place the Java Heap above 4GB virtual address.
# This output file may be truncated or incomplete.
#
#  Out of Memory Error (src/hotspot/share/memory/arena.cpp:81), pid=4068, tid=3960
#
# JRE version: OpenJDK Runtime Environment (11.0.15) (build 11.0.15+0-b2043.56-9505619)
# Java VM: OpenJDK 64-Bit Server VM (11.0.15+0-b2043.56-9505619, mixed mode, tiered, compressed oops, g1 gc, windows-amd64)
# No core dump will be written. Minidumps are not enabled by default on client versions of Windows
#

---------------  S U M M A R Y ------------

Command Line: --add-opens=java.base/java.util=ALL-UNNAMED --add-opens=java.base/java.lang=ALL-UNNAMED --add-opens=java.base/java.lang.invoke=ALL-UNNAMED --add-opens=java.base/java.util=ALL-UNNAMED --add-opens=java.prefs/java.util.prefs=ALL-UNNAMED --add-opens=java.prefs/java.util.prefs=ALL-UNNAMED --add-opens=java.base/java.nio.charset=ALL-UNNAMED --add-opens=java.base/java.net=ALL-UNNAMED --add-opens=java.base/java.util.concurrent.atomic=ALL-UNNAMED -Xmx1536M -Dfile.encoding=windows-1252 -Duser.country=IN -Duser.language=en -Duser.variant org.gradle.launcher.daemon.bootstrap.GradleDaemon 7.5

Host: AMD Ryzen 5 5600H with Radeon Graphics         , 12 cores, 7G,  Windows 11 , 64 bit Build 22621 (10.0.22621.1485)
Time: Fri May  5 01:24:48 2023 India Standard Time elapsed time: 25.827125 seconds (0d 0h 0m 25s)

---------------  T H R E A D  ---------------

Current thread (0x000001c66fb59000):  JavaThread "C2 CompilerThread0" daemon [_thread_in_native, id=3960, stack(0x0000002871100000,0x0000002871200000)]


Current CompileTask:
C2:  25827 11774       4       org.gradle.internal.logging.text.AbstractLineChoppingStyledTextOutput::doAppend (43 bytes)

Stack: [0x0000002871100000,0x0000002871200000]
Native frames: (J=compiled Java code, j=interpreted, Vv=VM code, C=native code)
V  [jvm.dll+0x64135a]
V  [jvm.dll+0x7d39f9]
V  [jvm.dll+0x7d51b9]
V  [jvm.dll+0x7d58a3]
V  [jvm.dll+0x2691c5]
V  [jvm.dll+0xc1cbf]
V  [jvm.dll+0xc200c]
V  [jvm.dll+0x5cc8de]
V  [jvm.dll+0x5cca7e]
V  [jvm.dll+0x5d1a5e]
V  [jvm.dll+0x5d21aa]
V  [jvm.dll+0x5d0ee7]
V  [jvm.dll+0x221347]
V  [jvm.dll+0x220498]
V  [jvm.dll+0x19e851]
V  [jvm.dll+0x230479]
V  [jvm.dll+0x22e5ef]
V  [jvm.dll+0x794de1]
V  [jvm.dll+0x78dc24]
V  [jvm.dll+0x6400f6]
C  [ucrtbase.dll+0x29363]
C  [KERNEL32.DLL+0x1269d]
C  [ntdll.dll+0x5a9f8]


---------------  P R O C E S S  ---------------

Threads class SMR info:
_java_thread_list=0x000001c67b9b8ad0, length=183, elements={
0x000001c655bd0800, 0x000001c66f1db000, 0x000001c66f1e6800, 0x000001c66fb55800,
0x000001c66fb56800, 0x000001c66fb57800, 0x000001c66fb59000, 0x000001c66f1fc800,
0x000001c66f1ff800, 0x000001c66fcda800, 0x000001c670c9c800, 0x000001c671358800,
0x000001c67285f000, 0x000001c672aae000, 0x000001c670a7f800, 0x000001c671b69800,
0x000001c672bda800, 0x000001c6716de000, 0x000001c67145e800, 0x000001c6732df800,
0x000001c6732e0000, 0x000001c6732e1800, 0x000001c6732e1000, 0x000001c6732de800,
0x000001c6732dc000, 0x000001c6732e2800, 0x000001c6732dd000, 0x000001c6732dd800,
0x000001c673484000, 0x000001c673489000, 0x000001c673488000, 0x000001c67348a000,
0x000001c67348a800, 0x000001c67348b800, 0x000001c673485800, 0x000001c67348c000,
0x000001c673487800, 0x000001c673486800, 0x000001c67348e800, 0x000001c67348f800,
0x000001c673490800, 0x000001c67348e000, 0x000001c673491000, 0x000001c673492000,
0x000001c673492800, 0x000001c67348d000, 0x000001c672e84800, 0x000001c672e85000,
0x000001c672e83800, 0x000001c672e88800, 0x000001c672e86000, 0x000001c672e87000,
0x000001c672e87800, 0x000001c672e83000, 0x000001c672e8d800, 0x000001c672e8f000,
0x000001c672e8c800, 0x000001c672e8a000, 0x000001c672e8e000, 0x000001c672e8c000,
0x000001c672e89800, 0x000001c672e90000, 0x000001c672e90800, 0x000001c672e8b000,
0x000001c672e91800, 0x000001c6732f4000, 0x000001c6732f4800, 0x000001c6732f3000,
0x000001c6732f8000, 0x000001c6732f5800, 0x000001c6732f6800, 0x000001c6732f2800,
0x000001c6732f7000, 0x000001c6732f9000, 0x000001c6754a2000, 0x000001c6754a4000,
0x000001c6754a0000, 0x000001c6754a6000, 0x000001c6754a5000, 0x000001c6754a2800,
0x000001c6754a1000, 0x000001c6754a3800, 0x000001c6754a6800, 0x000001c6700fe000,
0x000001c6700fd000, 0x000001c6700ff800, 0x000001c670100800, 0x000001c6700fe800,
0x000001c670101000, 0x000001c6700fb800, 0x000001c670102000, 0x000001c6700fc800,
0x000001c670107800, 0x000001c670108800, 0x000001c670107000, 0x000001c670103000,
0x000001c670103800, 0x000001c670104800, 0x000001c670109800, 0x000001c670106000,
0x000001c67010a000, 0x000001c670105800, 0x000001c6769f2800, 0x000001c6769f3800,
0x000001c6769f5000, 0x000001c6769f4800, 0x000001c6769f6000, 0x000001c6769f0800,
0x000001c6769f7000, 0x000001c6769f1000, 0x000001c6769f7800, 0x000001c6769f2000,
0x000001c6769fe000, 0x000001c6769f8800, 0x000001c6769fa000, 0x000001c6769fc800,
0x000001c6769fd800, 0x000001c6769ff000, 0x000001c6769fb800, 0x000001c6769f9800,
0x000001c6769fb000, 0x000001c673a19000, 0x000001c673a17800, 0x000001c673a15800,
0x000001c673a18000, 0x000001c673a1a000, 0x000001c673a15000, 0x000001c673a16800,
0x000001c673a1e800, 0x000001c673a1f800, 0x000001c673a1d000, 0x000001c673a1c000,
0x000001c673a1b800, 0x000001c673a20800, 0x000001c673a1e000, 0x000001c673a1a800,
0x000001c673a21000, 0x000001c673a22000, 0x000001c673a23800, 0x000001c673a23000,
0x000001c670d32000, 0x000001c670d2f800, 0x000001c670d30000, 0x000001c670d33800,
0x000001c670d32800, 0x000001c670d31000, 0x000001c670d34800, 0x000001c670d2e800,
0x000001c670d36000, 0x000001c670d36800, 0x000001c670d35000, 0x000001c670d3b000,
0x000001c670d3d800, 0x000001c670d3b800, 0x000001c670d37800, 0x000001c670d39000,
0x000001c670d3a000, 0x000001c670d38800, 0x000001c670d3c800, 0x000001c671ca4000,
0x000001c671ca6800, 0x000001c671ca4800, 0x000001c671ca7000, 0x000001c671ca8000,
0x000001c671ca2800, 0x000001c671ca9000, 0x000001c671ca3000, 0x000001c671cab800,
0x000001c671ca5800, 0x000001c671cac000, 0x000001c671cb0000, 0x000001c671cb1000,
0x000001c671cad000, 0x000001c671cad800, 0x000001c671cae800, 0x000001c671caf800,
0x000001c672ddd800, 0x000001c672ddf000, 0x000001c672de0800, 0x000001c672de1800,
0x000001c672ddc000, 0x000001c672de0000, 0x000001c672de2800
}

Java Threads: ( => current thread )
  0x000001c655bd0800 JavaThread "main" [_thread_blocked, id=14896, stack(0x0000002870500000,0x0000002870600000)]
  0x000001c66f1db000 JavaThread "Reference Handler" daemon [_thread_blocked, id=12960, stack(0x0000002870c00000,0x0000002870d00000)]
  0x000001c66f1e6800 JavaThread "Finalizer" daemon [_thread_blocked, id=18636, stack(0x0000002870d00000,0x0000002870e00000)]
  0x000001c66fb55800 JavaThread "Signal Dispatcher" daemon [_thread_blocked, id=8588, stack(0x0000002870e00000,0x0000002870f00000)]
  0x000001c66fb56800 JavaThread "Attach Listener" daemon [_thread_blocked, id=15140, stack(0x0000002870f00000,0x0000002871000000)]
  0x000001c66fb57800 JavaThread "Service Thread" daemon [_thread_blocked, id=16592, stack(0x0000002871000000,0x0000002871100000)]
=>0x000001c66fb59000 JavaThread "C2 CompilerThread0" daemon [_thread_in_native, id=3960, stack(0x0000002871100000,0x0000002871200000)]
  0x000001c66f1fc800 JavaThread "C1 CompilerThread0" daemon [_thread_blocked, id=19716, stack(0x0000002871200000,0x0000002871300000)]
  0x000001c66f1ff800 JavaThread "Sweeper thread" daemon [_thread_blocked, id=18580, stack(0x0000002871300000,0x0000002871400000)]
  0x000001c66fcda800 JavaThread "Common-Cleaner" daemon [_thread_blocked, id=20696, stack(0x0000002871400000,0x0000002871500000)]
  0x000001c670c9c800 JavaThread "Daemon health stats" [_thread_blocked, id=18800, stack(0x0000002871900000,0x0000002871a00000)]
  0x000001c671358800 JavaThread "Incoming local TCP Connector on port 54567" [_thread_in_native, id=2352, stack(0x0000002871a00000,0x0000002871b00000)]
  0x000001c67285f000 JavaThread "Daemon periodic checks" [_thread_blocked, id=12348, stack(0x0000002871b00000,0x0000002871c00000)]
  0x000001c672aae000 JavaThread "Daemon" [_thread_blocked, id=18832, stack(0x0000002871c00000,0x0000002871d00000)]
  0x000001c670a7f800 JavaThread "Handler for socket connection from /127.0.0.1:54567 to /127.0.0.1:54568" [_thread_in_native, id=2600, stack(0x0000002871d00000,0x0000002871e00000)]
  0x000001c671b69800 JavaThread "Cancel handler" [_thread_blocked, id=14812, stack(0x0000002871e00000,0x0000002871f00000)]
  0x000001c672bda800 JavaThread "Daemon worker" [_thread_blocked, id=5980, stack(0x0000002871f00000,0x0000002872000000)]
  0x000001c6716de000 JavaThread "Asynchronous log dispatcher for DefaultDaemonConnection: socket connection from /127.0.0.1:54567 to /127.0.0.1:54568" [_thread_blocked, id=18988, stack(0x0000002872000000,0x0000002872100000)]
  0x000001c67145e800 JavaThread "Stdin handler" [_thread_blocked, id=13468, stack(0x0000002872100000,0x0000002872200000)]
  0x000001c6732df800 JavaThread "Daemon client event forwarder" [_thread_blocked, id=6884, stack(0x0000002872200000,0x0000002872300000)]
  0x000001c6732e0000 JavaThread "Cache worker for journal cache (C:\Users\Harsh Jethva\.gradle\caches\journal-1)" [_thread_blocked, id=22244, stack(0x0000002872c00000,0x0000002872d00000)]
  0x000001c6732e1800 JavaThread "File lock request listener" [_thread_in_native, id=2804, stack(0x0000002872d00000,0x0000002872e00000)]
  0x000001c6732e1000 JavaThread "Cache worker for file hash cache (C:\Users\Harsh Jethva\.gradle\caches\7.5\fileHashes)" [_thread_blocked, id=3624, stack(0x0000002872e00000,0x0000002872f00000)]
  0x000001c6732de800 JavaThread "File watcher server" daemon [_thread_in_native, id=9848, stack(0x0000002873100000,0x0000002873200000)]
  0x000001c6732dc000 JavaThread "File watcher consumer" daemon [_thread_blocked, id=15928, stack(0x0000002873200000,0x0000002873300000)]
  0x000001c6732e2800 JavaThread "Cache worker for checksums cache (H:\Flutter Projects\rku_bus_guide\android\.gradle\7.5\checksums)" [_thread_blocked, id=19764, stack(0x0000002873300000,0x0000002873400000)]
  0x000001c6732dd000 JavaThread "Cache worker for cache directory md-rule (C:\Users\Harsh Jethva\.gradle\caches\7.5\md-rule)" [_thread_blocked, id=676, stack(0x0000002871700000,0x0000002871800000)]
  0x000001c6732dd800 JavaThread "Cache worker for file content cache (C:\Users\Harsh Jethva\.gradle\caches\7.5\fileContent)" [_thread_blocked, id=4656, stack(0x0000002873400000,0x0000002873500000)]
  0x000001c673484000 JavaThread "Cache worker for file hash cache (H:\Flutter Projects\rku_bus_guide\android\.gradle\7.5\fileHashes)" [_thread_blocked, id=15032, stack(0x0000002873500000,0x0000002873600000)]
  0x000001c673489000 JavaThread "Cache worker for cache directory md-supplier (C:\Users\Harsh Jethva\.gradle\caches\7.5\md-supplier)" [_thread_blocked, id=3052, stack(0x0000002873600000,0x0000002873700000)]
  0x000001c673488000 JavaThread "Cache worker for execution history cache (C:\Users\Harsh Jethva\.gradle\caches\7.5\executionHistory)" [_thread_blocked, id=20380, stack(0x0000002873700000,0x0000002873800000)]
  0x000001c67348a000 JavaThread "jar transforms" [_thread_blocked, id=20304, stack(0x0000002873900000,0x0000002873a00000)]
  0x000001c67348a800 JavaThread "jar transforms Thread 2" [_thread_blocked, id=22008, stack(0x0000002873a00000,0x0000002873b00000)]
  0x000001c67348b800 JavaThread "jar transforms Thread 3" [_thread_blocked, id=18140, stack(0x0000002873b00000,0x0000002873c00000)]
  0x000001c673485800 JavaThread "jar transforms Thread 4" [_thread_blocked, id=16608, stack(0x0000002873c00000,0x0000002873d00000)]
  0x000001c67348c000 JavaThread "Cache worker for dependencies-accessors (H:\Flutter Projects\rku_bus_guide\android\.gradle\7.5\dependencies-accessors)" [_thread_blocked, id=4660, stack(0x0000002873d00000,0x0000002873e00000)]
  0x000001c673487800 JavaThread "jar transforms Thread 5" [_thread_blocked, id=20476, stack(0x0000002873e00000,0x0000002873f00000)]
  0x000001c673486800 JavaThread "Cache worker for Build Output Cleanup Cache (H:\Flutter Projects\rku_bus_guide\android\.gradle\buildOutputCleanup)" [_thread_blocked, id=20436, stack(0x0000002873f00000,0x0000002874000000)]
  0x000001c67348e800 JavaThread "Unconstrained build operations" [_thread_blocked, id=14488, stack(0x0000002874000000,0x0000002874100000)]
  0x000001c67348f800 JavaThread "Unconstrained build operations Thread 2" [_thread_blocked, id=19440, stack(0x0000002874100000,0x0000002874200000)]
  0x000001c673490800 JavaThread "Unconstrained build operations Thread 3" [_thread_blocked, id=15820, stack(0x0000002874200000,0x0000002874300000)]
  0x000001c67348e000 JavaThread "Unconstrained build operations Thread 4" [_thread_blocked, id=5192, stack(0x0000002874300000,0x0000002874400000)]
  0x000001c673491000 JavaThread "Unconstrained build operations Thread 5" [_thread_blocked, id=18244, stack(0x0000002874400000,0x0000002874500000)]
  0x000001c673492000 JavaThread "Unconstrained build operations Thread 6" [_thread_blocked, id=5256, stack(0x0000002874500000,0x0000002874600000)]
  0x000001c673492800 JavaThread "Unconstrained build operations Thread 7" [_thread_blocked, id=14216, stack(0x0000002874600000,0x0000002874700000)]
  0x000001c67348d000 JavaThread "Unconstrained build operations Thread 8" [_thread_blocked, id=15056, stack(0x0000002874700000,0x0000002874800000)]
  0x000001c672e84800 JavaThread "Unconstrained build operations Thread 9" [_thread_blocked, id=18320, stack(0x0000002874800000,0x0000002874900000)]
  0x000001c672e85000 JavaThread "Unconstrained build operations Thread 10" [_thread_blocked, id=15312, stack(0x0000002874900000,0x0000002874a00000)]
  0x000001c672e83800 JavaThread "Unconstrained build operations Thread 11" [_thread_blocked, id=22156, stack(0x0000002874a00000,0x0000002874b00000)]
  0x000001c672e88800 JavaThread "Unconstrained build operations Thread 12" [_thread_blocked, id=4436, stack(0x0000002874b00000,0x0000002874c00000)]
  0x000001c672e86000 JavaThread "Unconstrained build operations Thread 13" [_thread_blocked, id=21092, stack(0x0000002874c00000,0x0000002874d00000)]
  0x000001c672e87000 JavaThread "Unconstrained build operations Thread 14" [_thread_blocked, id=3964, stack(0x0000002874d00000,0x0000002874e00000)]
  0x000001c672e87800 JavaThread "Unconstrained build operations Thread 15" [_thread_blocked, id=11896, stack(0x0000002874e00000,0x0000002874f00000)]
  0x000001c672e83000 JavaThread "Unconstrained build operations Thread 16" [_thread_blocked, id=13408, stack(0x0000002874f00000,0x0000002875000000)]
  0x000001c672e8d800 JavaThread "Unconstrained build operations Thread 17" [_thread_blocked, id=3384, stack(0x0000002875000000,0x0000002875100000)]
  0x000001c672e8f000 JavaThread "Unconstrained build operations Thread 18" [_thread_blocked, id=19008, stack(0x0000002875100000,0x0000002875200000)]
  0x000001c672e8c800 JavaThread "Unconstrained build operations Thread 19" [_thread_blocked, id=20880, stack(0x0000002875200000,0x0000002875300000)]
  0x000001c672e8a000 JavaThread "Unconstrained build operations Thread 20" [_thread_blocked, id=21296, stack(0x0000002875300000,0x0000002875400000)]
  0x000001c672e8e000 JavaThread "Unconstrained build operations Thread 21" [_thread_blocked, id=22524, stack(0x0000002875400000,0x0000002875500000)]
  0x000001c672e8c000 JavaThread "Unconstrained build operations Thread 22" [_thread_blocked, id=18036, stack(0x0000002875500000,0x0000002875600000)]
  0x000001c672e89800 JavaThread "Unconstrained build operations Thread 23" [_thread_blocked, id=2356, stack(0x0000002875600000,0x0000002875700000)]
  0x000001c672e90000 JavaThread "Unconstrained build operations Thread 24" [_thread_blocked, id=19092, stack(0x0000002875700000,0x0000002875800000)]
  0x000001c672e90800 JavaThread "Unconstrained build operations Thread 25" [_thread_blocked, id=10108, stack(0x0000002875800000,0x0000002875900000)]
  0x000001c672e8b000 JavaThread "Unconstrained build operations Thread 26" [_thread_blocked, id=708, stack(0x0000002875900000,0x0000002875a00000)]
  0x000001c672e91800 JavaThread "Unconstrained build operations Thread 27" [_thread_blocked, id=20580, stack(0x0000002875a00000,0x0000002875b00000)]
  0x000001c6732f4000 JavaThread "Unconstrained build operations Thread 28" [_thread_blocked, id=17400, stack(0x0000002875b00000,0x0000002875c00000)]
  0x000001c6732f4800 JavaThread "Unconstrained build operations Thread 29" [_thread_blocked, id=9236, stack(0x0000002875c00000,0x0000002875d00000)]
  0x000001c6732f3000 JavaThread "Unconstrained build operations Thread 30" [_thread_blocked, id=9288, stack(0x0000002875d00000,0x0000002875e00000)]
  0x000001c6732f8000 JavaThread "Unconstrained build operations Thread 31" [_thread_blocked, id=19704, stack(0x0000002875e00000,0x0000002875f00000)]
  0x000001c6732f5800 JavaThread "Unconstrained build operations Thread 32" [_thread_blocked, id=22444, stack(0x0000002875f00000,0x0000002876000000)]
  0x000001c6732f6800 JavaThread "Unconstrained build operations Thread 33" [_thread_blocked, id=15668, stack(0x0000002876000000,0x0000002876100000)]
  0x000001c6732f2800 JavaThread "Unconstrained build operations Thread 34" [_thread_blocked, id=1440, stack(0x0000002876100000,0x0000002876200000)]
  0x000001c6732f7000 JavaThread "Unconstrained build operations Thread 35" [_thread_blocked, id=11668, stack(0x0000002876200000,0x0000002876300000)]
  0x000001c6732f9000 JavaThread "Unconstrained build operations Thread 36" [_thread_blocked, id=14632, stack(0x0000002876300000,0x0000002876400000)]
  0x000001c6754a2000 JavaThread "Unconstrained build operations Thread 37" [_thread_blocked, id=15740, stack(0x0000002876400000,0x0000002876500000)]
  0x000001c6754a4000 JavaThread "Unconstrained build operations Thread 38" [_thread_blocked, id=22012, stack(0x0000002876500000,0x0000002876600000)]
  0x000001c6754a0000 JavaThread "Unconstrained build operations Thread 39" [_thread_blocked, id=17960, stack(0x0000002876600000,0x0000002876700000)]
  0x000001c6754a6000 JavaThread "Unconstrained build operations Thread 40" [_thread_blocked, id=19220, stack(0x0000002876700000,0x0000002876800000)]
  0x000001c6754a5000 JavaThread "Unconstrained build operations Thread 41" [_thread_blocked, id=20996, stack(0x0000002876800000,0x0000002876900000)]
  0x000001c6754a2800 JavaThread "Unconstrained build operations Thread 42" [_thread_blocked, id=7144, stack(0x0000002876900000,0x0000002876a00000)]
  0x000001c6754a1000 JavaThread "Unconstrained build operations Thread 43" [_thread_blocked, id=2556, stack(0x0000002876a00000,0x0000002876b00000)]
  0x000001c6754a3800 JavaThread "Unconstrained build operations Thread 44" [_thread_blocked, id=1444, stack(0x0000002876b00000,0x0000002876c00000)]
  0x000001c6754a6800 JavaThread "Unconstrained build operations Thread 45" [_thread_blocked, id=8096, stack(0x0000002876c00000,0x0000002876d00000)]
  0x000001c6700fe000 JavaThread "Unconstrained build operations Thread 46" [_thread_blocked, id=13604, stack(0x0000002876d00000,0x0000002876e00000)]
  0x000001c6700fd000 JavaThread "Unconstrained build operations Thread 47" [_thread_blocked, id=9676, stack(0x0000002876e00000,0x0000002876f00000)]
  0x000001c6700ff800 JavaThread "Unconstrained build operations Thread 48" [_thread_blocked, id=14188, stack(0x0000002876f00000,0x0000002877000000)]
  0x000001c670100800 JavaThread "Unconstrained build operations Thread 49" [_thread_blocked, id=10716, stack(0x0000002877000000,0x0000002877100000)]
  0x000001c6700fe800 JavaThread "Unconstrained build operations Thread 50" [_thread_blocked, id=18972, stack(0x0000002877100000,0x0000002877200000)]
  0x000001c670101000 JavaThread "Unconstrained build operations Thread 51" [_thread_blocked, id=17892, stack(0x0000002877200000,0x0000002877300000)]
  0x000001c6700fb800 JavaThread "Unconstrained build operations Thread 52" [_thread_blocked, id=8836, stack(0x0000002877300000,0x0000002877400000)]
  0x000001c670102000 JavaThread "Unconstrained build operations Thread 53" [_thread_blocked, id=3872, stack(0x0000002877400000,0x0000002877500000)]
  0x000001c6700fc800 JavaThread "Unconstrained build operations Thread 54" [_thread_blocked, id=20440, stack(0x0000002877500000,0x0000002877600000)]
  0x000001c670107800 JavaThread "Unconstrained build operations Thread 55" [_thread_blocked, id=15588, stack(0x0000002877600000,0x0000002877700000)]
  0x000001c670108800 JavaThread "Unconstrained build operations Thread 56" [_thread_blocked, id=21992, stack(0x0000002877700000,0x0000002877800000)]
  0x000001c670107000 JavaThread "Unconstrained build operations Thread 57" [_thread_blocked, id=2960, stack(0x0000002877800000,0x0000002877900000)]
  0x000001c670103000 JavaThread "Unconstrained build operations Thread 58" [_thread_blocked, id=20824, stack(0x0000002877900000,0x0000002877a00000)]
  0x000001c670103800 JavaThread "Unconstrained build operations Thread 59" [_thread_blocked, id=19844, stack(0x0000002877a00000,0x0000002877b00000)]
  0x000001c670104800 JavaThread "Unconstrained build operations Thread 60" [_thread_blocked, id=15436, stack(0x0000002877b00000,0x0000002877c00000)]
  0x000001c670109800 JavaThread "Unconstrained build operations Thread 61" [_thread_blocked, id=12260, stack(0x0000002877c00000,0x0000002877d00000)]
  0x000001c670106000 JavaThread "Unconstrained build operations Thread 62" [_thread_blocked, id=17776, stack(0x0000002877d00000,0x0000002877e00000)]
  0x000001c67010a000 JavaThread "Unconstrained build operations Thread 63" [_thread_blocked, id=2796, stack(0x0000002877e00000,0x0000002877f00000)]
  0x000001c670105800 JavaThread "Unconstrained build operations Thread 64" [_thread_blocked, id=10008, stack(0x0000002877f00000,0x0000002878000000)]
  0x000001c6769f2800 JavaThread "Unconstrained build operations Thread 65" [_thread_blocked, id=4132, stack(0x0000002878000000,0x0000002878100000)]
  0x000001c6769f3800 JavaThread "Unconstrained build operations Thread 66" [_thread_blocked, id=19708, stack(0x0000002878100000,0x0000002878200000)]
  0x000001c6769f5000 JavaThread "Unconstrained build operations Thread 67" [_thread_blocked, id=20420, stack(0x0000002878200000,0x0000002878300000)]
  0x000001c6769f4800 JavaThread "Unconstrained build operations Thread 68" [_thread_blocked, id=3096, stack(0x0000002878300000,0x0000002878400000)]
  0x000001c6769f6000 JavaThread "Unconstrained build operations Thread 69" [_thread_blocked, id=2028, stack(0x0000002878400000,0x0000002878500000)]
  0x000001c6769f0800 JavaThread "Unconstrained build operations Thread 70" [_thread_blocked, id=2964, stack(0x0000002878500000,0x0000002878600000)]
  0x000001c6769f7000 JavaThread "Unconstrained build operations Thread 71" [_thread_blocked, id=16192, stack(0x0000002878600000,0x0000002878700000)]
  0x000001c6769f1000 JavaThread "Unconstrained build operations Thread 72" [_thread_blocked, id=16504, stack(0x0000002878700000,0x0000002878800000)]
  0x000001c6769f7800 JavaThread "Unconstrained build operations Thread 73" [_thread_blocked, id=19628, stack(0x0000002878800000,0x0000002878900000)]
  0x000001c6769f2000 JavaThread "Unconstrained build operations Thread 74" [_thread_blocked, id=1904, stack(0x0000002878900000,0x0000002878a00000)]
  0x000001c6769fe000 JavaThread "Unconstrained build operations Thread 75" [_thread_blocked, id=11992, stack(0x0000002878a00000,0x0000002878b00000)]
  0x000001c6769f8800 JavaThread "Unconstrained build operations Thread 76" [_thread_blocked, id=15964, stack(0x0000002878b00000,0x0000002878c00000)]
  0x000001c6769fa000 JavaThread "Unconstrained build operations Thread 77" [_thread_blocked, id=21508, stack(0x0000002878c00000,0x0000002878d00000)]
  0x000001c6769fc800 JavaThread "Unconstrained build operations Thread 78" [_thread_blocked, id=2320, stack(0x0000002878d00000,0x0000002878e00000)]
  0x000001c6769fd800 JavaThread "Unconstrained build operations Thread 79" [_thread_blocked, id=16288, stack(0x0000002878e00000,0x0000002878f00000)]
  0x000001c6769ff000 JavaThread "Unconstrained build operations Thread 80" [_thread_blocked, id=17012, stack(0x0000002878f00000,0x0000002879000000)]
  0x000001c6769fb800 JavaThread "Unconstrained build operations Thread 81" [_thread_blocked, id=15680, stack(0x0000002879000000,0x0000002879100000)]
  0x000001c6769f9800 JavaThread "Unconstrained build operations Thread 82" [_thread_blocked, id=11544, stack(0x0000002879100000,0x0000002879200000)]
  0x000001c6769fb000 JavaThread "Unconstrained build operations Thread 83" [_thread_blocked, id=21916, stack(0x0000002879200000,0x0000002879300000)]
  0x000001c673a19000 JavaThread "Unconstrained build operations Thread 84" [_thread_blocked, id=18248, stack(0x0000002879300000,0x0000002879400000)]
  0x000001c673a17800 JavaThread "Unconstrained build operations Thread 85" [_thread_blocked, id=9252, stack(0x0000002879400000,0x0000002879500000)]
  0x000001c673a15800 JavaThread "Unconstrained build operations Thread 86" [_thread_blocked, id=19068, stack(0x0000002879500000,0x0000002879600000)]
  0x000001c673a18000 JavaThread "Unconstrained build operations Thread 87" [_thread_blocked, id=20272, stack(0x0000002879600000,0x0000002879700000)]
  0x000001c673a1a000 JavaThread "Unconstrained build operations Thread 88" [_thread_blocked, id=7860, stack(0x0000002879700000,0x0000002879800000)]
  0x000001c673a15000 JavaThread "Unconstrained build operations Thread 89" [_thread_blocked, id=14100, stack(0x0000002879800000,0x0000002879900000)]
  0x000001c673a16800 JavaThread "Unconstrained build operations Thread 90" [_thread_blocked, id=21000, stack(0x0000002879900000,0x0000002879a00000)]
  0x000001c673a1e800 JavaThread "Unconstrained build operations Thread 91" [_thread_blocked, id=20456, stack(0x0000002879a00000,0x0000002879b00000)]
  0x000001c673a1f800 JavaThread "Unconstrained build operations Thread 92" [_thread_blocked, id=14844, stack(0x0000002879b00000,0x0000002879c00000)]
  0x000001c673a1d000 JavaThread "Unconstrained build operations Thread 93" [_thread_blocked, id=8816, stack(0x0000002879c00000,0x0000002879d00000)]
  0x000001c673a1c000 JavaThread "Unconstrained build operations Thread 94" [_thread_blocked, id=21064, stack(0x0000002879d00000,0x0000002879e00000)]
  0x000001c673a1b800 JavaThread "Unconstrained build operations Thread 95" [_thread_blocked, id=4044, stack(0x0000002879e00000,0x0000002879f00000)]
  0x000001c673a20800 JavaThread "Unconstrained build operations Thread 96" [_thread_blocked, id=7312, stack(0x0000002879f00000,0x000000287a000000)]
  0x000001c673a1e000 JavaThread "Unconstrained build operations Thread 97" [_thread_blocked, id=9160, stack(0x000000287a000000,0x000000287a100000)]
  0x000001c673a1a800 JavaThread "Unconstrained build operations Thread 98" [_thread_blocked, id=20512, stack(0x000000287a100000,0x000000287a200000)]
  0x000001c673a21000 JavaThread "Unconstrained build operations Thread 99" [_thread_blocked, id=19080, stack(0x000000287a200000,0x000000287a300000)]
  0x000001c673a22000 JavaThread "Unconstrained build operations Thread 100" [_thread_blocked, id=19776, stack(0x000000287a300000,0x000000287a400000)]
  0x000001c673a23800 JavaThread "Unconstrained build operations Thread 101" [_thread_blocked, id=2548, stack(0x000000287a400000,0x000000287a500000)]
  0x000001c673a23000 JavaThread "Unconstrained build operations Thread 102" [_thread_blocked, id=5788, stack(0x000000287a500000,0x000000287a600000)]
  0x000001c670d32000 JavaThread "Unconstrained build operations Thread 103" [_thread_blocked, id=14588, stack(0x000000287a600000,0x000000287a700000)]
  0x000001c670d2f800 JavaThread "Unconstrained build operations Thread 104" [_thread_blocked, id=3364, stack(0x000000287a700000,0x000000287a800000)]
  0x000001c670d30000 JavaThread "Unconstrained build operations Thread 105" [_thread_blocked, id=15844, stack(0x000000287a800000,0x000000287a900000)]
  0x000001c670d33800 JavaThread "Unconstrained build operations Thread 106" [_thread_blocked, id=8548, stack(0x000000287a900000,0x000000287aa00000)]
  0x000001c670d32800 JavaThread "Unconstrained build operations Thread 107" [_thread_blocked, id=308, stack(0x000000287aa00000,0x000000287ab00000)]
  0x000001c670d31000 JavaThread "Unconstrained build operations Thread 108" [_thread_blocked, id=5148, stack(0x000000287ab00000,0x000000287ac00000)]
  0x000001c670d34800 JavaThread "Unconstrained build operations Thread 109" [_thread_blocked, id=19028, stack(0x000000287ac00000,0x000000287ad00000)]
  0x000001c670d2e800 JavaThread "Unconstrained build operations Thread 110" [_thread_blocked, id=13544, stack(0x000000287ad00000,0x000000287ae00000)]
  0x000001c670d36000 JavaThread "Unconstrained build operations Thread 111" [_thread_blocked, id=19240, stack(0x000000287ae00000,0x000000287af00000)]
  0x000001c670d36800 JavaThread "Unconstrained build operations Thread 112" [_thread_blocked, id=10964, stack(0x000000287af00000,0x000000287b000000)]
  0x000001c670d35000 JavaThread "Unconstrained build operations Thread 113" [_thread_blocked, id=19048, stack(0x000000287b000000,0x000000287b100000)]
  0x000001c670d3b000 JavaThread "Unconstrained build operations Thread 114" [_thread_blocked, id=4128, stack(0x000000287b100000,0x000000287b200000)]
  0x000001c670d3d800 JavaThread "Unconstrained build operations Thread 115" [_thread_blocked, id=20388, stack(0x000000287b200000,0x000000287b300000)]
  0x000001c670d3b800 JavaThread "Unconstrained build operations Thread 116" [_thread_blocked, id=15476, stack(0x000000287b300000,0x000000287b400000)]
  0x000001c670d37800 JavaThread "Unconstrained build operations Thread 117" [_thread_blocked, id=5116, stack(0x000000287b400000,0x000000287b500000)]
  0x000001c670d39000 JavaThread "Unconstrained build operations Thread 118" [_thread_blocked, id=16900, stack(0x000000287b500000,0x000000287b600000)]
  0x000001c670d3a000 JavaThread "Unconstrained build operations Thread 119" [_thread_blocked, id=21200, stack(0x000000287b600000,0x000000287b700000)]
  0x000001c670d38800 JavaThread "Unconstrained build operations Thread 120" [_thread_blocked, id=7916, stack(0x000000287b700000,0x000000287b800000)]
  0x000001c670d3c800 JavaThread "jar transforms Thread 6" [_thread_blocked, id=21688, stack(0x000000287b800000,0x000000287b900000)]
  0x000001c671ca4000 JavaThread "jar transforms Thread 7" [_thread_blocked, id=17372, stack(0x000000287b900000,0x000000287ba00000)]
  0x000001c671ca6800 JavaThread "jar transforms Thread 8" [_thread_blocked, id=14536, stack(0x000000287ba00000,0x000000287bb00000)]
  0x000001c671ca4800 JavaThread "jar transforms Thread 9" [_thread_blocked, id=6328, stack(0x000000287bb00000,0x000000287bc00000)]
  0x000001c671ca7000 JavaThread "jar transforms Thread 10" [_thread_blocked, id=4300, stack(0x000000287bc00000,0x000000287bd00000)]
  0x000001c671ca8000 JavaThread "jar transforms Thread 11" [_thread_blocked, id=10976, stack(0x000000287bd00000,0x000000287be00000)]
  0x000001c671ca2800 JavaThread "jar transforms Thread 12" [_thread_blocked, id=2584, stack(0x000000287be00000,0x000000287bf00000)]
  0x000001c671ca9000 JavaThread "Memory manager" [_thread_blocked, id=19204, stack(0x000000287bf00000,0x000000287c000000)]
  0x000001c671ca3000 JavaThread "Cache worker for kotlin-dsl (C:\Users\Harsh Jethva\.gradle\caches\7.5\kotlin-dsl)" [_thread_blocked, id=20108, stack(0x000000287c000000,0x000000287c100000)]
  0x000001c671cab800 JavaThread "included builds" [_thread_blocked, id=5876, stack(0x000000287c100000,0x000000287c200000)]
  0x000001c671ca5800 JavaThread "Execution worker" [_thread_blocked, id=9956, stack(0x000000287c200000,0x000000287c300000)]
  0x000001c671cac000 JavaThread "Execution worker Thread 2" [_thread_blocked, id=19072, stack(0x000000287c300000,0x000000287c400000)]
  0x000001c671cb0000 JavaThread "Execution worker Thread 3" [_thread_blocked, id=15992, stack(0x000000287c400000,0x000000287c500000)]
  0x000001c671cb1000 JavaThread "Execution worker Thread 4" [_thread_blocked, id=16432, stack(0x000000287c500000,0x000000287c600000)]
  0x000001c671cad000 JavaThread "Execution worker Thread 5" [_thread_blocked, id=15988, stack(0x000000287c600000,0x000000287c700000)]
  0x000001c671cad800 JavaThread "Execution worker Thread 6" [_thread_blocked, id=17844, stack(0x000000287c700000,0x000000287c800000)]
  0x000001c671cae800 JavaThread "Execution worker Thread 7" [_thread_blocked, id=3180, stack(0x000000287c800000,0x000000287c900000)]
  0x000001c671caf800 JavaThread "Execution worker Thread 8" [_thread_blocked, id=16848, stack(0x000000287c900000,0x000000287ca00000)]
  0x000001c672ddd800 JavaThread "Execution worker Thread 9" [_thread_blocked, id=21452, stack(0x000000287ca00000,0x000000287cb00000)]
  0x000001c672ddf000 JavaThread "Execution worker Thread 10" [_thread_blocked, id=14776, stack(0x000000287cb00000,0x000000287cc00000)]
  0x000001c672de0800 JavaThread "Execution worker Thread 11" [_thread_blocked, id=9304, stack(0x000000287cc00000,0x000000287cd00000)]
  0x000001c672de1800 JavaThread "Cache worker for execution history cache (H:\Flutter Projects\rku_bus_guide\android\.gradle\7.5\executionHistory)" [_thread_blocked, id=22136, stack(0x000000287cd00000,0x000000287ce00000)]
  0x000001c672ddc000 JavaThread "Exec process" [_thread_in_native, id=17004, stack(0x000000287ce00000,0x000000287cf00000)]
  0x000001c672de0000 JavaThread "Exec process Thread 2" [_thread_in_native, id=22360, stack(0x000000287cf00000,0x000000287d000000)]
  0x000001c672de2800 JavaThread "Exec process Thread 3" [_thread_in_native, id=18528, stack(0x000000287d000000,0x000000287d100000)]

Other Threads:
  0x000001c66f1b5800 VMThread "VM Thread" [stack: 0x0000002870b00000,0x0000002870c00000] [id=17896]
  0x000001c66fd23800 WatcherThread [stack: 0x0000002871500000,0x0000002871600000] [id=10840]
  0x000001c655beb800 GCTaskThread "GC Thread#0" [stack: 0x0000002870600000,0x0000002870700000] [id=10792]
  0x000001c670af7000 GCTaskThread "GC Thread#1" [stack: 0x0000002871800000,0x0000002871900000] [id=16648]
  0x000001c671e6b000 GCTaskThread "GC Thread#2" [stack: 0x0000002872300000,0x0000002872400000] [id=4196]
  0x000001c671f15000 GCTaskThread "GC Thread#3" [stack: 0x0000002872400000,0x0000002872500000] [id=15832]
  0x000001c67289a000 GCTaskThread "GC Thread#4" [stack: 0x0000002872500000,0x0000002872600000] [id=10796]
  0x000001c672ca7000 GCTaskThread "GC Thread#5" [stack: 0x0000002872600000,0x0000002872700000] [id=20232]
  0x000001c67145f800 GCTaskThread "GC Thread#6" [stack: 0x0000002872700000,0x0000002872800000] [id=17932]
  0x000001c670ba0800 GCTaskThread "GC Thread#7" [stack: 0x0000002872800000,0x0000002872900000] [id=10860]
  0x000001c67155d000 GCTaskThread "GC Thread#8" [stack: 0x0000002872900000,0x0000002872a00000] [id=17248]
  0x000001c672659800 GCTaskThread "GC Thread#9" [stack: 0x0000002872a00000,0x0000002872b00000] [id=19504]
  0x000001c655c12800 ConcurrentGCThread "G1 Main Marker" [stack: 0x0000002870700000,0x0000002870800000] [id=14056]
  0x000001c655c14800 ConcurrentGCThread "G1 Conc#0" [stack: 0x0000002870800000,0x0000002870900000] [id=7224]
  0x000001c672895800 ConcurrentGCThread "G1 Conc#1" [stack: 0x0000002872f00000,0x0000002873000000] [id=18452]
  0x000001c672897000 ConcurrentGCThread "G1 Conc#2" [stack: 0x0000002873000000,0x0000002873100000] [id=19236]
  0x000001c66f021800 ConcurrentGCThread "G1 Refine#0" [stack: 0x0000002870900000,0x0000002870a00000] [id=15296]
  0x000001c670216000 ConcurrentGCThread "G1 Refine#1" [stack: 0x0000002872b00000,0x0000002872c00000] [id=18772]
  0x000001c655c9d000 ConcurrentGCThread "G1 Young RemSet Sampling" [stack: 0x0000002870a00000,0x0000002870b00000] [id=10496]

Threads with active compile tasks:
C2 CompilerThread0    25848 11774       4       org.gradle.internal.logging.text.AbstractLineChoppingStyledTextOutput::doAppend (43 bytes)

VM state:not at safepoint (normal execution)

VM Mutex/Monitor currently owned by a thread: None

Heap address: 0x00000000a0000000, size: 1536 MB, Compressed Oops mode: 32-bit
Narrow klass base: 0x0000000000000000, Narrow klass shift: 3
Compressed class space size: 1073741824 Address: 0x0000000100000000

Heap:
 garbage-first heap   total 210944K, used 152514K [0x00000000a0000000, 0x0000000100000000)
  region size 1024K, 31 young (31744K), 5 survivors (5120K)
 Metaspace       used 92664K, capacity 96129K, committed 96264K, reserved 1132544K
  class space    used 12153K, capacity 13309K, committed 13312K, reserved 1048576K
Heap Regions: E=young(eden), S=young(survivor), O=old, HS=humongous(starts), HC=humongous(continues), CS=collection set, F=free, A=archive, TAMS=top-at-mark-start (previous, next)
|   0|0x00000000a0000000, 0x00000000a0100000, 0x00000000a0100000|100%| O|  |TAMS 0x00000000a0100000, 0x00000000a0000000| Untracked 
|   1|0x00000000a0100000, 0x00000000a0200000, 0x00000000a0200000|100%| O|  |TAMS 0x00000000a0200000, 0x00000000a0100000| Untracked 
|   2|0x00000000a0200000, 0x00000000a0300000, 0x00000000a0300000|100%| O|  |TAMS 0x00000000a0300000, 0x00000000a0200000| Untracked 
|   3|0x00000000a0300000, 0x00000000a0400000, 0x00000000a0400000|100%|HS|  |TAMS 0x00000000a0400000, 0x00000000a0300000| Complete 
|   4|0x00000000a0400000, 0x00000000a0500000, 0x00000000a0500000|100%|HC|  |TAMS 0x00000000a0500000, 0x00000000a0400000| Complete 
|   5|0x00000000a0500000, 0x00000000a0600000, 0x00000000a0600000|100%|HC|  |TAMS 0x00000000a0600000, 0x00000000a0500000| Complete 
|   6|0x00000000a0600000, 0x00000000a0700000, 0x00000000a0700000|100%| O|  |TAMS 0x00000000a0700000, 0x00000000a0600000| Untracked 
|   7|0x00000000a0700000, 0x00000000a0800000, 0x00000000a0800000|100%| O|  |TAMS 0x00000000a0800000, 0x00000000a0700000| Untracked 
|   8|0x00000000a0800000, 0x00000000a0900000, 0x00000000a0900000|100%| O|  |TAMS 0x00000000a0900000, 0x00000000a0800000| Untracked 
|   9|0x00000000a0900000, 0x00000000a0a00000, 0x00000000a0a00000|100%| O|  |TAMS 0x00000000a0a00000, 0x00000000a0900000| Untracked 
|  10|0x00000000a0a00000, 0x00000000a0b00000, 0x00000000a0b00000|100%| O|  |TAMS 0x00000000a0b00000, 0x00000000a0a00000| Untracked 
|  11|0x00000000a0b00000, 0x00000000a0c00000, 0x00000000a0c00000|100%| O|  |TAMS 0x00000000a0c00000, 0x00000000a0b00000| Untracked 
|  12|0x00000000a0c00000, 0x00000000a0d00000, 0x00000000a0d00000|100%| O|  |TAMS 0x00000000a0d00000, 0x00000000a0c00000| Untracked 
|  13|0x00000000a0d00000, 0x00000000a0e00000, 0x00000000a0e00000|100%| O|  |TAMS 0x00000000a0e00000, 0x00000000a0d00000| Untracked 
|  14|0x00000000a0e00000, 0x00000000a0f00000, 0x00000000a0f00000|100%| O|  |TAMS 0x00000000a0f00000, 0x00000000a0e00000| Untracked 
|  15|0x00000000a0f00000, 0x00000000a1000000, 0x00000000a1000000|100%| O|  |TAMS 0x00000000a1000000, 0x00000000a0f00000| Untracked 
|  16|0x00000000a1000000, 0x00000000a1100000, 0x00000000a1100000|100%| O|  |TAMS 0x00000000a1100000, 0x00000000a1000000| Untracked 
|  17|0x00000000a1100000, 0x00000000a1200000, 0x00000000a1200000|100%| O|  |TAMS 0x00000000a1200000, 0x00000000a1100000| Untracked 
|  18|0x00000000a1200000, 0x00000000a1300000, 0x00000000a1300000|100%|HS|  |TAMS 0x00000000a1300000, 0x00000000a1200000| Complete 
|  19|0x00000000a1300000, 0x00000000a1400000, 0x00000000a1400000|100%| O|  |TAMS 0x00000000a1400000, 0x00000000a1300000| Untracked 
|  20|0x00000000a1400000, 0x00000000a1500000, 0x00000000a1500000|100%| O|  |TAMS 0x00000000a1500000, 0x00000000a1400000| Untracked 
|  21|0x00000000a1500000, 0x00000000a1600000, 0x00000000a1600000|100%| O|  |TAMS 0x00000000a1600000, 0x00000000a1500000| Untracked 
|  22|0x00000000a1600000, 0x00000000a1700000, 0x00000000a1700000|100%| O|  |TAMS 0x00000000a1700000, 0x00000000a1600000| Untracked 
|  23|0x00000000a1700000, 0x00000000a1800000, 0x00000000a1800000|100%| O|  |TAMS 0x00000000a1800000, 0x00000000a1700000| Untracked 
|  24|0x00000000a1800000, 0x00000000a1900000, 0x00000000a1900000|100%| O|  |TAMS 0x00000000a1900000, 0x00000000a1800000| Untracked 
|  25|0x00000000a1900000, 0x00000000a1a00000, 0x00000000a1a00000|100%| O|  |TAMS 0x00000000a1a00000, 0x00000000a1900000| Untracked 
|  26|0x00000000a1a00000, 0x00000000a1b00000, 0x00000000a1b00000|100%| O|  |TAMS 0x00000000a1b00000, 0x00000000a1a00000| Untracked 
|  27|0x00000000a1b00000, 0x00000000a1c00000, 0x00000000a1c00000|100%| O|  |TAMS 0x00000000a1c00000, 0x00000000a1b00000| Untracked 
|  28|0x00000000a1c00000, 0x00000000a1d00000, 0x00000000a1d00000|100%|HS|  |TAMS 0x00000000a1d00000, 0x00000000a1c00000| Complete 
|  29|0x00000000a1d00000, 0x00000000a1e00000, 0x00000000a1e00000|100%|HS|  |TAMS 0x00000000a1e00000, 0x00000000a1d00000| Complete 
|  30|0x00000000a1e00000, 0x00000000a1f00000, 0x00000000a1f00000|100%|HS|  |TAMS 0x00000000a1f00000, 0x00000000a1e00000| Complete 
|  31|0x00000000a1f00000, 0x00000000a2000000, 0x00000000a2000000|100%|HC|  |TAMS 0x00000000a2000000, 0x00000000a1f00000| Complete 
|  32|0x00000000a2000000, 0x00000000a2100000, 0x00000000a2100000|100%|HC|  |TAMS 0x00000000a2100000, 0x00000000a2000000| Complete 
|  33|0x00000000a2100000, 0x00000000a2200000, 0x00000000a2200000|100%|HS|  |TAMS 0x00000000a2200000, 0x00000000a2100000| Complete 
|  34|0x00000000a2200000, 0x00000000a2300000, 0x00000000a2300000|100%|HC|  |TAMS 0x00000000a2300000, 0x00000000a2200000| Complete 
|  35|0x00000000a2300000, 0x00000000a2400000, 0x00000000a2400000|100%| O|  |TAMS 0x00000000a2400000, 0x00000000a2300000| Untracked 
|  36|0x00000000a2400000, 0x00000000a2500000, 0x00000000a2500000|100%| O|  |TAMS 0x00000000a2500000, 0x00000000a2400000| Untracked 
|  37|0x00000000a2500000, 0x00000000a2600000, 0x00000000a2600000|100%| O|  |TAMS 0x00000000a2600000, 0x00000000a2500000| Untracked 
|  38|0x00000000a2600000, 0x00000000a2700000, 0x00000000a2700000|100%| O|  |TAMS 0x00000000a2700000, 0x00000000a2600000| Untracked 
|  39|0x00000000a2700000, 0x00000000a2800000, 0x00000000a2800000|100%| O|  |TAMS 0x00000000a2800000, 0x00000000a2700000| Untracked 
|  40|0x00000000a2800000, 0x00000000a2900000, 0x00000000a2900000|100%| O|  |TAMS 0x00000000a2900000, 0x00000000a2800000| Untracked 
|  41|0x00000000a2900000, 0x00000000a2a00000, 0x00000000a2a00000|100%| O|  |TAMS 0x00000000a2a00000, 0x00000000a2900000| Untracked 
|  42|0x00000000a2a00000, 0x00000000a2b00000, 0x00000000a2b00000|100%| O|  |TAMS 0x00000000a2b00000, 0x00000000a2a00000| Untracked 
|  43|0x00000000a2b00000, 0x00000000a2c00000, 0x00000000a2c00000|100%| O|  |TAMS 0x00000000a2c00000, 0x00000000a2b00000| Untracked 
|  44|0x00000000a2c00000, 0x00000000a2d00000, 0x00000000a2d00000|100%| O|  |TAMS 0x00000000a2d00000, 0x00000000a2c00000| Untracked 
|  45|0x00000000a2d00000, 0x00000000a2e00000, 0x00000000a2e00000|100%| O|  |TAMS 0x00000000a2e00000, 0x00000000a2d00000| Untracked 
|  46|0x00000000a2e00000, 0x00000000a2f00000, 0x00000000a2f00000|100%| O|  |TAMS 0x00000000a2f00000, 0x00000000a2e00000| Untracked 
|  47|0x00000000a2f00000, 0x00000000a3000000, 0x00000000a3000000|100%| O|  |TAMS 0x00000000a3000000, 0x00000000a2f00000| Untracked 
|  48|0x00000000a3000000, 0x00000000a3100000, 0x00000000a3100000|100%| O|  |TAMS 0x00000000a3100000, 0x00000000a3000000| Untracked 
|  49|0x00000000a3100000, 0x00000000a3200000, 0x00000000a3200000|100%| O|  |TAMS 0x00000000a3200000, 0x00000000a3100000| Untracked 
|  50|0x00000000a3200000, 0x00000000a3300000, 0x00000000a3300000|100%| O|  |TAMS 0x00000000a3300000, 0x00000000a3200000| Untracked 
|  51|0x00000000a3300000, 0x00000000a3400000, 0x00000000a3400000|100%|HS|  |TAMS 0x00000000a3400000, 0x00000000a3300000| Complete 
|  52|0x00000000a3400000, 0x00000000a3500000, 0x00000000a3500000|100%| O|  |TAMS 0x00000000a3500000, 0x00000000a3400000| Untracked 
|  53|0x00000000a3500000, 0x00000000a3600000, 0x00000000a3600000|100%| O|  |TAMS 0x00000000a3600000, 0x00000000a3500000| Untracked 
|  54|0x00000000a3600000, 0x00000000a3700000, 0x00000000a3700000|100%| O|  |TAMS 0x00000000a3700000, 0x00000000a3600000| Untracked 
|  55|0x00000000a3700000, 0x00000000a3800000, 0x00000000a3800000|100%| O|  |TAMS 0x00000000a3800000, 0x00000000a3700000| Untracked 
|  56|0x00000000a3800000, 0x00000000a3900000, 0x00000000a3900000|100%| O|  |TAMS 0x00000000a3900000, 0x00000000a3800000| Untracked 
|  57|0x00000000a3900000, 0x00000000a3a00000, 0x00000000a3a00000|100%|HS|  |TAMS 0x00000000a3a00000, 0x00000000a3900000| Complete 
|  58|0x00000000a3a00000, 0x00000000a3b00000, 0x00000000a3b00000|100%| O|  |TAMS 0x00000000a3b00000, 0x00000000a3a00000| Untracked 
|  59|0x00000000a3b00000, 0x00000000a3c00000, 0x00000000a3c00000|100%| O|  |TAMS 0x00000000a3c00000, 0x00000000a3b00000| Untracked 
|  60|0x00000000a3c00000, 0x00000000a3d00000, 0x00000000a3d00000|100%| O|  |TAMS 0x00000000a3d00000, 0x00000000a3c00000| Untracked 
|  61|0x00000000a3d00000, 0x00000000a3e00000, 0x00000000a3e00000|100%| O|  |TAMS 0x00000000a3e00000, 0x00000000a3d00000| Untracked 
|  62|0x00000000a3e00000, 0x00000000a3f00000, 0x00000000a3f00000|100%| O|  |TAMS 0x00000000a3f00000, 0x00000000a3e00000| Untracked 
|  63|0x00000000a3f00000, 0x00000000a4000000, 0x00000000a4000000|100%| O|  |TAMS 0x00000000a4000000, 0x00000000a3f00000| Untracked 
|  64|0x00000000a4000000, 0x00000000a4100000, 0x00000000a4100000|100%| O|  |TAMS 0x00000000a4100000, 0x00000000a4000000| Untracked 
|  65|0x00000000a4100000, 0x00000000a4200000, 0x00000000a4200000|100%| O|  |TAMS 0x00000000a4200000, 0x00000000a4100000| Untracked 
|  66|0x00000000a4200000, 0x00000000a4300000, 0x00000000a4300000|100%| O|  |TAMS 0x00000000a4300000, 0x00000000a4200000| Untracked 
|  67|0x00000000a4300000, 0x00000000a4400000, 0x00000000a4400000|100%| O|  |TAMS 0x00000000a4400000, 0x00000000a4300000| Untracked 
|  68|0x00000000a4400000, 0x00000000a4500000, 0x00000000a4500000|100%| O|  |TAMS 0x00000000a4500000, 0x00000000a4400000| Untracked 
|  69|0x00000000a4500000, 0x00000000a4600000, 0x00000000a4600000|100%| O|  |TAMS 0x00000000a4600000, 0x00000000a4500000| Untracked 
|  70|0x00000000a4600000, 0x00000000a4700000, 0x00000000a4700000|100%| O|  |TAMS 0x00000000a4700000, 0x00000000a4600000| Untracked 
|  71|0x00000000a4700000, 0x00000000a4800000, 0x00000000a4800000|100%| O|  |TAMS 0x00000000a4800000, 0x00000000a4700000| Untracked 
|  72|0x00000000a4800000, 0x00000000a4900000, 0x00000000a4900000|100%| O|  |TAMS 0x00000000a4900000, 0x00000000a4800000| Untracked 
|  73|0x00000000a4900000, 0x00000000a4a00000, 0x00000000a4a00000|100%| O|  |TAMS 0x00000000a4a00000, 0x00000000a4900000| Untracked 
|  74|0x00000000a4a00000, 0x00000000a4b00000, 0x00000000a4b00000|100%| O|  |TAMS 0x00000000a4b00000, 0x00000000a4a00000| Untracked 
|  75|0x00000000a4b00000, 0x00000000a4c00000, 0x00000000a4c00000|100%| O|  |TAMS 0x00000000a4c00000, 0x00000000a4b00000| Untracked 
|  76|0x00000000a4c00000, 0x00000000a4d00000, 0x00000000a4d00000|100%| O|  |TAMS 0x00000000a4d00000, 0x00000000a4c00000| Untracked 
|  77|0x00000000a4d00000, 0x00000000a4e00000, 0x00000000a4e00000|100%| O|  |TAMS 0x00000000a4e00000, 0x00000000a4d00000| Untracked 
|  78|0x00000000a4e00000, 0x00000000a4f00000, 0x00000000a4f00000|100%| O|  |TAMS 0x00000000a4f00000, 0x00000000a4e00000| Untracked 
|  79|0x00000000a4f00000, 0x00000000a5000000, 0x00000000a5000000|100%| O|  |TAMS 0x00000000a5000000, 0x00000000a4f00000| Untracked 
|  80|0x00000000a5000000, 0x00000000a5100000, 0x00000000a5100000|100%| O|  |TAMS 0x00000000a5100000, 0x00000000a5000000| Untracked 
|  81|0x00000000a5100000, 0x00000000a5200000, 0x00000000a5200000|100%|HS|  |TAMS 0x00000000a5200000, 0x00000000a5100000| Complete 
|  82|0x00000000a5200000, 0x00000000a5300000, 0x00000000a5300000|100%|HS|  |TAMS 0x00000000a5300000, 0x00000000a5200000| Complete 
|  83|0x00000000a5300000, 0x00000000a5400000, 0x00000000a5400000|100%| O|  |TAMS 0x00000000a5400000, 0x00000000a5300000| Untracked 
|  84|0x00000000a5400000, 0x00000000a5500000, 0x00000000a5500000|100%| O|  |TAMS 0x00000000a5500000, 0x00000000a5400000| Untracked 
|  85|0x00000000a5500000, 0x00000000a5600000, 0x00000000a5600000|100%| O|  |TAMS 0x00000000a5600000, 0x00000000a5500000| Untracked 
|  86|0x00000000a5600000, 0x00000000a5700000, 0x00000000a5700000|100%| O|  |TAMS 0x00000000a5700000, 0x00000000a5600000| Untracked 
|  87|0x00000000a5700000, 0x00000000a5800000, 0x00000000a5800000|100%| O|  |TAMS 0x00000000a5800000, 0x00000000a5700000| Untracked 
|  88|0x00000000a5800000, 0x00000000a5900000, 0x00000000a5900000|100%| O|  |TAMS 0x00000000a5900000, 0x00000000a5800000| Untracked 
|  89|0x00000000a5900000, 0x00000000a5a00000, 0x00000000a5a00000|100%| O|  |TAMS 0x00000000a5a00000, 0x00000000a5900000| Untracked 
|  90|0x00000000a5a00000, 0x00000000a5b00000, 0x00000000a5b00000|100%| O|  |TAMS 0x00000000a5b00000, 0x00000000a5a00000| Untracked 
|  91|0x00000000a5b00000, 0x00000000a5c00000, 0x00000000a5c00000|100%|HS|  |TAMS 0x00000000a5c00000, 0x00000000a5b00000| Complete 
|  92|0x00000000a5c00000, 0x00000000a5d00000, 0x00000000a5d00000|100%|HC|  |TAMS 0x00000000a5d00000, 0x00000000a5c00000| Complete 
|  93|0x00000000a5d00000, 0x00000000a5e00000, 0x00000000a5e00000|100%| O|  |TAMS 0x00000000a5e00000, 0x00000000a5d00000| Untracked 
|  94|0x00000000a5e00000, 0x00000000a5f00000, 0x00000000a5f00000|100%| O|  |TAMS 0x00000000a5f00000, 0x00000000a5e00000| Untracked 
|  95|0x00000000a5f00000, 0x00000000a6000000, 0x00000000a6000000|100%| O|  |TAMS 0x00000000a6000000, 0x00000000a5f00000| Untracked 
|  96|0x00000000a6000000, 0x00000000a6100000, 0x00000000a6100000|100%| O|  |TAMS 0x00000000a6100000, 0x00000000a6000000| Untracked 
|  97|0x00000000a6100000, 0x00000000a6200000, 0x00000000a6200000|100%| O|  |TAMS 0x00000000a6200000, 0x00000000a6100000| Untracked 
|  98|0x00000000a6200000, 0x00000000a6300000, 0x00000000a6300000|100%| O|  |TAMS 0x00000000a6300000, 0x00000000a6200000| Untracked 
|  99|0x00000000a6300000, 0x00000000a6400000, 0x00000000a6400000|100%| O|  |TAMS 0x00000000a6400000, 0x00000000a6300000| Untracked 
| 100|0x00000000a6400000, 0x00000000a6500000, 0x00000000a6500000|100%|HS|  |TAMS 0x00000000a6500000, 0x00000000a6400000| Complete 
| 101|0x00000000a6500000, 0x00000000a6600000, 0x00000000a6600000|100%| O|  |TAMS 0x00000000a6600000, 0x00000000a6500000| Untracked 
| 102|0x00000000a6600000, 0x00000000a6700000, 0x00000000a6700000|100%| O|  |TAMS 0x00000000a6700000, 0x00000000a6600000| Untracked 
| 103|0x00000000a6700000, 0x00000000a6800000, 0x00000000a6800000|100%| O|  |TAMS 0x00000000a6800000, 0x00000000a6700000| Untracked 
| 104|0x00000000a6800000, 0x00000000a6900000, 0x00000000a6900000|100%| O|  |TAMS 0x00000000a6900000, 0x00000000a6800000| Untracked 
| 105|0x00000000a6900000, 0x00000000a6a00000, 0x00000000a6a00000|100%| O|  |TAMS 0x00000000a6a00000, 0x00000000a6900000| Untracked 
| 106|0x00000000a6a00000, 0x00000000a6b00000, 0x00000000a6b00000|100%| O|  |TAMS 0x00000000a6b00000, 0x00000000a6a00000| Untracked 
| 107|0x00000000a6b00000, 0x00000000a6c00000, 0x00000000a6c00000|100%| O|  |TAMS 0x00000000a6c00000, 0x00000000a6b00000| Untracked 
| 108|0x00000000a6c00000, 0x00000000a6d00000, 0x00000000a6d00000|100%| O|  |TAMS 0x00000000a6d00000, 0x00000000a6c00000| Untracked 
| 109|0x00000000a6d00000, 0x00000000a6e00000, 0x00000000a6e00000|100%| O|  |TAMS 0x00000000a6e00000, 0x00000000a6d00000| Untracked 
| 110|0x00000000a6e00000, 0x00000000a6f00000, 0x00000000a6f00000|100%| O|  |TAMS 0x00000000a6f00000, 0x00000000a6e00000| Untracked 
| 111|0x00000000a6f00000, 0x00000000a7000000, 0x00000000a7000000|100%| O|  |TAMS 0x00000000a7000000, 0x00000000a6f00000| Untracked 
| 112|0x00000000a7000000, 0x00000000a7100000, 0x00000000a7100000|100%| O|  |TAMS 0x00000000a7100000, 0x00000000a7000000| Untracked 
| 113|0x00000000a7100000, 0x00000000a7200000, 0x00000000a7200000|100%| O|  |TAMS 0x00000000a7200000, 0x00000000a7100000| Untracked 
| 114|0x00000000a7200000, 0x00000000a7300000, 0x00000000a7300000|100%| O|  |TAMS 0x00000000a7300000, 0x00000000a7200000| Untracked 
| 115|0x00000000a7300000, 0x00000000a7400000, 0x00000000a7400000|100%| O|  |TAMS 0x00000000a7400000, 0x00000000a7300000| Untracked 
| 116|0x00000000a7400000, 0x00000000a7500000, 0x00000000a7500000|100%| O|  |TAMS 0x00000000a7500000, 0x00000000a7400000| Untracked 
| 117|0x00000000a7500000, 0x00000000a7600000, 0x00000000a7600000|100%| O|  |TAMS 0x00000000a7600000, 0x00000000a7500000| Untracked 
| 118|0x00000000a7600000, 0x00000000a76f0a00, 0x00000000a7700000| 93%| O|  |TAMS 0x00000000a76f0a00, 0x00000000a7600000| Untracked 
| 119|0x00000000a7700000, 0x00000000a7700000, 0x00000000a7800000|  0%| F|  |TAMS 0x00000000a7700000, 0x00000000a7700000| Untracked 
| 120|0x00000000a7800000, 0x00000000a7800000, 0x00000000a7900000|  0%| F|  |TAMS 0x00000000a7800000, 0x00000000a7800000| Untracked 
| 121|0x00000000a7900000, 0x00000000a7900000, 0x00000000a7a00000|  0%| F|  |TAMS 0x00000000a7900000, 0x00000000a7900000| Untracked 
| 122|0x00000000a7a00000, 0x00000000a7a00000, 0x00000000a7b00000|  0%| F|  |TAMS 0x00000000a7a00000, 0x00000000a7a00000| Untracked 
| 123|0x00000000a7b00000, 0x00000000a7b00000, 0x00000000a7c00000|  0%| F|  |TAMS 0x00000000a7b00000, 0x00000000a7b00000| Untracked 
| 124|0x00000000a7c00000, 0x00000000a7c00000, 0x00000000a7d00000|  0%| F|  |TAMS 0x00000000a7c00000, 0x00000000a7c00000| Untracked 
| 125|0x00000000a7d00000, 0x00000000a7d00000, 0x00000000a7e00000|  0%| F|  |TAMS 0x00000000a7d00000, 0x00000000a7d00000| Untracked 
| 126|0x00000000a7e00000, 0x00000000a7e00000, 0x00000000a7f00000|  0%| F|  |TAMS 0x00000000a7e00000, 0x00000000a7e00000| Untracked 
| 127|0x00000000a7f00000, 0x00000000a7f00000, 0x00000000a8000000|  0%| F|  |TAMS 0x00000000a7f00000, 0x00000000a7f00000| Untracked 
| 128|0x00000000a8000000, 0x00000000a8000000, 0x00000000a8100000|  0%| F|  |TAMS 0x00000000a8000000, 0x00000000a8000000| Untracked 
| 129|0x00000000a8100000, 0x00000000a8100000, 0x00000000a8200000|  0%| F|  |TAMS 0x00000000a8100000, 0x00000000a8100000| Untracked 
| 130|0x00000000a8200000, 0x00000000a8200000, 0x00000000a8300000|  0%| F|  |TAMS 0x00000000a8200000, 0x00000000a8200000| Untracked 
| 131|0x00000000a8300000, 0x00000000a8300000, 0x00000000a8400000|  0%| F|  |TAMS 0x00000000a8300000, 0x00000000a8300000| Untracked 
| 132|0x00000000a8400000, 0x00000000a8400000, 0x00000000a8500000|  0%| F|  |TAMS 0x00000000a8400000, 0x00000000a8400000| Untracked 
| 133|0x00000000a8500000, 0x00000000a8500000, 0x00000000a8600000|  0%| F|  |TAMS 0x00000000a8500000, 0x00000000a8500000| Untracked 
| 134|0x00000000a8600000, 0x00000000a8600000, 0x00000000a8700000|  0%| F|  |TAMS 0x00000000a8600000, 0x00000000a8600000| Untracked 
| 135|0x00000000a8700000, 0x00000000a8700000, 0x00000000a8800000|  0%| F|  |TAMS 0x00000000a8700000, 0x00000000a8700000| Untracked 
| 136|0x00000000a8800000, 0x00000000a8800000, 0x00000000a8900000|  0%| F|  |TAMS 0x00000000a8800000, 0x00000000a8800000| Untracked 
| 137|0x00000000a8900000, 0x00000000a8900000, 0x00000000a8a00000|  0%| F|  |TAMS 0x00000000a8900000, 0x00000000a8900000| Untracked 
| 138|0x00000000a8a00000, 0x00000000a8a00000, 0x00000000a8b00000|  0%| F|  |TAMS 0x00000000a8a00000, 0x00000000a8a00000| Untracked 
| 139|0x00000000a8b00000, 0x00000000a8b00000, 0x00000000a8c00000|  0%| F|  |TAMS 0x00000000a8b00000, 0x00000000a8b00000| Untracked 
| 140|0x00000000a8c00000, 0x00000000a8c00000, 0x00000000a8d00000|  0%| F|  |TAMS 0x00000000a8c00000, 0x00000000a8c00000| Untracked 
| 141|0x00000000a8d00000, 0x00000000a8d00000, 0x00000000a8e00000|  0%| F|  |TAMS 0x00000000a8d00000, 0x00000000a8d00000| Untracked 
| 142|0x00000000a8e00000, 0x00000000a8e00000, 0x00000000a8f00000|  0%| F|  |TAMS 0x00000000a8e00000, 0x00000000a8e00000| Untracked 
| 143|0x00000000a8f00000, 0x00000000a8f00000, 0x00000000a9000000|  0%| F|  |TAMS 0x00000000a8f00000, 0x00000000a8f00000| Untracked 
| 144|0x00000000a9000000, 0x00000000a9000000, 0x00000000a9100000|  0%| F|  |TAMS 0x00000000a9000000, 0x00000000a9000000| Untracked 
| 145|0x00000000a9100000, 0x00000000a9100000, 0x00000000a9200000|  0%| F|  |TAMS 0x00000000a9100000, 0x00000000a9100000| Untracked 
| 146|0x00000000a9200000, 0x00000000a9200000, 0x00000000a9300000|  0%| F|  |TAMS 0x00000000a9200000, 0x00000000a9200000| Untracked 
| 147|0x00000000a9300000, 0x00000000a9300000, 0x00000000a9400000|  0%| F|  |TAMS 0x00000000a9300000, 0x00000000a9300000| Untracked 
| 148|0x00000000a9400000, 0x00000000a9400000, 0x00000000a9500000|  0%| F|  |TAMS 0x00000000a9400000, 0x00000000a9400000| Untracked 
| 149|0x00000000a9500000, 0x00000000a9500000, 0x00000000a9600000|  0%| F|  |TAMS 0x00000000a9500000, 0x00000000a9500000| Untracked 
| 150|0x00000000a9600000, 0x00000000a9600000, 0x00000000a9700000|  0%| F|  |TAMS 0x00000000a9600000, 0x00000000a9600000| Untracked 
| 151|0x00000000a9700000, 0x00000000a9700000, 0x00000000a9800000|  0%| F|  |TAMS 0x00000000a9700000, 0x00000000a9700000| Untracked 
| 152|0x00000000a9800000, 0x00000000a9800000, 0x00000000a9900000|  0%| F|  |TAMS 0x00000000a9800000, 0x00000000a9800000| Untracked 
| 153|0x00000000a9900000, 0x00000000a9900000, 0x00000000a9a00000|  0%| F|  |TAMS 0x00000000a9900000, 0x00000000a9900000| Untracked 
| 154|0x00000000a9a00000, 0x00000000a9a00000, 0x00000000a9b00000|  0%| F|  |TAMS 0x00000000a9a00000, 0x00000000a9a00000| Untracked 
| 155|0x00000000a9b00000, 0x00000000a9b00000, 0x00000000a9c00000|  0%| F|  |TAMS 0x00000000a9b00000, 0x00000000a9b00000| Untracked 
| 156|0x00000000a9c00000, 0x00000000a9c00000, 0x00000000a9d00000|  0%| F|  |TAMS 0x00000000a9c00000, 0x00000000a9c00000| Untracked 
| 157|0x00000000a9d00000, 0x00000000a9d00000, 0x00000000a9e00000|  0%| F|  |TAMS 0x00000000a9d00000, 0x00000000a9d00000| Untracked 
| 158|0x00000000a9e00000, 0x00000000a9e00000, 0x00000000a9f00000|  0%| F|  |TAMS 0x00000000a9e00000, 0x00000000a9e00000| Untracked 
| 159|0x00000000a9f00000, 0x00000000a9f00000, 0x00000000aa000000|  0%| F|  |TAMS 0x00000000a9f00000, 0x00000000a9f00000| Untracked 
| 160|0x00000000aa000000, 0x00000000aa000000, 0x00000000aa100000|  0%| F|  |TAMS 0x00000000aa000000, 0x00000000aa000000| Untracked 
| 161|0x00000000aa100000, 0x00000000aa100000, 0x00000000aa200000|  0%| F|  |TAMS 0x00000000aa100000, 0x00000000aa100000| Untracked 
| 162|0x00000000aa200000, 0x00000000aa200000, 0x00000000aa300000|  0%| F|  |TAMS 0x00000000aa200000, 0x00000000aa200000| Untracked 
| 163|0x00000000aa300000, 0x00000000aa300000, 0x00000000aa400000|  0%| F|  |TAMS 0x00000000aa300000, 0x00000000aa300000| Untracked 
| 164|0x00000000aa400000, 0x00000000aa400000, 0x00000000aa500000|  0%| F|  |TAMS 0x00000000aa400000, 0x00000000aa400000| Untracked 
| 165|0x00000000aa500000, 0x00000000aa500000, 0x00000000aa600000|  0%| F|  |TAMS 0x00000000aa500000, 0x00000000aa500000| Untracked 
| 166|0x00000000aa600000, 0x00000000aa600000, 0x00000000aa700000|  0%| F|  |TAMS 0x00000000aa600000, 0x00000000aa600000| Untracked 
| 167|0x00000000aa700000, 0x00000000aa700000, 0x00000000aa800000|  0%| F|  |TAMS 0x00000000aa700000, 0x00000000aa700000| Untracked 
| 168|0x00000000aa800000, 0x00000000aa800000, 0x00000000aa900000|  0%| F|  |TAMS 0x00000000aa800000, 0x00000000aa800000| Untracked 
| 169|0x00000000aa900000, 0x00000000aaa00000, 0x00000000aaa00000|100%| S|CS|TAMS 0x00000000aa900000, 0x00000000aa900000| Complete 
| 170|0x00000000aaa00000, 0x00000000aab00000, 0x00000000aab00000|100%| S|CS|TAMS 0x00000000aaa00000, 0x00000000aaa00000| Complete 
| 171|0x00000000aab00000, 0x00000000aac00000, 0x00000000aac00000|100%| S|CS|TAMS 0x00000000aab00000, 0x00000000aab00000| Complete 
| 172|0x00000000aac00000, 0x00000000aad00000, 0x00000000aad00000|100%| S|CS|TAMS 0x00000000aac00000, 0x00000000aac00000| Complete 
| 173|0x00000000aad00000, 0x00000000aae00000, 0x00000000aae00000|100%| S|CS|TAMS 0x00000000aad00000, 0x00000000aad00000| Complete 
| 174|0x00000000aae00000, 0x00000000aae00000, 0x00000000aaf00000|  0%| F|  |TAMS 0x00000000aae00000, 0x00000000aae00000| Untracked 
| 175|0x00000000aaf00000, 0x00000000aaf00000, 0x00000000ab000000|  0%| F|  |TAMS 0x00000000aaf00000, 0x00000000aaf00000| Untracked 
| 176|0x00000000ab000000, 0x00000000ab000000, 0x00000000ab100000|  0%| F|  |TAMS 0x00000000ab000000, 0x00000000ab000000| Untracked 
| 177|0x00000000ab100000, 0x00000000ab100000, 0x00000000ab200000|  0%| F|  |TAMS 0x00000000ab100000, 0x00000000ab100000| Untracked 
| 178|0x00000000ab200000, 0x00000000ab200000, 0x00000000ab300000|  0%| F|  |TAMS 0x00000000ab200000, 0x00000000ab200000| Untracked 
| 179|0x00000000ab300000, 0x00000000ab300000, 0x00000000ab400000|  0%| F|  |TAMS 0x00000000ab300000, 0x00000000ab300000| Untracked 
| 180|0x00000000ab400000, 0x00000000ab4d8ac8, 0x00000000ab500000| 84%| E|  |TAMS 0x00000000ab400000, 0x00000000ab400000| Complete 
| 181|0x00000000ab500000, 0x00000000ab600000, 0x00000000ab600000|100%| E|CS|TAMS 0x00000000ab500000, 0x00000000ab500000| Complete 
| 182|0x00000000ab600000, 0x00000000ab700000, 0x00000000ab700000|100%| E|CS|TAMS 0x00000000ab600000, 0x00000000ab600000| Complete 
| 183|0x00000000ab700000, 0x00000000ab800000, 0x00000000ab800000|100%| E|CS|TAMS 0x00000000ab700000, 0x00000000ab700000| Complete 
| 184|0x00000000ab800000, 0x00000000ab900000, 0x00000000ab900000|100%| E|CS|TAMS 0x00000000ab800000, 0x00000000ab800000| Complete 
| 185|0x00000000ab900000, 0x00000000aba00000, 0x00000000aba00000|100%| E|CS|TAMS 0x00000000ab900000, 0x00000000ab900000| Complete 
| 186|0x00000000aba00000, 0x00000000abb00000, 0x00000000abb00000|100%| E|CS|TAMS 0x00000000aba00000, 0x00000000aba00000| Complete 
| 187|0x00000000abb00000, 0x00000000abc00000, 0x00000000abc00000|100%| E|CS|TAMS 0x00000000abb00000, 0x00000000abb00000| Complete 
| 188|0x00000000abc00000, 0x00000000abd00000, 0x00000000abd00000|100%| E|CS|TAMS 0x00000000abc00000, 0x00000000abc00000| Complete 
| 189|0x00000000abd00000, 0x00000000abe00000, 0x00000000abe00000|100%| E|CS|TAMS 0x00000000abd00000, 0x00000000abd00000| Complete 
| 190|0x00000000abe00000, 0x00000000abf00000, 0x00000000abf00000|100%| E|CS|TAMS 0x00000000abe00000, 0x00000000abe00000| Complete 
| 191|0x00000000abf00000, 0x00000000ac000000, 0x00000000ac000000|100%| E|CS|TAMS 0x00000000abf00000, 0x00000000abf00000| Complete 
| 192|0x00000000ac000000, 0x00000000ac100000, 0x00000000ac100000|100%| E|CS|TAMS 0x00000000ac000000, 0x00000000ac000000| Complete 
| 193|0x00000000ac100000, 0x00000000ac200000, 0x00000000ac200000|100%| E|CS|TAMS 0x00000000ac100000, 0x00000000ac100000| Complete 
| 194|0x00000000ac200000, 0x00000000ac300000, 0x00000000ac300000|100%| E|CS|TAMS 0x00000000ac200000, 0x00000000ac200000| Complete 
| 195|0x00000000ac300000, 0x00000000ac400000, 0x00000000ac400000|100%| E|CS|TAMS 0x00000000ac300000, 0x00000000ac300000| Complete 
| 196|0x00000000ac400000, 0x00000000ac500000, 0x00000000ac500000|100%| E|CS|TAMS 0x00000000ac400000, 0x00000000ac400000| Complete 
| 197|0x00000000ac500000, 0x00000000ac600000, 0x00000000ac600000|100%| E|CS|TAMS 0x00000000ac500000, 0x00000000ac500000| Complete 
| 198|0x00000000ac600000, 0x00000000ac700000, 0x00000000ac700000|100%| E|CS|TAMS 0x00000000ac600000, 0x00000000ac600000| Complete 
| 199|0x00000000ac700000, 0x00000000ac800000, 0x00000000ac800000|100%| E|CS|TAMS 0x00000000ac700000, 0x00000000ac700000| Complete 
| 200|0x00000000ac800000, 0x00000000ac900000, 0x00000000ac900000|100%| E|CS|TAMS 0x00000000ac800000, 0x00000000ac800000| Complete 
| 201|0x00000000ac900000, 0x00000000aca00000, 0x00000000aca00000|100%| E|CS|TAMS 0x00000000ac900000, 0x00000000ac900000| Complete 
| 202|0x00000000aca00000, 0x00000000acb00000, 0x00000000acb00000|100%| E|CS|TAMS 0x00000000aca00000, 0x00000000aca00000| Complete 
| 203|0x00000000acb00000, 0x00000000acc00000, 0x00000000acc00000|100%| E|CS|TAMS 0x00000000acb00000, 0x00000000acb00000| Complete 
| 204|0x00000000acc00000, 0x00000000acd00000, 0x00000000acd00000|100%| E|CS|TAMS 0x00000000acc00000, 0x00000000acc00000| Complete 
| 205|0x00000000acd00000, 0x00000000ace00000, 0x00000000ace00000|100%| E|CS|TAMS 0x00000000acd00000, 0x00000000acd00000| Complete 

Card table byte_map: [0x000001c668f60000,0x000001c669260000] _byte_map_base: 0x000001c668a60000

Marking Bits (Prev, Next): (CMBitMap*) 0x000001c655c0bbc8, (CMBitMap*) 0x000001c655c0bc00
 Prev Bits: [0x000001c669560000, 0x000001c66ad60000)
 Next Bits: [0x000001c66ad60000, 0x000001c66c560000)

Polling page: 0x000001c653b80000

Metaspace:

Usage:
  Non-class:     80.88 MB capacity,    78.62 MB ( 97%) used,     1.97 MB (  2%) free+waste,   287.38 KB ( <1%) overhead. 
      Class:     13.00 MB capacity,    11.87 MB ( 91%) used,  1021.73 KB (  8%) free+waste,   133.69 KB (  1%) overhead. 
       Both:     93.88 MB capacity,    90.49 MB ( 96%) used,     2.97 MB (  3%) free+waste,   421.06 KB ( <1%) overhead. 

Virtual space:
  Non-class space:       82.00 MB reserved,      81.01 MB ( 99%) committed 
      Class space:        1.00 GB reserved,      13.00 MB (  1%) committed 
             Both:        1.08 GB reserved,      94.01 MB (  8%) committed 

Chunk freelists:
   Non-Class:  4.00 KB
       Class:  3.00 KB
        Both:  7.00 KB

MaxMetaspaceSize: 17179869184.00 GB
CompressedClassSpaceSize: 1.00 GB
Initial GC threshold: 20.80 MB
Current GC threshold: 155.85 MB
CDS: off

CodeHeap 'non-profiled nmethods': size=120000Kb used=7720Kb max_used=7720Kb free=112279Kb
 bounds [0x000001c6611c0000, 0x000001c661950000, 0x000001c6686f0000]
CodeHeap 'profiled nmethods': size=120000Kb used=25821Kb max_used=25821Kb free=94178Kb
 bounds [0x000001c659c90000, 0x000001c65b5d0000, 0x000001c6611c0000]
CodeHeap 'non-nmethods': size=5760Kb used=2375Kb max_used=2456Kb free=3384Kb
 bounds [0x000001c6596f0000, 0x000001c659960000, 0x000001c659c90000]
 total_blobs=12621 nmethods=11723 adapters=810
 compilation: enabled
              stopped_count=0, restarted_count=0
 full_count=0

Compilation events (20 events):
Event: 22.027 Thread 0x000001c66f1fc800 nmethod 11766 0x000001c65b5c2d10 code [0x000001c65b5c2ec0, 0x000001c65b5c3018]
Event: 24.037 Thread 0x000001c66f1fc800 11767       3       javax.management.ObjectName::setCanonicalName (251 bytes)
Event: 24.038 Thread 0x000001c66f1fc800 nmethod 11767 0x000001c65b5c3090 code [0x000001c65b5c3360, 0x000001c65b5c44f8]
Event: 25.037 Thread 0x000001c66f1fc800 11768       3       javax.management.ObjectName::<init> (15 bytes)
Event: 25.037 Thread 0x000001c66fb59000 11769       4       java.util.Collections$UnmodifiableCollection::contains (11 bytes)
Event: 25.037 Thread 0x000001c66f1fc800 nmethod 11768 0x000001c65b5c4b90 code [0x000001c65b5c4d60, 0x000001c65b5c4ee8]
Event: 25.037 Thread 0x000001c66f1fc800 11770       3       sun.management.MemoryPoolImpl::getType (15 bytes)
Event: 25.037 Thread 0x000001c66f1fc800 nmethod 11770 0x000001c65b5c4f90 code [0x000001c65b5c5140, 0x000001c65b5c5298]
Event: 25.037 Thread 0x000001c66fb59000 nmethod 11769 0x000001c661949d10 code [0x000001c661949ea0, 0x000001c661949f38]
Event: 25.813 Thread 0x000001c66f1fc800 11771       1       org.gradle.launcher.daemon.server.exec.LogToClient::access$100 (5 bytes)
Event: 25.813 Thread 0x000001c66fb59000 11774       4       org.gradle.internal.logging.text.AbstractLineChoppingStyledTextOutput::doAppend (43 bytes)
Event: 25.813 Thread 0x000001c66f1fc800 nmethod 11771 0x000001c66194a010 code [0x000001c66194a1c0, 0x000001c66194a258]
Event: 25.813 Thread 0x000001c66f1fc800 11775       3       org.gradle.internal.io.StreamByteBuffer$StreamByteBufferChunk::write (32 bytes)
Event: 25.813 Thread 0x000001c66f1fc800 nmethod 11775 0x000001c65b5c5310 code [0x000001c65b5c54c0, 0x000001c65b5c5658]
Event: 25.813 Thread 0x000001c66f1fc800 11776       3       org.gradle.internal.io.LineBufferingOutputStream::endsWithLineSeparator (27 bytes)
Event: 25.813 Thread 0x000001c66f1fc800 nmethod 11776 0x000001c65b5c5710 code [0x000001c65b5c58c0, 0x000001c65b5c5a58]
Event: 25.813 Thread 0x000001c66f1fc800 11772       3       org.gradle.internal.io.LineBufferingOutputStream::write (59 bytes)
Event: 25.814 Thread 0x000001c66f1fc800 nmethod 11772 0x000001c65b5c5b10 code [0x000001c65b5c5de0, 0x000001c65b5c6bb8]
Event: 25.814 Thread 0x000001c66f1fc800 11773       3       org.gradle.internal.io.StreamByteBuffer$StreamByteBufferOutputStream::write (22 bytes)
Event: 25.814 Thread 0x000001c66f1fc800 nmethod 11773 0x000001c65b5c7110 code [0x000001c65b5c72e0, 0x000001c65b5c7568]

GC Heap History (20 events):
Event: 12.165 GC heap before
{Heap before GC invocations=33 (full 0):
 garbage-first heap   total 145408K, used 117370K [0x00000000a0000000, 0x0000000100000000)
  region size 1024K, 15 young (15360K), 2 survivors (2048K)
 Metaspace       used 81566K, capacity 84601K, committed 84744K, reserved 1122304K
  class space    used 10664K, capacity 11689K, committed 11776K, reserved 1048576K
}
Event: 12.169 GC heap after
{Heap after GC invocations=34 (full 0):
 garbage-first heap   total 145408K, used 107165K [0x00000000a0000000, 0x0000000100000000)
  region size 1024K, 2 young (2048K), 2 survivors (2048K)
 Metaspace       used 81566K, capacity 84601K, committed 84744K, reserved 1122304K
  class space    used 10664K, capacity 11689K, committed 11776K, reserved 1048576K
}
Event: 12.361 GC heap before
{Heap before GC invocations=34 (full 0):
 garbage-first heap   total 145408K, used 119453K [0x00000000a0000000, 0x0000000100000000)
  region size 1024K, 14 young (14336K), 2 survivors (2048K)
 Metaspace       used 82614K, capacity 85759K, committed 85896K, reserved 1124352K
  class space    used 10803K, capacity 11816K, committed 11904K, reserved 1048576K
}
Event: 12.366 GC heap after
{Heap after GC invocations=35 (full 0):
 garbage-first heap   total 145408K, used 108762K [0x00000000a0000000, 0x0000000100000000)
  region size 1024K, 2 young (2048K), 2 survivors (2048K)
 Metaspace       used 82614K, capacity 85759K, committed 85896K, reserved 1124352K
  class space    used 10803K, capacity 11816K, committed 11904K, reserved 1048576K
}
Event: 12.517 GC heap before
{Heap before GC invocations=36 (full 0):
 garbage-first heap   total 145408K, used 120026K [0x00000000a0000000, 0x0000000100000000)
  region size 1024K, 13 young (13312K), 2 survivors (2048K)
 Metaspace       used 83248K, capacity 86360K, committed 86536K, reserved 1124352K
  class space    used 10897K, capacity 11927K, committed 12032K, reserved 1048576K
}
Event: 12.520 GC heap after
{Heap after GC invocations=37 (full 0):
 garbage-first heap   total 145408K, used 109589K [0x00000000a0000000, 0x0000000100000000)
  region size 1024K, 1 young (1024K), 1 survivors (1024K)
 Metaspace       used 83248K, capacity 86360K, committed 86536K, reserved 1124352K
  class space    used 10897K, capacity 11927K, committed 12032K, reserved 1048576K
}
Event: 12.671 GC heap before
{Heap before GC invocations=37 (full 0):
 garbage-first heap   total 145408K, used 121877K [0x00000000a0000000, 0x0000000100000000)
  region size 1024K, 13 young (13312K), 1 survivors (1024K)
 Metaspace       used 84574K, capacity 87700K, committed 87944K, reserved 1126400K
  class space    used 11081K, capacity 12092K, committed 12160K, reserved 1048576K
}
Event: 12.675 GC heap after
{Heap after GC invocations=38 (full 0):
 garbage-first heap   total 145408K, used 109806K [0x00000000a0000000, 0x0000000100000000)
  region size 1024K, 2 young (2048K), 2 survivors (2048K)
 Metaspace       used 84574K, capacity 87700K, committed 87944K, reserved 1126400K
  class space    used 11081K, capacity 12092K, committed 12160K, reserved 1048576K
}
Event: 12.948 GC heap before
{Heap before GC invocations=39 (full 0):
 garbage-first heap   total 145408K, used 122094K [0x00000000a0000000, 0x0000000100000000)
  region size 1024K, 14 young (14336K), 2 survivors (2048K)
 Metaspace       used 85631K, capacity 88726K, committed 88968K, reserved 1126400K
  class space    used 11270K, capacity 12298K, committed 12416K, reserved 1048576K
}
Event: 12.954 GC heap after
{Heap after GC invocations=40 (full 0):
 garbage-first heap   total 175104K, used 110666K [0x00000000a0000000, 0x0000000100000000)
  region size 1024K, 2 young (2048K), 2 survivors (2048K)
 Metaspace       used 85631K, capacity 88726K, committed 88968K, reserved 1126400K
  class space    used 11270K, capacity 12298K, committed 12416K, reserved 1048576K
}
Event: 13.385 GC heap before
{Heap before GC invocations=40 (full 0):
 garbage-first heap   total 175104K, used 134218K [0x00000000a0000000, 0x0000000100000000)
  region size 1024K, 26 young (26624K), 2 survivors (2048K)
 Metaspace       used 88578K, capacity 91777K, committed 91784K, reserved 1128448K
  class space    used 11615K, capacity 12669K, committed 12672K, reserved 1048576K
}
Event: 13.390 GC heap after
{Heap after GC invocations=41 (full 0):
 garbage-first heap   total 175104K, used 112301K [0x00000000a0000000, 0x0000000100000000)
  region size 1024K, 4 young (4096K), 4 survivors (4096K)
 Metaspace       used 88578K, capacity 91777K, committed 91784K, reserved 1128448K
  class space    used 11615K, capacity 12669K, committed 12672K, reserved 1048576K
}
Event: 13.719 GC heap before
{Heap before GC invocations=42 (full 0):
 garbage-first heap   total 175104K, used 136877K [0x00000000a0000000, 0x0000000100000000)
  region size 1024K, 28 young (28672K), 4 survivors (4096K)
 Metaspace       used 89816K, capacity 92994K, committed 93320K, reserved 1130496K
  class space    used 11748K, capacity 12819K, committed 12928K, reserved 1048576K
}
Event: 13.725 GC heap after
{Heap after GC invocations=43 (full 0):
 garbage-first heap   total 175104K, used 115682K [0x00000000a0000000, 0x0000000100000000)
  region size 1024K, 4 young (4096K), 4 survivors (4096K)
 Metaspace       used 89816K, capacity 92994K, committed 93320K, reserved 1130496K
  class space    used 11748K, capacity 12819K, committed 12928K, reserved 1048576K
}
Event: 14.021 GC heap before
{Heap before GC invocations=43 (full 0):
 garbage-first heap   total 175104K, used 139234K [0x00000000a0000000, 0x0000000100000000)
  region size 1024K, 28 young (28672K), 4 survivors (4096K)
 Metaspace       used 90347K, capacity 93633K, committed 93832K, reserved 1130496K
  class space    used 11804K, capacity 12848K, committed 12928K, reserved 1048576K
}
Event: 14.030 GC heap after
{Heap after GC invocations=44 (full 0):
 garbage-first heap   total 175104K, used 120722K [0x00000000a0000000, 0x0000000100000000)
  region size 1024K, 4 young (4096K), 4 survivors (4096K)
 Metaspace       used 90347K, capacity 93633K, committed 93832K, reserved 1130496K
  class space    used 11804K, capacity 12848K, committed 12928K, reserved 1048576K
}
Event: 14.269 GC heap before
{Heap before GC invocations=45 (full 0):
 garbage-first heap   total 175104K, used 142226K [0x00000000a0000000, 0x0000000100000000)
  region size 1024K, 26 young (26624K), 4 survivors (4096K)
 Metaspace       used 90994K, capacity 94326K, committed 94472K, reserved 1130496K
  class space    used 11878K, capacity 12987K, committed 13056K, reserved 1048576K
}
Event: 14.277 GC heap after
{Heap after GC invocations=46 (full 0):
 garbage-first heap   total 210944K, used 124065K [0x00000000a0000000, 0x0000000100000000)
  region size 1024K, 3 young (3072K), 3 survivors (3072K)
 Metaspace       used 90994K, capacity 94326K, committed 94472K, reserved 1130496K
  class space    used 11878K, capacity 12987K, committed 13056K, reserved 1048576K
}
Event: 14.672 GC heap before
{Heap before GC invocations=46 (full 0):
 garbage-first heap   total 210944K, used 155809K [0x00000000a0000000, 0x0000000100000000)
  region size 1024K, 35 young (35840K), 3 survivors (3072K)
 Metaspace       used 92088K, capacity 95525K, committed 95752K, reserved 1132544K
  class space    used 12063K, capacity 13194K, committed 13312K, reserved 1048576K
}
Event: 14.679 GC heap after
{Heap after GC invocations=47 (full 0):
 garbage-first heap   total 210944K, used 126914K [0x00000000a0000000, 0x0000000100000000)
  region size 1024K, 5 young (5120K), 5 survivors (5120K)
 Metaspace       used 92088K, capacity 95525K, committed 95752K, reserved 1132544K
  class space    used 12063K, capacity 13194K, committed 13312K, reserved 1048576K
}

Deoptimization events (20 events):
Event: 14.922 Thread 0x000001c671ca5800 Uncommon trap: trap_request=0xffffff4d fr.pc=0x000001c661932654 relative=0x0000000000000c94
Event: 14.922 Thread 0x000001c671ca5800 Uncommon trap: reason=unstable_if action=reinterpret pc=0x000001c661932654 method=org.gradle.internal.snapshot.AbstractListChildMap.withReplacedChild(ILjava/lang/String;Ljava/lang/Object;)Lorg/gradle/internal/snapshot/ChildMap; @ 36 c2
Event: 14.922 Thread 0x000001c671ca5800 DEOPT PACKING pc=0x000001c661932654 sp=0x000000287c2fad00
Event: 14.922 Thread 0x000001c671ca5800 DEOPT UNPACKING pc=0x000001c65973a1af sp=0x000000287c2face0 mode 2
Event: 21.134 Thread 0x000001c672de0000 Uncommon trap: trap_request=0xffffffc6 fr.pc=0x000001c66173f31c relative=0x000000000000007c
Event: 21.134 Thread 0x000001c672de0000 Uncommon trap: reason=bimorphic_or_optimized_type_check action=maybe_recompile pc=0x000001c66173f31c method=org.gradle.internal.logging.sink.OutputEventRenderer.onOutput(Lorg/gradle/internal/logging/events/OutputEvent;)V @ 1 c2
Event: 21.134 Thread 0x000001c672de0000 DEOPT PACKING pc=0x000001c66173f31c sp=0x000000287cffe5f0
Event: 21.134 Thread 0x000001c672de0000 DEOPT UNPACKING pc=0x000001c65973a1af sp=0x000000287cffe548 mode 2
Event: 21.134 Thread 0x000001c672de0000 Uncommon trap: trap_request=0xffffffc6 fr.pc=0x000001c66173f31c relative=0x000000000000007c
Event: 21.134 Thread 0x000001c672de0000 Uncommon trap: reason=bimorphic_or_optimized_type_check action=maybe_recompile pc=0x000001c66173f31c method=org.gradle.internal.logging.sink.OutputEventRenderer.onOutput(Lorg/gradle/internal/logging/events/OutputEvent;)V @ 1 c2
Event: 21.134 Thread 0x000001c672de0000 DEOPT PACKING pc=0x000001c66173f31c sp=0x000000287cffe5f0
Event: 21.134 Thread 0x000001c672de0000 DEOPT UNPACKING pc=0x000001c65973a1af sp=0x000000287cffe548 mode 2
Event: 21.135 Thread 0x000001c672de0000 Uncommon trap: trap_request=0xffffffc6 fr.pc=0x000001c66173f31c relative=0x000000000000007c
Event: 21.135 Thread 0x000001c672de0000 Uncommon trap: reason=bimorphic_or_optimized_type_check action=maybe_recompile pc=0x000001c66173f31c method=org.gradle.internal.logging.sink.OutputEventRenderer.onOutput(Lorg/gradle/internal/logging/events/OutputEvent;)V @ 1 c2
Event: 21.135 Thread 0x000001c672de0000 DEOPT PACKING pc=0x000001c66173f31c sp=0x000000287cffe5f0
Event: 21.135 Thread 0x000001c672de0000 DEOPT UNPACKING pc=0x000001c65973a1af sp=0x000000287cffe548 mode 2
Event: 21.135 Thread 0x000001c672de0000 Uncommon trap: trap_request=0xffffffc6 fr.pc=0x000001c66173f31c relative=0x000000000000007c
Event: 21.135 Thread 0x000001c672de0000 Uncommon trap: reason=bimorphic_or_optimized_type_check action=maybe_recompile pc=0x000001c66173f31c method=org.gradle.internal.logging.sink.OutputEventRenderer.onOutput(Lorg/gradle/internal/logging/events/OutputEvent;)V @ 1 c2
Event: 21.135 Thread 0x000001c672de0000 DEOPT PACKING pc=0x000001c66173f31c sp=0x000000287cffe5f0
Event: 21.135 Thread 0x000001c672de0000 DEOPT UNPACKING pc=0x000001c65973a1af sp=0x000000287cffe548 mode 2

Classes redefined (0 events):
No events

Internal exceptions (20 events):
Event: 14.953 Thread 0x000001c671ca5800 Exception <a 'java/lang/ClassNotFoundException'{0x00000000ab991a10}: org/gradle/process/internal/DefaultExecAction_DecoratedBeanInfo> (0x00000000ab991a10) thrown at [src/hotspot/share/classfile/systemDictionary.cpp, line 230]
Event: 14.954 Thread 0x000001c671ca5800 Exception <a 'java/lang/ClassNotFoundException'{0x00000000ab9c4e98}: org/gradle/process/internal/DefaultExecActionBeanInfo> (0x00000000ab9c4e98) thrown at [src/hotspot/share/classfile/systemDictionary.cpp, line 230]
Event: 14.954 Thread 0x000001c671ca5800 Exception <a 'java/lang/ClassNotFoundException'{0x00000000ab9fb970}: org/gradle/process/internal/DefaultExecHandleBuilderBeanInfo> (0x00000000ab9fb970) thrown at [src/hotspot/share/classfile/systemDictionary.cpp, line 230]
Event: 14.955 Thread 0x000001c671ca5800 Exception <a 'java/lang/ClassNotFoundException'{0x00000000ab832b10}: org/gradle/process/internal/AbstractExecHandleBuilderBeanInfo> (0x00000000ab832b10) thrown at [src/hotspot/share/classfile/systemDictionary.cpp, line 230]
Event: 14.955 Thread 0x000001c671ca5800 Exception <a 'java/lang/ClassNotFoundException'{0x00000000ab86a540}: org/gradle/process/internal/DefaultProcessForkOptionsBeanInfo> (0x00000000ab86a540) thrown at [src/hotspot/share/classfile/systemDictionary.cpp, line 230]
Event: 14.956 Thread 0x000001c671ca5800 Exception <a 'java/lang/ClassNotFoundException'{0x00000000ab8a2300}: org/gradle/process/internal/DefaultProcessForkOptionsCustomizer> (0x00000000ab8a2300) thrown at [src/hotspot/share/classfile/systemDictionary.cpp, line 230]
Event: 14.958 Thread 0x000001c671ca5800 Exception <a 'java/lang/ClassNotFoundException'{0x00000000ab8e6c68}: org/gradle/process/internal/AbstractExecHandleBuilderCustomizer> (0x00000000ab8e6c68) thrown at [src/hotspot/share/classfile/systemDictionary.cpp, line 230]
Event: 14.959 Thread 0x000001c671ca5800 Exception <a 'java/lang/ClassNotFoundException'{0x00000000ab72f8b0}: org/gradle/process/internal/DefaultExecHandleBuilderCustomizer> (0x00000000ab72f8b0) thrown at [src/hotspot/share/classfile/systemDictionary.cpp, line 230]
Event: 14.960 Thread 0x000001c671ca5800 Exception <a 'java/lang/ClassNotFoundException'{0x00000000ab78f780}: org/gradle/process/internal/DefaultExecActionCustomizer> (0x00000000ab78f780) thrown at [src/hotspot/share/classfile/systemDictionary.cpp, line 230]
Event: 14.961 Thread 0x000001c671ca5800 Exception <a 'java/lang/ClassNotFoundException'{0x00000000ab7cfcb0}: org/gradle/process/internal/DefaultExecAction_DecoratedCustomizer> (0x00000000ab7cfcb0) thrown at [src/hotspot/share/classfile/systemDictionary.cpp, line 230]
Event: 14.963 Thread 0x000001c671ca5800 Exception <a 'java/lang/ClassNotFoundException'{0x00000000ab62c9c8}: org/gradle/api/logging/LogLevelBeanInfo> (0x00000000ab62c9c8) thrown at [src/hotspot/share/classfile/systemDictionary.cpp, line 230]
Event: 14.963 Thread 0x000001c671ca5800 Exception <a 'java/lang/ClassNotFoundException'{0x00000000ab65a4d0}: org/gradle/api/logging/LogLevelCustomizer> (0x00000000ab65a4d0) thrown at [src/hotspot/share/classfile/systemDictionary.cpp, line 230]
Event: 14.968 Thread 0x000001c671ca5800 Exception <a 'java/lang/ClassNotFoundException'{0x00000000ab6ce878}: org/gradle/internal/logging/services/DefaultLoggingManagerBeanInfo> (0x00000000ab6ce878) thrown at [src/hotspot/share/classfile/systemDictionary.cpp, line 230]
Event: 14.969 Thread 0x000001c671ca5800 Exception <a 'java/lang/ClassNotFoundException'{0x00000000ab5077e0}: org/gradle/internal/logging/services/DefaultLoggingManagerCustomizer> (0x00000000ab5077e0) thrown at [src/hotspot/share/classfile/systemDictionary.cpp, line 230]
Event: 14.972 Thread 0x000001c671ca5800 Exception <a 'java/lang/ClassNotFoundException'{0x00000000ab5447a8}: java/lang/BooleanBeanInfo> (0x00000000ab5447a8) thrown at [src/hotspot/share/classfile/systemDictionary.cpp, line 230]
Event: 14.973 Thread 0x000001c671ca5800 Exception <a 'java/lang/ClassNotFoundException'{0x00000000ab551688}: java/lang/BooleanCustomizer> (0x00000000ab551688) thrown at [src/hotspot/share/classfile/systemDictionary.cpp, line 230]
Event: 14.996 Thread 0x000001c672ddc000 Exception <a 'java/lang/NoSuchMethodError'{0x00000000ab5e7888}: 'void java.lang.invoke.DirectMethodHandle$Holder.invokeStatic(java.lang.Object, long)'> (0x00000000ab5e7888) thrown at [src/hotspot/share/interpreter/linkResolver.cpp, line 773]
Event: 14.997 Thread 0x000001c672ddc000 Exception <a 'java/lang/NoSuchMethodError'{0x00000000ab5eca50}: 'java.lang.Object java.lang.invoke.DirectMethodHandle$Holder.invokeStatic(java.lang.Object, long)'> (0x00000000ab5eca50) thrown at [src/hotspot/share/interpreter/linkResolver.cpp, line 773]
Event: 14.997 Thread 0x000001c672ddc000 Exception <a 'java/lang/NoSuchMethodError'{0x00000000ab5efd78}: 'java.lang.Object java.lang.invoke.DirectMethodHandle$Holder.invokeSpecial(java.lang.Object, java.lang.Object, long)'> (0x00000000ab5efd78) thrown at [src/hotspot/share/interpreter/linkResolver.cpp, line 773]
Event: 15.000 Thread 0x000001c672ddc000 Exception <a 'java/lang/NoSuchMethodError'{0x00000000ab5fa930}: 'java.lang.Object java.lang.invoke.DirectMethodHandle$Holder.invokeStaticInit(java.lang.Object, java.lang.Object, long, java.lang.Object)'> (0x00000000ab5fa930) thrown at [src/hotspot/share/interpreter/linkResolver.cpp, line 773]

Events (20 events):
Event: 21.132 loading class org/gradle/internal/logging/events/StyledTextOutputEvent$Span
Event: 21.132 loading class org/gradle/internal/logging/events/StyledTextOutputEvent$Span done
Event: 21.133 loading class org/gradle/internal/logging/events/operations/StyledTextBuildOperationProgressDetails$Span
Event: 21.133 loading class org/gradle/internal/logging/events/operations/StyledTextBuildOperationProgressDetails$Span done
Event: 21.133 loading class org/gradle/internal/operations/logging/StyledTextBuildOperationProgressDetails$Span
Event: 21.133 loading class org/gradle/internal/operations/logging/StyledTextBuildOperationProgressDetails$Span done
Event: 21.133 Executing VM operation: RevokeBias
Event: 21.133 Executing VM operation: RevokeBias done
Event: 21.133 Executing VM operation: RevokeBias
Event: 21.133 Executing VM operation: RevokeBias done
Event: 21.715 loading class org/gradle/workers/internal/WorkerDaemonExpiration$SimpleMemoryExpirationSelector
Event: 21.715 loading class org/gradle/workers/internal/WorkerDaemonExpiration$SimpleMemoryExpirationSelector done
Event: 21.716 Executing VM operation: RevokeBias
Event: 21.716 Executing VM operation: RevokeBias done
Event: 21.716 Executing VM operation: RevokeBias
Event: 21.716 Executing VM operation: RevokeBias done
Event: 21.716 loading class org/gradle/workers/internal/WorkerDaemonClient
Event: 21.716 loading class org/gradle/workers/internal/WorkerDaemonClient done
Event: 21.717 loading class org/gradle/workers/internal/WorkerDaemonClient
Event: 21.717 loading class org/gradle/workers/internal/WorkerDaemonClient done


Dynamic libraries:
0x00007ff665120000 - 0x00007ff66512a000 	C:\Apps\Android Studio\jbr\bin\java.exe
0x00007ffad5d30000 - 0x00007ffad5f44000 	C:\WINDOWS\SYSTEM32\ntdll.dll
0x00007ffad4df0000 - 0x00007ffad4eb2000 	C:\WINDOWS\System32\KERNEL32.DLL
0x00007ffad36b0000 - 0x00007ffad3a4c000 	C:\WINDOWS\System32\KERNELBASE.dll
0x00007ffad3290000 - 0x00007ffad33a1000 	C:\WINDOWS\System32\ucrtbase.dll
0x00007ffaa5b90000 - 0x00007ffaa5ba7000 	C:\Apps\Android Studio\jbr\bin\jli.dll
0x00007ffab7030000 - 0x00007ffab704b000 	C:\Apps\Android Studio\jbr\bin\VCRUNTIME140.dll
0x00007ffad5ac0000 - 0x00007ffad5c6b000 	C:\WINDOWS\System32\USER32.dll
0x00007ffad3a50000 - 0x00007ffad3a76000 	C:\WINDOWS\System32\win32u.dll
0x00007ffab73b0000 - 0x00007ffab763e000 	C:\WINDOWS\WinSxS\amd64_microsoft.windows.common-controls_6595b64144ccf1df_6.0.22621.608_none_a9444ca7c10bb01d\COMCTL32.dll
0x00007ffad3b80000 - 0x00007ffad3ba9000 	C:\WINDOWS\System32\GDI32.dll
0x00007ffad3c30000 - 0x00007ffad3cd7000 	C:\WINDOWS\System32\msvcrt.dll
0x00007ffad3520000 - 0x00007ffad3633000 	C:\WINDOWS\System32\gdi32full.dll
0x00007ffad31f0000 - 0x00007ffad328a000 	C:\WINDOWS\System32\msvcp_win.dll
0x00007ffad3b40000 - 0x00007ffad3b71000 	C:\WINDOWS\System32\IMM32.DLL
0x00007ffab8fd0000 - 0x00007ffab8fdc000 	C:\Apps\Android Studio\jbr\bin\vcruntime140_1.dll
0x00007ffa95b30000 - 0x00007ffa95bbd000 	C:\Apps\Android Studio\jbr\bin\msvcp140.dll
0x00007ffa444d0000 - 0x00007ffa4508c000 	C:\Apps\Android Studio\jbr\bin\server\jvm.dll
0x00007ffad4840000 - 0x00007ffad48ee000 	C:\WINDOWS\System32\ADVAPI32.dll
0x00007ffad44d0000 - 0x00007ffad4574000 	C:\WINDOWS\System32\sechost.dll
0x00007ffad4580000 - 0x00007ffad4697000 	C:\WINDOWS\System32\RPCRT4.dll
0x00007ffad48f0000 - 0x00007ffad48f8000 	C:\WINDOWS\System32\PSAPI.DLL
0x00007ffad0420000 - 0x00007ffad0429000 	C:\WINDOWS\SYSTEM32\WSOCK32.dll
0x00007ffacb650000 - 0x00007ffacb65a000 	C:\WINDOWS\SYSTEM32\VERSION.dll
0x00007ffad4d70000 - 0x00007ffad4de1000 	C:\WINDOWS\System32\WS2_32.dll
0x00007ffacbc50000 - 0x00007ffacbc84000 	C:\WINDOWS\SYSTEM32\WINMM.dll
0x00007ffad2180000 - 0x00007ffad2198000 	C:\WINDOWS\SYSTEM32\kernel.appcore.dll
0x00007ffacfd60000 - 0x00007ffacfd70000 	C:\Apps\Android Studio\jbr\bin\verify.dll
0x00007ffac21c0000 - 0x00007ffac23ee000 	C:\WINDOWS\SYSTEM32\DBGHELP.DLL
0x00007ffad5200000 - 0x00007ffad5589000 	C:\WINDOWS\System32\combase.dll
0x00007ffad4ac0000 - 0x00007ffad4b97000 	C:\WINDOWS\System32\OLEAUT32.dll
0x00007ffab4760000 - 0x00007ffab4792000 	C:\WINDOWS\SYSTEM32\dbgcore.DLL
0x00007ffad3170000 - 0x00007ffad31eb000 	C:\WINDOWS\System32\bcryptPrimitives.dll
0x00007fface330000 - 0x00007fface358000 	C:\Apps\Android Studio\jbr\bin\java.dll
0x00007fface710000 - 0x00007fface71a000 	C:\Apps\Android Studio\jbr\bin\jimage.dll
0x00007fface6b0000 - 0x00007fface6c8000 	C:\Apps\Android Studio\jbr\bin\zip.dll
0x00007ffad3ce0000 - 0x00007ffad44d0000 	C:\WINDOWS\System32\SHELL32.dll
0x00007ffad1130000 - 0x00007ffad19fd000 	C:\WINDOWS\SYSTEM32\windows.storage.dll
0x00007ffad0ff0000 - 0x00007ffad112e000 	C:\WINDOWS\SYSTEM32\wintypes.dll
0x00007ffad5100000 - 0x00007ffad51f1000 	C:\WINDOWS\System32\SHCORE.dll
0x00007ffad4900000 - 0x00007ffad495e000 	C:\WINDOWS\System32\shlwapi.dll
0x00007ffad30a0000 - 0x00007ffad30c1000 	C:\WINDOWS\SYSTEM32\profapi.dll
0x00007ffaccbf0000 - 0x00007ffaccc09000 	C:\Apps\Android Studio\jbr\bin\net.dll
0x00007ffacbb10000 - 0x00007ffacbc47000 	C:\WINDOWS\SYSTEM32\WINHTTP.dll
0x00007ffad25f0000 - 0x00007ffad2659000 	C:\WINDOWS\system32\mswsock.dll
0x00007ffab9490000 - 0x00007ffab94a3000 	C:\Apps\Android Studio\jbr\bin\nio.dll
0x00007ffaa0eb0000 - 0x00007ffaa0ed7000 	C:\Users\Harsh Jethva\.gradle\native\e1d6ef7f7dcc3fd88c89a11ec53ec762bb8ba0a96d01ffa2cd45eb1d1d8dd5c5\windows-amd64\native-platform.dll
0x00007ffa79370000 - 0x00007ffa794b4000 	C:\Users\Harsh Jethva\.gradle\native\0d407fdbe67a94daf76414ababcb853783967236a71b16ec16e742cd7a986fd3\windows-amd64\native-platform-file-events.dll
0x00007ffac1c20000 - 0x00007ffac1c2a000 	C:\Apps\Android Studio\jbr\bin\management.dll
0x00007ffabf9c0000 - 0x00007ffabf9cb000 	C:\Apps\Android Studio\jbr\bin\management_ext.dll
0x00007ffad2880000 - 0x00007ffad289b000 	C:\WINDOWS\SYSTEM32\CRYPTSP.dll
0x00007ffad20f0000 - 0x00007ffad2125000 	C:\WINDOWS\system32\rsaenh.dll
0x00007ffad2710000 - 0x00007ffad2738000 	C:\WINDOWS\SYSTEM32\USERENV.dll
0x00007ffad2a30000 - 0x00007ffad2a58000 	C:\WINDOWS\SYSTEM32\bcrypt.dll
0x00007ffad2870000 - 0x00007ffad287c000 	C:\WINDOWS\SYSTEM32\CRYPTBASE.dll
0x00007ffad1c90000 - 0x00007ffad1cbd000 	C:\WINDOWS\SYSTEM32\IPHLPAPI.DLL
0x00007ffad4ba0000 - 0x00007ffad4ba9000 	C:\WINDOWS\System32\NSI.dll
0x00007ffacbca0000 - 0x00007ffacbcb9000 	C:\WINDOWS\SYSTEM32\dhcpcsvc6.DLL
0x00007ffacbaf0000 - 0x00007ffacbb0f000 	C:\WINDOWS\SYSTEM32\dhcpcsvc.DLL
0x00007ffad1cc0000 - 0x00007ffad1db3000 	C:\WINDOWS\SYSTEM32\DNSAPI.dll

dbghelp: loaded successfully - version: 4.0.5 - missing functions: none
symbol engine: initialized successfully - sym options: 0x614 - pdb path: .;C:\Apps\Android Studio\jbr\bin;C:\WINDOWS\SYSTEM32;C:\WINDOWS\WinSxS\amd64_microsoft.windows.common-controls_6595b64144ccf1df_6.0.22621.608_none_a9444ca7c10bb01d;C:\Apps\Android Studio\jbr\bin\server;C:\Users\Harsh Jethva\.gradle\native\e1d6ef7f7dcc3fd88c89a11ec53ec762bb8ba0a96d01ffa2cd45eb1d1d8dd5c5\windows-amd64;C:\Users\Harsh Jethva\.gradle\native\0d407fdbe67a94daf76414ababcb853783967236a71b16ec16e742cd7a986fd3\windows-amd64

VM Arguments:
jvm_args: --add-opens=java.base/java.util=ALL-UNNAMED --add-opens=java.base/java.lang=ALL-UNNAMED --add-opens=java.base/java.lang.invoke=ALL-UNNAMED --add-opens=java.base/java.util=ALL-UNNAMED --add-opens=java.prefs/java.util.prefs=ALL-UNNAMED --add-opens=java.prefs/java.util.prefs=ALL-UNNAMED --add-opens=java.base/java.nio.charset=ALL-UNNAMED --add-opens=java.base/java.net=ALL-UNNAMED --add-opens=java.base/java.util.concurrent.atomic=ALL-UNNAMED -Xmx1536M -Dfile.encoding=windows-1252 -Duser.country=IN -Duser.language=en -Duser.variant 
java_command: org.gradle.launcher.daemon.bootstrap.GradleDaemon 7.5
java_class_path (initial): C:\Users\Harsh Jethva\.gradle\wrapper\dists\gradle-7.5-all\6qsw290k5lz422uaf8jf6m7co\gradle-7.5\lib\gradle-launcher-7.5.jar
Launcher Type: SUN_STANDARD

[Global flags]
     intx CICompilerCount                          = 4                                         {product} {ergonomic}
     uint ConcGCThreads                            = 3                                         {product} {ergonomic}
     uint G1ConcRefinementThreads                  = 10                                        {product} {ergonomic}
   size_t G1HeapRegionSize                         = 1048576                                   {product} {ergonomic}
    uintx GCDrainStackTargetSize                   = 64                                        {product} {ergonomic}
   size_t InitialHeapSize                          = 123731968                                 {product} {ergonomic}
   size_t MarkStackSize                            = 4194304                                   {product} {ergonomic}
   size_t MaxHeapSize                              = 1610612736                                {product} {command line}
   size_t MaxNewSize                               = 965738496                                 {product} {ergonomic}
   size_t MinHeapDeltaBytes                        = 1048576                                   {product} {ergonomic}
    uintx NonNMethodCodeHeapSize                   = 5836300                                {pd product} {ergonomic}
    uintx NonProfiledCodeHeapSize                  = 122910970                              {pd product} {ergonomic}
    uintx ProfiledCodeHeapSize                     = 122910970                              {pd product} {ergonomic}
    uintx ReservedCodeCacheSize                    = 251658240                              {pd product} {ergonomic}
     bool SegmentedCodeCache                       = true                                      {product} {ergonomic}
     bool UseCompressedClassPointers               = true                                 {lp64_product} {ergonomic}
     bool UseCompressedOops                        = true                                 {lp64_product} {ergonomic}
     bool UseG1GC                                  = true                                      {product} {ergonomic}
     bool UseLargePagesIndividualAllocation        = false                                  {pd product} {ergonomic}

Logging:
Log output configuration:
 #0: stdout all=warning uptime,level,tags
 #1: stderr all=off uptime,level,tags

Environment Variables:
JAVA_HOME=C:\Apps\Android Studio\jbr
CLASSPATH=H:\Flutter Projects\rku_bus_guide\android\\gradle\wrapper\gradle-wrapper.jar
PATH=C:\Windows\system32;C:\Windows;C:\Windows\System32\Wbem;C:\Windows\System32\WindowsPowerShell\v1.0\;C:\Windows\System32\OpenSSH\;C:\Program Files\NVIDIA Corporation\NVIDIA NvDLISR;C:\Apps\JDk\bin;C:\Program Files\Microsoft SQL Server\130\Tools\Binn\;C:\Program Files (x86)\NVIDIA Corporation\PhysX\Common;C:\xampp\php;C:\ProgramData\ComposerSetup\bin;C:\WINDOWS\system32;C:\WINDOWS;C:\WINDOWS\System32\Wbem;C:\WINDOWS\System32\WindowsPowerShell\v1.0\;C:\WINDOWS\System32\OpenSSH\;C:\Program Files\Git\cmd;C:\Apps\nodejs\;C:\Program Files\Microsoft SQL Server\150\Tools\Binn\;C:\Apps\flutter\bin;C:\Program Files\Java\jdk-19\bin;C:\Users\Harsh Jethva\AppData\Local\Pub\Cache\bin;C:\Users\Harsh Jethva\AppData\Local\Programs\Python\Python311\Scripts\;C:\Users\Harsh Jethva\AppData\Local\Programs\Python\Python311\;C:\Users\Harsh Jethva\AppData\Local\Microsoft\WindowsApps;C:\Apps\IntelliJ IDEA Community Edition 2023.1\bin;;C:\Users\Harsh Jethva\AppData\Roaming\Composer\vendor\bin;C:\Apps\Microsoft VS Code\bin;C:\Users\Harsh Jethva\AppData\Roaming\npm;C:\Users\Harsh Jethva\AppData\Local\GitHubDesktop\bin;C:\Users\Harsh Jethva\AppData\Local\Pub\Cache\bin;;C:\Apps\flutter\bin\mingit\cmd
USERNAME=Harsh Jethva
OS=Windows_NT
PROCESSOR_IDENTIFIER=AMD64 Family 25 Model 80 Stepping 0, AuthenticAMD



---------------  S Y S T E M  ---------------

OS: Windows 11 , 64 bit Build 22621 (10.0.22621.1485)
OS uptime: 0 days 9:36 hours
Hyper-V role detected

CPU:total 12 (initial active 12) (12 cores per cpu, 2 threads per core) family 25 model 80 stepping 0 microcode 0x0, cmov, cx8, fxsr, mmx, sse, sse2, sse3, ssse3, sse4.1, sse4.2, popcnt, avx, avx2, aes, clmul, erms, mmxext, 3dnowpref, lzcnt, sse4a, ht, tsc, tscinvbit, tscinv, bmi1, bmi2, adx, sha, fma

Memory: 4k page, system-wide physical 7521M (455M free)
TotalPageFile size 14521M (AvailPageFile size 0M)
current process WorkingSet (physical memory assigned to process): 470M, peak: 509M
current process commit charge ("private bytes"): 529M, peak: 558M

vm_info: OpenJDK 64-Bit Server VM (11.0.15+0-b2043.56-9505619) for windows-amd64 JRE (11.0.15+0-b2043.56-9505619), built on Jan 19 2023 02:48:00 by "builduser" with unknown MS VC++:1929

END.
