#
# There is insufficient memory for the Java Runtime Environment to continue.
# Native memory allocation (malloc) failed to allocate 32744 bytes for ChunkPool::allocate
# Possible reasons:
#   The system is out of physical RAM or swap space
#   The process is running with CompressedOops enabled, and the Java Heap may be blocking the growth of the native heap
# Possible solutions:
#   Reduce memory load on the system
#   Increase physical memory or swap space
#   Check if swap backing store is full
#   Decrease Java heap size (-Xmx/-Xms)
#   Decrease number of Java threads
#   Decrease Java thread stack sizes (-Xss)
#   Set larger code cache with -XX:ReservedCodeCacheSize=
#   JVM is running with Unscaled Compressed Oops mode in which the Java heap is
#     placed in the first 4GB address space. The Java Heap base address is the
#     maximum limit for the native heap growth. Please use -XX:HeapBaseMinAddress
#     to set the Java Heap base and to place the Java Heap above 4GB virtual address.
# This output file may be truncated or incomplete.
#
#  Out of Memory Error (src/hotspot/share/memory/arena.cpp:81), pid=18660, tid=13392
#
# JRE version: OpenJDK Runtime Environment (11.0.15) (build 11.0.15+0-b2043.56-9505619)
# Java VM: OpenJDK 64-Bit Server VM (11.0.15+0-b2043.56-9505619, mixed mode, tiered, compressed oops, g1 gc, windows-amd64)
# No core dump will be written. Minidumps are not enabled by default on client versions of Windows
#

---------------  S U M M A R Y ------------

Command Line: -Dorg.gradle.appname=gradlew org.gradle.wrapper.GradleWrapperMain -q -Ptarget-platform=android-arm64 -Ptarget=H:\Flutter Projects\rku_bus_guide\lib\main.dart -Pbase-application-name=android.app.Application -Pdart-defines=Zmx1dHRlci5pbnNwZWN0b3Iuc3RydWN0dXJlZEVycm9ycz10cnVl,RkxVVFRFUl9XRUJfQVVUT19ERVRFQ1Q9dHJ1ZQ== -Pdart-obfuscation=false -Ptrack-widget-creation=true -Ptree-shake-icons=false -Pfilesystem-scheme=org-dartlang-root assembleDebug

Host: AMD Ryzen 5 5600H with Radeon Graphics         , 12 cores, 7G,  Windows 11 , 64 bit Build 22621 (10.0.22621.1485)
Time: Fri May  5 01:10:06 2023 India Standard Time elapsed time: 0.721845 seconds (0d 0h 0m 0s)

---------------  T H R E A D  ---------------

Current thread (0x00000254718e3800):  JavaThread "main" [_thread_in_vm, id=13392, stack(0x0000005e27100000,0x0000005e27200000)]

Stack: [0x0000005e27100000,0x0000005e27200000]
Native frames: (J=compiled Java code, j=interpreted, Vv=VM code, C=native code)
V  [jvm.dll+0x64135a]
V  [jvm.dll+0x7d39f9]
V  [jvm.dll+0x7d51b9]
V  [jvm.dll+0x7d58a3]
V  [jvm.dll+0x2691c5]
V  [jvm.dll+0xc1cbf]
V  [jvm.dll+0xc200c]
V  [jvm.dll+0x1e4162]
V  [jvm.dll+0x1e5015]
V  [jvm.dll+0x1e5aef]
V  [jvm.dll+0x1da097]
V  [jvm.dll+0x5103fb]
V  [jvm.dll+0x76aade]
V  [jvm.dll+0x40fb38]
V  [jvm.dll+0x415593]
C  [java.dll+0x19c4]

Java frames: (J=compiled Java code, j=interpreted, Vv=VM code)
J 851  java.lang.ClassLoader.defineClass1(Ljava/lang/ClassLoader;Ljava/lang/String;[BIILjava/security/ProtectionDomain;Ljava/lang/String;)Ljava/lang/Class; java.base@11.0.15 (0 bytes) @ 0x0000025407b1307b [0x0000025407b12fc0+0x00000000000000bb]
J 916 c1 java.lang.ClassLoader.defineClass(Ljava/lang/String;[BIILjava/security/ProtectionDomain;)Ljava/lang/Class; java.base@11.0.15 (43 bytes) @ 0x000002540074a664 [0x000002540074a320+0x0000000000000344]
J 846 c1 java.net.URLClassLoader.defineClass(Ljava/lang/String;Ljdk/internal/loader/Resource;)Ljava/lang/Class; java.base@11.0.15 (224 bytes) @ 0x0000025400727064 [0x0000025400724ea0+0x00000000000021c4]
J 805 c1 java.net.URLClassLoader$1.run()Ljava/lang/Class; java.base@11.0.15 (81 bytes) @ 0x00000254007102ac [0x0000025400710140+0x000000000000016c]
J 804 c1 java.net.URLClassLoader$1.run()Ljava/lang/Object; java.base@11.0.15 (5 bytes) @ 0x000002540070fdc4 [0x000002540070fd40+0x0000000000000084]
v  ~StubRoutines::call_stub
J 596  java.security.AccessController.doPrivileged(Ljava/security/PrivilegedExceptionAction;Ljava/security/AccessControlContext;)Ljava/lang/Object; java.base@11.0.15 (0 bytes) @ 0x0000025407afec26 [0x0000025407afebc0+0x0000000000000066]
J 690 c1 java.net.URLClassLoader.findClass(Ljava/lang/String;)Ljava/lang/Class; java.base@11.0.15 (47 bytes) @ 0x00000254006dfab4 [0x00000254006df920+0x0000000000000194]
J 585 c1 java.lang.ClassLoader.loadClass(Ljava/lang/String;Z)Ljava/lang/Class; java.base@11.0.15 (122 bytes) @ 0x000002540069331c [0x0000025400692a60+0x00000000000008bc]
J 696 c1 java.lang.ClassLoader.loadClass(Ljava/lang/String;)Ljava/lang/Class; java.base@11.0.15 (7 bytes) @ 0x00000254006e29bc [0x00000254006e28c0+0x00000000000000fc]
v  ~StubRoutines::call_stub
j  org.gradle.internal.service.scopes.BasicGlobalScopeServices.configure(Lorg/gradle/internal/service/ServiceRegistration;)V+1
v  ~StubRoutines::call_stub
j  jdk.internal.reflect.NativeMethodAccessorImpl.invoke0(Ljava/lang/reflect/Method;Ljava/lang/Object;[Ljava/lang/Object;)Ljava/lang/Object;+0 java.base@11.0.15
j  jdk.internal.reflect.NativeMethodAccessorImpl.invoke(Ljava/lang/Object;[Ljava/lang/Object;)Ljava/lang/Object;+100 java.base@11.0.15
j  jdk.internal.reflect.DelegatingMethodAccessorImpl.invoke(Ljava/lang/Object;[Ljava/lang/Object;)Ljava/lang/Object;+6 java.base@11.0.15
j  java.lang.reflect.Method.invoke(Ljava/lang/Object;[Ljava/lang/Object;)Ljava/lang/Object;+59 java.base@11.0.15
j  org.gradle.internal.reflect.JavaMethod.invoke(Ljava/lang/Object;[Ljava/lang/Object;)Ljava/lang/Object;+6
j  org.gradle.internal.service.ReflectionBasedServiceMethod.invoke(Ljava/lang/Object;[Ljava/lang/Object;)Ljava/lang/Object;+6
j  org.gradle.internal.service.DefaultServiceRegistry.applyConfigureMethod(Lorg/gradle/internal/service/ServiceMethod;Ljava/lang/Object;)V+140
j  org.gradle.internal.service.DefaultServiceRegistry.findProviderMethods(Ljava/lang/Object;)V+196
j  org.gradle.internal.service.DefaultServiceRegistry.addProvider(Ljava/lang/Object;)Lorg/gradle/internal/service/DefaultServiceRegistry;+6
j  org.gradle.internal.service.ServiceRegistryBuilder.build()Lorg/gradle/internal/service/ServiceRegistry;+56
j  org.gradle.launcher.cli.BuildActionsFactory.<init>(Lorg/gradle/internal/service/ServiceRegistry;)V+28
j  org.gradle.launcher.cli.DefaultCommandLineActionFactory.createBuildActionFactoryActionCreator(Lorg/gradle/internal/service/ServiceRegistry;Ljava/util/List;)V+6
j  org.gradle.launcher.cli.DefaultCommandLineActionFactory$ParseAndBuildAction.execute(Lorg/gradle/launcher/bootstrap/ExecutionListener;)V+12
j  org.gradle.launcher.cli.DefaultCommandLineActionFactory$ParseAndBuildAction.execute(Ljava/lang/Object;)V+5
j  org.gradle.launcher.cli.DebugLoggerWarningAction.execute(Lorg/gradle/launcher/bootstrap/ExecutionListener;)V+9
j  org.gradle.launcher.cli.DebugLoggerWarningAction.execute(Ljava/lang/Object;)V+5
j  org.gradle.launcher.cli.WelcomeMessageAction.execute(Lorg/gradle/launcher/bootstrap/ExecutionListener;)V+218
j  org.gradle.launcher.cli.WelcomeMessageAction.execute(Ljava/lang/Object;)V+5
j  org.gradle.launcher.cli.NativeServicesInitializingAction.execute(Lorg/gradle/launcher/bootstrap/ExecutionListener;)V+35
j  org.gradle.launcher.cli.NativeServicesInitializingAction.execute(Ljava/lang/Object;)V+5
j  org.gradle.launcher.cli.ExceptionReportingAction.execute(Lorg/gradle/launcher/bootstrap/ExecutionListener;)V+5
j  org.gradle.launcher.cli.ExceptionReportingAction.execute(Ljava/lang/Object;)V+5
j  org.gradle.launcher.cli.DefaultCommandLineActionFactory$WithLogging.execute(Lorg/gradle/launcher/bootstrap/ExecutionListener;)V+299
j  org.gradle.launcher.Main.doAction([Ljava/lang/String;Lorg/gradle/launcher/bootstrap/ExecutionListener;)V+14
j  org.gradle.launcher.bootstrap.EntryPoint.run([Ljava/lang/String;)V+12
v  ~StubRoutines::call_stub
j  jdk.internal.reflect.NativeMethodAccessorImpl.invoke0(Ljava/lang/reflect/Method;Ljava/lang/Object;[Ljava/lang/Object;)Ljava/lang/Object;+0 java.base@11.0.15
j  jdk.internal.reflect.NativeMethodAccessorImpl.invoke(Ljava/lang/Object;[Ljava/lang/Object;)Ljava/lang/Object;+100 java.base@11.0.15
j  jdk.internal.reflect.DelegatingMethodAccessorImpl.invoke(Ljava/lang/Object;[Ljava/lang/Object;)Ljava/lang/Object;+6 java.base@11.0.15
j  java.lang.reflect.Method.invoke(Ljava/lang/Object;[Ljava/lang/Object;)Ljava/lang/Object;+59 java.base@11.0.15
j  org.gradle.launcher.bootstrap.ProcessBootstrap.runNoExit(Ljava/lang/String;[Ljava/lang/String;)V+159
j  org.gradle.launcher.bootstrap.ProcessBootstrap.run(Ljava/lang/String;[Ljava/lang/String;)V+2
v  ~StubRoutines::call_stub
j  jdk.internal.reflect.NativeMethodAccessorImpl.invoke0(Ljava/lang/reflect/Method;Ljava/lang/Object;[Ljava/lang/Object;)Ljava/lang/Object;+0 java.base@11.0.15
j  jdk.internal.reflect.NativeMethodAccessorImpl.invoke(Ljava/lang/Object;[Ljava/lang/Object;)Ljava/lang/Object;+100 java.base@11.0.15
j  jdk.internal.reflect.DelegatingMethodAccessorImpl.invoke(Ljava/lang/Object;[Ljava/lang/Object;)Ljava/lang/Object;+6 java.base@11.0.15
j  java.lang.reflect.Method.invoke(Ljava/lang/Object;[Ljava/lang/Object;)Ljava/lang/Object;+59 java.base@11.0.15
j  org.gradle.launcher.GradleMain.main([Ljava/lang/String;)V+100
v  ~StubRoutines::call_stub
j  jdk.internal.reflect.NativeMethodAccessorImpl.invoke0(Ljava/lang/reflect/Method;Ljava/lang/Object;[Ljava/lang/Object;)Ljava/lang/Object;+0 java.base@11.0.15
j  jdk.internal.reflect.NativeMethodAccessorImpl.invoke(Ljava/lang/Object;[Ljava/lang/Object;)Ljava/lang/Object;+100 java.base@11.0.15
j  jdk.internal.reflect.DelegatingMethodAccessorImpl.invoke(Ljava/lang/Object;[Ljava/lang/Object;)Ljava/lang/Object;+6 java.base@11.0.15
j  java.lang.reflect.Method.invoke(Ljava/lang/Object;[Ljava/lang/Object;)Ljava/lang/Object;+59 java.base@11.0.15
j  org.gradle.wrapper.BootstrapMainStarter.start([Ljava/lang/String;Ljava/io/File;)V+82
j  org.gradle.wrapper.WrapperExecutor.execute([Ljava/lang/String;Lorg/gradle/wrapper/Install;Lorg/gradle/wrapper/BootstrapMainStarter;)V+14
j  org.gradle.wrapper.GradleWrapperMain.main([Ljava/lang/String;)V+190
v  ~StubRoutines::call_stub

---------------  P R O C E S S  ---------------

Threads class SMR info:
_java_thread_list=0x000002547e4e6ef0, length=11, elements={
0x00000254718e3800, 0x000002547cba0000, 0x000002547cbcc000, 0x000002547d538800,
0x000002547d539800, 0x000002547d53c000, 0x000002547d53d800, 0x000002547d540800,
0x000002547cbea000, 0x000002547d6ab000, 0x000002547e4e7800
}

Java Threads: ( => current thread )
=>0x00000254718e3800 JavaThread "main" [_thread_in_vm, id=13392, stack(0x0000005e27100000,0x0000005e27200000)]
  0x000002547cba0000 JavaThread "Reference Handler" daemon [_thread_blocked, id=9104, stack(0x0000005e27800000,0x0000005e27900000)]
  0x000002547cbcc000 JavaThread "Finalizer" daemon [_thread_blocked, id=11796, stack(0x0000005e27900000,0x0000005e27a00000)]
  0x000002547d538800 JavaThread "Signal Dispatcher" daemon [_thread_blocked, id=20388, stack(0x0000005e27a00000,0x0000005e27b00000)]
  0x000002547d539800 JavaThread "Attach Listener" daemon [_thread_blocked, id=15356, stack(0x0000005e27b00000,0x0000005e27c00000)]
  0x000002547d53c000 JavaThread "Service Thread" daemon [_thread_blocked, id=16652, stack(0x0000005e27c00000,0x0000005e27d00000)]
  0x000002547d53d800 JavaThread "C2 CompilerThread0" daemon [_thread_in_native, id=15588, stack(0x0000005e27d00000,0x0000005e27e00000)]
  0x000002547d540800 JavaThread "C1 CompilerThread0" daemon [_thread_blocked, id=20084, stack(0x0000005e27e00000,0x0000005e27f00000)]
  0x000002547cbea000 JavaThread "Sweeper thread" daemon [_thread_blocked, id=22356, stack(0x0000005e27f00000,0x0000005e28000000)]
  0x000002547d6ab000 JavaThread "Common-Cleaner" daemon [_thread_blocked, id=11972, stack(0x0000005e28100000,0x0000005e28200000)]
  0x000002547e4e7800 JavaThread "pool-1-thread-1" [_thread_blocked, id=20028, stack(0x0000005e28300000,0x0000005e28400000)]

Other Threads:
  0x000002547cb9f000 VMThread "VM Thread" [stack: 0x0000005e27700000,0x0000005e27800000] [id=18052]
  0x000002547d6a8800 WatcherThread [stack: 0x0000005e28000000,0x0000005e28100000] [id=8108]
  0x00000254718fd000 GCTaskThread "GC Thread#0" [stack: 0x0000005e27200000,0x0000005e27300000] [id=9180]
  0x000002547e3a1800 GCTaskThread "GC Thread#1" [stack: 0x0000005e28200000,0x0000005e28300000] [id=19292]
  0x000002547192b000 ConcurrentGCThread "G1 Main Marker" [stack: 0x0000005e27300000,0x0000005e27400000] [id=17116]
  0x000002547192f000 ConcurrentGCThread "G1 Conc#0" [stack: 0x0000005e27400000,0x0000005e27500000] [id=17540]
  0x000002547ca09800 ConcurrentGCThread "G1 Refine#0" [stack: 0x0000005e27500000,0x0000005e27600000] [id=18888]
  0x000002547ca0c800 ConcurrentGCThread "G1 Young RemSet Sampling" [stack: 0x0000005e27600000,0x0000005e27700000] [id=17640]

Threads with active compile tasks:
C2 CompilerThread0      742  841  s!   4       jdk.internal.loader.URLClassPath::getLoader (194 bytes)

VM state:not at safepoint (normal execution)

VM Mutex/Monitor currently owned by a thread: None

Heap address: 0x000000008a600000, size: 1882 MB, Compressed Oops mode: 32-bit
Narrow klass base: 0x0000000000000000, Narrow klass shift: 3
Compressed class space size: 1073741824 Address: 0x0000000100000000

Heap:
 garbage-first heap   total 120832K, used 13254K [0x000000008a600000, 0x0000000100000000)
  region size 1024K, 8 young (8192K), 3 survivors (3072K)
 Metaspace       used 11490K, capacity 11774K, committed 11904K, reserved 1060864K
  class space    used 1214K, capacity 1307K, committed 1408K, reserved 1048576K
Heap Regions: E=young(eden), S=young(survivor), O=old, HS=humongous(starts), HC=humongous(continues), CS=collection set, F=free, A=archive, TAMS=top-at-mark-start (previous, next)
|   0|0x000000008a600000, 0x000000008a600000, 0x000000008a700000|  0%| F|  |TAMS 0x000000008a600000, 0x000000008a600000| Untracked 
|   1|0x000000008a700000, 0x000000008a700000, 0x000000008a800000|  0%| F|  |TAMS 0x000000008a700000, 0x000000008a700000| Untracked 
|   2|0x000000008a800000, 0x000000008a800000, 0x000000008a900000|  0%| F|  |TAMS 0x000000008a800000, 0x000000008a800000| Untracked 
|   3|0x000000008a900000, 0x000000008aa00000, 0x000000008aa00000|100%|HS|  |TAMS 0x000000008a900000, 0x000000008a900000| Complete 
|   4|0x000000008aa00000, 0x000000008ab00000, 0x000000008ab00000|100%|HC|  |TAMS 0x000000008aa00000, 0x000000008aa00000| Complete 
|   5|0x000000008ab00000, 0x000000008ac00000, 0x000000008ac00000|100%|HC|  |TAMS 0x000000008ab00000, 0x000000008ab00000| Complete 
|   6|0x000000008ac00000, 0x000000008ad00000, 0x000000008ad00000|100%| O|  |TAMS 0x000000008ac00000, 0x000000008ac00000| Untracked 
|   7|0x000000008ad00000, 0x000000008ae00000, 0x000000008ae00000|100%| O|  |TAMS 0x000000008ad00000, 0x000000008ad00000| Untracked 
|   8|0x000000008ae00000, 0x000000008aef1a00, 0x000000008af00000| 94%| O|  |TAMS 0x000000008ae00000, 0x000000008ae00000| Untracked 
|   9|0x000000008af00000, 0x000000008af00000, 0x000000008b000000|  0%| F|  |TAMS 0x000000008af00000, 0x000000008af00000| Untracked 
|  10|0x000000008b000000, 0x000000008b000000, 0x000000008b100000|  0%| F|  |TAMS 0x000000008b000000, 0x000000008b000000| Untracked 
|  11|0x000000008b100000, 0x000000008b100000, 0x000000008b200000|  0%| F|  |TAMS 0x000000008b100000, 0x000000008b100000| Untracked 
|  12|0x000000008b200000, 0x000000008b200000, 0x000000008b300000|  0%| F|  |TAMS 0x000000008b200000, 0x000000008b200000| Untracked 
|  13|0x000000008b300000, 0x000000008b300000, 0x000000008b400000|  0%| F|  |TAMS 0x000000008b300000, 0x000000008b300000| Untracked 
|  14|0x000000008b400000, 0x000000008b400000, 0x000000008b500000|  0%| F|  |TAMS 0x000000008b400000, 0x000000008b400000| Untracked 
|  15|0x000000008b500000, 0x000000008b500000, 0x000000008b600000|  0%| F|  |TAMS 0x000000008b500000, 0x000000008b500000| Untracked 
|  16|0x000000008b600000, 0x000000008b600000, 0x000000008b700000|  0%| F|  |TAMS 0x000000008b600000, 0x000000008b600000| Untracked 
|  17|0x000000008b700000, 0x000000008b700000, 0x000000008b800000|  0%| F|  |TAMS 0x000000008b700000, 0x000000008b700000| Untracked 
|  18|0x000000008b800000, 0x000000008b800000, 0x000000008b900000|  0%| F|  |TAMS 0x000000008b800000, 0x000000008b800000| Untracked 
|  19|0x000000008b900000, 0x000000008b900000, 0x000000008ba00000|  0%| F|  |TAMS 0x000000008b900000, 0x000000008b900000| Untracked 
|  20|0x000000008ba00000, 0x000000008ba00000, 0x000000008bb00000|  0%| F|  |TAMS 0x000000008ba00000, 0x000000008ba00000| Untracked 
|  21|0x000000008bb00000, 0x000000008bb00000, 0x000000008bc00000|  0%| F|  |TAMS 0x000000008bb00000, 0x000000008bb00000| Untracked 
|  22|0x000000008bc00000, 0x000000008bc00000, 0x000000008bd00000|  0%| F|  |TAMS 0x000000008bc00000, 0x000000008bc00000| Untracked 
|  23|0x000000008bd00000, 0x000000008bd00000, 0x000000008be00000|  0%| F|  |TAMS 0x000000008bd00000, 0x000000008bd00000| Untracked 
|  24|0x000000008be00000, 0x000000008be00000, 0x000000008bf00000|  0%| F|  |TAMS 0x000000008be00000, 0x000000008be00000| Untracked 
|  25|0x000000008bf00000, 0x000000008bf00000, 0x000000008c000000|  0%| F|  |TAMS 0x000000008bf00000, 0x000000008bf00000| Untracked 
|  26|0x000000008c000000, 0x000000008c000000, 0x000000008c100000|  0%| F|  |TAMS 0x000000008c000000, 0x000000008c000000| Untracked 
|  27|0x000000008c100000, 0x000000008c100000, 0x000000008c200000|  0%| F|  |TAMS 0x000000008c100000, 0x000000008c100000| Untracked 
|  28|0x000000008c200000, 0x000000008c200000, 0x000000008c300000|  0%| F|  |TAMS 0x000000008c200000, 0x000000008c200000| Untracked 
|  29|0x000000008c300000, 0x000000008c300000, 0x000000008c400000|  0%| F|  |TAMS 0x000000008c300000, 0x000000008c300000| Untracked 
|  30|0x000000008c400000, 0x000000008c400000, 0x000000008c500000|  0%| F|  |TAMS 0x000000008c400000, 0x000000008c400000| Untracked 
|  31|0x000000008c500000, 0x000000008c500000, 0x000000008c600000|  0%| F|  |TAMS 0x000000008c500000, 0x000000008c500000| Untracked 
|  32|0x000000008c600000, 0x000000008c600000, 0x000000008c700000|  0%| F|  |TAMS 0x000000008c600000, 0x000000008c600000| Untracked 
|  33|0x000000008c700000, 0x000000008c700000, 0x000000008c800000|  0%| F|  |TAMS 0x000000008c700000, 0x000000008c700000| Untracked 
|  34|0x000000008c800000, 0x000000008c800000, 0x000000008c900000|  0%| F|  |TAMS 0x000000008c800000, 0x000000008c800000| Untracked 
|  35|0x000000008c900000, 0x000000008c900000, 0x000000008ca00000|  0%| F|  |TAMS 0x000000008c900000, 0x000000008c900000| Untracked 
|  36|0x000000008ca00000, 0x000000008ca00000, 0x000000008cb00000|  0%| F|  |TAMS 0x000000008ca00000, 0x000000008ca00000| Untracked 
|  37|0x000000008cb00000, 0x000000008cb00000, 0x000000008cc00000|  0%| F|  |TAMS 0x000000008cb00000, 0x000000008cb00000| Untracked 
|  38|0x000000008cc00000, 0x000000008cc00000, 0x000000008cd00000|  0%| F|  |TAMS 0x000000008cc00000, 0x000000008cc00000| Untracked 
|  39|0x000000008cd00000, 0x000000008cd00000, 0x000000008ce00000|  0%| F|  |TAMS 0x000000008cd00000, 0x000000008cd00000| Untracked 
|  40|0x000000008ce00000, 0x000000008ce00000, 0x000000008cf00000|  0%| F|  |TAMS 0x000000008ce00000, 0x000000008ce00000| Untracked 
|  41|0x000000008cf00000, 0x000000008cf00000, 0x000000008d000000|  0%| F|  |TAMS 0x000000008cf00000, 0x000000008cf00000| Untracked 
|  42|0x000000008d000000, 0x000000008d000000, 0x000000008d100000|  0%| F|  |TAMS 0x000000008d000000, 0x000000008d000000| Untracked 
|  43|0x000000008d100000, 0x000000008d100000, 0x000000008d200000|  0%| F|  |TAMS 0x000000008d100000, 0x000000008d100000| Untracked 
|  44|0x000000008d200000, 0x000000008d200000, 0x000000008d300000|  0%| F|  |TAMS 0x000000008d200000, 0x000000008d200000| Untracked 
|  45|0x000000008d300000, 0x000000008d300000, 0x000000008d400000|  0%| F|  |TAMS 0x000000008d300000, 0x000000008d300000| Untracked 
|  46|0x000000008d400000, 0x000000008d400000, 0x000000008d500000|  0%| F|  |TAMS 0x000000008d400000, 0x000000008d400000| Untracked 
|  47|0x000000008d500000, 0x000000008d500000, 0x000000008d600000|  0%| F|  |TAMS 0x000000008d500000, 0x000000008d500000| Untracked 
|  48|0x000000008d600000, 0x000000008d600000, 0x000000008d700000|  0%| F|  |TAMS 0x000000008d600000, 0x000000008d600000| Untracked 
|  49|0x000000008d700000, 0x000000008d700000, 0x000000008d800000|  0%| F|  |TAMS 0x000000008d700000, 0x000000008d700000| Untracked 
|  50|0x000000008d800000, 0x000000008d800000, 0x000000008d900000|  0%| F|  |TAMS 0x000000008d800000, 0x000000008d800000| Untracked 
|  51|0x000000008d900000, 0x000000008d900000, 0x000000008da00000|  0%| F|  |TAMS 0x000000008d900000, 0x000000008d900000| Untracked 
|  52|0x000000008da00000, 0x000000008da00000, 0x000000008db00000|  0%| F|  |TAMS 0x000000008da00000, 0x000000008da00000| Untracked 
|  53|0x000000008db00000, 0x000000008db00000, 0x000000008dc00000|  0%| F|  |TAMS 0x000000008db00000, 0x000000008db00000| Untracked 
|  54|0x000000008dc00000, 0x000000008dc00000, 0x000000008dd00000|  0%| F|  |TAMS 0x000000008dc00000, 0x000000008dc00000| Untracked 
|  55|0x000000008dd00000, 0x000000008dd00000, 0x000000008de00000|  0%| F|  |TAMS 0x000000008dd00000, 0x000000008dd00000| Untracked 
|  56|0x000000008de00000, 0x000000008de00000, 0x000000008df00000|  0%| F|  |TAMS 0x000000008de00000, 0x000000008de00000| Untracked 
|  57|0x000000008df00000, 0x000000008df00000, 0x000000008e000000|  0%| F|  |TAMS 0x000000008df00000, 0x000000008df00000| Untracked 
|  58|0x000000008e000000, 0x000000008e000000, 0x000000008e100000|  0%| F|  |TAMS 0x000000008e000000, 0x000000008e000000| Untracked 
|  59|0x000000008e100000, 0x000000008e100000, 0x000000008e200000|  0%| F|  |TAMS 0x000000008e100000, 0x000000008e100000| Untracked 
|  60|0x000000008e200000, 0x000000008e200000, 0x000000008e300000|  0%| F|  |TAMS 0x000000008e200000, 0x000000008e200000| Untracked 
|  61|0x000000008e300000, 0x000000008e300000, 0x000000008e400000|  0%| F|  |TAMS 0x000000008e300000, 0x000000008e300000| Untracked 
|  62|0x000000008e400000, 0x000000008e400000, 0x000000008e500000|  0%| F|  |TAMS 0x000000008e400000, 0x000000008e400000| Untracked 
|  63|0x000000008e500000, 0x000000008e500000, 0x000000008e600000|  0%| F|  |TAMS 0x000000008e500000, 0x000000008e500000| Untracked 
|  64|0x000000008e600000, 0x000000008e600000, 0x000000008e700000|  0%| F|  |TAMS 0x000000008e600000, 0x000000008e600000| Untracked 
|  65|0x000000008e700000, 0x000000008e700000, 0x000000008e800000|  0%| F|  |TAMS 0x000000008e700000, 0x000000008e700000| Untracked 
|  66|0x000000008e800000, 0x000000008e800000, 0x000000008e900000|  0%| F|  |TAMS 0x000000008e800000, 0x000000008e800000| Untracked 
|  67|0x000000008e900000, 0x000000008e900000, 0x000000008ea00000|  0%| F|  |TAMS 0x000000008e900000, 0x000000008e900000| Untracked 
|  68|0x000000008ea00000, 0x000000008ea00000, 0x000000008eb00000|  0%| F|  |TAMS 0x000000008ea00000, 0x000000008ea00000| Untracked 
|  69|0x000000008eb00000, 0x000000008eb00000, 0x000000008ec00000|  0%| F|  |TAMS 0x000000008eb00000, 0x000000008eb00000| Untracked 
|  70|0x000000008ec00000, 0x000000008ec00000, 0x000000008ed00000|  0%| F|  |TAMS 0x000000008ec00000, 0x000000008ec00000| Untracked 
|  71|0x000000008ed00000, 0x000000008ed00000, 0x000000008ee00000|  0%| F|  |TAMS 0x000000008ed00000, 0x000000008ed00000| Untracked 
|  72|0x000000008ee00000, 0x000000008ee00000, 0x000000008ef00000|  0%| F|  |TAMS 0x000000008ee00000, 0x000000008ee00000| Untracked 
|  73|0x000000008ef00000, 0x000000008ef00000, 0x000000008f000000|  0%| F|  |TAMS 0x000000008ef00000, 0x000000008ef00000| Untracked 
|  74|0x000000008f000000, 0x000000008f000000, 0x000000008f100000|  0%| F|  |TAMS 0x000000008f000000, 0x000000008f000000| Untracked 
|  75|0x000000008f100000, 0x000000008f100000, 0x000000008f200000|  0%| F|  |TAMS 0x000000008f100000, 0x000000008f100000| Untracked 
|  76|0x000000008f200000, 0x000000008f200000, 0x000000008f300000|  0%| F|  |TAMS 0x000000008f200000, 0x000000008f200000| Untracked 
|  77|0x000000008f300000, 0x000000008f300000, 0x000000008f400000|  0%| F|  |TAMS 0x000000008f300000, 0x000000008f300000| Untracked 
|  78|0x000000008f400000, 0x000000008f400000, 0x000000008f500000|  0%| F|  |TAMS 0x000000008f400000, 0x000000008f400000| Untracked 
|  79|0x000000008f500000, 0x000000008f500000, 0x000000008f600000|  0%| F|  |TAMS 0x000000008f500000, 0x000000008f500000| Untracked 
|  80|0x000000008f600000, 0x000000008f600000, 0x000000008f700000|  0%| F|  |TAMS 0x000000008f600000, 0x000000008f600000| Untracked 
|  81|0x000000008f700000, 0x000000008f700000, 0x000000008f800000|  0%| F|  |TAMS 0x000000008f700000, 0x000000008f700000| Untracked 
|  82|0x000000008f800000, 0x000000008f800000, 0x000000008f900000|  0%| F|  |TAMS 0x000000008f800000, 0x000000008f800000| Untracked 
|  83|0x000000008f900000, 0x000000008f900000, 0x000000008fa00000|  0%| F|  |TAMS 0x000000008f900000, 0x000000008f900000| Untracked 
|  84|0x000000008fa00000, 0x000000008fa00000, 0x000000008fb00000|  0%| F|  |TAMS 0x000000008fa00000, 0x000000008fa00000| Untracked 
|  85|0x000000008fb00000, 0x000000008fb00000, 0x000000008fc00000|  0%| F|  |TAMS 0x000000008fb00000, 0x000000008fb00000| Untracked 
|  86|0x000000008fc00000, 0x000000008fc00000, 0x000000008fd00000|  0%| F|  |TAMS 0x000000008fc00000, 0x000000008fc00000| Untracked 
|  87|0x000000008fd00000, 0x000000008fd00000, 0x000000008fe00000|  0%| F|  |TAMS 0x000000008fd00000, 0x000000008fd00000| Untracked 
|  88|0x000000008fe00000, 0x000000008fe00000, 0x000000008ff00000|  0%| F|  |TAMS 0x000000008fe00000, 0x000000008fe00000| Untracked 
|  89|0x000000008ff00000, 0x000000008ff00000, 0x0000000090000000|  0%| F|  |TAMS 0x000000008ff00000, 0x000000008ff00000| Untracked 
|  90|0x0000000090000000, 0x0000000090000000, 0x0000000090100000|  0%| F|  |TAMS 0x0000000090000000, 0x0000000090000000| Untracked 
|  91|0x0000000090100000, 0x0000000090200000, 0x0000000090200000|100%| S|CS|TAMS 0x0000000090100000, 0x0000000090100000| Complete 
|  92|0x0000000090200000, 0x0000000090300000, 0x0000000090300000|100%| S|CS|TAMS 0x0000000090200000, 0x0000000090200000| Complete 
|  93|0x0000000090300000, 0x0000000090400000, 0x0000000090400000|100%| S|CS|TAMS 0x0000000090300000, 0x0000000090300000| Complete 
|  94|0x0000000090400000, 0x0000000090400000, 0x0000000090500000|  0%| F|  |TAMS 0x0000000090400000, 0x0000000090400000| Untracked 
|  95|0x0000000090500000, 0x0000000090500000, 0x0000000090600000|  0%| F|  |TAMS 0x0000000090500000, 0x0000000090500000| Untracked 
|  96|0x0000000090600000, 0x0000000090600000, 0x0000000090700000|  0%| F|  |TAMS 0x0000000090600000, 0x0000000090600000| Untracked 
|  97|0x0000000090700000, 0x0000000090700000, 0x0000000090800000|  0%| F|  |TAMS 0x0000000090700000, 0x0000000090700000| Untracked 
|  98|0x0000000090800000, 0x0000000090800000, 0x0000000090900000|  0%| F|  |TAMS 0x0000000090800000, 0x0000000090800000| Untracked 
|  99|0x0000000090900000, 0x0000000090900000, 0x0000000090a00000|  0%| F|  |TAMS 0x0000000090900000, 0x0000000090900000| Untracked 
| 100|0x0000000090a00000, 0x0000000090a00000, 0x0000000090b00000|  0%| F|  |TAMS 0x0000000090a00000, 0x0000000090a00000| Untracked 
| 101|0x0000000090b00000, 0x0000000090b00000, 0x0000000090c00000|  0%| F|  |TAMS 0x0000000090b00000, 0x0000000090b00000| Untracked 
| 102|0x0000000090c00000, 0x0000000090c00000, 0x0000000090d00000|  0%| F|  |TAMS 0x0000000090c00000, 0x0000000090c00000| Untracked 
| 103|0x0000000090d00000, 0x0000000090d00000, 0x0000000090e00000|  0%| F|  |TAMS 0x0000000090d00000, 0x0000000090d00000| Untracked 
| 104|0x0000000090e00000, 0x0000000090e00000, 0x0000000090f00000|  0%| F|  |TAMS 0x0000000090e00000, 0x0000000090e00000| Untracked 
| 105|0x0000000090f00000, 0x0000000090f00000, 0x0000000091000000|  0%| F|  |TAMS 0x0000000090f00000, 0x0000000090f00000| Untracked 
| 106|0x0000000091000000, 0x0000000091000000, 0x0000000091100000|  0%| F|  |TAMS 0x0000000091000000, 0x0000000091000000| Untracked 
| 107|0x0000000091100000, 0x0000000091100000, 0x0000000091200000|  0%| F|  |TAMS 0x0000000091100000, 0x0000000091100000| Untracked 
| 108|0x0000000091200000, 0x0000000091200000, 0x0000000091300000|  0%| F|  |TAMS 0x0000000091200000, 0x0000000091200000| Untracked 
| 109|0x0000000091300000, 0x0000000091300000, 0x0000000091400000|  0%| F|  |TAMS 0x0000000091300000, 0x0000000091300000| Untracked 
| 110|0x0000000091400000, 0x0000000091400000, 0x0000000091500000|  0%| F|  |TAMS 0x0000000091400000, 0x0000000091400000| Untracked 
| 111|0x0000000091500000, 0x0000000091500000, 0x0000000091600000|  0%| F|  |TAMS 0x0000000091500000, 0x0000000091500000| Untracked 
| 112|0x0000000091600000, 0x0000000091600000, 0x0000000091700000|  0%| F|  |TAMS 0x0000000091600000, 0x0000000091600000| Untracked 
| 113|0x0000000091700000, 0x0000000091800000, 0x0000000091800000|100%| E|  |TAMS 0x0000000091700000, 0x0000000091700000| Complete 
| 114|0x0000000091800000, 0x0000000091900000, 0x0000000091900000|100%| E|CS|TAMS 0x0000000091800000, 0x0000000091800000| Complete 
| 115|0x0000000091900000, 0x0000000091a00000, 0x0000000091a00000|100%| E|CS|TAMS 0x0000000091900000, 0x0000000091900000| Complete 
| 116|0x0000000091a00000, 0x0000000091b00000, 0x0000000091b00000|100%| E|CS|TAMS 0x0000000091a00000, 0x0000000091a00000| Complete 
| 117|0x0000000091b00000, 0x0000000091c00000, 0x0000000091c00000|100%| E|CS|TAMS 0x0000000091b00000, 0x0000000091b00000| Complete 

Card table byte_map: [0x0000025475d00000,0x00000254760b0000] _byte_map_base: 0x00000254758ad000

Marking Bits (Prev, Next): (CMBitMap*) 0x0000025471922e78, (CMBitMap*) 0x0000025471922eb0
 Prev Bits: [0x0000025476460000, 0x00000254781c8000)
 Next Bits: [0x00000254781d0000, 0x0000025479f38000)

Polling page: 0x000002546f8e0000

Metaspace:

Usage:
  Non-class:     10.22 MB capacity,    10.04 MB ( 98%) used,   178.38 KB (  2%) free+waste,    12.75 KB ( <1%) overhead. 
      Class:      1.28 MB capacity,     1.19 MB ( 93%) used,    85.83 KB (  7%) free+waste,     6.25 KB ( <1%) overhead. 
       Both:     11.50 MB capacity,    11.22 MB ( 98%) used,   264.20 KB (  2%) free+waste,    19.00 KB ( <1%) overhead. 

Virtual space:
  Non-class space:       12.00 MB reserved,      10.25 MB ( 85%) committed 
      Class space:        1.00 GB reserved,       1.38 MB ( <1%) committed 
             Both:        1.01 GB reserved,      11.62 MB (  1%) committed 

Chunk freelists:
   Non-Class:  29.00 KB
       Class:  5.00 KB
        Both:  34.00 KB

MaxMetaspaceSize: 17179869184.00 GB
CompressedClassSpaceSize: 1.00 GB
Initial GC threshold: 20.80 MB
Current GC threshold: 20.80 MB
CDS: off

CodeHeap 'non-profiled nmethods': size=120000Kb used=295Kb max_used=295Kb free=119704Kb
 bounds [0x0000025407ad0000, 0x0000025407d40000, 0x000002540f000000]
CodeHeap 'profiled nmethods': size=120000Kb used=1757Kb max_used=1757Kb free=118242Kb
 bounds [0x00000254005a0000, 0x0000025400810000, 0x0000025407ad0000]
CodeHeap 'non-nmethods': size=5760Kb used=1126Kb max_used=1136Kb free=4633Kb
 bounds [0x0000025400000000, 0x0000025400270000, 0x00000254005a0000]
 total_blobs=1314 nmethods=935 adapters=292
 compilation: enabled
              stopped_count=0, restarted_count=0
 full_count=0

Compilation events (20 events):
Event: 0.711 Thread 0x000002547d540800  932       3       java.nio.CharBuffer::limit (6 bytes)
Event: 0.711 Thread 0x000002547d540800 nmethod 932 0x0000025400754490 code [0x0000025400754660, 0x0000025400754808]
Event: 0.711 Thread 0x000002547d540800  933       3       java.nio.CharBuffer::limit (8 bytes)
Event: 0.711 Thread 0x000002547d540800 nmethod 933 0x0000025400754910 code [0x0000025400754ac0, 0x0000025400754c08]
Event: 0.711 Thread 0x000002547d540800  934       3       sun.nio.fs.WindowsPath::<init> (26 bytes)
Event: 0.712 Thread 0x000002547d540800 nmethod 934 0x0000025400754c90 code [0x0000025400754e60, 0x0000025400755138]
Event: 0.712 Thread 0x000002547d540800  935       3       java.nio.ByteBuffer::limit (6 bytes)
Event: 0.712 Thread 0x000002547d540800 nmethod 935 0x0000025400755210 code [0x00000254007553c0, 0x0000025400755568]
Event: 0.718 Thread 0x000002547d540800  937       1       java.lang.reflect.Method::getModifiers (5 bytes)
Event: 0.719 Thread 0x000002547d540800 nmethod 937 0x0000025407b19b90 code [0x0000025407b19d40, 0x0000025407b19df8]
Event: 0.719 Thread 0x000002547d540800  938       3       sun.reflect.generics.parser.SignatureParser::current (59 bytes)
Event: 0.719 Thread 0x000002547d540800 nmethod 938 0x0000025400755610 code [0x0000025400755840, 0x0000025400755f18]
Event: 0.719 Thread 0x000002547d540800  939       3       sun.reflect.generics.parser.SignatureParser::advance (53 bytes)
Event: 0.719 Thread 0x000002547d540800 nmethod 939 0x0000025400756190 code [0x0000025400756360, 0x00000254007565b8]
Event: 0.720 Thread 0x000002547d540800  940       3       java.lang.Character::isWhitespace (5 bytes)
Event: 0.720 Thread 0x000002547d540800 nmethod 940 0x0000025400756710 code [0x00000254007568e0, 0x0000025400756b18]
Event: 0.720 Thread 0x000002547d540800  942       3       java.lang.CharacterDataLatin1::isWhitespace (23 bytes)
Event: 0.720 Thread 0x000002547d540800 nmethod 942 0x0000025400756c10 code [0x0000025400756dc0, 0x0000025400756fb8]
Event: 0.720 Thread 0x000002547d540800  941       3       java.lang.Character::isWhitespace (9 bytes)
Event: 0.720 Thread 0x000002547d540800 nmethod 941 0x0000025400757110 code [0x00000254007572e0, 0x00000254007574b8]

GC Heap History (2 events):
Event: 0.650 GC heap before
{Heap before GC invocations=0 (full 0):
 garbage-first heap   total 120832K, used 29696K [0x000000008a600000, 0x0000000100000000)
  region size 1024K, 24 young (24576K), 0 survivors (0K)
 Metaspace       used 10620K, capacity 10854K, committed 11008K, reserved 1058816K
  class space    used 1072K, capacity 1168K, committed 1280K, reserved 1048576K
}
Event: 0.656 GC heap after
{Heap after GC invocations=1 (full 0):
 garbage-first heap   total 120832K, used 9158K [0x000000008a600000, 0x0000000100000000)
  region size 1024K, 3 young (3072K), 3 survivors (3072K)
 Metaspace       used 10620K, capacity 10854K, committed 11008K, reserved 1058816K
  class space    used 1072K, capacity 1168K, committed 1280K, reserved 1048576K
}

Deoptimization events (20 events):
Event: 0.624 Thread 0x00000254718e3800 Uncommon trap: trap_request=0xffffffde fr.pc=0x0000025407aee528 relative=0x00000000000002c8
Event: 0.624 Thread 0x00000254718e3800 Uncommon trap: reason=class_check action=maybe_recompile pc=0x0000025407aee528 method=java.util.regex.Matcher.match(II)Z @ 121 c2
Event: 0.624 Thread 0x00000254718e3800 DEOPT PACKING pc=0x0000025407aee528 sp=0x0000005e271fd0f0
Event: 0.624 Thread 0x00000254718e3800 DEOPT UNPACKING pc=0x000002540004a1af sp=0x0000005e271fd088 mode 2
Event: 0.624 Thread 0x00000254718e3800 Uncommon trap: trap_request=0xffffffde fr.pc=0x0000025407aee528 relative=0x00000000000002c8
Event: 0.624 Thread 0x00000254718e3800 Uncommon trap: reason=class_check action=maybe_recompile pc=0x0000025407aee528 method=java.util.regex.Matcher.match(II)Z @ 121 c2
Event: 0.624 Thread 0x00000254718e3800 DEOPT PACKING pc=0x0000025407aee528 sp=0x0000005e271fd0f0
Event: 0.624 Thread 0x00000254718e3800 DEOPT UNPACKING pc=0x000002540004a1af sp=0x0000005e271fd088 mode 2
Event: 0.625 Thread 0x00000254718e3800 Uncommon trap: trap_request=0xffffffde fr.pc=0x0000025407aee528 relative=0x00000000000002c8
Event: 0.625 Thread 0x00000254718e3800 Uncommon trap: reason=class_check action=maybe_recompile pc=0x0000025407aee528 method=java.util.regex.Matcher.match(II)Z @ 121 c2
Event: 0.625 Thread 0x00000254718e3800 DEOPT PACKING pc=0x0000025407aee528 sp=0x0000005e271fcf70
Event: 0.625 Thread 0x00000254718e3800 DEOPT UNPACKING pc=0x000002540004a1af sp=0x0000005e271fcf08 mode 2
Event: 0.625 Thread 0x00000254718e3800 Uncommon trap: trap_request=0xffffffde fr.pc=0x0000025407aee528 relative=0x00000000000002c8
Event: 0.625 Thread 0x00000254718e3800 Uncommon trap: reason=class_check action=maybe_recompile pc=0x0000025407aee528 method=java.util.regex.Matcher.match(II)Z @ 121 c2
Event: 0.625 Thread 0x00000254718e3800 DEOPT PACKING pc=0x0000025407aee528 sp=0x0000005e271fcf70
Event: 0.625 Thread 0x00000254718e3800 DEOPT UNPACKING pc=0x000002540004a1af sp=0x0000005e271fcf08 mode 2
Event: 0.630 Thread 0x00000254718e3800 Uncommon trap: trap_request=0xffffff4d fr.pc=0x0000025407b125d0 relative=0x0000000000000210
Event: 0.630 Thread 0x00000254718e3800 Uncommon trap: reason=unstable_if action=reinterpret pc=0x0000025407b125d0 method=java.util.HashMap.hash(Ljava/lang/Object;)I @ 1 c2
Event: 0.630 Thread 0x00000254718e3800 DEOPT PACKING pc=0x0000025407b125d0 sp=0x0000005e271fd040
Event: 0.630 Thread 0x00000254718e3800 DEOPT UNPACKING pc=0x000002540004a1af sp=0x0000005e271fcf78 mode 2

Classes redefined (0 events):
No events

Internal exceptions (8 events):
Event: 0.141 Thread 0x00000254718e3800 Exception <a 'java/lang/NoSuchMethodError'{0x0000000091a9f270}: 'int java.lang.invoke.DirectMethodHandle$Holder.invokeSpecialIFC(java.lang.Object, java.lang.Object, int)'> (0x0000000091a9f270) thrown at [src/hotspot/share/interpreter/linkResolver.cpp, line 773]
Event: 0.245 Thread 0x00000254718e3800 Exception <a 'java/lang/NoSuchMethodError'{0x0000000091876568}: 'int java.lang.invoke.DirectMethodHandle$Holder.invokeStaticInit(java.lang.Object, java.lang.Object)'> (0x0000000091876568) thrown at [src/hotspot/share/interpreter/linkResolver.cpp, line 773]
Event: 0.271 Thread 0x00000254718e3800 Exception <a 'java/lang/NoSuchMethodError'{0x000000009174c3c8}: 'int java.lang.invoke.DirectMethodHandle$Holder.invokeSpecial(java.lang.Object, java.lang.Object, java.lang.Object, java.lang.Object)'> (0x000000009174c3c8) thrown at [src/hotspot/share/interpreter/linkResolver.cpp, line 773]
Event: 0.630 Thread 0x00000254718e3800 Implicit null exception at 0x0000025407b123f5 to 0x0000025407b125c0
Event: 0.648 Thread 0x00000254718e3800 Exception <a 'java/lang/NoClassDefFoundError'{0x00000000904dcc40}: org/slf4j/impl/StaticMarkerBinder> (0x00000000904dcc40) thrown at [src/hotspot/share/classfile/systemDictionary.cpp, line 219]
Event: 0.670 Thread 0x00000254718e3800 Exception <a 'java/lang/NoSuchMethodError'{0x0000000091bdd980}: 'java.lang.Object java.lang.invoke.DirectMethodHandle$Holder.invokeVirtual(java.lang.Object, java.lang.Object, java.lang.Object, java.lang.Object, java.lang.Object, java.lang.Object, java.lang.Object)'> (0x0000000091bdd980) thrown at [src/hotspot/share/interpreter/linkResolver.cpp, line 773]
Event: 0.671 Thread 0x00000254718e3800 Exception <a 'java/lang/NoSuchMethodError'{0x0000000091bf1c78}: 'java.lang.Object java.lang.invoke.Invokers$Holder.invoker(java.lang.Object, java.lang.Object, java.lang.Object)'> (0x0000000091bf1c78) thrown at [src/hotspot/share/interpreter/linkResolver.cpp, line 773]
Event: 0.674 Thread 0x00000254718e3800 Exception <a 'java/lang/NoSuchMethodError'{0x0000000091a03468}: 'void java.lang.invoke.DelegatingMethodHandle$Holder.delegate(java.lang.Object, java.lang.Object, int, java.lang.Object)'> (0x0000000091a03468) thrown at [src/hotspot/share/interpreter/linkResolver.cpp, line 773]

Events (20 events):
Event: 0.718 loading class org/gradle/internal/event/DefaultListenerManager
Event: 0.718 loading class org/gradle/internal/event/DefaultListenerManager done
Event: 0.718 loading class org/gradle/internal/event/ListenerManager
Event: 0.718 loading class org/gradle/internal/event/ListenerManager done
Event: 0.718 loading class sun/reflect/generics/scope/MethodScope
Event: 0.719 loading class sun/reflect/generics/scope/MethodScope done
Event: 0.719 loading class sun/reflect/generics/repository/MethodRepository
Event: 0.719 loading class sun/reflect/generics/repository/ConstructorRepository
Event: 0.719 loading class sun/reflect/generics/repository/ConstructorRepository done
Event: 0.719 loading class sun/reflect/generics/repository/MethodRepository done
Event: 0.719 loading class sun/reflect/generics/tree/MethodTypeSignature
Event: 0.719 loading class sun/reflect/generics/tree/MethodTypeSignature done
Event: 0.719 loading class org/gradle/api/tasks/util/PatternSet
Event: 0.719 loading class org/gradle/api/tasks/util/PatternSet done
Event: 0.719 loading class org/gradle/api/tasks/AntBuilderAware
Event: 0.719 loading class org/gradle/api/tasks/AntBuilderAware done
Event: 0.719 loading class org/gradle/api/tasks/util/PatternFilterable
Event: 0.719 loading class org/gradle/api/tasks/util/PatternFilterable done
Event: 0.720 loading class org/gradle/api/internal/file/DefaultFileLookup
Event: 0.720 loading class org/gradle/api/internal/file/DefaultFileLookup done


Dynamic libraries:
0x00007ff665120000 - 0x00007ff66512a000 	C:\Apps\Android Studio\jbr\bin\java.exe
0x00007ffad5d30000 - 0x00007ffad5f44000 	C:\WINDOWS\SYSTEM32\ntdll.dll
0x00007ffad4df0000 - 0x00007ffad4eb2000 	C:\WINDOWS\System32\KERNEL32.DLL
0x00007ffad36b0000 - 0x00007ffad3a4c000 	C:\WINDOWS\System32\KERNELBASE.dll
0x00007ffad3290000 - 0x00007ffad33a1000 	C:\WINDOWS\System32\ucrtbase.dll
0x00007ffaa5b90000 - 0x00007ffaa5ba7000 	C:\Apps\Android Studio\jbr\bin\jli.dll
0x00007ffab7030000 - 0x00007ffab704b000 	C:\Apps\Android Studio\jbr\bin\VCRUNTIME140.dll
0x00007ffad5ac0000 - 0x00007ffad5c6b000 	C:\WINDOWS\System32\USER32.dll
0x00007ffab73b0000 - 0x00007ffab763e000 	C:\WINDOWS\WinSxS\amd64_microsoft.windows.common-controls_6595b64144ccf1df_6.0.22621.608_none_a9444ca7c10bb01d\COMCTL32.dll
0x00007ffad3a50000 - 0x00007ffad3a76000 	C:\WINDOWS\System32\win32u.dll
0x00007ffad3b80000 - 0x00007ffad3ba9000 	C:\WINDOWS\System32\GDI32.dll
0x00007ffad3c30000 - 0x00007ffad3cd7000 	C:\WINDOWS\System32\msvcrt.dll
0x00007ffad3520000 - 0x00007ffad3633000 	C:\WINDOWS\System32\gdi32full.dll
0x00007ffad31f0000 - 0x00007ffad328a000 	C:\WINDOWS\System32\msvcp_win.dll
0x00007ffad3b40000 - 0x00007ffad3b71000 	C:\WINDOWS\System32\IMM32.DLL
0x00007ffab8fd0000 - 0x00007ffab8fdc000 	C:\Apps\Android Studio\jbr\bin\vcruntime140_1.dll
0x00007ffa95b30000 - 0x00007ffa95bbd000 	C:\Apps\Android Studio\jbr\bin\msvcp140.dll
0x00007ffa444d0000 - 0x00007ffa4508c000 	C:\Apps\Android Studio\jbr\bin\server\jvm.dll
0x00007ffad4840000 - 0x00007ffad48ee000 	C:\WINDOWS\System32\ADVAPI32.dll
0x00007ffad44d0000 - 0x00007ffad4574000 	C:\WINDOWS\System32\sechost.dll
0x00007ffad4580000 - 0x00007ffad4697000 	C:\WINDOWS\System32\RPCRT4.dll
0x00007ffad48f0000 - 0x00007ffad48f8000 	C:\WINDOWS\System32\PSAPI.DLL
0x00007ffacbc50000 - 0x00007ffacbc84000 	C:\WINDOWS\SYSTEM32\WINMM.dll
0x00007ffacb650000 - 0x00007ffacb65a000 	C:\WINDOWS\SYSTEM32\VERSION.dll
0x00007ffad0420000 - 0x00007ffad0429000 	C:\WINDOWS\SYSTEM32\WSOCK32.dll
0x00007ffad4d70000 - 0x00007ffad4de1000 	C:\WINDOWS\System32\WS2_32.dll
0x00007ffad2180000 - 0x00007ffad2198000 	C:\WINDOWS\SYSTEM32\kernel.appcore.dll
0x00007ffacfd60000 - 0x00007ffacfd70000 	C:\Apps\Android Studio\jbr\bin\verify.dll
0x00007ffac21c0000 - 0x00007ffac23ee000 	C:\WINDOWS\SYSTEM32\DBGHELP.DLL
0x00007ffad5200000 - 0x00007ffad5589000 	C:\WINDOWS\System32\combase.dll
0x00007ffad4ac0000 - 0x00007ffad4b97000 	C:\WINDOWS\System32\OLEAUT32.dll
0x00007ffab4760000 - 0x00007ffab4792000 	C:\WINDOWS\SYSTEM32\dbgcore.DLL
0x00007ffad3170000 - 0x00007ffad31eb000 	C:\WINDOWS\System32\bcryptPrimitives.dll
0x00007fface330000 - 0x00007fface358000 	C:\Apps\Android Studio\jbr\bin\java.dll
0x00007fface710000 - 0x00007fface71a000 	C:\Apps\Android Studio\jbr\bin\jimage.dll
0x00007fface6b0000 - 0x00007fface6c8000 	C:\Apps\Android Studio\jbr\bin\zip.dll
0x00007ffad3ce0000 - 0x00007ffad44d0000 	C:\WINDOWS\System32\SHELL32.dll
0x00007ffad1130000 - 0x00007ffad19fd000 	C:\WINDOWS\SYSTEM32\windows.storage.dll
0x00007ffad0ff0000 - 0x00007ffad112e000 	C:\WINDOWS\SYSTEM32\wintypes.dll
0x00007ffad5100000 - 0x00007ffad51f1000 	C:\WINDOWS\System32\SHCORE.dll
0x00007ffad4900000 - 0x00007ffad495e000 	C:\WINDOWS\System32\shlwapi.dll
0x00007ffad30a0000 - 0x00007ffad30c1000 	C:\WINDOWS\SYSTEM32\profapi.dll
0x00007ffaccbf0000 - 0x00007ffaccc09000 	C:\Apps\Android Studio\jbr\bin\net.dll
0x00007ffacbb10000 - 0x00007ffacbc47000 	C:\WINDOWS\SYSTEM32\WINHTTP.dll
0x00007ffad25f0000 - 0x00007ffad2659000 	C:\WINDOWS\system32\mswsock.dll
0x00007ffab9490000 - 0x00007ffab94a3000 	C:\Apps\Android Studio\jbr\bin\nio.dll
0x00007ffaa0eb0000 - 0x00007ffaa0ed7000 	C:\Users\Harsh Jethva\.gradle\native\e1d6ef7f7dcc3fd88c89a11ec53ec762bb8ba0a96d01ffa2cd45eb1d1d8dd5c5\windows-amd64\native-platform.dll

dbghelp: loaded successfully - version: 4.0.5 - missing functions: none
symbol engine: initialized successfully - sym options: 0x614 - pdb path: .;C:\Apps\Android Studio\jbr\bin;C:\WINDOWS\SYSTEM32;C:\WINDOWS\WinSxS\amd64_microsoft.windows.common-controls_6595b64144ccf1df_6.0.22621.608_none_a9444ca7c10bb01d;C:\Apps\Android Studio\jbr\bin\server;C:\Users\Harsh Jethva\.gradle\native\e1d6ef7f7dcc3fd88c89a11ec53ec762bb8ba0a96d01ffa2cd45eb1d1d8dd5c5\windows-amd64

VM Arguments:
jvm_args: -Dorg.gradle.appname=gradlew 
java_command: org.gradle.wrapper.GradleWrapperMain -q -Ptarget-platform=android-arm64 -Ptarget=H:\Flutter Projects\rku_bus_guide\lib\main.dart -Pbase-application-name=android.app.Application -Pdart-defines=Zmx1dHRlci5pbnNwZWN0b3Iuc3RydWN0dXJlZEVycm9ycz10cnVl,RkxVVFRFUl9XRUJfQVVUT19ERVRFQ1Q9dHJ1ZQ== -Pdart-obfuscation=false -Ptrack-widget-creation=true -Ptree-shake-icons=false -Pfilesystem-scheme=org-dartlang-root assembleDebug
java_class_path (initial): H:\Flutter Projects\rku_bus_guide\android\\gradle\wrapper\gradle-wrapper.jar
Launcher Type: SUN_STANDARD

[Global flags]
     intx CICompilerCount                          = 4                                         {product} {ergonomic}
     uint ConcGCThreads                            = 3                                         {product} {ergonomic}
     uint G1ConcRefinementThreads                  = 10                                        {product} {ergonomic}
   size_t G1HeapRegionSize                         = 1048576                                   {product} {ergonomic}
    uintx GCDrainStackTargetSize                   = 64                                        {product} {ergonomic}
   size_t InitialHeapSize                          = 123731968                                 {product} {ergonomic}
   size_t MarkStackSize                            = 4194304                                   {product} {ergonomic}
   size_t MaxHeapSize                              = 1973420032                                {product} {ergonomic}
   size_t MaxNewSize                               = 1183842304                                {product} {ergonomic}
   size_t MinHeapDeltaBytes                        = 1048576                                   {product} {ergonomic}
    uintx NonNMethodCodeHeapSize                   = 5836300                                {pd product} {ergonomic}
    uintx NonProfiledCodeHeapSize                  = 122910970                              {pd product} {ergonomic}
    uintx ProfiledCodeHeapSize                     = 122910970                              {pd product} {ergonomic}
    uintx ReservedCodeCacheSize                    = 251658240                              {pd product} {ergonomic}
     bool SegmentedCodeCache                       = true                                      {product} {ergonomic}
     bool UseCompressedClassPointers               = true                                 {lp64_product} {ergonomic}
     bool UseCompressedOops                        = true                                 {lp64_product} {ergonomic}
     bool UseG1GC                                  = true                                      {product} {ergonomic}
     bool UseLargePagesIndividualAllocation        = false                                  {pd product} {ergonomic}

Logging:
Log output configuration:
 #0: stdout all=warning uptime,level,tags
 #1: stderr all=off uptime,level,tags

Environment Variables:
JAVA_HOME=C:\Apps\Android Studio\jbr
CLASSPATH=H:\Flutter Projects\rku_bus_guide\android\\gradle\wrapper\gradle-wrapper.jar
PATH=C:\Windows\system32;C:\Windows;C:\Windows\System32\Wbem;C:\Windows\System32\WindowsPowerShell\v1.0\;C:\Windows\System32\OpenSSH\;C:\Program Files\NVIDIA Corporation\NVIDIA NvDLISR;C:\Apps\JDk\bin;C:\Program Files\Microsoft SQL Server\130\Tools\Binn\;C:\Program Files (x86)\NVIDIA Corporation\PhysX\Common;C:\xampp\php;C:\ProgramData\ComposerSetup\bin;C:\WINDOWS\system32;C:\WINDOWS;C:\WINDOWS\System32\Wbem;C:\WINDOWS\System32\WindowsPowerShell\v1.0\;C:\WINDOWS\System32\OpenSSH\;C:\Program Files\Git\cmd;C:\Apps\nodejs\;C:\Program Files\Microsoft SQL Server\150\Tools\Binn\;C:\Apps\flutter\bin;C:\Program Files\Java\jdk-19\bin;C:\Users\Harsh Jethva\AppData\Local\Pub\Cache\bin;C:\Users\Harsh Jethva\AppData\Local\Programs\Python\Python311\Scripts\;C:\Users\Harsh Jethva\AppData\Local\Programs\Python\Python311\;C:\Users\Harsh Jethva\AppData\Local\Microsoft\WindowsApps;C:\Apps\IntelliJ IDEA Community Edition 2023.1\bin;;C:\Users\Harsh Jethva\AppData\Roaming\Composer\vendor\bin;C:\Apps\Microsoft VS Code\bin;C:\Users\Harsh Jethva\AppData\Roaming\npm;C:\Users\Harsh Jethva\AppData\Local\GitHubDesktop\bin;C:\Users\Harsh Jethva\AppData\Local\Pub\Cache\bin;;C:\Apps\flutter\bin\mingit\cmd
USERNAME=Harsh Jethva
OS=Windows_NT
PROCESSOR_IDENTIFIER=AMD64 Family 25 Model 80 Stepping 0, AuthenticAMD



---------------  S Y S T E M  ---------------

OS: Windows 11 , 64 bit Build 22621 (10.0.22621.1485)
OS uptime: 0 days 9:21 hours
Hyper-V role detected

CPU:total 12 (initial active 12) (12 cores per cpu, 2 threads per core) family 25 model 80 stepping 0 microcode 0x0, cmov, cx8, fxsr, mmx, sse, sse2, sse3, ssse3, sse4.1, sse4.2, popcnt, avx, avx2, aes, clmul, erms, mmxext, 3dnowpref, lzcnt, sse4a, ht, tsc, tscinvbit, tscinv, bmi1, bmi2, adx, sha, fma

Memory: 4k page, system-wide physical 7521M (163M free)
TotalPageFile size 14521M (AvailPageFile size 2M)
current process WorkingSet (physical memory assigned to process): 95M, peak: 95M
current process commit charge ("private bytes"): 221M, peak: 221M

vm_info: OpenJDK 64-Bit Server VM (11.0.15+0-b2043.56-9505619) for windows-amd64 JRE (11.0.15+0-b2043.56-9505619), built on Jan 19 2023 02:48:00 by "builduser" with unknown MS VC++:1929

END.
