#
# There is insufficient memory for the Java Runtime Environment to continue.
# Native memory allocation (malloc) failed to allocate 32744 bytes for ChunkPool::allocate
# Possible reasons:
#   The system is out of physical RAM or swap space
#   The process is running with CompressedOops enabled, and the Java Heap may be blocking the growth of the native heap
# Possible solutions:
#   Reduce memory load on the system
#   Increase physical memory or swap space
#   Check if swap backing store is full
#   Decrease Java heap size (-Xmx/-Xms)
#   Decrease number of Java threads
#   Decrease Java thread stack sizes (-Xss)
#   Set larger code cache with -XX:ReservedCodeCacheSize=
#   JVM is running with Unscaled Compressed Oops mode in which the Java heap is
#     placed in the first 4GB address space. The Java Heap base address is the
#     maximum limit for the native heap growth. Please use -XX:HeapBaseMinAddress
#     to set the Java Heap base and to place the Java Heap above 4GB virtual address.
# This output file may be truncated or incomplete.
#
#  Out of Memory Error (src/hotspot/share/memory/arena.cpp:81), pid=19324, tid=21272
#
# JRE version: OpenJDK Runtime Environment (11.0.15) (build 11.0.15+0-b2043.56-9505619)
# Java VM: OpenJDK 64-Bit Server VM (11.0.15+0-b2043.56-9505619, mixed mode, tiered, compressed oops, g1 gc, windows-amd64)
# No core dump will be written. Minidumps are not enabled by default on client versions of Windows
#

---------------  S U M M A R Y ------------

Command Line: -Dorg.gradle.appname=gradlew org.gradle.wrapper.GradleWrapperMain -q -Ptarget-platform=android-arm64 -Ptarget=H:\Flutter Projects\rku_bus_guide\lib\main.dart -Pbase-application-name=android.app.Application -Pdart-defines=Zmx1dHRlci5pbnNwZWN0b3Iuc3RydWN0dXJlZEVycm9ycz10cnVl,RkxVVFRFUl9XRUJfQVVUT19ERVRFQ1Q9dHJ1ZQ== -Pdart-obfuscation=false -Ptrack-widget-creation=true -Ptree-shake-icons=false -Pfilesystem-scheme=org-dartlang-root assembleDebug

Host: AMD Ryzen 5 5600H with Radeon Graphics         , 12 cores, 7G,  Windows 11 , 64 bit Build 22621 (10.0.22621.1485)
Time: Tue May  2 20:29:52 2023 India Standard Time elapsed time: 5.638127 seconds (0d 0h 0m 5s)

---------------  T H R E A D  ---------------

Current thread (0x000002db2e92e000):  JavaThread "C1 CompilerThread0" daemon [_thread_in_native, id=21272, stack(0x000000ee66d00000,0x000000ee66e00000)]


Current CompileTask:
C1:   5638 1207       3       org.gradle.internal.logging.text.AbstractLineChoppingStyledTextOutput$StateContext::isCurrentCharEquals (70 bytes)

Stack: [0x000000ee66d00000,0x000000ee66e00000]
Native frames: (J=compiled Java code, j=interpreted, Vv=VM code, C=native code)
V  [jvm.dll+0x64135a]
V  [jvm.dll+0x7d39f9]
V  [jvm.dll+0x7d51b9]
V  [jvm.dll+0x7d58a3]
V  [jvm.dll+0x2691c5]
V  [jvm.dll+0xc1cbf]
V  [jvm.dll+0xc200c]
V  [jvm.dll+0xcdd4a]
V  [jvm.dll+0x17524e]
V  [jvm.dll+0x16bb88]
V  [jvm.dll+0x1685ce]
V  [jvm.dll+0x154bd0]
V  [jvm.dll+0x13bf69]
V  [jvm.dll+0x13b89f]
V  [jvm.dll+0x13bad4]
V  [jvm.dll+0x13ae22]
V  [jvm.dll+0x13ccbc]
V  [jvm.dll+0x230479]
V  [jvm.dll+0x22e5ef]
V  [jvm.dll+0x794de1]
V  [jvm.dll+0x78dc24]
V  [jvm.dll+0x6400f6]
C  [ucrtbase.dll+0x29363]
C  [KERNEL32.DLL+0x1269d]
C  [ntdll.dll+0x5a9f8]


---------------  P R O C E S S  ---------------

Threads class SMR info:
_java_thread_list=0x000002db2fcd8460, length=13, elements={
0x000002db13ce0000, 0x000002db2df91800, 0x000002db2dfbd800, 0x000002db2e926800,
0x000002db2e927800, 0x000002db2e92c000, 0x000002db2e92d000, 0x000002db2e92e000,
0x000002db2dfd6800, 0x000002db2ea99000, 0x000002db2f598000, 0x000002db2f6db000,
0x000002db2f6dd000
}

Java Threads: ( => current thread )
  0x000002db13ce0000 JavaThread "main" [_thread_in_native, id=18144, stack(0x000000ee66000000,0x000000ee66100000)]
  0x000002db2df91800 JavaThread "Reference Handler" daemon [_thread_blocked, id=8356, stack(0x000000ee66700000,0x000000ee66800000)]
  0x000002db2dfbd800 JavaThread "Finalizer" daemon [_thread_blocked, id=12964, stack(0x000000ee66800000,0x000000ee66900000)]
  0x000002db2e926800 JavaThread "Signal Dispatcher" daemon [_thread_blocked, id=23992, stack(0x000000ee66900000,0x000000ee66a00000)]
  0x000002db2e927800 JavaThread "Attach Listener" daemon [_thread_blocked, id=9908, stack(0x000000ee66a00000,0x000000ee66b00000)]
  0x000002db2e92c000 JavaThread "Service Thread" daemon [_thread_blocked, id=16960, stack(0x000000ee66b00000,0x000000ee66c00000)]
  0x000002db2e92d000 JavaThread "C2 CompilerThread0" daemon [_thread_blocked, id=1276, stack(0x000000ee66c00000,0x000000ee66d00000)]
=>0x000002db2e92e000 JavaThread "C1 CompilerThread0" daemon [_thread_in_native, id=21272, stack(0x000000ee66d00000,0x000000ee66e00000)]
  0x000002db2dfd6800 JavaThread "Sweeper thread" daemon [_thread_blocked, id=21896, stack(0x000000ee66e00000,0x000000ee66f00000)]
  0x000002db2ea99000 JavaThread "Common-Cleaner" daemon [_thread_blocked, id=22360, stack(0x000000ee67000000,0x000000ee67100000)]
  0x000002db2f598000 JavaThread "pool-1-thread-1" [_thread_blocked, id=22860, stack(0x000000ee67300000,0x000000ee67400000)]
  0x000002db2f6db000 JavaThread "DisconnectableInputStream source reader" daemon [_thread_in_native, id=24096, stack(0x000000ee67500000,0x000000ee67600000)]
  0x000002db2f6dd000 JavaThread "Forward input" [_thread_blocked, id=8492, stack(0x000000ee67600000,0x000000ee67700000)]

Other Threads:
  0x000002db2df90800 VMThread "VM Thread" [stack: 0x000000ee66600000,0x000000ee66700000] [id=15136]
  0x000002db2ea8a800 WatcherThread [stack: 0x000000ee66f00000,0x000000ee67000000] [id=16888]
  0x000002db13cf9800 GCTaskThread "GC Thread#0" [stack: 0x000000ee66100000,0x000000ee66200000] [id=17752]
  0x000002db2fc95800 GCTaskThread "GC Thread#1" [stack: 0x000000ee67200000,0x000000ee67300000] [id=2132]
  0x000002db13d28800 ConcurrentGCThread "G1 Main Marker" [stack: 0x000000ee66200000,0x000000ee66300000] [id=16064]
  0x000002db13d2b800 ConcurrentGCThread "G1 Conc#0" [stack: 0x000000ee66300000,0x000000ee66400000] [id=24296]
  0x000002db2ddf5800 ConcurrentGCThread "G1 Refine#0" [stack: 0x000000ee66400000,0x000000ee66500000] [id=9572]
  0x000002db2ddf9000 ConcurrentGCThread "G1 Young RemSet Sampling" [stack: 0x000000ee66500000,0x000000ee66600000] [id=10564]

Threads with active compile tasks:
C1 CompilerThread0     5657 1207       3       org.gradle.internal.logging.text.AbstractLineChoppingStyledTextOutput$StateContext::isCurrentCharEquals (70 bytes)

VM state:not at safepoint (normal execution)

VM Mutex/Monitor currently owned by a thread: None

Heap address: 0x000000008a600000, size: 1882 MB, Compressed Oops mode: 32-bit
Narrow klass base: 0x0000000000000000, Narrow klass shift: 3
Compressed class space size: 1073741824 Address: 0x0000000100000000

Heap:
 garbage-first heap   total 120832K, used 27533K [0x000000008a600000, 0x0000000100000000)
  region size 1024K, 22 young (22528K), 3 survivors (3072K)
 Metaspace       used 15424K, capacity 15703K, committed 16000K, reserved 1062912K
  class space    used 1761K, capacity 1874K, committed 1920K, reserved 1048576K
Heap Regions: E=young(eden), S=young(survivor), O=old, HS=humongous(starts), HC=humongous(continues), CS=collection set, F=free, A=archive, TAMS=top-at-mark-start (previous, next)
|   0|0x000000008a600000, 0x000000008a600000, 0x000000008a700000|  0%| F|  |TAMS 0x000000008a600000, 0x000000008a600000| Untracked 
|   1|0x000000008a700000, 0x000000008a700000, 0x000000008a800000|  0%| F|  |TAMS 0x000000008a700000, 0x000000008a700000| Untracked 
|   2|0x000000008a800000, 0x000000008a800000, 0x000000008a900000|  0%| F|  |TAMS 0x000000008a800000, 0x000000008a800000| Untracked 
|   3|0x000000008a900000, 0x000000008aa00000, 0x000000008aa00000|100%|HS|  |TAMS 0x000000008a900000, 0x000000008a900000| Complete 
|   4|0x000000008aa00000, 0x000000008ab00000, 0x000000008ab00000|100%|HC|  |TAMS 0x000000008aa00000, 0x000000008aa00000| Complete 
|   5|0x000000008ab00000, 0x000000008ac00000, 0x000000008ac00000|100%|HC|  |TAMS 0x000000008ab00000, 0x000000008ab00000| Complete 
|   6|0x000000008ac00000, 0x000000008ad00000, 0x000000008ad00000|100%| O|  |TAMS 0x000000008ac00000, 0x000000008ac00000| Untracked 
|   7|0x000000008ad00000, 0x000000008ae00000, 0x000000008ae00000|100%| O|  |TAMS 0x000000008ad00000, 0x000000008ad00000| Untracked 
|   8|0x000000008ae00000, 0x000000008aee3400, 0x000000008af00000| 88%| O|  |TAMS 0x000000008ae00000, 0x000000008ae00000| Untracked 
|   9|0x000000008af00000, 0x000000008af00000, 0x000000008b000000|  0%| F|  |TAMS 0x000000008af00000, 0x000000008af00000| Untracked 
|  10|0x000000008b000000, 0x000000008b000000, 0x000000008b100000|  0%| F|  |TAMS 0x000000008b000000, 0x000000008b000000| Untracked 
|  11|0x000000008b100000, 0x000000008b100000, 0x000000008b200000|  0%| F|  |TAMS 0x000000008b100000, 0x000000008b100000| Untracked 
|  12|0x000000008b200000, 0x000000008b200000, 0x000000008b300000|  0%| F|  |TAMS 0x000000008b200000, 0x000000008b200000| Untracked 
|  13|0x000000008b300000, 0x000000008b300000, 0x000000008b400000|  0%| F|  |TAMS 0x000000008b300000, 0x000000008b300000| Untracked 
|  14|0x000000008b400000, 0x000000008b400000, 0x000000008b500000|  0%| F|  |TAMS 0x000000008b400000, 0x000000008b400000| Untracked 
|  15|0x000000008b500000, 0x000000008b500000, 0x000000008b600000|  0%| F|  |TAMS 0x000000008b500000, 0x000000008b500000| Untracked 
|  16|0x000000008b600000, 0x000000008b600000, 0x000000008b700000|  0%| F|  |TAMS 0x000000008b600000, 0x000000008b600000| Untracked 
|  17|0x000000008b700000, 0x000000008b700000, 0x000000008b800000|  0%| F|  |TAMS 0x000000008b700000, 0x000000008b700000| Untracked 
|  18|0x000000008b800000, 0x000000008b800000, 0x000000008b900000|  0%| F|  |TAMS 0x000000008b800000, 0x000000008b800000| Untracked 
|  19|0x000000008b900000, 0x000000008b900000, 0x000000008ba00000|  0%| F|  |TAMS 0x000000008b900000, 0x000000008b900000| Untracked 
|  20|0x000000008ba00000, 0x000000008ba00000, 0x000000008bb00000|  0%| F|  |TAMS 0x000000008ba00000, 0x000000008ba00000| Untracked 
|  21|0x000000008bb00000, 0x000000008bb00000, 0x000000008bc00000|  0%| F|  |TAMS 0x000000008bb00000, 0x000000008bb00000| Untracked 
|  22|0x000000008bc00000, 0x000000008bc00000, 0x000000008bd00000|  0%| F|  |TAMS 0x000000008bc00000, 0x000000008bc00000| Untracked 
|  23|0x000000008bd00000, 0x000000008bd00000, 0x000000008be00000|  0%| F|  |TAMS 0x000000008bd00000, 0x000000008bd00000| Untracked 
|  24|0x000000008be00000, 0x000000008be00000, 0x000000008bf00000|  0%| F|  |TAMS 0x000000008be00000, 0x000000008be00000| Untracked 
|  25|0x000000008bf00000, 0x000000008bf00000, 0x000000008c000000|  0%| F|  |TAMS 0x000000008bf00000, 0x000000008bf00000| Untracked 
|  26|0x000000008c000000, 0x000000008c000000, 0x000000008c100000|  0%| F|  |TAMS 0x000000008c000000, 0x000000008c000000| Untracked 
|  27|0x000000008c100000, 0x000000008c100000, 0x000000008c200000|  0%| F|  |TAMS 0x000000008c100000, 0x000000008c100000| Untracked 
|  28|0x000000008c200000, 0x000000008c200000, 0x000000008c300000|  0%| F|  |TAMS 0x000000008c200000, 0x000000008c200000| Untracked 
|  29|0x000000008c300000, 0x000000008c300000, 0x000000008c400000|  0%| F|  |TAMS 0x000000008c300000, 0x000000008c300000| Untracked 
|  30|0x000000008c400000, 0x000000008c400000, 0x000000008c500000|  0%| F|  |TAMS 0x000000008c400000, 0x000000008c400000| Untracked 
|  31|0x000000008c500000, 0x000000008c500000, 0x000000008c600000|  0%| F|  |TAMS 0x000000008c500000, 0x000000008c500000| Untracked 
|  32|0x000000008c600000, 0x000000008c600000, 0x000000008c700000|  0%| F|  |TAMS 0x000000008c600000, 0x000000008c600000| Untracked 
|  33|0x000000008c700000, 0x000000008c700000, 0x000000008c800000|  0%| F|  |TAMS 0x000000008c700000, 0x000000008c700000| Untracked 
|  34|0x000000008c800000, 0x000000008c800000, 0x000000008c900000|  0%| F|  |TAMS 0x000000008c800000, 0x000000008c800000| Untracked 
|  35|0x000000008c900000, 0x000000008c900000, 0x000000008ca00000|  0%| F|  |TAMS 0x000000008c900000, 0x000000008c900000| Untracked 
|  36|0x000000008ca00000, 0x000000008ca00000, 0x000000008cb00000|  0%| F|  |TAMS 0x000000008ca00000, 0x000000008ca00000| Untracked 
|  37|0x000000008cb00000, 0x000000008cb00000, 0x000000008cc00000|  0%| F|  |TAMS 0x000000008cb00000, 0x000000008cb00000| Untracked 
|  38|0x000000008cc00000, 0x000000008cc00000, 0x000000008cd00000|  0%| F|  |TAMS 0x000000008cc00000, 0x000000008cc00000| Untracked 
|  39|0x000000008cd00000, 0x000000008cd00000, 0x000000008ce00000|  0%| F|  |TAMS 0x000000008cd00000, 0x000000008cd00000| Untracked 
|  40|0x000000008ce00000, 0x000000008ce00000, 0x000000008cf00000|  0%| F|  |TAMS 0x000000008ce00000, 0x000000008ce00000| Untracked 
|  41|0x000000008cf00000, 0x000000008cf00000, 0x000000008d000000|  0%| F|  |TAMS 0x000000008cf00000, 0x000000008cf00000| Untracked 
|  42|0x000000008d000000, 0x000000008d000000, 0x000000008d100000|  0%| F|  |TAMS 0x000000008d000000, 0x000000008d000000| Untracked 
|  43|0x000000008d100000, 0x000000008d100000, 0x000000008d200000|  0%| F|  |TAMS 0x000000008d100000, 0x000000008d100000| Untracked 
|  44|0x000000008d200000, 0x000000008d200000, 0x000000008d300000|  0%| F|  |TAMS 0x000000008d200000, 0x000000008d200000| Untracked 
|  45|0x000000008d300000, 0x000000008d300000, 0x000000008d400000|  0%| F|  |TAMS 0x000000008d300000, 0x000000008d300000| Untracked 
|  46|0x000000008d400000, 0x000000008d400000, 0x000000008d500000|  0%| F|  |TAMS 0x000000008d400000, 0x000000008d400000| Untracked 
|  47|0x000000008d500000, 0x000000008d500000, 0x000000008d600000|  0%| F|  |TAMS 0x000000008d500000, 0x000000008d500000| Untracked 
|  48|0x000000008d600000, 0x000000008d600000, 0x000000008d700000|  0%| F|  |TAMS 0x000000008d600000, 0x000000008d600000| Untracked 
|  49|0x000000008d700000, 0x000000008d700000, 0x000000008d800000|  0%| F|  |TAMS 0x000000008d700000, 0x000000008d700000| Untracked 
|  50|0x000000008d800000, 0x000000008d800000, 0x000000008d900000|  0%| F|  |TAMS 0x000000008d800000, 0x000000008d800000| Untracked 
|  51|0x000000008d900000, 0x000000008d900000, 0x000000008da00000|  0%| F|  |TAMS 0x000000008d900000, 0x000000008d900000| Untracked 
|  52|0x000000008da00000, 0x000000008da00000, 0x000000008db00000|  0%| F|  |TAMS 0x000000008da00000, 0x000000008da00000| Untracked 
|  53|0x000000008db00000, 0x000000008db00000, 0x000000008dc00000|  0%| F|  |TAMS 0x000000008db00000, 0x000000008db00000| Untracked 
|  54|0x000000008dc00000, 0x000000008dc00000, 0x000000008dd00000|  0%| F|  |TAMS 0x000000008dc00000, 0x000000008dc00000| Untracked 
|  55|0x000000008dd00000, 0x000000008dd00000, 0x000000008de00000|  0%| F|  |TAMS 0x000000008dd00000, 0x000000008dd00000| Untracked 
|  56|0x000000008de00000, 0x000000008de00000, 0x000000008df00000|  0%| F|  |TAMS 0x000000008de00000, 0x000000008de00000| Untracked 
|  57|0x000000008df00000, 0x000000008df00000, 0x000000008e000000|  0%| F|  |TAMS 0x000000008df00000, 0x000000008df00000| Untracked 
|  58|0x000000008e000000, 0x000000008e000000, 0x000000008e100000|  0%| F|  |TAMS 0x000000008e000000, 0x000000008e000000| Untracked 
|  59|0x000000008e100000, 0x000000008e100000, 0x000000008e200000|  0%| F|  |TAMS 0x000000008e100000, 0x000000008e100000| Untracked 
|  60|0x000000008e200000, 0x000000008e200000, 0x000000008e300000|  0%| F|  |TAMS 0x000000008e200000, 0x000000008e200000| Untracked 
|  61|0x000000008e300000, 0x000000008e300000, 0x000000008e400000|  0%| F|  |TAMS 0x000000008e300000, 0x000000008e300000| Untracked 
|  62|0x000000008e400000, 0x000000008e400000, 0x000000008e500000|  0%| F|  |TAMS 0x000000008e400000, 0x000000008e400000| Untracked 
|  63|0x000000008e500000, 0x000000008e500000, 0x000000008e600000|  0%| F|  |TAMS 0x000000008e500000, 0x000000008e500000| Untracked 
|  64|0x000000008e600000, 0x000000008e600000, 0x000000008e700000|  0%| F|  |TAMS 0x000000008e600000, 0x000000008e600000| Untracked 
|  65|0x000000008e700000, 0x000000008e700000, 0x000000008e800000|  0%| F|  |TAMS 0x000000008e700000, 0x000000008e700000| Untracked 
|  66|0x000000008e800000, 0x000000008e800000, 0x000000008e900000|  0%| F|  |TAMS 0x000000008e800000, 0x000000008e800000| Untracked 
|  67|0x000000008e900000, 0x000000008e900000, 0x000000008ea00000|  0%| F|  |TAMS 0x000000008e900000, 0x000000008e900000| Untracked 
|  68|0x000000008ea00000, 0x000000008ea00000, 0x000000008eb00000|  0%| F|  |TAMS 0x000000008ea00000, 0x000000008ea00000| Untracked 
|  69|0x000000008eb00000, 0x000000008eb00000, 0x000000008ec00000|  0%| F|  |TAMS 0x000000008eb00000, 0x000000008eb00000| Untracked 
|  70|0x000000008ec00000, 0x000000008ec00000, 0x000000008ed00000|  0%| F|  |TAMS 0x000000008ec00000, 0x000000008ec00000| Untracked 
|  71|0x000000008ed00000, 0x000000008ed00000, 0x000000008ee00000|  0%| F|  |TAMS 0x000000008ed00000, 0x000000008ed00000| Untracked 
|  72|0x000000008ee00000, 0x000000008ee00000, 0x000000008ef00000|  0%| F|  |TAMS 0x000000008ee00000, 0x000000008ee00000| Untracked 
|  73|0x000000008ef00000, 0x000000008ef00000, 0x000000008f000000|  0%| F|  |TAMS 0x000000008ef00000, 0x000000008ef00000| Untracked 
|  74|0x000000008f000000, 0x000000008f000000, 0x000000008f100000|  0%| F|  |TAMS 0x000000008f000000, 0x000000008f000000| Untracked 
|  75|0x000000008f100000, 0x000000008f100000, 0x000000008f200000|  0%| F|  |TAMS 0x000000008f100000, 0x000000008f100000| Untracked 
|  76|0x000000008f200000, 0x000000008f200000, 0x000000008f300000|  0%| F|  |TAMS 0x000000008f200000, 0x000000008f200000| Untracked 
|  77|0x000000008f300000, 0x000000008f300000, 0x000000008f400000|  0%| F|  |TAMS 0x000000008f300000, 0x000000008f300000| Untracked 
|  78|0x000000008f400000, 0x000000008f400000, 0x000000008f500000|  0%| F|  |TAMS 0x000000008f400000, 0x000000008f400000| Untracked 
|  79|0x000000008f500000, 0x000000008f500000, 0x000000008f600000|  0%| F|  |TAMS 0x000000008f500000, 0x000000008f500000| Untracked 
|  80|0x000000008f600000, 0x000000008f600000, 0x000000008f700000|  0%| F|  |TAMS 0x000000008f600000, 0x000000008f600000| Untracked 
|  81|0x000000008f700000, 0x000000008f700000, 0x000000008f800000|  0%| F|  |TAMS 0x000000008f700000, 0x000000008f700000| Untracked 
|  82|0x000000008f800000, 0x000000008f800000, 0x000000008f900000|  0%| F|  |TAMS 0x000000008f800000, 0x000000008f800000| Untracked 
|  83|0x000000008f900000, 0x000000008f900000, 0x000000008fa00000|  0%| F|  |TAMS 0x000000008f900000, 0x000000008f900000| Untracked 
|  84|0x000000008fa00000, 0x000000008fa00000, 0x000000008fb00000|  0%| F|  |TAMS 0x000000008fa00000, 0x000000008fa00000| Untracked 
|  85|0x000000008fb00000, 0x000000008fb00000, 0x000000008fc00000|  0%| F|  |TAMS 0x000000008fb00000, 0x000000008fb00000| Untracked 
|  86|0x000000008fc00000, 0x000000008fc00000, 0x000000008fd00000|  0%| F|  |TAMS 0x000000008fc00000, 0x000000008fc00000| Untracked 
|  87|0x000000008fd00000, 0x000000008fd00000, 0x000000008fe00000|  0%| F|  |TAMS 0x000000008fd00000, 0x000000008fd00000| Untracked 
|  88|0x000000008fe00000, 0x000000008fe00000, 0x000000008ff00000|  0%| F|  |TAMS 0x000000008fe00000, 0x000000008fe00000| Untracked 
|  89|0x000000008ff00000, 0x000000008ff00000, 0x0000000090000000|  0%| F|  |TAMS 0x000000008ff00000, 0x000000008ff00000| Untracked 
|  90|0x0000000090000000, 0x0000000090000000, 0x0000000090100000|  0%| F|  |TAMS 0x0000000090000000, 0x0000000090000000| Untracked 
|  91|0x0000000090100000, 0x0000000090200000, 0x0000000090200000|100%| S|CS|TAMS 0x0000000090100000, 0x0000000090100000| Complete 
|  92|0x0000000090200000, 0x0000000090300000, 0x0000000090300000|100%| S|CS|TAMS 0x0000000090200000, 0x0000000090200000| Complete 
|  93|0x0000000090300000, 0x0000000090400000, 0x0000000090400000|100%| S|CS|TAMS 0x0000000090300000, 0x0000000090300000| Complete 
|  94|0x0000000090400000, 0x0000000090400000, 0x0000000090500000|  0%| F|  |TAMS 0x0000000090400000, 0x0000000090400000| Untracked 
|  95|0x0000000090500000, 0x0000000090500000, 0x0000000090600000|  0%| F|  |TAMS 0x0000000090500000, 0x0000000090500000| Untracked 
|  96|0x0000000090600000, 0x0000000090600000, 0x0000000090700000|  0%| F|  |TAMS 0x0000000090600000, 0x0000000090600000| Untracked 
|  97|0x0000000090700000, 0x0000000090700000, 0x0000000090800000|  0%| F|  |TAMS 0x0000000090700000, 0x0000000090700000| Untracked 
|  98|0x0000000090800000, 0x0000000090800000, 0x0000000090900000|  0%| F|  |TAMS 0x0000000090800000, 0x0000000090800000| Untracked 
|  99|0x0000000090900000, 0x0000000090a00000, 0x0000000090a00000|100%| E|  |TAMS 0x0000000090900000, 0x0000000090900000| Complete 
| 100|0x0000000090a00000, 0x0000000090b00000, 0x0000000090b00000|100%| E|CS|TAMS 0x0000000090a00000, 0x0000000090a00000| Complete 
| 101|0x0000000090b00000, 0x0000000090c00000, 0x0000000090c00000|100%| E|CS|TAMS 0x0000000090b00000, 0x0000000090b00000| Complete 
| 102|0x0000000090c00000, 0x0000000090d00000, 0x0000000090d00000|100%| E|CS|TAMS 0x0000000090c00000, 0x0000000090c00000| Complete 
| 103|0x0000000090d00000, 0x0000000090e00000, 0x0000000090e00000|100%| E|CS|TAMS 0x0000000090d00000, 0x0000000090d00000| Complete 
| 104|0x0000000090e00000, 0x0000000090f00000, 0x0000000090f00000|100%| E|CS|TAMS 0x0000000090e00000, 0x0000000090e00000| Complete 
| 105|0x0000000090f00000, 0x0000000091000000, 0x0000000091000000|100%| E|CS|TAMS 0x0000000090f00000, 0x0000000090f00000| Complete 
| 106|0x0000000091000000, 0x0000000091100000, 0x0000000091100000|100%| E|CS|TAMS 0x0000000091000000, 0x0000000091000000| Complete 
| 107|0x0000000091100000, 0x0000000091200000, 0x0000000091200000|100%| E|CS|TAMS 0x0000000091100000, 0x0000000091100000| Complete 
| 108|0x0000000091200000, 0x0000000091300000, 0x0000000091300000|100%| E|CS|TAMS 0x0000000091200000, 0x0000000091200000| Complete 
| 109|0x0000000091300000, 0x0000000091400000, 0x0000000091400000|100%| E|CS|TAMS 0x0000000091300000, 0x0000000091300000| Complete 
| 110|0x0000000091400000, 0x0000000091500000, 0x0000000091500000|100%| E|CS|TAMS 0x0000000091400000, 0x0000000091400000| Complete 
| 111|0x0000000091500000, 0x0000000091600000, 0x0000000091600000|100%| E|CS|TAMS 0x0000000091500000, 0x0000000091500000| Complete 
| 112|0x0000000091600000, 0x0000000091700000, 0x0000000091700000|100%| E|CS|TAMS 0x0000000091600000, 0x0000000091600000| Complete 
| 113|0x0000000091700000, 0x0000000091800000, 0x0000000091800000|100%| E|CS|TAMS 0x0000000091700000, 0x0000000091700000| Complete 
| 114|0x0000000091800000, 0x0000000091900000, 0x0000000091900000|100%| E|CS|TAMS 0x0000000091800000, 0x0000000091800000| Complete 
| 115|0x0000000091900000, 0x0000000091a00000, 0x0000000091a00000|100%| E|CS|TAMS 0x0000000091900000, 0x0000000091900000| Complete 
| 116|0x0000000091a00000, 0x0000000091b00000, 0x0000000091b00000|100%| E|CS|TAMS 0x0000000091a00000, 0x0000000091a00000| Complete 
| 117|0x0000000091b00000, 0x0000000091c00000, 0x0000000091c00000|100%| E|CS|TAMS 0x0000000091b00000, 0x0000000091b00000| Complete 

Card table byte_map: [0x000002db27100000,0x000002db274b0000] _byte_map_base: 0x000002db26cad000

Marking Bits (Prev, Next): (CMBitMap*) 0x000002db13d20108, (CMBitMap*) 0x000002db13d20140
 Prev Bits: [0x000002db27860000, 0x000002db295c8000)
 Next Bits: [0x000002db295d0000, 0x000002db2b338000)

Polling page: 0x000002db134b0000

Metaspace:

Usage:
  Non-class:     13.50 MB capacity,    13.34 MB ( 99%) used,   143.99 KB (  1%) free+waste,    21.88 KB ( <1%) overhead. 
      Class:      1.83 MB capacity,     1.72 MB ( 94%) used,   101.76 KB (  5%) free+waste,    10.69 KB ( <1%) overhead. 
       Both:     15.33 MB capacity,    15.06 MB ( 98%) used,   245.75 KB (  2%) free+waste,    32.56 KB ( <1%) overhead. 

Virtual space:
  Non-class space:       14.00 MB reserved,      13.75 MB ( 98%) committed 
      Class space:        1.00 GB reserved,       1.88 MB ( <1%) committed 
             Both:        1.01 GB reserved,      15.62 MB (  2%) committed 

Chunk freelists:
   Non-Class:  59.00 KB
       Class:  14.00 KB
        Both:  73.00 KB

MaxMetaspaceSize: 17179869184.00 GB
CompressedClassSpaceSize: 1.00 GB
Initial GC threshold: 20.80 MB
Current GC threshold: 20.80 MB
CDS: off

CodeHeap 'non-profiled nmethods': size=120000Kb used=468Kb max_used=468Kb free=119531Kb
 bounds [0x000002db1f2d0000, 0x000002db1f540000, 0x000002db26800000]
CodeHeap 'profiled nmethods': size=120000Kb used=2270Kb max_used=2270Kb free=117730Kb
 bounds [0x000002db17da0000, 0x000002db18010000, 0x000002db1f2d0000]
CodeHeap 'non-nmethods': size=5760Kb used=1159Kb max_used=1165Kb free=4601Kb
 bounds [0x000002db17800000, 0x000002db17a70000, 0x000002db17da0000]
 total_blobs=1627 nmethods=1205 adapters=335
 compilation: enabled
              stopped_count=0, restarted_count=0
 full_count=0

Compilation events (20 events):
Event: 2.635 Thread 0x000002db2e92e000 nmethod 1194 0x000002db1f344010 code [0x000002db1f3441c0, 0x000002db1f344278]
Event: 3.031 Thread 0x000002db2e92e000 1195       3       java.lang.invoke.VarHandleGuards::guard_LII_Z (70 bytes)
Event: 3.032 Thread 0x000002db2e92e000 nmethod 1195 0x000002db17fd3610 code [0x000002db17fd38c0, 0x000002db17fd4868]
Event: 3.032 Thread 0x000002db2e92e000 1196       3       java.lang.invoke.VarHandleInts$FieldInstanceReadWrite::compareAndSet (24 bytes)
Event: 3.032 Thread 0x000002db2e92e000 nmethod 1196 0x000002db17fd4d90 code [0x000002db17fd4fa0, 0x000002db17fd5448]
Event: 4.434 Thread 0x000002db2e92e000 1199       3       java.util.ArrayList::isEmpty (13 bytes)
Event: 4.434 Thread 0x000002db2e92e000 nmethod 1199 0x000002db17fd5690 code [0x000002db17fd5840, 0x000002db17fd5998]
Event: 4.925 Thread 0x000002db2e92e000 1200       3       java.util.concurrent.locks.AbstractQueuedSynchronizer::release (33 bytes)
Event: 4.925 Thread 0x000002db2e92e000 nmethod 1200 0x000002db17fd5a10 code [0x000002db17fd5be0, 0x000002db17fd5eb8]
Event: 5.336 Thread 0x000002db2e92e000 1201       3       java.util.concurrent.locks.AbstractQueuedSynchronizer::compareAndSetState (10 bytes)
Event: 5.336 Thread 0x000002db2e92e000 nmethod 1201 0x000002db17fd5f90 code [0x000002db17fd61a0, 0x000002db17fd6778]
Event: 5.605 Thread 0x000002db2e92e000 1202   !   3       org.gradle.internal.serialize.kryo.KryoBackedDecoder::readSmallInt (16 bytes)
Event: 5.605 Thread 0x000002db2e92e000 nmethod 1202 0x000002db17fd6990 code [0x000002db17fd6bc0, 0x000002db17fd71e8]
Event: 5.605 Thread 0x000002db2e92e000 1203       3       com.esotericsoftware.kryo.io.Input::readInt (6 bytes)
Event: 5.605 Thread 0x000002db2e92e000 nmethod 1203 0x000002db17fd7490 code [0x000002db17fd7640, 0x000002db17fd7788]
Event: 5.636 Thread 0x000002db2e92e000 1204       1       org.gradle.internal.logging.text.AbstractLineChoppingStyledTextOutput$SeenFromEol::size (5 bytes)
Event: 5.636 Thread 0x000002db2e92e000 nmethod 1204 0x000002db1f344a90 code [0x000002db1f344c40, 0x000002db1f344cf8]
Event: 5.636 Thread 0x000002db2e92e000 1205       1       org.gradle.internal.logging.text.AbstractLineChoppingStyledTextOutput$StateContext::access$000 (5 bytes)
Event: 5.636 Thread 0x000002db2e92e000 nmethod 1205 0x000002db1f344d90 code [0x000002db1f344f40, 0x000002db1f344fd8]
Event: 5.636 Thread 0x000002db2e92e000 1207       3       org.gradle.internal.logging.text.AbstractLineChoppingStyledTextOutput$StateContext::isCurrentCharEquals (70 bytes)

GC Heap History (2 events):
Event: 0.574 GC heap before
{Heap before GC invocations=0 (full 0):
 garbage-first heap   total 120832K, used 29696K [0x000000008a600000, 0x0000000100000000)
  region size 1024K, 24 young (24576K), 0 survivors (0K)
 Metaspace       used 10633K, capacity 10918K, committed 11264K, reserved 1058816K
  class space    used 1072K, capacity 1168K, committed 1280K, reserved 1048576K
}
Event: 0.580 GC heap after
{Heap after GC invocations=1 (full 0):
 garbage-first heap   total 120832K, used 9101K [0x000000008a600000, 0x0000000100000000)
  region size 1024K, 3 young (3072K), 3 survivors (3072K)
 Metaspace       used 10633K, capacity 10918K, committed 11264K, reserved 1058816K
  class space    used 1072K, capacity 1168K, committed 1280K, reserved 1048576K
}

Deoptimization events (20 events):
Event: 0.756 Thread 0x000002db13ce0000 Uncommon trap: trap_request=0xffffff4d fr.pc=0x000002db1f32a3e0 relative=0x00000000000001a0
Event: 0.756 Thread 0x000002db13ce0000 Uncommon trap: reason=unstable_if action=reinterpret pc=0x000002db1f32a3e0 method=java.util.HashMap.getNode(ILjava/lang/Object;)Ljava/util/HashMap$Node; @ 129 c2
Event: 0.756 Thread 0x000002db13ce0000 DEOPT PACKING pc=0x000002db1f32a3e0 sp=0x000000ee660fa770
Event: 0.756 Thread 0x000002db13ce0000 DEOPT UNPACKING pc=0x000002db1784a1af sp=0x000000ee660fa670 mode 2
Event: 0.756 Thread 0x000002db13ce0000 Uncommon trap: trap_request=0xffffffc6 fr.pc=0x000002db1f30b184 relative=0x0000000000001064
Event: 0.756 Thread 0x000002db13ce0000 Uncommon trap: reason=bimorphic_or_optimized_type_check action=maybe_recompile pc=0x000002db1f30b184 method=java.util.HashMap.putVal(ILjava/lang/Object;Ljava/lang/Object;ZZ)Ljava/lang/Object; @ 203 c2
Event: 0.756 Thread 0x000002db13ce0000 DEOPT PACKING pc=0x000002db1f30b184 sp=0x000000ee660fa720
Event: 0.756 Thread 0x000002db13ce0000 DEOPT UNPACKING pc=0x000002db1784a1af sp=0x000000ee660fa640 mode 2
Event: 0.882 Thread 0x000002db13ce0000 Uncommon trap: trap_request=0xffffff4d fr.pc=0x000002db1f31c24c relative=0x000000000000176c
Event: 0.882 Thread 0x000002db13ce0000 Uncommon trap: reason=unstable_if action=reinterpret pc=0x000002db1f31c24c method=java.io.WinNTFileSystem.normalize(Ljava/lang/String;)Ljava/lang/String; @ 128 c2
Event: 0.882 Thread 0x000002db13ce0000 DEOPT PACKING pc=0x000002db1f31c24c sp=0x000000ee660fa140
Event: 0.882 Thread 0x000002db13ce0000 DEOPT UNPACKING pc=0x000002db1784a1af sp=0x000000ee660fa108 mode 2
Event: 1.045 Thread 0x000002db13ce0000 Uncommon trap: trap_request=0xffffff4d fr.pc=0x000002db1f304698 relative=0x0000000000000558
Event: 1.045 Thread 0x000002db13ce0000 Uncommon trap: reason=unstable_if action=reinterpret pc=0x000002db1f304698 method=java.lang.AbstractStringBuilder.append(Ljava/lang/String;)Ljava/lang/AbstractStringBuilder; @ 1 c2
Event: 1.045 Thread 0x000002db13ce0000 DEOPT PACKING pc=0x000002db1f304698 sp=0x000000ee660fc720
Event: 1.045 Thread 0x000002db13ce0000 DEOPT UNPACKING pc=0x000002db1784a1af sp=0x000000ee660fc690 mode 2
Event: 1.046 Thread 0x000002db13ce0000 Uncommon trap: trap_request=0xffffff4d fr.pc=0x000002db1f3199e8 relative=0x0000000000000528
Event: 1.046 Thread 0x000002db13ce0000 Uncommon trap: reason=unstable_if action=reinterpret pc=0x000002db1f3199e8 method=java.lang.AbstractStringBuilder.append(Ljava/lang/String;)Ljava/lang/AbstractStringBuilder; @ 1 c2
Event: 1.046 Thread 0x000002db13ce0000 DEOPT PACKING pc=0x000002db1f3199e8 sp=0x000000ee660fc6c0
Event: 1.046 Thread 0x000002db13ce0000 DEOPT UNPACKING pc=0x000002db1784a1af sp=0x000000ee660fc698 mode 2

Classes redefined (0 events):
No events

Internal exceptions (14 events):
Event: 0.146 Thread 0x000002db13ce0000 Exception <a 'java/lang/NoSuchMethodError'{0x0000000091a9f2a0}: 'int java.lang.invoke.DirectMethodHandle$Holder.invokeSpecialIFC(java.lang.Object, java.lang.Object, int)'> (0x0000000091a9f2a0) thrown at [src/hotspot/share/interpreter/linkResolver.cpp, line 773]
Event: 0.221 Thread 0x000002db13ce0000 Exception <a 'java/lang/NoSuchMethodError'{0x00000000918764c0}: 'int java.lang.invoke.DirectMethodHandle$Holder.invokeStaticInit(java.lang.Object, java.lang.Object)'> (0x00000000918764c0) thrown at [src/hotspot/share/interpreter/linkResolver.cpp, line 773]
Event: 0.242 Thread 0x000002db13ce0000 Exception <a 'java/lang/NoSuchMethodError'{0x000000009174c3c8}: 'int java.lang.invoke.DirectMethodHandle$Holder.invokeSpecial(java.lang.Object, java.lang.Object, java.lang.Object, java.lang.Object)'> (0x000000009174c3c8) thrown at [src/hotspot/share/interpreter/linkResolver.cpp, line 773]
Event: 0.549 Thread 0x000002db13ce0000 Implicit null exception at 0x000002db1f314c75 to 0x000002db1f314e40
Event: 0.572 Thread 0x000002db13ce0000 Exception <a 'java/lang/NoClassDefFoundError'{0x00000000904dcc40}: org/slf4j/impl/StaticMarkerBinder> (0x00000000904dcc40) thrown at [src/hotspot/share/classfile/systemDictionary.cpp, line 219]
Event: 0.592 Thread 0x000002db13ce0000 Exception <a 'java/lang/NoSuchMethodError'{0x0000000091bdd980}: 'java.lang.Object java.lang.invoke.DirectMethodHandle$Holder.invokeVirtual(java.lang.Object, java.lang.Object, java.lang.Object, java.lang.Object, java.lang.Object, java.lang.Object, java.lang.Object)'> (0x0000000091bdd980) thrown at [src/hotspot/share/interpreter/linkResolver.cpp, line 773]
Event: 0.595 Thread 0x000002db13ce0000 Exception <a 'java/lang/NoSuchMethodError'{0x0000000091bf1c78}: 'java.lang.Object java.lang.invoke.Invokers$Holder.invoker(java.lang.Object, java.lang.Object, java.lang.Object)'> (0x0000000091bf1c78) thrown at [src/hotspot/share/interpreter/linkResolver.cpp, line 773]
Event: 0.597 Thread 0x000002db13ce0000 Exception <a 'java/lang/NoSuchMethodError'{0x0000000091a03468}: 'void java.lang.invoke.DelegatingMethodHandle$Holder.delegate(java.lang.Object, java.lang.Object, int, java.lang.Object)'> (0x0000000091a03468) thrown at [src/hotspot/share/interpreter/linkResolver.cpp, line 773]
Event: 0.662 Thread 0x000002db13ce0000 Exception <a 'java/lang/NoSuchMethodError'{0x0000000091460cb0}: 'java.lang.Object java.lang.invoke.DirectMethodHandle$Holder.invokeInterface(java.lang.Object, java.lang.Object, java.lang.Object)'> (0x0000000091460cb0) thrown at [src/hotspot/share/interpreter/linkResolver.cpp, line 773]
Event: 0.699 Thread 0x000002db13ce0000 Exception <a 'java/lang/NoSuchMethodError'{0x0000000091110980}: 'java.lang.Object java.lang.invoke.DirectMethodHandle$Holder.invokeStaticInit(java.lang.Object, java.lang.Object, java.lang.Object)'> (0x0000000091110980) thrown at [src/hotspot/share/interpreter/linkResolver.cpp, line 773]
Event: 0.771 Thread 0x000002db13ce0000 Exception <a 'java/lang/NoSuchMethodError'{0x0000000090c05890}: 'java.lang.Object java.lang.invoke.DirectMethodHandle$Holder.invokeStaticInit(java.lang.Object, int, int, int, int)'> (0x0000000090c05890) thrown at [src/hotspot/share/interpreter/linkResolver.cpp, line 773]
Event: 0.890 Thread 0x000002db13ce0000 Exception <a 'java/lang/NoSuchMethodError'{0x0000000090cdad30}: 'java.lang.Object java.lang.invoke.DirectMethodHandle$Holder.invokeStaticInit(java.lang.Object, java.lang.Object, int, int, int, int)'> (0x0000000090cdad30) thrown at [src/hotspot/share/interpreter/linkResolver.cpp, line 773]
Event: 1.045 Thread 0x000002db13ce0000 Implicit null exception at 0x000002db1f304174 to 0x000002db1f304680
Event: 1.046 Thread 0x000002db13ce0000 Implicit null exception at 0x000002db1f3194f4 to 0x000002db1f3199d0

Events (20 events):
Event: 1.290 loading class jdk/internal/reflect/Label
Event: 1.290 loading class jdk/internal/reflect/Label done
Event: 1.290 loading class jdk/internal/reflect/Label$PatchInfo
Event: 1.290 loading class jdk/internal/reflect/Label$PatchInfo done
Event: 1.290 loading class jdk/internal/reflect/MethodAccessorGenerator$1
Event: 1.290 loading class jdk/internal/reflect/MethodAccessorGenerator$1 done
Event: 1.290 loading class jdk/internal/reflect/ClassDefiner
Event: 1.290 loading class jdk/internal/reflect/ClassDefiner done
Event: 1.290 loading class jdk/internal/reflect/ClassDefiner$1
Event: 1.290 loading class jdk/internal/reflect/ClassDefiner$1 done
Event: 5.604 loading class com/google/common/collect/CollectPreconditions
Event: 5.604 loading class com/google/common/collect/CollectPreconditions done
Event: 5.604 loading class org/gradle/internal/logging/events/StyledTextOutputEvent$Span
Event: 5.604 loading class org/gradle/internal/logging/events/StyledTextOutputEvent$Span done
Event: 5.604 loading class org/gradle/internal/logging/events/operations/StyledTextBuildOperationProgressDetails$Span
Event: 5.604 loading class org/gradle/internal/logging/events/operations/StyledTextBuildOperationProgressDetails$Span done
Event: 5.604 loading class org/gradle/internal/operations/logging/StyledTextBuildOperationProgressDetails$Span
Event: 5.604 loading class org/gradle/internal/operations/logging/StyledTextBuildOperationProgressDetails$Span done
Event: 5.635 loading class org/gradle/internal/logging/text/AbstractLineChoppingStyledTextOutput$StateContext
Event: 5.635 loading class org/gradle/internal/logging/text/AbstractLineChoppingStyledTextOutput$StateContext done


Dynamic libraries:
0x00007ff634a40000 - 0x00007ff634a4a000 	C:\Apps\Android Studio\jbr\bin\java.exe
0x00007ff881850000 - 0x00007ff881a64000 	C:\WINDOWS\SYSTEM32\ntdll.dll
0x00007ff880200000 - 0x00007ff8802c2000 	C:\WINDOWS\System32\KERNEL32.DLL
0x00007ff87ed40000 - 0x00007ff87f0dc000 	C:\WINDOWS\System32\KERNELBASE.dll
0x00007ff87f430000 - 0x00007ff87f541000 	C:\WINDOWS\System32\ucrtbase.dll
0x00007ff87a680000 - 0x00007ff87a697000 	C:\Apps\Android Studio\jbr\bin\jli.dll
0x00007ff86c210000 - 0x00007ff86c22b000 	C:\Apps\Android Studio\jbr\bin\VCRUNTIME140.dll
0x00007ff880580000 - 0x00007ff88072b000 	C:\WINDOWS\System32\USER32.dll
0x00007ff860690000 - 0x00007ff86091e000 	C:\WINDOWS\WinSxS\amd64_microsoft.windows.common-controls_6595b64144ccf1df_6.0.22621.608_none_a9444ca7c10bb01d\COMCTL32.dll
0x00007ff87ed10000 - 0x00007ff87ed36000 	C:\WINDOWS\System32\win32u.dll
0x00007ff880af0000 - 0x00007ff880b97000 	C:\WINDOWS\System32\msvcrt.dll
0x00007ff880550000 - 0x00007ff880579000 	C:\WINDOWS\System32\GDI32.dll
0x00007ff87f0e0000 - 0x00007ff87f1f3000 	C:\WINDOWS\System32\gdi32full.dll
0x00007ff87f5c0000 - 0x00007ff87f65a000 	C:\WINDOWS\System32\msvcp_win.dll
0x00007ff87faa0000 - 0x00007ff87fad1000 	C:\WINDOWS\System32\IMM32.DLL
0x00007ff87a640000 - 0x00007ff87a64c000 	C:\Apps\Android Studio\jbr\bin\vcruntime140_1.dll
0x00007ff862dc0000 - 0x00007ff862e4d000 	C:\Apps\Android Studio\jbr\bin\msvcp140.dll
0x00007ff838750000 - 0x00007ff83930c000 	C:\Apps\Android Studio\jbr\bin\server\jvm.dll
0x00007ff8804a0000 - 0x00007ff88054e000 	C:\WINDOWS\System32\ADVAPI32.dll
0x00007ff87f9f0000 - 0x00007ff87fa94000 	C:\WINDOWS\System32\sechost.dll
0x00007ff880730000 - 0x00007ff880847000 	C:\WINDOWS\System32\RPCRT4.dll
0x00007ff87fae0000 - 0x00007ff87fae8000 	C:\WINDOWS\System32\PSAPI.DLL
0x00007ff870920000 - 0x00007ff870929000 	C:\WINDOWS\SYSTEM32\WSOCK32.dll
0x00007ff878a90000 - 0x00007ff878ac4000 	C:\WINDOWS\SYSTEM32\WINMM.dll
0x00007ff8783b0000 - 0x00007ff8783ba000 	C:\WINDOWS\SYSTEM32\VERSION.dll
0x00007ff880a70000 - 0x00007ff880ae1000 	C:\WINDOWS\System32\WS2_32.dll
0x00007ff87dca0000 - 0x00007ff87dcb8000 	C:\WINDOWS\SYSTEM32\kernel.appcore.dll
0x00007ff870910000 - 0x00007ff870920000 	C:\Apps\Android Studio\jbr\bin\verify.dll
0x00007ff870ea0000 - 0x00007ff8710ce000 	C:\WINDOWS\SYSTEM32\DBGHELP.DLL
0x00007ff87f660000 - 0x00007ff87f9e9000 	C:\WINDOWS\System32\combase.dll
0x00007ff880360000 - 0x00007ff880437000 	C:\WINDOWS\System32\OLEAUT32.dll
0x00007ff862660000 - 0x00007ff862692000 	C:\WINDOWS\SYSTEM32\dbgcore.DLL
0x00007ff87ec90000 - 0x00007ff87ed0b000 	C:\WINDOWS\System32\bcryptPrimitives.dll
0x00007ff86c1e0000 - 0x00007ff86c208000 	C:\Apps\Android Studio\jbr\bin\java.dll
0x00007ff870900000 - 0x00007ff87090a000 	C:\Apps\Android Studio\jbr\bin\jimage.dll
0x00007ff86c1c0000 - 0x00007ff86c1d8000 	C:\Apps\Android Studio\jbr\bin\zip.dll
0x00007ff880ba0000 - 0x00007ff881390000 	C:\WINDOWS\System32\SHELL32.dll
0x00007ff87cc50000 - 0x00007ff87d51d000 	C:\WINDOWS\SYSTEM32\windows.storage.dll
0x00007ff87cb10000 - 0x00007ff87cc4e000 	C:\WINDOWS\SYSTEM32\wintypes.dll
0x00007ff87fb50000 - 0x00007ff87fc41000 	C:\WINDOWS\System32\SHCORE.dll
0x00007ff87faf0000 - 0x00007ff87fb4e000 	C:\WINDOWS\System32\shlwapi.dll
0x00007ff87ebc0000 - 0x00007ff87ebe1000 	C:\WINDOWS\SYSTEM32\profapi.dll
0x00007ff86c180000 - 0x00007ff86c199000 	C:\Apps\Android Studio\jbr\bin\net.dll
0x00007ff878950000 - 0x00007ff878a87000 	C:\WINDOWS\SYSTEM32\WINHTTP.dll
0x00007ff87e110000 - 0x00007ff87e179000 	C:\WINDOWS\system32\mswsock.dll
0x00007ff86c160000 - 0x00007ff86c173000 	C:\Apps\Android Studio\jbr\bin\nio.dll
0x00007ff863000000 - 0x00007ff863027000 	C:\Users\Harsh Jethva\.gradle\native\e1d6ef7f7dcc3fd88c89a11ec53ec762bb8ba0a96d01ffa2cd45eb1d1d8dd5c5\windows-amd64\native-platform.dll
0x00007ff86c970000 - 0x00007ff86c97a000 	C:\Apps\Android Studio\jbr\bin\management.dll
0x00007ff86c930000 - 0x00007ff86c93b000 	C:\Apps\Android Studio\jbr\bin\management_ext.dll
0x00007ff87e3a0000 - 0x00007ff87e3bb000 	C:\WINDOWS\SYSTEM32\CRYPTSP.dll
0x00007ff87dc10000 - 0x00007ff87dc45000 	C:\WINDOWS\system32\rsaenh.dll
0x00007ff87e1e0000 - 0x00007ff87e208000 	C:\WINDOWS\SYSTEM32\USERENV.dll
0x00007ff87e550000 - 0x00007ff87e578000 	C:\WINDOWS\SYSTEM32\bcrypt.dll
0x00007ff87e390000 - 0x00007ff87e39c000 	C:\WINDOWS\SYSTEM32\CRYPTBASE.dll
0x00007ff87d7b0000 - 0x00007ff87d7dd000 	C:\WINDOWS\SYSTEM32\IPHLPAPI.DLL
0x00007ff880490000 - 0x00007ff880499000 	C:\WINDOWS\System32\NSI.dll
0x00007ff878b40000 - 0x00007ff878b59000 	C:\WINDOWS\SYSTEM32\dhcpcsvc6.DLL
0x00007ff878860000 - 0x00007ff87887f000 	C:\WINDOWS\SYSTEM32\dhcpcsvc.DLL
0x00007ff87d7e0000 - 0x00007ff87d8d3000 	C:\WINDOWS\SYSTEM32\DNSAPI.dll

dbghelp: loaded successfully - version: 4.0.5 - missing functions: none
symbol engine: initialized successfully - sym options: 0x614 - pdb path: .;C:\Apps\Android Studio\jbr\bin;C:\WINDOWS\SYSTEM32;C:\WINDOWS\WinSxS\amd64_microsoft.windows.common-controls_6595b64144ccf1df_6.0.22621.608_none_a9444ca7c10bb01d;C:\Apps\Android Studio\jbr\bin\server;C:\Users\Harsh Jethva\.gradle\native\e1d6ef7f7dcc3fd88c89a11ec53ec762bb8ba0a96d01ffa2cd45eb1d1d8dd5c5\windows-amd64

VM Arguments:
jvm_args: -Dorg.gradle.appname=gradlew 
java_command: org.gradle.wrapper.GradleWrapperMain -q -Ptarget-platform=android-arm64 -Ptarget=H:\Flutter Projects\rku_bus_guide\lib\main.dart -Pbase-application-name=android.app.Application -Pdart-defines=Zmx1dHRlci5pbnNwZWN0b3Iuc3RydWN0dXJlZEVycm9ycz10cnVl,RkxVVFRFUl9XRUJfQVVUT19ERVRFQ1Q9dHJ1ZQ== -Pdart-obfuscation=false -Ptrack-widget-creation=true -Ptree-shake-icons=false -Pfilesystem-scheme=org-dartlang-root assembleDebug
java_class_path (initial): H:\Flutter Projects\rku_bus_guide\android\\gradle\wrapper\gradle-wrapper.jar
Launcher Type: SUN_STANDARD

[Global flags]
     intx CICompilerCount                          = 4                                         {product} {ergonomic}
     uint ConcGCThreads                            = 3                                         {product} {ergonomic}
     uint G1ConcRefinementThreads                  = 10                                        {product} {ergonomic}
   size_t G1HeapRegionSize                         = 1048576                                   {product} {ergonomic}
    uintx GCDrainStackTargetSize                   = 64                                        {product} {ergonomic}
   size_t InitialHeapSize                          = 123731968                                 {product} {ergonomic}
   size_t MarkStackSize                            = 4194304                                   {product} {ergonomic}
   size_t MaxHeapSize                              = 1973420032                                {product} {ergonomic}
   size_t MaxNewSize                               = 1183842304                                {product} {ergonomic}
   size_t MinHeapDeltaBytes                        = 1048576                                   {product} {ergonomic}
    uintx NonNMethodCodeHeapSize                   = 5836300                                {pd product} {ergonomic}
    uintx NonProfiledCodeHeapSize                  = 122910970                              {pd product} {ergonomic}
    uintx ProfiledCodeHeapSize                     = 122910970                              {pd product} {ergonomic}
    uintx ReservedCodeCacheSize                    = 251658240                              {pd product} {ergonomic}
     bool SegmentedCodeCache                       = true                                      {product} {ergonomic}
     bool UseCompressedClassPointers               = true                                 {lp64_product} {ergonomic}
     bool UseCompressedOops                        = true                                 {lp64_product} {ergonomic}
     bool UseG1GC                                  = true                                      {product} {ergonomic}
     bool UseLargePagesIndividualAllocation        = false                                  {pd product} {ergonomic}

Logging:
Log output configuration:
 #0: stdout all=warning uptime,level,tags
 #1: stderr all=off uptime,level,tags

Environment Variables:
JAVA_HOME=C:\Apps\Android Studio\jbr
CLASSPATH=H:\Flutter Projects\rku_bus_guide\android\\gradle\wrapper\gradle-wrapper.jar
PATH=C:\Windows\system32;C:\Windows;C:\Windows\System32\Wbem;C:\Windows\System32\WindowsPowerShell\v1.0\;C:\Windows\System32\OpenSSH\;C:\Program Files\NVIDIA Corporation\NVIDIA NvDLISR;C:\Apps\JDk\bin;C:\Program Files\Microsoft SQL Server\130\Tools\Binn\;C:\Program Files (x86)\NVIDIA Corporation\PhysX\Common;C:\xampp\php;C:\ProgramData\ComposerSetup\bin;C:\WINDOWS\system32;C:\WINDOWS;C:\WINDOWS\System32\Wbem;C:\WINDOWS\System32\WindowsPowerShell\v1.0\;C:\WINDOWS\System32\OpenSSH\;C:\Program Files\Git\cmd;C:\Apps\nodejs\;C:\Program Files\Microsoft SQL Server\150\Tools\Binn\;C:\Apps\flutter\bin;C:\Program Files\Java\jdk-19\bin;C:\Users\Harsh Jethva\AppData\Local\Pub\Cache\bin;C:\Users\Harsh Jethva\AppData\Local\Programs\Python\Python311\Scripts\;C:\Users\Harsh Jethva\AppData\Local\Programs\Python\Python311\;C:\Users\Harsh Jethva\AppData\Local\Microsoft\WindowsApps;C:\Apps\IntelliJ IDEA Community Edition 2023.1\bin;;C:\Users\Harsh Jethva\AppData\Roaming\Composer\vendor\bin;C:\Apps\Microsoft VS Code\bin;C:\Users\Harsh Jethva\AppData\Roaming\npm;C:\Users\Harsh Jethva\AppData\Local\GitHubDesktop\bin;C:\Users\Harsh Jethva\AppData\Local\Pub\Cache\bin;;C:\Apps\flutter\bin\mingit\cmd
USERNAME=Harsh Jethva
OS=Windows_NT
PROCESSOR_IDENTIFIER=AMD64 Family 25 Model 80 Stepping 0, AuthenticAMD



---------------  S Y S T E M  ---------------

OS: Windows 11 , 64 bit Build 22621 (10.0.22621.1485)
OS uptime: 1 days 7:23 hours
Hyper-V role detected

CPU:total 12 (initial active 12) (12 cores per cpu, 2 threads per core) family 25 model 80 stepping 0 microcode 0x0, cmov, cx8, fxsr, mmx, sse, sse2, sse3, ssse3, sse4.1, sse4.2, popcnt, avx, avx2, aes, clmul, erms, mmxext, 3dnowpref, lzcnt, sse4a, ht, tsc, tscinvbit, tscinv, bmi1, bmi2, adx, sha, fma

Memory: 4k page, system-wide physical 7521M (351M free)
TotalPageFile size 14521M (AvailPageFile size 0M)
current process WorkingSet (physical memory assigned to process): 96M, peak: 103M
current process commit charge ("private bytes"): 222M, peak: 226M

vm_info: OpenJDK 64-Bit Server VM (11.0.15+0-b2043.56-9505619) for windows-amd64 JRE (11.0.15+0-b2043.56-9505619), built on Jan 19 2023 02:48:00 by "builduser" with unknown MS VC++:1929

END.
