#
# There is insufficient memory for the Java Runtime Environment to continue.
# Native memory allocation (malloc) failed to allocate 122256 bytes for Chunk::new
# Possible reasons:
#   The system is out of physical RAM or swap space
#   The process is running with CompressedOops enabled, and the Java Heap may be blocking the growth of the native heap
# Possible solutions:
#   Reduce memory load on the system
#   Increase physical memory or swap space
#   Check if swap backing store is full
#   Decrease Java heap size (-Xmx/-Xms)
#   Decrease number of Java threads
#   Decrease Java thread stack sizes (-Xss)
#   Set larger code cache with -XX:ReservedCodeCacheSize=
#   JVM is running with Unscaled Compressed Oops mode in which the Java heap is
#     placed in the first 4GB address space. The Java Heap base address is the
#     maximum limit for the native heap growth. Please use -XX:HeapBaseMinAddress
#     to set the Java Heap base and to place the Java Heap above 4GB virtual address.
# This output file may be truncated or incomplete.
#
#  Out of Memory Error (src/hotspot/share/memory/arena.cpp:197), pid=22228, tid=16648
#
# JRE version: OpenJDK Runtime Environment (11.0.15) (build 11.0.15+0-b2043.56-9505619)
# Java VM: OpenJDK 64-Bit Server VM (11.0.15+0-b2043.56-9505619, mixed mode, tiered, compressed oops, g1 gc, windows-amd64)
# No core dump will be written. Minidumps are not enabled by default on client versions of Windows
#

---------------  S U M M A R Y ------------

Command Line: --add-opens=java.base/java.util=ALL-UNNAMED --add-opens=java.base/java.lang=ALL-UNNAMED --add-opens=java.base/java.lang.invoke=ALL-UNNAMED --add-opens=java.base/java.util=ALL-UNNAMED --add-opens=java.prefs/java.util.prefs=ALL-UNNAMED --add-opens=java.prefs/java.util.prefs=ALL-UNNAMED --add-opens=java.base/java.nio.charset=ALL-UNNAMED --add-opens=java.base/java.net=ALL-UNNAMED --add-opens=java.base/java.util.concurrent.atomic=ALL-UNNAMED -Xmx1536M -Dfile.encoding=windows-1252 -Duser.country=IN -Duser.language=en -Duser.variant org.gradle.launcher.daemon.bootstrap.GradleDaemon 7.5

Host: AMD Ryzen 5 5600H with Radeon Graphics         , 12 cores, 7G,  Windows 11 , 64 bit Build 22621 (10.0.22621.1485)
Time: Tue Apr 18 18:23:29 2023 India Standard Time elapsed time: 16.948440 seconds (0d 0h 0m 16s)

---------------  T H R E A D  ---------------

Current thread (0x000001fc7fcfa000):  JavaThread "C2 CompilerThread0" daemon [_thread_in_native, id=16648, stack(0x0000002239f00000,0x000000223a000000)]


Current CompileTask:
C2:  16948 12658       4       org.gradle.internal.logging.text.AbstractLineChoppingStyledTextOutput$2::execute (77 bytes)

Stack: [0x0000002239f00000,0x000000223a000000]
Native frames: (J=compiled Java code, j=interpreted, Vv=VM code, C=native code)
V  [jvm.dll+0x64135a]
V  [jvm.dll+0x7d39f9]
V  [jvm.dll+0x7d51b9]
V  [jvm.dll+0x7d58a3]
V  [jvm.dll+0x2691c5]
V  [jvm.dll+0xc1a5c]
V  [jvm.dll+0xc200c]
V  [jvm.dll+0x3774a7]
V  [jvm.dll+0x342495]
V  [jvm.dll+0x34186a]
V  [jvm.dll+0x2214bd]
V  [jvm.dll+0x220498]
V  [jvm.dll+0x19e851]
V  [jvm.dll+0x230479]
V  [jvm.dll+0x22e5ef]
V  [jvm.dll+0x794de1]
V  [jvm.dll+0x78dc24]
V  [jvm.dll+0x6400f6]
C  [ucrtbase.dll+0x29363]
C  [KERNEL32.DLL+0x1269d]
C  [ntdll.dll+0x5a9f8]


---------------  P R O C E S S  ---------------

Threads class SMR info:
_java_thread_list=0x000001fc2215b3a0, length=183, elements={
0x000001fc7c933000, 0x000001fc7fccd000, 0x000001fc7fcd7000, 0x000001fc7fcf6800,
0x000001fc7fcf7800, 0x000001fc7fcf8800, 0x000001fc7fcfa000, 0x000001fc7fcfd000,
0x000001fc16aa0000, 0x000001fc16c05000, 0x000001fc17bf0800, 0x000001fc18e8b800,
0x000001fc181ff000, 0x000001fc18ea7800, 0x000001fc17da2000, 0x000001fc17aac800,
0x000001fc1927e800, 0x000001fc18abe800, 0x000001fc18abf800, 0x000001fc18fdf000,
0x000001fc18fde800, 0x000001fc18fe0000, 0x000001fc18fdd800, 0x000001fc193b9800,
0x000001fc193ba000, 0x000001fc193bc800, 0x000001fc193be800, 0x000001fc193bd800,
0x000001fc193bc000, 0x000001fc193b8800, 0x000001fc193bf000, 0x000001fc193c0800,
0x000001fc193bb000, 0x000001fc193c2800, 0x000001fc193c1800, 0x000001fc193c4000,
0x000001fc193c5000, 0x000001fc193c5800, 0x000001fc1a601800, 0x000001fc1a602000,
0x000001fc1a5fc800, 0x000001fc1a5ff800, 0x000001fc1a600800, 0x000001fc1a603000,
0x000001fc1a5fd000, 0x000001fc1a5fe000, 0x000001fc1a603800, 0x000001fc1a604800,
0x000001fc1a5ff000, 0x000001fc1a609800, 0x000001fc1a60a800, 0x000001fc1a60b000,
0x000001fc1a606000, 0x000001fc1a605800, 0x000001fc1a607000, 0x000001fc1a608000,
0x000001fc1a608800, 0x000001fc1cb9f000, 0x000001fc1cb9e000, 0x000001fc1cb9d800,
0x000001fc1cba3000, 0x000001fc1cb9f800, 0x000001fc1cba5800, 0x000001fc1cba1800,
0x000001fc1cba4000, 0x000001fc1cba6800, 0x000001fc1cba4800, 0x000001fc1cba0800,
0x000001fc1cba7000, 0x000001fc1cba8000, 0x000001fc1cba2000, 0x000001fc1cba8800,
0x000001fc1cba9800, 0x000001fc1cbaa800, 0x000001fc1cbab000, 0x000001fc1cbac000,
0x000001fc19d54000, 0x000001fc19d56800, 0x000001fc19d57800, 0x000001fc19d58000,
0x000001fc19d55800, 0x000001fc19d53000, 0x000001fc19d52800, 0x000001fc19d59000,
0x000001fc19d5a800, 0x000001fc19d59800, 0x000001fc19d55000, 0x000001fc19d5c000,
0x000001fc19d61000, 0x000001fc19d5e000, 0x000001fc19d5d000, 0x000001fc19d5e800,
0x000001fc19d5b800, 0x000001fc19d5f800, 0x000001fc19d60800, 0x000001fc1a784800,
0x000001fc1a786800, 0x000001fc1a787000, 0x000001fc1a788000, 0x000001fc1a785800,
0x000001fc1a788800, 0x000001fc1a78d000, 0x000001fc1a78d800, 0x000001fc1a78b000,
0x000001fc1a78e800, 0x000001fc1a78c000, 0x000001fc1a78f000, 0x000001fc1a789800,
0x000001fc1a790000, 0x000001fc1a78a800, 0x000001fc1a791000, 0x000001fc1a791800,
0x000001fc1a792800, 0x000001fc1a793800, 0x000001fc1c779800, 0x000001fc1c776000,
0x000001fc1c777000, 0x000001fc1c77c000, 0x000001fc1c77a000, 0x000001fc1c777800,
0x000001fc1c77b000, 0x000001fc1c77c800, 0x000001fc1c778800, 0x000001fc1c783000,
0x000001fc1c77f000, 0x000001fc1c77e800, 0x000001fc1c77d800, 0x000001fc1c780800,
0x000001fc1c780000, 0x000001fc1c785000, 0x000001fc1c784000, 0x000001fc1c781800,
0x000001fc1c782800, 0x000001fc1cb3a000, 0x000001fc1cb38800, 0x000001fc1cb3c800,
0x000001fc1cb3d800, 0x000001fc1cb39800, 0x000001fc1cb3b000, 0x000001fc1cb37800,
0x000001fc1cb41800, 0x000001fc1cb3c000, 0x000001fc1cb44000, 0x000001fc1cb3e800,
0x000001fc1cb40800, 0x000001fc1cb3f000, 0x000001fc1cb45000, 0x000001fc1cb45800,
0x000001fc1cb43000, 0x000001fc1cb42800, 0x000001fc1cb40000, 0x000001fc1cb46800,
0x000001fc1d16a800, 0x000001fc1d16b800, 0x000001fc1d16d000, 0x000001fc1d16c800,
0x000001fc1d169000, 0x000001fc1d16e000, 0x000001fc1d16a000, 0x000001fc1d173800,
0x000001fc1d170800, 0x000001fc1d172000, 0x000001fc1d174800, 0x000001fc1d16e800,
0x000001fc1d175800, 0x000001fc1d16f800, 0x000001fc1d177000, 0x000001fc1d173000,
0x000001fc1d177800, 0x000001fc1fdba000, 0x000001fc1fdbb800, 0x000001fc1fdbc800,
0x000001fc1fdbf000, 0x000001fc1fdba800, 0x000001fc1fdc0800, 0x000001fc1fdbf800,
0x000001fc1fdc2000, 0x000001fc1fdbe000, 0x000001fc1fdbd000, 0x000001fc1fdc7000,
0x000001fc1fdc1800, 0x000001fc1fdc3800, 0x000001fc1fdc3000
}

Java Threads: ( => current thread )
  0x000001fc7c933000 JavaThread "main" [_thread_blocked, id=16984, stack(0x0000002239300000,0x0000002239400000)]
  0x000001fc7fccd000 JavaThread "Reference Handler" daemon [_thread_blocked, id=2608, stack(0x0000002239a00000,0x0000002239b00000)]
  0x000001fc7fcd7000 JavaThread "Finalizer" daemon [_thread_blocked, id=14584, stack(0x0000002239b00000,0x0000002239c00000)]
  0x000001fc7fcf6800 JavaThread "Signal Dispatcher" daemon [_thread_blocked, id=12472, stack(0x0000002239c00000,0x0000002239d00000)]
  0x000001fc7fcf7800 JavaThread "Attach Listener" daemon [_thread_blocked, id=9880, stack(0x0000002239d00000,0x0000002239e00000)]
  0x000001fc7fcf8800 JavaThread "Service Thread" daemon [_thread_blocked, id=4976, stack(0x0000002239e00000,0x0000002239f00000)]
=>0x000001fc7fcfa000 JavaThread "C2 CompilerThread0" daemon [_thread_in_native, id=16648, stack(0x0000002239f00000,0x000000223a000000)]
  0x000001fc7fcfd000 JavaThread "C1 CompilerThread0" daemon [_thread_blocked, id=23232, stack(0x000000223a000000,0x000000223a100000)]
  0x000001fc16aa0000 JavaThread "Sweeper thread" daemon [_thread_blocked, id=12020, stack(0x000000223a100000,0x000000223a200000)]
  0x000001fc16c05000 JavaThread "Common-Cleaner" daemon [_thread_blocked, id=16444, stack(0x000000223a200000,0x000000223a300000)]
  0x000001fc17bf0800 JavaThread "Daemon health stats" [_thread_blocked, id=21548, stack(0x000000223a700000,0x000000223a800000)]
  0x000001fc18e8b800 JavaThread "Incoming local TCP Connector on port 57266" [_thread_in_native, id=22664, stack(0x000000223a400000,0x000000223a500000)]
  0x000001fc181ff000 JavaThread "Daemon periodic checks" [_thread_blocked, id=8412, stack(0x000000223a500000,0x000000223a600000)]
  0x000001fc18ea7800 JavaThread "Daemon" [_thread_blocked, id=17588, stack(0x000000223a800000,0x000000223a900000)]
  0x000001fc17da2000 JavaThread "Handler for socket connection from /127.0.0.1:57266 to /127.0.0.1:57267" [_thread_in_native, id=12928, stack(0x000000223a900000,0x000000223aa00000)]
  0x000001fc17aac800 JavaThread "Cancel handler" [_thread_blocked, id=21436, stack(0x000000223aa00000,0x000000223ab00000)]
  0x000001fc1927e800 JavaThread "Daemon worker" [_thread_blocked, id=7384, stack(0x000000223ab00000,0x000000223ac00000)]
  0x000001fc18abe800 JavaThread "Asynchronous log dispatcher for DefaultDaemonConnection: socket connection from /127.0.0.1:57266 to /127.0.0.1:57267" [_thread_blocked, id=25484, stack(0x000000223ac00000,0x000000223ad00000)]
  0x000001fc18abf800 JavaThread "Stdin handler" [_thread_blocked, id=14636, stack(0x000000223ad00000,0x000000223ae00000)]
  0x000001fc18fdf000 JavaThread "Daemon client event forwarder" [_thread_blocked, id=10628, stack(0x000000223ae00000,0x000000223af00000)]
  0x000001fc18fde800 JavaThread "Cache worker for journal cache (C:\Users\Harsh Jethva\.gradle\caches\journal-1)" [_thread_blocked, id=14344, stack(0x000000223b900000,0x000000223ba00000)]
  0x000001fc18fe0000 JavaThread "File lock request listener" [_thread_in_native, id=25492, stack(0x000000223ba00000,0x000000223bb00000)]
  0x000001fc18fdd800 JavaThread "Cache worker for file hash cache (C:\Users\Harsh Jethva\.gradle\caches\7.5\fileHashes)" [_thread_blocked, id=4968, stack(0x000000223bb00000,0x000000223bc00000)]
  0x000001fc193b9800 JavaThread "File watcher server" daemon [_thread_in_native, id=4240, stack(0x000000223be00000,0x000000223bf00000)]
  0x000001fc193ba000 JavaThread "File watcher consumer" daemon [_thread_blocked, id=19820, stack(0x000000223bf00000,0x000000223c000000)]
  0x000001fc193bc800 JavaThread "Cache worker for checksums cache (H:\Flutter Projects\rku_bus_guide\android\.gradle\7.5\checksums)" [_thread_blocked, id=13236, stack(0x000000223c000000,0x000000223c100000)]
  0x000001fc193be800 JavaThread "Cache worker for cache directory md-rule (C:\Users\Harsh Jethva\.gradle\caches\7.5\md-rule)" [_thread_blocked, id=5820, stack(0x000000223c100000,0x000000223c200000)]
  0x000001fc193bd800 JavaThread "Cache worker for file content cache (C:\Users\Harsh Jethva\.gradle\caches\7.5\fileContent)" [_thread_blocked, id=24268, stack(0x000000223c200000,0x000000223c300000)]
  0x000001fc193bc000 JavaThread "Cache worker for file hash cache (H:\Flutter Projects\rku_bus_guide\android\.gradle\7.5\fileHashes)" [_thread_blocked, id=10748, stack(0x000000223c300000,0x000000223c400000)]
  0x000001fc193b8800 JavaThread "Cache worker for cache directory md-supplier (C:\Users\Harsh Jethva\.gradle\caches\7.5\md-supplier)" [_thread_blocked, id=17036, stack(0x000000223c400000,0x000000223c500000)]
  0x000001fc193bf000 JavaThread "Cache worker for execution history cache (C:\Users\Harsh Jethva\.gradle\caches\7.5\executionHistory)" [_thread_blocked, id=15552, stack(0x000000223c500000,0x000000223c600000)]
  0x000001fc193c0800 JavaThread "jar transforms" [_thread_blocked, id=14256, stack(0x000000223c600000,0x000000223c700000)]
  0x000001fc193bb000 JavaThread "jar transforms Thread 2" [_thread_blocked, id=9848, stack(0x000000223c700000,0x000000223c800000)]
  0x000001fc193c2800 JavaThread "jar transforms Thread 3" [_thread_blocked, id=17024, stack(0x000000223c800000,0x000000223c900000)]
  0x000001fc193c1800 JavaThread "jar transforms Thread 4" [_thread_blocked, id=24556, stack(0x000000223c900000,0x000000223ca00000)]
  0x000001fc193c4000 JavaThread "Cache worker for dependencies-accessors (H:\Flutter Projects\rku_bus_guide\android\.gradle\7.5\dependencies-accessors)" [_thread_blocked, id=7356, stack(0x000000223ca00000,0x000000223cb00000)]
  0x000001fc193c5000 JavaThread "jar transforms Thread 5" [_thread_blocked, id=15676, stack(0x000000223cb00000,0x000000223cc00000)]
  0x000001fc193c5800 JavaThread "Cache worker for Build Output Cleanup Cache (H:\Flutter Projects\rku_bus_guide\android\.gradle\buildOutputCleanup)" [_thread_blocked, id=18940, stack(0x000000223cc00000,0x000000223cd00000)]
  0x000001fc1a601800 JavaThread "Unconstrained build operations" [_thread_blocked, id=12608, stack(0x000000223cd00000,0x000000223ce00000)]
  0x000001fc1a602000 JavaThread "Unconstrained build operations Thread 2" [_thread_blocked, id=10476, stack(0x000000223ce00000,0x000000223cf00000)]
  0x000001fc1a5fc800 JavaThread "Unconstrained build operations Thread 3" [_thread_blocked, id=9204, stack(0x000000223cf00000,0x000000223d000000)]
  0x000001fc1a5ff800 JavaThread "Unconstrained build operations Thread 4" [_thread_blocked, id=872, stack(0x000000223d000000,0x000000223d100000)]
  0x000001fc1a600800 JavaThread "Unconstrained build operations Thread 5" [_thread_blocked, id=19968, stack(0x000000223d100000,0x000000223d200000)]
  0x000001fc1a603000 JavaThread "Unconstrained build operations Thread 6" [_thread_blocked, id=8084, stack(0x000000223d200000,0x000000223d300000)]
  0x000001fc1a5fd000 JavaThread "Unconstrained build operations Thread 7" [_thread_blocked, id=17444, stack(0x000000223d300000,0x000000223d400000)]
  0x000001fc1a5fe000 JavaThread "Unconstrained build operations Thread 8" [_thread_blocked, id=15496, stack(0x000000223d400000,0x000000223d500000)]
  0x000001fc1a603800 JavaThread "Unconstrained build operations Thread 9" [_thread_blocked, id=20760, stack(0x000000223d500000,0x000000223d600000)]
  0x000001fc1a604800 JavaThread "Unconstrained build operations Thread 10" [_thread_blocked, id=4076, stack(0x000000223d600000,0x000000223d700000)]
  0x000001fc1a5ff000 JavaThread "Unconstrained build operations Thread 11" [_thread_blocked, id=14424, stack(0x000000223d700000,0x000000223d800000)]
  0x000001fc1a609800 JavaThread "Unconstrained build operations Thread 12" [_thread_blocked, id=8556, stack(0x000000223d800000,0x000000223d900000)]
  0x000001fc1a60a800 JavaThread "Unconstrained build operations Thread 13" [_thread_blocked, id=7212, stack(0x000000223d900000,0x000000223da00000)]
  0x000001fc1a60b000 JavaThread "Unconstrained build operations Thread 14" [_thread_blocked, id=8400, stack(0x000000223da00000,0x000000223db00000)]
  0x000001fc1a606000 JavaThread "Unconstrained build operations Thread 15" [_thread_blocked, id=21060, stack(0x000000223db00000,0x000000223dc00000)]
  0x000001fc1a605800 JavaThread "Unconstrained build operations Thread 16" [_thread_blocked, id=19876, stack(0x000000223dc00000,0x000000223dd00000)]
  0x000001fc1a607000 JavaThread "Unconstrained build operations Thread 17" [_thread_blocked, id=6976, stack(0x000000223dd00000,0x000000223de00000)]
  0x000001fc1a608000 JavaThread "Unconstrained build operations Thread 18" [_thread_blocked, id=14376, stack(0x000000223de00000,0x000000223df00000)]
  0x000001fc1a608800 JavaThread "Unconstrained build operations Thread 19" [_thread_blocked, id=14184, stack(0x000000223df00000,0x000000223e000000)]
  0x000001fc1cb9f000 JavaThread "Unconstrained build operations Thread 20" [_thread_blocked, id=8620, stack(0x000000223e000000,0x000000223e100000)]
  0x000001fc1cb9e000 JavaThread "Unconstrained build operations Thread 21" [_thread_blocked, id=19156, stack(0x000000223e100000,0x000000223e200000)]
  0x000001fc1cb9d800 JavaThread "Unconstrained build operations Thread 22" [_thread_blocked, id=22092, stack(0x000000223e200000,0x000000223e300000)]
  0x000001fc1cba3000 JavaThread "Unconstrained build operations Thread 23" [_thread_blocked, id=25232, stack(0x000000223e300000,0x000000223e400000)]
  0x000001fc1cb9f800 JavaThread "Unconstrained build operations Thread 24" [_thread_blocked, id=15600, stack(0x000000223e400000,0x000000223e500000)]
  0x000001fc1cba5800 JavaThread "Unconstrained build operations Thread 25" [_thread_blocked, id=2340, stack(0x000000223e500000,0x000000223e600000)]
  0x000001fc1cba1800 JavaThread "Unconstrained build operations Thread 26" [_thread_blocked, id=2948, stack(0x000000223e600000,0x000000223e700000)]
  0x000001fc1cba4000 JavaThread "Unconstrained build operations Thread 27" [_thread_blocked, id=16864, stack(0x000000223e700000,0x000000223e800000)]
  0x000001fc1cba6800 JavaThread "Unconstrained build operations Thread 28" [_thread_blocked, id=21228, stack(0x000000223e800000,0x000000223e900000)]
  0x000001fc1cba4800 JavaThread "Unconstrained build operations Thread 29" [_thread_blocked, id=22440, stack(0x000000223e900000,0x000000223ea00000)]
  0x000001fc1cba0800 JavaThread "Unconstrained build operations Thread 30" [_thread_blocked, id=21176, stack(0x000000223ea00000,0x000000223eb00000)]
  0x000001fc1cba7000 JavaThread "Unconstrained build operations Thread 31" [_thread_blocked, id=16716, stack(0x000000223eb00000,0x000000223ec00000)]
  0x000001fc1cba8000 JavaThread "Unconstrained build operations Thread 32" [_thread_blocked, id=1652, stack(0x000000223ec00000,0x000000223ed00000)]
  0x000001fc1cba2000 JavaThread "Unconstrained build operations Thread 33" [_thread_blocked, id=12220, stack(0x000000223ed00000,0x000000223ee00000)]
  0x000001fc1cba8800 JavaThread "Unconstrained build operations Thread 34" [_thread_blocked, id=18700, stack(0x000000223ee00000,0x000000223ef00000)]
  0x000001fc1cba9800 JavaThread "Unconstrained build operations Thread 35" [_thread_blocked, id=1108, stack(0x000000223ef00000,0x000000223f000000)]
  0x000001fc1cbaa800 JavaThread "Unconstrained build operations Thread 36" [_thread_blocked, id=21432, stack(0x000000223f000000,0x000000223f100000)]
  0x000001fc1cbab000 JavaThread "Unconstrained build operations Thread 37" [_thread_blocked, id=6448, stack(0x000000223f100000,0x000000223f200000)]
  0x000001fc1cbac000 JavaThread "Unconstrained build operations Thread 38" [_thread_blocked, id=20388, stack(0x000000223f200000,0x000000223f300000)]
  0x000001fc19d54000 JavaThread "Unconstrained build operations Thread 39" [_thread_blocked, id=15984, stack(0x000000223f300000,0x000000223f400000)]
  0x000001fc19d56800 JavaThread "Unconstrained build operations Thread 40" [_thread_blocked, id=13864, stack(0x000000223f400000,0x000000223f500000)]
  0x000001fc19d57800 JavaThread "Unconstrained build operations Thread 41" [_thread_blocked, id=22436, stack(0x000000223f500000,0x000000223f600000)]
  0x000001fc19d58000 JavaThread "Unconstrained build operations Thread 42" [_thread_blocked, id=14392, stack(0x000000223f600000,0x000000223f700000)]
  0x000001fc19d55800 JavaThread "Unconstrained build operations Thread 43" [_thread_blocked, id=12232, stack(0x000000223f700000,0x000000223f800000)]
  0x000001fc19d53000 JavaThread "Unconstrained build operations Thread 44" [_thread_blocked, id=24900, stack(0x000000223f800000,0x000000223f900000)]
  0x000001fc19d52800 JavaThread "Unconstrained build operations Thread 45" [_thread_blocked, id=12680, stack(0x000000223f900000,0x000000223fa00000)]
  0x000001fc19d59000 JavaThread "Unconstrained build operations Thread 46" [_thread_blocked, id=18100, stack(0x000000223fa00000,0x000000223fb00000)]
  0x000001fc19d5a800 JavaThread "Unconstrained build operations Thread 47" [_thread_blocked, id=2328, stack(0x000000223fb00000,0x000000223fc00000)]
  0x000001fc19d59800 JavaThread "Unconstrained build operations Thread 48" [_thread_blocked, id=5472, stack(0x000000223fc00000,0x000000223fd00000)]
  0x000001fc19d55000 JavaThread "Unconstrained build operations Thread 49" [_thread_blocked, id=4828, stack(0x000000223fd00000,0x000000223fe00000)]
  0x000001fc19d5c000 JavaThread "Unconstrained build operations Thread 50" [_thread_blocked, id=15104, stack(0x000000223fe00000,0x000000223ff00000)]
  0x000001fc19d61000 JavaThread "Unconstrained build operations Thread 51" [_thread_blocked, id=10532, stack(0x000000223ff00000,0x0000002240000000)]
  0x000001fc19d5e000 JavaThread "Unconstrained build operations Thread 52" [_thread_blocked, id=7484, stack(0x0000002240000000,0x0000002240100000)]
  0x000001fc19d5d000 JavaThread "Unconstrained build operations Thread 53" [_thread_blocked, id=18372, stack(0x0000002240100000,0x0000002240200000)]
  0x000001fc19d5e800 JavaThread "Unconstrained build operations Thread 54" [_thread_blocked, id=20548, stack(0x0000002240200000,0x0000002240300000)]
  0x000001fc19d5b800 JavaThread "Unconstrained build operations Thread 55" [_thread_blocked, id=25328, stack(0x0000002240300000,0x0000002240400000)]
  0x000001fc19d5f800 JavaThread "Unconstrained build operations Thread 56" [_thread_blocked, id=16544, stack(0x0000002240400000,0x0000002240500000)]
  0x000001fc19d60800 JavaThread "Unconstrained build operations Thread 57" [_thread_blocked, id=3908, stack(0x0000002240500000,0x0000002240600000)]
  0x000001fc1a784800 JavaThread "Unconstrained build operations Thread 58" [_thread_blocked, id=9924, stack(0x0000002240600000,0x0000002240700000)]
  0x000001fc1a786800 JavaThread "Unconstrained build operations Thread 59" [_thread_blocked, id=5848, stack(0x0000002240700000,0x0000002240800000)]
  0x000001fc1a787000 JavaThread "Unconstrained build operations Thread 60" [_thread_blocked, id=7548, stack(0x0000002240800000,0x0000002240900000)]
  0x000001fc1a788000 JavaThread "Unconstrained build operations Thread 61" [_thread_blocked, id=7904, stack(0x0000002240900000,0x0000002240a00000)]
  0x000001fc1a785800 JavaThread "Unconstrained build operations Thread 62" [_thread_blocked, id=1672, stack(0x0000002240a00000,0x0000002240b00000)]
  0x000001fc1a788800 JavaThread "Unconstrained build operations Thread 63" [_thread_blocked, id=21896, stack(0x0000002240b00000,0x0000002240c00000)]
  0x000001fc1a78d000 JavaThread "Unconstrained build operations Thread 64" [_thread_blocked, id=10180, stack(0x0000002240c00000,0x0000002240d00000)]
  0x000001fc1a78d800 JavaThread "Unconstrained build operations Thread 65" [_thread_blocked, id=11028, stack(0x0000002240d00000,0x0000002240e00000)]
  0x000001fc1a78b000 JavaThread "Unconstrained build operations Thread 66" [_thread_blocked, id=20076, stack(0x0000002240e00000,0x0000002240f00000)]
  0x000001fc1a78e800 JavaThread "Unconstrained build operations Thread 67" [_thread_blocked, id=12600, stack(0x0000002240f00000,0x0000002241000000)]
  0x000001fc1a78c000 JavaThread "Unconstrained build operations Thread 68" [_thread_blocked, id=20456, stack(0x0000002241000000,0x0000002241100000)]
  0x000001fc1a78f000 JavaThread "Unconstrained build operations Thread 69" [_thread_blocked, id=25308, stack(0x0000002241100000,0x0000002241200000)]
  0x000001fc1a789800 JavaThread "Unconstrained build operations Thread 70" [_thread_blocked, id=24608, stack(0x0000002241200000,0x0000002241300000)]
  0x000001fc1a790000 JavaThread "Unconstrained build operations Thread 71" [_thread_blocked, id=13704, stack(0x0000002241300000,0x0000002241400000)]
  0x000001fc1a78a800 JavaThread "Unconstrained build operations Thread 72" [_thread_blocked, id=10400, stack(0x0000002241400000,0x0000002241500000)]
  0x000001fc1a791000 JavaThread "Unconstrained build operations Thread 73" [_thread_blocked, id=12156, stack(0x0000002241500000,0x0000002241600000)]
  0x000001fc1a791800 JavaThread "Unconstrained build operations Thread 74" [_thread_blocked, id=10728, stack(0x0000002241600000,0x0000002241700000)]
  0x000001fc1a792800 JavaThread "Unconstrained build operations Thread 75" [_thread_blocked, id=6472, stack(0x0000002241700000,0x0000002241800000)]
  0x000001fc1a793800 JavaThread "Unconstrained build operations Thread 76" [_thread_blocked, id=23780, stack(0x0000002241800000,0x0000002241900000)]
  0x000001fc1c779800 JavaThread "Unconstrained build operations Thread 77" [_thread_blocked, id=12848, stack(0x0000002241900000,0x0000002241a00000)]
  0x000001fc1c776000 JavaThread "Unconstrained build operations Thread 78" [_thread_blocked, id=24276, stack(0x0000002241a00000,0x0000002241b00000)]
  0x000001fc1c777000 JavaThread "Unconstrained build operations Thread 79" [_thread_blocked, id=2184, stack(0x0000002241b00000,0x0000002241c00000)]
  0x000001fc1c77c000 JavaThread "Unconstrained build operations Thread 80" [_thread_blocked, id=12124, stack(0x0000002241c00000,0x0000002241d00000)]
  0x000001fc1c77a000 JavaThread "Unconstrained build operations Thread 81" [_thread_blocked, id=304, stack(0x0000002241d00000,0x0000002241e00000)]
  0x000001fc1c777800 JavaThread "Unconstrained build operations Thread 82" [_thread_blocked, id=19392, stack(0x0000002241e00000,0x0000002241f00000)]
  0x000001fc1c77b000 JavaThread "Unconstrained build operations Thread 83" [_thread_blocked, id=5744, stack(0x0000002241f00000,0x0000002242000000)]
  0x000001fc1c77c800 JavaThread "Unconstrained build operations Thread 84" [_thread_blocked, id=13052, stack(0x0000002242000000,0x0000002242100000)]
  0x000001fc1c778800 JavaThread "Unconstrained build operations Thread 85" [_thread_blocked, id=22300, stack(0x0000002242100000,0x0000002242200000)]
  0x000001fc1c783000 JavaThread "Unconstrained build operations Thread 86" [_thread_blocked, id=22912, stack(0x0000002242200000,0x0000002242300000)]
  0x000001fc1c77f000 JavaThread "Unconstrained build operations Thread 87" [_thread_blocked, id=25272, stack(0x0000002242300000,0x0000002242400000)]
  0x000001fc1c77e800 JavaThread "Unconstrained build operations Thread 88" [_thread_blocked, id=13716, stack(0x0000002242400000,0x0000002242500000)]
  0x000001fc1c77d800 JavaThread "Unconstrained build operations Thread 89" [_thread_blocked, id=2748, stack(0x0000002242500000,0x0000002242600000)]
  0x000001fc1c780800 JavaThread "Unconstrained build operations Thread 90" [_thread_blocked, id=10876, stack(0x0000002242600000,0x0000002242700000)]
  0x000001fc1c780000 JavaThread "Unconstrained build operations Thread 91" [_thread_blocked, id=19552, stack(0x0000002242700000,0x0000002242800000)]
  0x000001fc1c785000 JavaThread "Unconstrained build operations Thread 92" [_thread_blocked, id=18600, stack(0x0000002242800000,0x0000002242900000)]
  0x000001fc1c784000 JavaThread "Unconstrained build operations Thread 93" [_thread_blocked, id=2928, stack(0x0000002242900000,0x0000002242a00000)]
  0x000001fc1c781800 JavaThread "Unconstrained build operations Thread 94" [_thread_blocked, id=25152, stack(0x0000002242a00000,0x0000002242b00000)]
  0x000001fc1c782800 JavaThread "Unconstrained build operations Thread 95" [_thread_blocked, id=25504, stack(0x0000002242b00000,0x0000002242c00000)]
  0x000001fc1cb3a000 JavaThread "Unconstrained build operations Thread 96" [_thread_blocked, id=1544, stack(0x0000002242c00000,0x0000002242d00000)]
  0x000001fc1cb38800 JavaThread "Unconstrained build operations Thread 97" [_thread_blocked, id=10060, stack(0x0000002242d00000,0x0000002242e00000)]
  0x000001fc1cb3c800 JavaThread "Unconstrained build operations Thread 98" [_thread_blocked, id=17472, stack(0x0000002242e00000,0x0000002242f00000)]
  0x000001fc1cb3d800 JavaThread "Unconstrained build operations Thread 99" [_thread_blocked, id=19264, stack(0x0000002242f00000,0x0000002243000000)]
  0x000001fc1cb39800 JavaThread "Unconstrained build operations Thread 100" [_thread_blocked, id=9144, stack(0x0000002243000000,0x0000002243100000)]
  0x000001fc1cb3b000 JavaThread "Unconstrained build operations Thread 101" [_thread_blocked, id=8820, stack(0x0000002243100000,0x0000002243200000)]
  0x000001fc1cb37800 JavaThread "Unconstrained build operations Thread 102" [_thread_blocked, id=9616, stack(0x0000002243200000,0x0000002243300000)]
  0x000001fc1cb41800 JavaThread "Unconstrained build operations Thread 103" [_thread_blocked, id=24036, stack(0x0000002243300000,0x0000002243400000)]
  0x000001fc1cb3c000 JavaThread "Unconstrained build operations Thread 104" [_thread_blocked, id=6096, stack(0x0000002243400000,0x0000002243500000)]
  0x000001fc1cb44000 JavaThread "Unconstrained build operations Thread 105" [_thread_blocked, id=20344, stack(0x0000002243500000,0x0000002243600000)]
  0x000001fc1cb3e800 JavaThread "Unconstrained build operations Thread 106" [_thread_blocked, id=18096, stack(0x0000002243600000,0x0000002243700000)]
  0x000001fc1cb40800 JavaThread "Unconstrained build operations Thread 107" [_thread_blocked, id=6524, stack(0x0000002243700000,0x0000002243800000)]
  0x000001fc1cb3f000 JavaThread "Unconstrained build operations Thread 108" [_thread_blocked, id=21560, stack(0x0000002243800000,0x0000002243900000)]
  0x000001fc1cb45000 JavaThread "Unconstrained build operations Thread 109" [_thread_blocked, id=15428, stack(0x0000002243900000,0x0000002243a00000)]
  0x000001fc1cb45800 JavaThread "Unconstrained build operations Thread 110" [_thread_blocked, id=17564, stack(0x0000002243a00000,0x0000002243b00000)]
  0x000001fc1cb43000 JavaThread "Unconstrained build operations Thread 111" [_thread_blocked, id=21076, stack(0x0000002243b00000,0x0000002243c00000)]
  0x000001fc1cb42800 JavaThread "Unconstrained build operations Thread 112" [_thread_blocked, id=12696, stack(0x0000002243c00000,0x0000002243d00000)]
  0x000001fc1cb40000 JavaThread "Unconstrained build operations Thread 113" [_thread_blocked, id=12648, stack(0x0000002243d00000,0x0000002243e00000)]
  0x000001fc1cb46800 JavaThread "Unconstrained build operations Thread 114" [_thread_blocked, id=7476, stack(0x0000002243e00000,0x0000002243f00000)]
  0x000001fc1d16a800 JavaThread "Unconstrained build operations Thread 115" [_thread_blocked, id=17220, stack(0x0000002243f00000,0x0000002244000000)]
  0x000001fc1d16b800 JavaThread "Unconstrained build operations Thread 116" [_thread_blocked, id=1460, stack(0x0000002244000000,0x0000002244100000)]
  0x000001fc1d16d000 JavaThread "Unconstrained build operations Thread 117" [_thread_blocked, id=22848, stack(0x0000002244100000,0x0000002244200000)]
  0x000001fc1d16c800 JavaThread "Unconstrained build operations Thread 118" [_thread_blocked, id=1728, stack(0x0000002244200000,0x0000002244300000)]
  0x000001fc1d169000 JavaThread "Unconstrained build operations Thread 119" [_thread_blocked, id=13924, stack(0x0000002244300000,0x0000002244400000)]
  0x000001fc1d16e000 JavaThread "Unconstrained build operations Thread 120" [_thread_blocked, id=15284, stack(0x0000002244400000,0x0000002244500000)]
  0x000001fc1d16a000 JavaThread "jar transforms Thread 6" [_thread_blocked, id=9016, stack(0x0000002244500000,0x0000002244600000)]
  0x000001fc1d173800 JavaThread "jar transforms Thread 7" [_thread_blocked, id=14944, stack(0x0000002244600000,0x0000002244700000)]
  0x000001fc1d170800 JavaThread "jar transforms Thread 8" [_thread_blocked, id=12816, stack(0x0000002244700000,0x0000002244800000)]
  0x000001fc1d172000 JavaThread "jar transforms Thread 9" [_thread_blocked, id=15260, stack(0x0000002244800000,0x0000002244900000)]
  0x000001fc1d174800 JavaThread "jar transforms Thread 10" [_thread_blocked, id=19196, stack(0x0000002244900000,0x0000002244a00000)]
  0x000001fc1d16e800 JavaThread "jar transforms Thread 11" [_thread_blocked, id=5892, stack(0x0000002244a00000,0x0000002244b00000)]
  0x000001fc1d175800 JavaThread "jar transforms Thread 12" [_thread_blocked, id=12204, stack(0x0000002244b00000,0x0000002244c00000)]
  0x000001fc1d16f800 JavaThread "Memory manager" [_thread_blocked, id=20724, stack(0x0000002244c00000,0x0000002244d00000)]
  0x000001fc1d177000 JavaThread "Cache worker for kotlin-dsl (C:\Users\Harsh Jethva\.gradle\caches\7.5\kotlin-dsl)" [_thread_blocked, id=3604, stack(0x0000002244d00000,0x0000002244e00000)]
  0x000001fc1d173000 JavaThread "included builds" [_thread_blocked, id=4616, stack(0x0000002244e00000,0x0000002244f00000)]
  0x000001fc1d177800 JavaThread "Execution worker" [_thread_blocked, id=4148, stack(0x0000002244f00000,0x0000002245000000)]
  0x000001fc1fdba000 JavaThread "Execution worker Thread 2" [_thread_blocked, id=1596, stack(0x0000002245000000,0x0000002245100000)]
  0x000001fc1fdbb800 JavaThread "Execution worker Thread 3" [_thread_blocked, id=21440, stack(0x0000002245100000,0x0000002245200000)]
  0x000001fc1fdbc800 JavaThread "Execution worker Thread 4" [_thread_blocked, id=4372, stack(0x0000002245200000,0x0000002245300000)]
  0x000001fc1fdbf000 JavaThread "Execution worker Thread 5" [_thread_blocked, id=7152, stack(0x0000002245300000,0x0000002245400000)]
  0x000001fc1fdba800 JavaThread "Execution worker Thread 6" [_thread_blocked, id=14224, stack(0x0000002245400000,0x0000002245500000)]
  0x000001fc1fdc0800 JavaThread "Execution worker Thread 7" [_thread_blocked, id=24424, stack(0x0000002245500000,0x0000002245600000)]
  0x000001fc1fdbf800 JavaThread "Execution worker Thread 8" [_thread_blocked, id=16344, stack(0x0000002245600000,0x0000002245700000)]
  0x000001fc1fdc2000 JavaThread "Execution worker Thread 9" [_thread_blocked, id=12628, stack(0x0000002245700000,0x0000002245800000)]
  0x000001fc1fdbe000 JavaThread "Execution worker Thread 10" [_thread_blocked, id=16992, stack(0x0000002245800000,0x0000002245900000)]
  0x000001fc1fdbd000 JavaThread "Execution worker Thread 11" [_thread_blocked, id=17940, stack(0x0000002245900000,0x0000002245a00000)]
  0x000001fc1fdc7000 JavaThread "Cache worker for execution history cache (H:\Flutter Projects\rku_bus_guide\android\.gradle\7.5\executionHistory)" [_thread_blocked, id=25064, stack(0x0000002245a00000,0x0000002245b00000)]
  0x000001fc1fdc1800 JavaThread "Exec process" [_thread_in_native, id=9856, stack(0x0000002245b00000,0x0000002245c00000)]
  0x000001fc1fdc3800 JavaThread "Exec process Thread 2" [_thread_in_native, id=22476, stack(0x0000002245c00000,0x0000002245d00000)]
  0x000001fc1fdc3000 JavaThread "Exec process Thread 3" [_thread_in_native, id=8032, stack(0x0000002245d00000,0x0000002245e00000)]

Other Threads:
  0x000001fc7fca9000 VMThread "VM Thread" [stack: 0x0000002239900000,0x0000002239a00000] [id=17552]
  0x000001fc16c46000 WatcherThread [stack: 0x000000223a300000,0x000000223a400000] [id=18744]
  0x000001fc7c94e000 GCTaskThread "GC Thread#0" [stack: 0x0000002239400000,0x0000002239500000] [id=6540]
  0x000001fc17420800 GCTaskThread "GC Thread#1" [stack: 0x000000223a600000,0x000000223a700000] [id=10612]
  0x000001fc18977800 GCTaskThread "GC Thread#2" [stack: 0x000000223b000000,0x000000223b100000] [id=15248]
  0x000001fc198bc800 GCTaskThread "GC Thread#3" [stack: 0x000000223b100000,0x000000223b200000] [id=5976]
  0x000001fc18e4a000 GCTaskThread "GC Thread#4" [stack: 0x000000223b200000,0x000000223b300000] [id=15756]
  0x000001fc1882d800 GCTaskThread "GC Thread#5" [stack: 0x000000223b300000,0x000000223b400000] [id=6480]
  0x000001fc19b46000 GCTaskThread "GC Thread#6" [stack: 0x000000223b400000,0x000000223b500000] [id=17972]
  0x000001fc18f1b800 GCTaskThread "GC Thread#7" [stack: 0x000000223b500000,0x000000223b600000] [id=2168]
  0x000001fc18f1c000 GCTaskThread "GC Thread#8" [stack: 0x000000223b600000,0x000000223b700000] [id=22424]
  0x000001fc18c73000 GCTaskThread "GC Thread#9" [stack: 0x000000223b700000,0x000000223b800000] [id=2624]
  0x000001fc7c975000 ConcurrentGCThread "G1 Main Marker" [stack: 0x0000002239500000,0x0000002239600000] [id=15356]
  0x000001fc7c977000 ConcurrentGCThread "G1 Conc#0" [stack: 0x0000002239600000,0x0000002239700000] [id=22648]
  0x000001fc17b80800 ConcurrentGCThread "G1 Conc#1" [stack: 0x000000223bc00000,0x000000223bd00000] [id=3652]
  0x000001fc199ae800 ConcurrentGCThread "G1 Conc#2" [stack: 0x000000223bd00000,0x000000223be00000] [id=7196]
  0x000001fc7c9fe000 ConcurrentGCThread "G1 Refine#0" [stack: 0x0000002239700000,0x0000002239800000] [id=13740]
  0x000001fc16d1d000 ConcurrentGCThread "G1 Refine#1" [stack: 0x000000223b800000,0x000000223b900000] [id=17368]
  0x000001fc7fb15800 ConcurrentGCThread "G1 Young RemSet Sampling" [stack: 0x0000002239800000,0x0000002239900000] [id=14776]

Threads with active compile tasks:
C2 CompilerThread0    16965 12658       4       org.gradle.internal.logging.text.AbstractLineChoppingStyledTextOutput$2::execute (77 bytes)

VM state:not at safepoint (normal execution)

VM Mutex/Monitor currently owned by a thread: None

Heap address: 0x00000000a0000000, size: 1536 MB, Compressed Oops mode: 32-bit
Narrow klass base: 0x0000000000000000, Narrow klass shift: 3
Compressed class space size: 1073741824 Address: 0x0000000100000000

Heap:
 garbage-first heap   total 212992K, used 160395K [0x00000000a0000000, 0x0000000100000000)
  region size 1024K, 33 young (33792K), 4 survivors (4096K)
 Metaspace       used 98148K, capacity 101729K, committed 101800K, reserved 1136640K
  class space    used 12881K, capacity 14065K, committed 14080K, reserved 1048576K
Heap Regions: E=young(eden), S=young(survivor), O=old, HS=humongous(starts), HC=humongous(continues), CS=collection set, F=free, A=archive, TAMS=top-at-mark-start (previous, next)
|   0|0x00000000a0000000, 0x00000000a0100000, 0x00000000a0100000|100%| O|  |TAMS 0x00000000a0100000, 0x00000000a0000000| Untracked 
|   1|0x00000000a0100000, 0x00000000a0200000, 0x00000000a0200000|100%| O|  |TAMS 0x00000000a0200000, 0x00000000a0100000| Untracked 
|   2|0x00000000a0200000, 0x00000000a0300000, 0x00000000a0300000|100%| O|  |TAMS 0x00000000a0300000, 0x00000000a0200000| Untracked 
|   3|0x00000000a0300000, 0x00000000a0400000, 0x00000000a0400000|100%|HS|  |TAMS 0x00000000a0400000, 0x00000000a0300000| Complete 
|   4|0x00000000a0400000, 0x00000000a0500000, 0x00000000a0500000|100%|HC|  |TAMS 0x00000000a0500000, 0x00000000a0400000| Complete 
|   5|0x00000000a0500000, 0x00000000a0600000, 0x00000000a0600000|100%|HC|  |TAMS 0x00000000a0600000, 0x00000000a0500000| Complete 
|   6|0x00000000a0600000, 0x00000000a0700000, 0x00000000a0700000|100%| O|  |TAMS 0x00000000a0700000, 0x00000000a0600000| Untracked 
|   7|0x00000000a0700000, 0x00000000a0800000, 0x00000000a0800000|100%| O|  |TAMS 0x00000000a0800000, 0x00000000a0700000| Untracked 
|   8|0x00000000a0800000, 0x00000000a0900000, 0x00000000a0900000|100%| O|  |TAMS 0x00000000a0900000, 0x00000000a0800000| Untracked 
|   9|0x00000000a0900000, 0x00000000a0a00000, 0x00000000a0a00000|100%| O|  |TAMS 0x00000000a0a00000, 0x00000000a0900000| Untracked 
|  10|0x00000000a0a00000, 0x00000000a0b00000, 0x00000000a0b00000|100%| O|  |TAMS 0x00000000a0b00000, 0x00000000a0a00000| Untracked 
|  11|0x00000000a0b00000, 0x00000000a0c00000, 0x00000000a0c00000|100%| O|  |TAMS 0x00000000a0c00000, 0x00000000a0b00000| Untracked 
|  12|0x00000000a0c00000, 0x00000000a0d00000, 0x00000000a0d00000|100%| O|  |TAMS 0x00000000a0d00000, 0x00000000a0c00000| Untracked 
|  13|0x00000000a0d00000, 0x00000000a0e00000, 0x00000000a0e00000|100%| O|  |TAMS 0x00000000a0e00000, 0x00000000a0d00000| Untracked 
|  14|0x00000000a0e00000, 0x00000000a0f00000, 0x00000000a0f00000|100%| O|  |TAMS 0x00000000a0f00000, 0x00000000a0e00000| Untracked 
|  15|0x00000000a0f00000, 0x00000000a1000000, 0x00000000a1000000|100%| O|  |TAMS 0x00000000a1000000, 0x00000000a0f00000| Untracked 
|  16|0x00000000a1000000, 0x00000000a1100000, 0x00000000a1100000|100%| O|  |TAMS 0x00000000a1100000, 0x00000000a1000000| Untracked 
|  17|0x00000000a1100000, 0x00000000a1200000, 0x00000000a1200000|100%| O|  |TAMS 0x00000000a1200000, 0x00000000a1100000| Untracked 
|  18|0x00000000a1200000, 0x00000000a1300000, 0x00000000a1300000|100%| O|  |TAMS 0x00000000a1300000, 0x00000000a1200000| Untracked 
|  19|0x00000000a1300000, 0x00000000a1400000, 0x00000000a1400000|100%| O|  |TAMS 0x00000000a1400000, 0x00000000a1300000| Untracked 
|  20|0x00000000a1400000, 0x00000000a1500000, 0x00000000a1500000|100%| O|  |TAMS 0x00000000a1500000, 0x00000000a1400000| Untracked 
|  21|0x00000000a1500000, 0x00000000a1600000, 0x00000000a1600000|100%| O|  |TAMS 0x00000000a1600000, 0x00000000a1500000| Untracked 
|  22|0x00000000a1600000, 0x00000000a1700000, 0x00000000a1700000|100%| O|  |TAMS 0x00000000a1700000, 0x00000000a1600000| Untracked 
|  23|0x00000000a1700000, 0x00000000a1800000, 0x00000000a1800000|100%| O|  |TAMS 0x00000000a1800000, 0x00000000a1700000| Untracked 
|  24|0x00000000a1800000, 0x00000000a1900000, 0x00000000a1900000|100%| O|  |TAMS 0x00000000a1900000, 0x00000000a1800000| Untracked 
|  25|0x00000000a1900000, 0x00000000a1a00000, 0x00000000a1a00000|100%| O|  |TAMS 0x00000000a1a00000, 0x00000000a1900000| Untracked 
|  26|0x00000000a1a00000, 0x00000000a1b00000, 0x00000000a1b00000|100%| O|  |TAMS 0x00000000a1b00000, 0x00000000a1a00000| Untracked 
|  27|0x00000000a1b00000, 0x00000000a1c00000, 0x00000000a1c00000|100%|HS|  |TAMS 0x00000000a1c00000, 0x00000000a1b00000| Complete 
|  28|0x00000000a1c00000, 0x00000000a1d00000, 0x00000000a1d00000|100%|HS|  |TAMS 0x00000000a1d00000, 0x00000000a1c00000| Complete 
|  29|0x00000000a1d00000, 0x00000000a1e00000, 0x00000000a1e00000|100%|HS|  |TAMS 0x00000000a1e00000, 0x00000000a1d00000| Complete 
|  30|0x00000000a1e00000, 0x00000000a1f00000, 0x00000000a1f00000|100%|HS|  |TAMS 0x00000000a1f00000, 0x00000000a1e00000| Complete 
|  31|0x00000000a1f00000, 0x00000000a2000000, 0x00000000a2000000|100%|HC|  |TAMS 0x00000000a2000000, 0x00000000a1f00000| Complete 
|  32|0x00000000a2000000, 0x00000000a2100000, 0x00000000a2100000|100%|HC|  |TAMS 0x00000000a2100000, 0x00000000a2000000| Complete 
|  33|0x00000000a2100000, 0x00000000a2200000, 0x00000000a2200000|100%|HS|  |TAMS 0x00000000a2200000, 0x00000000a2100000| Complete 
|  34|0x00000000a2200000, 0x00000000a2300000, 0x00000000a2300000|100%|HC|  |TAMS 0x00000000a2300000, 0x00000000a2200000| Complete 
|  35|0x00000000a2300000, 0x00000000a2400000, 0x00000000a2400000|100%| O|  |TAMS 0x00000000a2400000, 0x00000000a2300000| Untracked 
|  36|0x00000000a2400000, 0x00000000a2500000, 0x00000000a2500000|100%| O|  |TAMS 0x00000000a2500000, 0x00000000a2400000| Untracked 
|  37|0x00000000a2500000, 0x00000000a2600000, 0x00000000a2600000|100%| O|  |TAMS 0x00000000a2600000, 0x00000000a2500000| Untracked 
|  38|0x00000000a2600000, 0x00000000a2700000, 0x00000000a2700000|100%| O|  |TAMS 0x00000000a2700000, 0x00000000a2600000| Untracked 
|  39|0x00000000a2700000, 0x00000000a2800000, 0x00000000a2800000|100%| O|  |TAMS 0x00000000a2800000, 0x00000000a2700000| Untracked 
|  40|0x00000000a2800000, 0x00000000a2900000, 0x00000000a2900000|100%| O|  |TAMS 0x00000000a2900000, 0x00000000a2800000| Untracked 
|  41|0x00000000a2900000, 0x00000000a2a00000, 0x00000000a2a00000|100%| O|  |TAMS 0x00000000a2a00000, 0x00000000a2900000| Untracked 
|  42|0x00000000a2a00000, 0x00000000a2b00000, 0x00000000a2b00000|100%| O|  |TAMS 0x00000000a2b00000, 0x00000000a2a00000| Untracked 
|  43|0x00000000a2b00000, 0x00000000a2c00000, 0x00000000a2c00000|100%| O|  |TAMS 0x00000000a2c00000, 0x00000000a2b00000| Untracked 
|  44|0x00000000a2c00000, 0x00000000a2d00000, 0x00000000a2d00000|100%| O|  |TAMS 0x00000000a2d00000, 0x00000000a2c00000| Untracked 
|  45|0x00000000a2d00000, 0x00000000a2e00000, 0x00000000a2e00000|100%| O|  |TAMS 0x00000000a2e00000, 0x00000000a2d00000| Untracked 
|  46|0x00000000a2e00000, 0x00000000a2f00000, 0x00000000a2f00000|100%| O|  |TAMS 0x00000000a2f00000, 0x00000000a2e00000| Untracked 
|  47|0x00000000a2f00000, 0x00000000a3000000, 0x00000000a3000000|100%| O|  |TAMS 0x00000000a3000000, 0x00000000a2f00000| Untracked 
|  48|0x00000000a3000000, 0x00000000a3100000, 0x00000000a3100000|100%| O|  |TAMS 0x00000000a3100000, 0x00000000a3000000| Untracked 
|  49|0x00000000a3100000, 0x00000000a3200000, 0x00000000a3200000|100%| O|  |TAMS 0x00000000a3200000, 0x00000000a3100000| Untracked 
|  50|0x00000000a3200000, 0x00000000a3300000, 0x00000000a3300000|100%|HS|  |TAMS 0x00000000a3300000, 0x00000000a3200000| Complete 
|  51|0x00000000a3300000, 0x00000000a3400000, 0x00000000a3400000|100%| O|  |TAMS 0x00000000a3400000, 0x00000000a3300000| Untracked 
|  52|0x00000000a3400000, 0x00000000a3500000, 0x00000000a3500000|100%| O|  |TAMS 0x00000000a3500000, 0x00000000a3400000| Untracked 
|  53|0x00000000a3500000, 0x00000000a3600000, 0x00000000a3600000|100%| O|  |TAMS 0x00000000a3600000, 0x00000000a3500000| Untracked 
|  54|0x00000000a3600000, 0x00000000a3700000, 0x00000000a3700000|100%| O|  |TAMS 0x00000000a3700000, 0x00000000a3600000| Untracked 
|  55|0x00000000a3700000, 0x00000000a3800000, 0x00000000a3800000|100%| O|  |TAMS 0x00000000a3800000, 0x00000000a3700000| Untracked 
|  56|0x00000000a3800000, 0x00000000a3900000, 0x00000000a3900000|100%| O|  |TAMS 0x00000000a3900000, 0x00000000a3800000| Untracked 
|  57|0x00000000a3900000, 0x00000000a3a00000, 0x00000000a3a00000|100%|HS|  |TAMS 0x00000000a3a00000, 0x00000000a3900000| Complete 
|  58|0x00000000a3a00000, 0x00000000a3b00000, 0x00000000a3b00000|100%| O|  |TAMS 0x00000000a3b00000, 0x00000000a3a00000| Untracked 
|  59|0x00000000a3b00000, 0x00000000a3c00000, 0x00000000a3c00000|100%| O|  |TAMS 0x00000000a3c00000, 0x00000000a3b00000| Untracked 
|  60|0x00000000a3c00000, 0x00000000a3d00000, 0x00000000a3d00000|100%| O|  |TAMS 0x00000000a3d00000, 0x00000000a3c00000| Untracked 
|  61|0x00000000a3d00000, 0x00000000a3e00000, 0x00000000a3e00000|100%| O|  |TAMS 0x00000000a3e00000, 0x00000000a3d00000| Untracked 
|  62|0x00000000a3e00000, 0x00000000a3f00000, 0x00000000a3f00000|100%| O|  |TAMS 0x00000000a3f00000, 0x00000000a3e00000| Untracked 
|  63|0x00000000a3f00000, 0x00000000a4000000, 0x00000000a4000000|100%| O|  |TAMS 0x00000000a4000000, 0x00000000a3f00000| Untracked 
|  64|0x00000000a4000000, 0x00000000a4100000, 0x00000000a4100000|100%| O|  |TAMS 0x00000000a4100000, 0x00000000a4000000| Untracked 
|  65|0x00000000a4100000, 0x00000000a4200000, 0x00000000a4200000|100%| O|  |TAMS 0x00000000a4200000, 0x00000000a4100000| Untracked 
|  66|0x00000000a4200000, 0x00000000a4300000, 0x00000000a4300000|100%| O|  |TAMS 0x00000000a4300000, 0x00000000a4200000| Untracked 
|  67|0x00000000a4300000, 0x00000000a4400000, 0x00000000a4400000|100%| O|  |TAMS 0x00000000a4400000, 0x00000000a4300000| Untracked 
|  68|0x00000000a4400000, 0x00000000a4500000, 0x00000000a4500000|100%| O|  |TAMS 0x00000000a4500000, 0x00000000a4400000| Untracked 
|  69|0x00000000a4500000, 0x00000000a4600000, 0x00000000a4600000|100%| O|  |TAMS 0x00000000a4600000, 0x00000000a4500000| Untracked 
|  70|0x00000000a4600000, 0x00000000a4700000, 0x00000000a4700000|100%| O|  |TAMS 0x00000000a4700000, 0x00000000a4600000| Untracked 
|  71|0x00000000a4700000, 0x00000000a4800000, 0x00000000a4800000|100%| O|  |TAMS 0x00000000a4800000, 0x00000000a4700000| Untracked 
|  72|0x00000000a4800000, 0x00000000a4900000, 0x00000000a4900000|100%| O|  |TAMS 0x00000000a4900000, 0x00000000a4800000| Untracked 
|  73|0x00000000a4900000, 0x00000000a4a00000, 0x00000000a4a00000|100%| O|  |TAMS 0x00000000a4a00000, 0x00000000a4900000| Untracked 
|  74|0x00000000a4a00000, 0x00000000a4b00000, 0x00000000a4b00000|100%| O|  |TAMS 0x00000000a4b00000, 0x00000000a4a00000| Untracked 
|  75|0x00000000a4b00000, 0x00000000a4c00000, 0x00000000a4c00000|100%| O|  |TAMS 0x00000000a4c00000, 0x00000000a4b00000| Untracked 
|  76|0x00000000a4c00000, 0x00000000a4d00000, 0x00000000a4d00000|100%| O|  |TAMS 0x00000000a4d00000, 0x00000000a4c00000| Untracked 
|  77|0x00000000a4d00000, 0x00000000a4e00000, 0x00000000a4e00000|100%| O|  |TAMS 0x00000000a4e00000, 0x00000000a4d00000| Untracked 
|  78|0x00000000a4e00000, 0x00000000a4f00000, 0x00000000a4f00000|100%| O|  |TAMS 0x00000000a4f00000, 0x00000000a4e00000| Untracked 
|  79|0x00000000a4f00000, 0x00000000a5000000, 0x00000000a5000000|100%| O|  |TAMS 0x00000000a5000000, 0x00000000a4f00000| Untracked 
|  80|0x00000000a5000000, 0x00000000a5100000, 0x00000000a5100000|100%| O|  |TAMS 0x00000000a5100000, 0x00000000a5000000| Untracked 
|  81|0x00000000a5100000, 0x00000000a5200000, 0x00000000a5200000|100%| O|  |TAMS 0x00000000a5200000, 0x00000000a5100000| Untracked 
|  82|0x00000000a5200000, 0x00000000a5300000, 0x00000000a5300000|100%|HS|  |TAMS 0x00000000a5300000, 0x00000000a5200000| Complete 
|  83|0x00000000a5300000, 0x00000000a5400000, 0x00000000a5400000|100%|HS|  |TAMS 0x00000000a5400000, 0x00000000a5300000| Complete 
|  84|0x00000000a5400000, 0x00000000a5500000, 0x00000000a5500000|100%| O|  |TAMS 0x00000000a5500000, 0x00000000a5400000| Untracked 
|  85|0x00000000a5500000, 0x00000000a5600000, 0x00000000a5600000|100%| O|  |TAMS 0x00000000a5600000, 0x00000000a5500000| Untracked 
|  86|0x00000000a5600000, 0x00000000a5700000, 0x00000000a5700000|100%| O|  |TAMS 0x00000000a5700000, 0x00000000a5600000| Untracked 
|  87|0x00000000a5700000, 0x00000000a5800000, 0x00000000a5800000|100%| O|  |TAMS 0x00000000a5800000, 0x00000000a5700000| Untracked 
|  88|0x00000000a5800000, 0x00000000a5900000, 0x00000000a5900000|100%| O|  |TAMS 0x00000000a5900000, 0x00000000a5800000| Untracked 
|  89|0x00000000a5900000, 0x00000000a5a00000, 0x00000000a5a00000|100%| O|  |TAMS 0x00000000a5a00000, 0x00000000a5900000| Untracked 
|  90|0x00000000a5a00000, 0x00000000a5b00000, 0x00000000a5b00000|100%| O|  |TAMS 0x00000000a5b00000, 0x00000000a5a00000| Untracked 
|  91|0x00000000a5b00000, 0x00000000a5c00000, 0x00000000a5c00000|100%|HS|  |TAMS 0x00000000a5c00000, 0x00000000a5b00000| Complete 
|  92|0x00000000a5c00000, 0x00000000a5d00000, 0x00000000a5d00000|100%|HC|  |TAMS 0x00000000a5d00000, 0x00000000a5c00000| Complete 
|  93|0x00000000a5d00000, 0x00000000a5e00000, 0x00000000a5e00000|100%| O|  |TAMS 0x00000000a5e00000, 0x00000000a5d00000| Untracked 
|  94|0x00000000a5e00000, 0x00000000a5f00000, 0x00000000a5f00000|100%| O|  |TAMS 0x00000000a5f00000, 0x00000000a5e00000| Untracked 
|  95|0x00000000a5f00000, 0x00000000a6000000, 0x00000000a6000000|100%| O|  |TAMS 0x00000000a6000000, 0x00000000a5f00000| Untracked 
|  96|0x00000000a6000000, 0x00000000a6100000, 0x00000000a6100000|100%| O|  |TAMS 0x00000000a6100000, 0x00000000a6000000| Untracked 
|  97|0x00000000a6100000, 0x00000000a6200000, 0x00000000a6200000|100%| O|  |TAMS 0x00000000a6200000, 0x00000000a6100000| Untracked 
|  98|0x00000000a6200000, 0x00000000a6300000, 0x00000000a6300000|100%| O|  |TAMS 0x00000000a6300000, 0x00000000a6200000| Untracked 
|  99|0x00000000a6300000, 0x00000000a6400000, 0x00000000a6400000|100%| O|  |TAMS 0x00000000a6400000, 0x00000000a6300000| Untracked 
| 100|0x00000000a6400000, 0x00000000a6500000, 0x00000000a6500000|100%| O|  |TAMS 0x00000000a6500000, 0x00000000a6400000| Untracked 
| 101|0x00000000a6500000, 0x00000000a6600000, 0x00000000a6600000|100%| O|  |TAMS 0x00000000a6600000, 0x00000000a6500000| Untracked 
| 102|0x00000000a6600000, 0x00000000a6700000, 0x00000000a6700000|100%|HS|  |TAMS 0x00000000a6700000, 0x00000000a6600000| Complete 
| 103|0x00000000a6700000, 0x00000000a6800000, 0x00000000a6800000|100%| O|  |TAMS 0x00000000a6800000, 0x00000000a6700000| Untracked 
| 104|0x00000000a6800000, 0x00000000a6900000, 0x00000000a6900000|100%| O|  |TAMS 0x00000000a6900000, 0x00000000a6800000| Untracked 
| 105|0x00000000a6900000, 0x00000000a6a00000, 0x00000000a6a00000|100%| O|  |TAMS 0x00000000a6a00000, 0x00000000a6900000| Untracked 
| 106|0x00000000a6a00000, 0x00000000a6b00000, 0x00000000a6b00000|100%| O|  |TAMS 0x00000000a6b00000, 0x00000000a6a00000| Untracked 
| 107|0x00000000a6b00000, 0x00000000a6c00000, 0x00000000a6c00000|100%| O|  |TAMS 0x00000000a6c00000, 0x00000000a6b00000| Untracked 
| 108|0x00000000a6c00000, 0x00000000a6d00000, 0x00000000a6d00000|100%| O|  |TAMS 0x00000000a6d00000, 0x00000000a6c00000| Untracked 
| 109|0x00000000a6d00000, 0x00000000a6e00000, 0x00000000a6e00000|100%| O|  |TAMS 0x00000000a6e00000, 0x00000000a6d00000| Untracked 
| 110|0x00000000a6e00000, 0x00000000a6f00000, 0x00000000a6f00000|100%| O|  |TAMS 0x00000000a6f00000, 0x00000000a6e00000| Untracked 
| 111|0x00000000a6f00000, 0x00000000a7000000, 0x00000000a7000000|100%| O|  |TAMS 0x00000000a7000000, 0x00000000a6f00000| Untracked 
| 112|0x00000000a7000000, 0x00000000a7100000, 0x00000000a7100000|100%| O|  |TAMS 0x00000000a7100000, 0x00000000a7000000| Untracked 
| 113|0x00000000a7100000, 0x00000000a7200000, 0x00000000a7200000|100%| O|  |TAMS 0x00000000a7200000, 0x00000000a7100000| Untracked 
| 114|0x00000000a7200000, 0x00000000a7300000, 0x00000000a7300000|100%| O|  |TAMS 0x00000000a7300000, 0x00000000a7200000| Untracked 
| 115|0x00000000a7300000, 0x00000000a7400000, 0x00000000a7400000|100%| O|  |TAMS 0x00000000a7400000, 0x00000000a7300000| Untracked 
| 116|0x00000000a7400000, 0x00000000a7500000, 0x00000000a7500000|100%| O|  |TAMS 0x00000000a7500000, 0x00000000a7400000| Untracked 
| 117|0x00000000a7500000, 0x00000000a7600000, 0x00000000a7600000|100%| O|  |TAMS 0x00000000a7600000, 0x00000000a7500000| Untracked 
| 118|0x00000000a7600000, 0x00000000a7700000, 0x00000000a7700000|100%| O|  |TAMS 0x00000000a7700000, 0x00000000a7600000| Untracked 
| 119|0x00000000a7700000, 0x00000000a7800000, 0x00000000a7800000|100%| O|  |TAMS 0x00000000a7800000, 0x00000000a7700000| Untracked 
| 120|0x00000000a7800000, 0x00000000a7900000, 0x00000000a7900000|100%| O|  |TAMS 0x00000000a7900000, 0x00000000a7800000| Untracked 
| 121|0x00000000a7900000, 0x00000000a7a00000, 0x00000000a7a00000|100%| O|  |TAMS 0x00000000a7a00000, 0x00000000a7900000| Untracked 
| 122|0x00000000a7a00000, 0x00000000a7b00000, 0x00000000a7b00000|100%| O|  |TAMS 0x00000000a7b00000, 0x00000000a7a00000| Untracked 
| 123|0x00000000a7b00000, 0x00000000a7c00000, 0x00000000a7c00000|100%| O|  |TAMS 0x00000000a7c00000, 0x00000000a7b00000| Untracked 
| 124|0x00000000a7c00000, 0x00000000a7d00000, 0x00000000a7d00000|100%| O|  |TAMS 0x00000000a7d00000, 0x00000000a7c00000| Untracked 
| 125|0x00000000a7d00000, 0x00000000a7d14000, 0x00000000a7e00000|  7%| O|  |TAMS 0x00000000a7d14000, 0x00000000a7d00000| Untracked 
| 126|0x00000000a7e00000, 0x00000000a7e00000, 0x00000000a7f00000|  0%| F|  |TAMS 0x00000000a7e00000, 0x00000000a7e00000| Untracked 
| 127|0x00000000a7f00000, 0x00000000a7f00000, 0x00000000a8000000|  0%| F|  |TAMS 0x00000000a7f00000, 0x00000000a7f00000| Untracked 
| 128|0x00000000a8000000, 0x00000000a8000000, 0x00000000a8100000|  0%| F|  |TAMS 0x00000000a8000000, 0x00000000a8000000| Untracked 
| 129|0x00000000a8100000, 0x00000000a8100000, 0x00000000a8200000|  0%| F|  |TAMS 0x00000000a8100000, 0x00000000a8100000| Untracked 
| 130|0x00000000a8200000, 0x00000000a8200000, 0x00000000a8300000|  0%| F|  |TAMS 0x00000000a8200000, 0x00000000a8200000| Untracked 
| 131|0x00000000a8300000, 0x00000000a8300000, 0x00000000a8400000|  0%| F|  |TAMS 0x00000000a8300000, 0x00000000a8300000| Untracked 
| 132|0x00000000a8400000, 0x00000000a8400000, 0x00000000a8500000|  0%| F|  |TAMS 0x00000000a8400000, 0x00000000a8400000| Untracked 
| 133|0x00000000a8500000, 0x00000000a8500000, 0x00000000a8600000|  0%| F|  |TAMS 0x00000000a8500000, 0x00000000a8500000| Untracked 
| 134|0x00000000a8600000, 0x00000000a8600000, 0x00000000a8700000|  0%| F|  |TAMS 0x00000000a8600000, 0x00000000a8600000| Untracked 
| 135|0x00000000a8700000, 0x00000000a8700000, 0x00000000a8800000|  0%| F|  |TAMS 0x00000000a8700000, 0x00000000a8700000| Untracked 
| 136|0x00000000a8800000, 0x00000000a8800000, 0x00000000a8900000|  0%| F|  |TAMS 0x00000000a8800000, 0x00000000a8800000| Untracked 
| 137|0x00000000a8900000, 0x00000000a8900000, 0x00000000a8a00000|  0%| F|  |TAMS 0x00000000a8900000, 0x00000000a8900000| Untracked 
| 138|0x00000000a8a00000, 0x00000000a8a00000, 0x00000000a8b00000|  0%| F|  |TAMS 0x00000000a8a00000, 0x00000000a8a00000| Untracked 
| 139|0x00000000a8b00000, 0x00000000a8b00000, 0x00000000a8c00000|  0%| F|  |TAMS 0x00000000a8b00000, 0x00000000a8b00000| Untracked 
| 140|0x00000000a8c00000, 0x00000000a8c00000, 0x00000000a8d00000|  0%| F|  |TAMS 0x00000000a8c00000, 0x00000000a8c00000| Untracked 
| 141|0x00000000a8d00000, 0x00000000a8d00000, 0x00000000a8e00000|  0%| F|  |TAMS 0x00000000a8d00000, 0x00000000a8d00000| Untracked 
| 142|0x00000000a8e00000, 0x00000000a8e00000, 0x00000000a8f00000|  0%| F|  |TAMS 0x00000000a8e00000, 0x00000000a8e00000| Untracked 
| 143|0x00000000a8f00000, 0x00000000a8f00000, 0x00000000a9000000|  0%| F|  |TAMS 0x00000000a8f00000, 0x00000000a8f00000| Untracked 
| 144|0x00000000a9000000, 0x00000000a9000000, 0x00000000a9100000|  0%| F|  |TAMS 0x00000000a9000000, 0x00000000a9000000| Untracked 
| 145|0x00000000a9100000, 0x00000000a9100000, 0x00000000a9200000|  0%| F|  |TAMS 0x00000000a9100000, 0x00000000a9100000| Untracked 
| 146|0x00000000a9200000, 0x00000000a9200000, 0x00000000a9300000|  0%| F|  |TAMS 0x00000000a9200000, 0x00000000a9200000| Untracked 
| 147|0x00000000a9300000, 0x00000000a9300000, 0x00000000a9400000|  0%| F|  |TAMS 0x00000000a9300000, 0x00000000a9300000| Untracked 
| 148|0x00000000a9400000, 0x00000000a9400000, 0x00000000a9500000|  0%| F|  |TAMS 0x00000000a9400000, 0x00000000a9400000| Untracked 
| 149|0x00000000a9500000, 0x00000000a9500000, 0x00000000a9600000|  0%| F|  |TAMS 0x00000000a9500000, 0x00000000a9500000| Untracked 
| 150|0x00000000a9600000, 0x00000000a9600000, 0x00000000a9700000|  0%| F|  |TAMS 0x00000000a9600000, 0x00000000a9600000| Untracked 
| 151|0x00000000a9700000, 0x00000000a9700000, 0x00000000a9800000|  0%| F|  |TAMS 0x00000000a9700000, 0x00000000a9700000| Untracked 
| 152|0x00000000a9800000, 0x00000000a9800000, 0x00000000a9900000|  0%| F|  |TAMS 0x00000000a9800000, 0x00000000a9800000| Untracked 
| 153|0x00000000a9900000, 0x00000000a9900000, 0x00000000a9a00000|  0%| F|  |TAMS 0x00000000a9900000, 0x00000000a9900000| Untracked 
| 154|0x00000000a9a00000, 0x00000000a9a00000, 0x00000000a9b00000|  0%| F|  |TAMS 0x00000000a9a00000, 0x00000000a9a00000| Untracked 
| 155|0x00000000a9b00000, 0x00000000a9b00000, 0x00000000a9c00000|  0%| F|  |TAMS 0x00000000a9b00000, 0x00000000a9b00000| Untracked 
| 156|0x00000000a9c00000, 0x00000000a9c00000, 0x00000000a9d00000|  0%| F|  |TAMS 0x00000000a9c00000, 0x00000000a9c00000| Untracked 
| 157|0x00000000a9d00000, 0x00000000a9d00000, 0x00000000a9e00000|  0%| F|  |TAMS 0x00000000a9d00000, 0x00000000a9d00000| Untracked 
| 158|0x00000000a9e00000, 0x00000000a9e00000, 0x00000000a9f00000|  0%| F|  |TAMS 0x00000000a9e00000, 0x00000000a9e00000| Untracked 
| 159|0x00000000a9f00000, 0x00000000a9f00000, 0x00000000aa000000|  0%| F|  |TAMS 0x00000000a9f00000, 0x00000000a9f00000| Untracked 
| 160|0x00000000aa000000, 0x00000000aa000000, 0x00000000aa100000|  0%| F|  |TAMS 0x00000000aa000000, 0x00000000aa000000| Untracked 
| 161|0x00000000aa100000, 0x00000000aa100000, 0x00000000aa200000|  0%| F|  |TAMS 0x00000000aa100000, 0x00000000aa100000| Untracked 
| 162|0x00000000aa200000, 0x00000000aa200000, 0x00000000aa300000|  0%| F|  |TAMS 0x00000000aa200000, 0x00000000aa200000| Untracked 
| 163|0x00000000aa300000, 0x00000000aa300000, 0x00000000aa400000|  0%| F|  |TAMS 0x00000000aa300000, 0x00000000aa300000| Untracked 
| 164|0x00000000aa400000, 0x00000000aa48ed70, 0x00000000aa500000| 55%| S|CS|TAMS 0x00000000aa400000, 0x00000000aa400000| Complete 
| 165|0x00000000aa500000, 0x00000000aa600000, 0x00000000aa600000|100%| S|CS|TAMS 0x00000000aa500000, 0x00000000aa500000| Complete 
| 166|0x00000000aa600000, 0x00000000aa700000, 0x00000000aa700000|100%| S|CS|TAMS 0x00000000aa600000, 0x00000000aa600000| Complete 
| 167|0x00000000aa700000, 0x00000000aa700000, 0x00000000aa800000|  0%| F|  |TAMS 0x00000000aa700000, 0x00000000aa700000| Untracked 
| 168|0x00000000aa800000, 0x00000000aa800000, 0x00000000aa900000|  0%| F|  |TAMS 0x00000000aa800000, 0x00000000aa800000| Untracked 
| 169|0x00000000aa900000, 0x00000000aa900000, 0x00000000aaa00000|  0%| F|  |TAMS 0x00000000aa900000, 0x00000000aa900000| Untracked 
| 170|0x00000000aaa00000, 0x00000000aaa00000, 0x00000000aab00000|  0%| F|  |TAMS 0x00000000aaa00000, 0x00000000aaa00000| Untracked 
| 171|0x00000000aab00000, 0x00000000aab00000, 0x00000000aac00000|  0%| F|  |TAMS 0x00000000aab00000, 0x00000000aab00000| Untracked 
| 172|0x00000000aac00000, 0x00000000aad00000, 0x00000000aad00000|100%| S|CS|TAMS 0x00000000aac00000, 0x00000000aac00000| Complete 
| 173|0x00000000aad00000, 0x00000000aad00000, 0x00000000aae00000|  0%| F|  |TAMS 0x00000000aad00000, 0x00000000aad00000| Untracked 
| 174|0x00000000aae00000, 0x00000000aae00000, 0x00000000aaf00000|  0%| F|  |TAMS 0x00000000aae00000, 0x00000000aae00000| Untracked 
| 175|0x00000000aaf00000, 0x00000000aaf00000, 0x00000000ab000000|  0%| F|  |TAMS 0x00000000aaf00000, 0x00000000aaf00000| Untracked 
| 176|0x00000000ab000000, 0x00000000ab000000, 0x00000000ab100000|  0%| F|  |TAMS 0x00000000ab000000, 0x00000000ab000000| Untracked 
| 177|0x00000000ab100000, 0x00000000ab100000, 0x00000000ab200000|  0%| F|  |TAMS 0x00000000ab100000, 0x00000000ab100000| Untracked 
| 178|0x00000000ab200000, 0x00000000ab200000, 0x00000000ab300000|  0%| F|  |TAMS 0x00000000ab200000, 0x00000000ab200000| Untracked 
| 179|0x00000000ab300000, 0x00000000ab3788b0, 0x00000000ab400000| 47%| E|  |TAMS 0x00000000ab300000, 0x00000000ab300000| Complete 
| 180|0x00000000ab400000, 0x00000000ab500000, 0x00000000ab500000|100%| E|CS|TAMS 0x00000000ab400000, 0x00000000ab400000| Complete 
| 181|0x00000000ab500000, 0x00000000ab600000, 0x00000000ab600000|100%| E|CS|TAMS 0x00000000ab500000, 0x00000000ab500000| Complete 
| 182|0x00000000ab600000, 0x00000000ab700000, 0x00000000ab700000|100%| E|CS|TAMS 0x00000000ab600000, 0x00000000ab600000| Complete 
| 183|0x00000000ab700000, 0x00000000ab800000, 0x00000000ab800000|100%| E|CS|TAMS 0x00000000ab700000, 0x00000000ab700000| Complete 
| 184|0x00000000ab800000, 0x00000000ab900000, 0x00000000ab900000|100%| E|CS|TAMS 0x00000000ab800000, 0x00000000ab800000| Complete 
| 185|0x00000000ab900000, 0x00000000aba00000, 0x00000000aba00000|100%| E|CS|TAMS 0x00000000ab900000, 0x00000000ab900000| Complete 
| 186|0x00000000aba00000, 0x00000000abb00000, 0x00000000abb00000|100%| E|CS|TAMS 0x00000000aba00000, 0x00000000aba00000| Complete 
| 187|0x00000000abb00000, 0x00000000abc00000, 0x00000000abc00000|100%| E|CS|TAMS 0x00000000abb00000, 0x00000000abb00000| Complete 
| 188|0x00000000abc00000, 0x00000000abd00000, 0x00000000abd00000|100%| E|CS|TAMS 0x00000000abc00000, 0x00000000abc00000| Complete 
| 189|0x00000000abd00000, 0x00000000abe00000, 0x00000000abe00000|100%| E|CS|TAMS 0x00000000abd00000, 0x00000000abd00000| Complete 
| 190|0x00000000abe00000, 0x00000000abf00000, 0x00000000abf00000|100%| E|CS|TAMS 0x00000000abe00000, 0x00000000abe00000| Complete 
| 191|0x00000000abf00000, 0x00000000ac000000, 0x00000000ac000000|100%| E|CS|TAMS 0x00000000abf00000, 0x00000000abf00000| Complete 
| 192|0x00000000ac000000, 0x00000000ac100000, 0x00000000ac100000|100%| E|CS|TAMS 0x00000000ac000000, 0x00000000ac000000| Complete 
| 193|0x00000000ac100000, 0x00000000ac200000, 0x00000000ac200000|100%| E|CS|TAMS 0x00000000ac100000, 0x00000000ac100000| Complete 
| 194|0x00000000ac200000, 0x00000000ac300000, 0x00000000ac300000|100%| E|CS|TAMS 0x00000000ac200000, 0x00000000ac200000| Complete 
| 195|0x00000000ac300000, 0x00000000ac400000, 0x00000000ac400000|100%| E|CS|TAMS 0x00000000ac300000, 0x00000000ac300000| Complete 
| 196|0x00000000ac400000, 0x00000000ac500000, 0x00000000ac500000|100%| E|CS|TAMS 0x00000000ac400000, 0x00000000ac400000| Complete 
| 197|0x00000000ac500000, 0x00000000ac600000, 0x00000000ac600000|100%| E|CS|TAMS 0x00000000ac500000, 0x00000000ac500000| Complete 
| 198|0x00000000ac600000, 0x00000000ac700000, 0x00000000ac700000|100%| E|CS|TAMS 0x00000000ac600000, 0x00000000ac600000| Complete 
| 199|0x00000000ac700000, 0x00000000ac800000, 0x00000000ac800000|100%| E|CS|TAMS 0x00000000ac700000, 0x00000000ac700000| Complete 
| 200|0x00000000ac800000, 0x00000000ac900000, 0x00000000ac900000|100%| E|CS|TAMS 0x00000000ac800000, 0x00000000ac800000| Complete 
| 201|0x00000000ac900000, 0x00000000aca00000, 0x00000000aca00000|100%| E|CS|TAMS 0x00000000ac900000, 0x00000000ac900000| Complete 
| 202|0x00000000aca00000, 0x00000000acb00000, 0x00000000acb00000|100%| E|CS|TAMS 0x00000000aca00000, 0x00000000aca00000| Complete 
| 203|0x00000000acb00000, 0x00000000acc00000, 0x00000000acc00000|100%| E|CS|TAMS 0x00000000acb00000, 0x00000000acb00000| Complete 
| 204|0x00000000acc00000, 0x00000000acd00000, 0x00000000acd00000|100%| E|CS|TAMS 0x00000000acc00000, 0x00000000acc00000| Complete 
| 205|0x00000000acd00000, 0x00000000ace00000, 0x00000000ace00000|100%| E|CS|TAMS 0x00000000acd00000, 0x00000000acd00000| Complete 
| 206|0x00000000ace00000, 0x00000000acf00000, 0x00000000acf00000|100%| E|CS|TAMS 0x00000000ace00000, 0x00000000ace00000| Complete 
| 207|0x00000000acf00000, 0x00000000ad000000, 0x00000000ad000000|100%| E|CS|TAMS 0x00000000acf00000, 0x00000000acf00000| Complete 

Card table byte_map: [0x000001fc7d260000,0x000001fc7d560000] _byte_map_base: 0x000001fc7cd60000

Marking Bits (Prev, Next): (CMBitMap*) 0x000001fc7c96e2a0, (CMBitMap*) 0x000001fc7c96e268
 Prev Bits: [0x000001fc12a50000, 0x000001fc14250000)
 Next Bits: [0x000001fc7d860000, 0x000001fc7f060000)

Polling page: 0x000001fc7c100000

Metaspace:

Usage:
  Non-class:     85.61 MB capacity,    83.27 MB ( 97%) used,     2.05 MB (  2%) free+waste,   302.50 KB ( <1%) overhead. 
      Class:     13.74 MB capacity,    12.58 MB ( 92%) used,     1.02 MB (  7%) free+waste,   140.31 KB ( <1%) overhead. 
       Both:     99.34 MB capacity,    95.85 MB ( 96%) used,     3.06 MB (  3%) free+waste,   442.81 KB ( <1%) overhead. 

Virtual space:
  Non-class space:       86.00 MB reserved,      85.66 MB (>99%) committed 
      Class space:        1.00 GB reserved,      13.75 MB (  1%) committed 
             Both:        1.08 GB reserved,      99.41 MB (  9%) committed 

Chunk freelists:
   Non-Class:  0 bytes
       Class:  15.00 KB
        Both:  15.00 KB

MaxMetaspaceSize: 17179869184.00 GB
CompressedClassSpaceSize: 1.00 GB
Initial GC threshold: 20.80 MB
Current GC threshold: 165.27 MB
CDS: off

CodeHeap 'non-profiled nmethods': size=120000Kb used=7722Kb max_used=7722Kb free=112277Kb
 bounds [0x000001fc0b520000, 0x000001fc0bcb0000, 0x000001fc12a50000]
CodeHeap 'profiled nmethods': size=120000Kb used=26972Kb max_used=26972Kb free=93027Kb
 bounds [0x000001fc03ff0000, 0x000001fc05a50000, 0x000001fc0b520000]
CodeHeap 'non-nmethods': size=5760Kb used=2394Kb max_used=2461Kb free=3365Kb
 bounds [0x000001fc03a50000, 0x000001fc03cc0000, 0x000001fc03ff0000]
 total_blobs=13467 nmethods=12550 adapters=828
 compilation: enabled
              stopped_count=0, restarted_count=0
 full_count=0

Compilation events (20 events):
Event: 16.050 Thread 0x000001fc7fcfd000 nmethod 12653 0x000001fc05a41c90 code [0x000001fc05a41ec0, 0x000001fc05a42688]
Event: 16.933 Thread 0x000001fc7fcfd000 12655   !   3       java.nio.charset.Charset::defaultCharset (53 bytes)
Event: 16.933 Thread 0x000001fc7fcfd000 nmethod 12655 0x000001fc05a42910 code [0x000001fc05a42c00, 0x000001fc05a43b38]
Event: 16.934 Thread 0x000001fc7fcfa000 12656       4       org.gradle.internal.logging.text.AbstractLineChoppingStyledTextOutput$1::execute (9 bytes)
Event: 16.935 Thread 0x000001fc7fcfd000 12659       3       org.gradle.internal.logging.sink.LogEventDispatcher::onOutput (60 bytes)
Event: 16.935 Thread 0x000001fc7fcfd000 nmethod 12659 0x000001fc05a44110 code [0x000001fc05a44360, 0x000001fc05a44c78]
Event: 16.935 Thread 0x000001fc7fcfd000 12661       3       org.gradle.internal.io.LineBufferingOutputStream::write (59 bytes)
Event: 16.935 Thread 0x000001fc7fcfd000 nmethod 12661 0x000001fc05a44e90 code [0x000001fc05a45160, 0x000001fc05a45f38]
Event: 16.935 Thread 0x000001fc7fcfd000 12664       3       org.gradle.internal.io.LineBufferingOutputStream::endsWithLineSeparator (27 bytes)
Event: 16.936 Thread 0x000001fc7fcfd000 nmethod 12664 0x000001fc05a46490 code [0x000001fc05a46640, 0x000001fc05a467d8]
Event: 16.936 Thread 0x000001fc7fcfd000 12662       3       org.gradle.internal.io.StreamByteBuffer$StreamByteBufferOutputStream::write (22 bytes)
Event: 16.936 Thread 0x000001fc7fcfd000 nmethod 12662 0x000001fc05a46890 code [0x000001fc05a46a60, 0x000001fc05a46cc8]
Event: 16.936 Thread 0x000001fc7fcfd000 12663       3       org.gradle.internal.io.StreamByteBuffer$StreamByteBufferChunk::write (32 bytes)
Event: 16.936 Thread 0x000001fc7fcfd000 nmethod 12663 0x000001fc05a46e90 code [0x000001fc05a47040, 0x000001fc05a471d8]
Event: 16.936 Thread 0x000001fc7fcfd000 12660       1       org.gradle.launcher.daemon.server.exec.LogToClient::access$100 (5 bytes)
Event: 16.936 Thread 0x000001fc7fcfd000 nmethod 12660 0x000001fc0bca8910 code [0x000001fc0bca8ac0, 0x000001fc0bca8b58]
Event: 16.939 Thread 0x000001fc7fcfa000 nmethod 12656 0x000001fc0bca8c10 code [0x000001fc0bca8e00, 0x000001fc0bca9488]
Event: 16.939 Thread 0x000001fc7fcfa000 12657       4       org.gradle.internal.logging.text.AbstractLineChoppingStyledTextOutput$1::execute (140 bytes)
Event: 16.944 Thread 0x000001fc7fcfa000 nmethod 12657 0x000001fc0bca9a10 code [0x000001fc0bca9c20, 0x000001fc0bcaa3b0]
Event: 16.944 Thread 0x000001fc7fcfa000 12658       4       org.gradle.internal.logging.text.AbstractLineChoppingStyledTextOutput$2::execute (77 bytes)

GC Heap History (20 events):
Event: 11.484 GC heap before
{Heap before GC invocations=39 (full 0):
 garbage-first heap   total 145408K, used 123915K [0x00000000a0000000, 0x0000000100000000)
  region size 1024K, 18 young (18432K), 3 survivors (3072K)
 Metaspace       used 86406K, capacity 89539K, committed 89640K, reserved 1126400K
  class space    used 11296K, capacity 12315K, committed 12416K, reserved 1048576K
}
Event: 11.487 GC heap after
{Heap after GC invocations=40 (full 0):
 garbage-first heap   total 145408K, used 110149K [0x00000000a0000000, 0x0000000100000000)
  region size 1024K, 3 young (3072K), 3 survivors (3072K)
 Metaspace       used 86406K, capacity 89539K, committed 89640K, reserved 1126400K
  class space    used 11296K, capacity 12315K, committed 12416K, reserved 1048576K
}
Event: 11.523 GC heap before
{Heap before GC invocations=40 (full 0):
 garbage-first heap   total 145408K, used 123461K [0x00000000a0000000, 0x0000000100000000)
  region size 1024K, 16 young (16384K), 3 survivors (3072K)
 Metaspace       used 86407K, capacity 89539K, committed 89640K, reserved 1126400K
  class space    used 11296K, capacity 12315K, committed 12416K, reserved 1048576K
}
Event: 11.526 GC heap after
{Heap after GC invocations=41 (full 0):
 garbage-first heap   total 145408K, used 110337K [0x00000000a0000000, 0x0000000100000000)
  region size 1024K, 1 young (1024K), 1 survivors (1024K)
 Metaspace       used 86407K, capacity 89539K, committed 89640K, reserved 1126400K
  class space    used 11296K, capacity 12315K, committed 12416K, reserved 1048576K
}
Event: 11.827 GC heap before
{Heap before GC invocations=42 (full 0):
 garbage-first heap   total 145408K, used 123649K [0x00000000a0000000, 0x0000000100000000)
  region size 1024K, 14 young (14336K), 1 survivors (1024K)
 Metaspace       used 86931K, capacity 90178K, committed 90536K, reserved 1128448K
  class space    used 11371K, capacity 12438K, committed 12544K, reserved 1048576K
}
Event: 11.830 GC heap after
{Heap after GC invocations=43 (full 0):
 garbage-first heap   total 145408K, used 112559K [0x00000000a0000000, 0x0000000100000000)
  region size 1024K, 2 young (2048K), 2 survivors (2048K)
 Metaspace       used 86931K, capacity 90178K, committed 90536K, reserved 1128448K
  class space    used 11371K, capacity 12438K, committed 12544K, reserved 1048576K
}
Event: 11.961 GC heap before
{Heap before GC invocations=43 (full 0):
 garbage-first heap   total 145408K, used 124847K [0x00000000a0000000, 0x0000000100000000)
  region size 1024K, 14 young (14336K), 2 survivors (2048K)
 Metaspace       used 87938K, capacity 91277K, committed 91432K, reserved 1128448K
  class space    used 11518K, capacity 12591K, committed 12672K, reserved 1048576K
}
Event: 11.968 GC heap after
{Heap after GC invocations=44 (full 0):
 garbage-first heap   total 175104K, used 113949K [0x00000000a0000000, 0x0000000100000000)
  region size 1024K, 2 young (2048K), 2 survivors (2048K)
 Metaspace       used 87938K, capacity 91277K, committed 91432K, reserved 1128448K
  class space    used 11518K, capacity 12591K, committed 12672K, reserved 1048576K
}
Event: 12.199 GC heap before
{Heap before GC invocations=45 (full 0):
 garbage-first heap   total 175104K, used 135453K [0x00000000a0000000, 0x0000000100000000)
  region size 1024K, 23 young (23552K), 2 survivors (2048K)
 Metaspace       used 89656K, capacity 92999K, committed 93224K, reserved 1130496K
  class space    used 11768K, capacity 12833K, committed 12928K, reserved 1048576K
}
Event: 12.202 GC heap after
{Heap after GC invocations=46 (full 0):
 garbage-first heap   total 175104K, used 114949K [0x00000000a0000000, 0x0000000100000000)
  region size 1024K, 3 young (3072K), 3 survivors (3072K)
 Metaspace       used 89656K, capacity 92999K, committed 93224K, reserved 1130496K
  class space    used 11768K, capacity 12833K, committed 12928K, reserved 1048576K
}
Event: 12.447 GC heap before
{Heap before GC invocations=46 (full 0):
 garbage-first heap   total 175104K, used 137477K [0x00000000a0000000, 0x0000000100000000)
  region size 1024K, 25 young (25600K), 3 survivors (3072K)
 Metaspace       used 92696K, capacity 96000K, committed 96168K, reserved 1132544K
  class space    used 12187K, capacity 13268K, committed 13312K, reserved 1048576K
}
Event: 12.455 GC heap after
{Heap after GC invocations=47 (full 0):
 garbage-first heap   total 175104K, used 116165K [0x00000000a0000000, 0x0000000100000000)
  region size 1024K, 3 young (3072K), 3 survivors (3072K)
 Metaspace       used 92696K, capacity 96000K, committed 96168K, reserved 1132544K
  class space    used 12187K, capacity 13268K, committed 13312K, reserved 1048576K
}
Event: 12.705 GC heap before
{Heap before GC invocations=48 (full 0):
 garbage-first heap   total 175104K, used 139717K [0x00000000a0000000, 0x0000000100000000)
  region size 1024K, 26 young (26624K), 3 survivors (3072K)
 Metaspace       used 94357K, capacity 97760K, committed 97960K, reserved 1134592K
  class space    used 12374K, capacity 13467K, committed 13568K, reserved 1048576K
}
Event: 12.708 GC heap after
{Heap after GC invocations=49 (full 0):
 garbage-first heap   total 175104K, used 117994K [0x00000000a0000000, 0x0000000100000000)
  region size 1024K, 3 young (3072K), 3 survivors (3072K)
 Metaspace       used 94357K, capacity 97760K, committed 97960K, reserved 1134592K
  class space    used 12374K, capacity 13467K, committed 13568K, reserved 1048576K
}
Event: 12.914 GC heap before
{Heap before GC invocations=49 (full 0):
 garbage-first heap   total 175104K, used 141546K [0x00000000a0000000, 0x0000000100000000)
  region size 1024K, 26 young (26624K), 3 survivors (3072K)
 Metaspace       used 95432K, capacity 98845K, committed 99112K, reserved 1134592K
  class space    used 12485K, capacity 13589K, committed 13696K, reserved 1048576K
}
Event: 12.920 GC heap after
{Heap after GC invocations=50 (full 0):
 garbage-first heap   total 212992K, used 121856K [0x00000000a0000000, 0x0000000100000000)
  region size 1024K, 4 young (4096K), 4 survivors (4096K)
 Metaspace       used 95432K, capacity 98845K, committed 99112K, reserved 1134592K
  class space    used 12485K, capacity 13589K, committed 13696K, reserved 1048576K
}
Event: 13.224 GC heap before
{Heap before GC invocations=51 (full 0):
 garbage-first heap   total 212992K, used 158720K [0x00000000a0000000, 0x0000000100000000)
  region size 1024K, 40 young (40960K), 4 survivors (4096K)
 Metaspace       used 96261K, capacity 99637K, committed 99880K, reserved 1136640K
  class space    used 12574K, capacity 13649K, committed 13696K, reserved 1048576K
}
Event: 13.232 GC heap after
{Heap after GC invocations=52 (full 0):
 garbage-first heap   total 212992K, used 127723K [0x00000000a0000000, 0x0000000100000000)
  region size 1024K, 5 young (5120K), 5 survivors (5120K)
 Metaspace       used 96261K, capacity 99637K, committed 99880K, reserved 1136640K
  class space    used 12574K, capacity 13649K, committed 13696K, reserved 1048576K
}
Event: 13.627 GC heap before
{Heap before GC invocations=52 (full 0):
 garbage-first heap   total 212992K, used 162539K [0x00000000a0000000, 0x0000000100000000)
  region size 1024K, 40 young (40960K), 5 survivors (5120K)
 Metaspace       used 97608K, capacity 101196K, committed 101544K, reserved 1136640K
  class space    used 12792K, capacity 13953K, committed 14080K, reserved 1048576K
}
Event: 13.639 GC heap after
{Heap after GC invocations=53 (full 0):
 garbage-first heap   total 212992K, used 131723K [0x00000000a0000000, 0x0000000100000000)
  region size 1024K, 4 young (4096K), 4 survivors (4096K)
 Metaspace       used 97608K, capacity 101196K, committed 101544K, reserved 1136640K
  class space    used 12792K, capacity 13953K, committed 14080K, reserved 1048576K
}

Deoptimization events (20 events):
Event: 16.934 Thread 0x000001fc1fdc3800 Uncommon trap: trap_request=0xffffffc6 fr.pc=0x000001fc0bac57f0 relative=0x00000000000003d0
Event: 16.934 Thread 0x000001fc1fdc3800 Uncommon trap: reason=bimorphic_or_optimized_type_check action=maybe_recompile pc=0x000001fc0bac57f0 method=org.gradle.internal.logging.sink.OutputEventRenderer.onOutput(Lorg/gradle/internal/logging/events/OutputEvent;)V @ 1 c2
Event: 16.934 Thread 0x000001fc1fdc3800 DEOPT PACKING pc=0x000001fc0bac57f0 sp=0x0000002245cfe680
Event: 16.934 Thread 0x000001fc1fdc3800 DEOPT UNPACKING pc=0x000001fc03a9a1af sp=0x0000002245cfe5d8 mode 2
Event: 16.935 Thread 0x000001fc1fdc3800 Uncommon trap: trap_request=0xffffffc6 fr.pc=0x000001fc0bac57f0 relative=0x00000000000003d0
Event: 16.935 Thread 0x000001fc1fdc3800 Uncommon trap: reason=bimorphic_or_optimized_type_check action=maybe_recompile pc=0x000001fc0bac57f0 method=org.gradle.internal.logging.sink.OutputEventRenderer.onOutput(Lorg/gradle/internal/logging/events/OutputEvent;)V @ 1 c2
Event: 16.935 Thread 0x000001fc1fdc3800 DEOPT PACKING pc=0x000001fc0bac57f0 sp=0x0000002245cfe680
Event: 16.935 Thread 0x000001fc1fdc3800 DEOPT UNPACKING pc=0x000001fc03a9a1af sp=0x0000002245cfe5d8 mode 2
Event: 16.935 Thread 0x000001fc1fdc3800 Uncommon trap: trap_request=0xffffffc6 fr.pc=0x000001fc0bac57f0 relative=0x00000000000003d0
Event: 16.935 Thread 0x000001fc1fdc3800 Uncommon trap: reason=bimorphic_or_optimized_type_check action=maybe_recompile pc=0x000001fc0bac57f0 method=org.gradle.internal.logging.sink.OutputEventRenderer.onOutput(Lorg/gradle/internal/logging/events/OutputEvent;)V @ 1 c2
Event: 16.935 Thread 0x000001fc1fdc3800 DEOPT PACKING pc=0x000001fc0bac57f0 sp=0x0000002245cfe680
Event: 16.935 Thread 0x000001fc1fdc3800 DEOPT UNPACKING pc=0x000001fc03a9a1af sp=0x0000002245cfe5d8 mode 2
Event: 16.935 Thread 0x000001fc1fdc3800 Uncommon trap: trap_request=0xffffffc6 fr.pc=0x000001fc0bac57f0 relative=0x00000000000003d0
Event: 16.935 Thread 0x000001fc1fdc3800 Uncommon trap: reason=bimorphic_or_optimized_type_check action=maybe_recompile pc=0x000001fc0bac57f0 method=org.gradle.internal.logging.sink.OutputEventRenderer.onOutput(Lorg/gradle/internal/logging/events/OutputEvent;)V @ 1 c2
Event: 16.935 Thread 0x000001fc1fdc3800 DEOPT PACKING pc=0x000001fc0bac57f0 sp=0x0000002245cfe680
Event: 16.935 Thread 0x000001fc1fdc3800 DEOPT UNPACKING pc=0x000001fc03a9a1af sp=0x0000002245cfe5d8 mode 2
Event: 16.935 Thread 0x000001fc1fdc3800 Uncommon trap: trap_request=0xffffffc6 fr.pc=0x000001fc0bac4d24 relative=0x0000000000000324
Event: 16.935 Thread 0x000001fc1fdc3800 Uncommon trap: reason=bimorphic_or_optimized_type_check action=maybe_recompile pc=0x000001fc0bac4d24 method=org.gradle.internal.logging.sink.OutputEventRenderer.onOutput(Lorg/gradle/internal/logging/events/OutputEvent;)V @ 1 c2
Event: 16.935 Thread 0x000001fc1fdc3800 DEOPT PACKING pc=0x000001fc0bac4d24 sp=0x0000002245cfe620
Event: 16.935 Thread 0x000001fc1fdc3800 DEOPT UNPACKING pc=0x000001fc03a9a1af sp=0x0000002245cfe5d8 mode 2

Classes redefined (0 events):
No events

Internal exceptions (20 events):
Event: 13.918 Thread 0x000001fc1fdbc800 Exception <a 'java/lang/ClassNotFoundException'{0x00000000ab8cee20}: org/gradle/process/internal/DefaultExecAction_DecoratedBeanInfo> (0x00000000ab8cee20) thrown at [src/hotspot/share/classfile/systemDictionary.cpp, line 230]
Event: 13.919 Thread 0x000001fc1fdbc800 Exception <a 'java/lang/ClassNotFoundException'{0x00000000ab702728}: org/gradle/process/internal/DefaultExecActionBeanInfo> (0x00000000ab702728) thrown at [src/hotspot/share/classfile/systemDictionary.cpp, line 230]
Event: 13.920 Thread 0x000001fc1fdbc800 Exception <a 'java/lang/ClassNotFoundException'{0x00000000ab7392b8}: org/gradle/process/internal/DefaultExecHandleBuilderBeanInfo> (0x00000000ab7392b8) thrown at [src/hotspot/share/classfile/systemDictionary.cpp, line 230]
Event: 13.920 Thread 0x000001fc1fdbc800 Exception <a 'java/lang/ClassNotFoundException'{0x00000000ab770210}: org/gradle/process/internal/AbstractExecHandleBuilderBeanInfo> (0x00000000ab770210) thrown at [src/hotspot/share/classfile/systemDictionary.cpp, line 230]
Event: 13.921 Thread 0x000001fc1fdbc800 Exception <a 'java/lang/ClassNotFoundException'{0x00000000ab7a7bf8}: org/gradle/process/internal/DefaultProcessForkOptionsBeanInfo> (0x00000000ab7a7bf8) thrown at [src/hotspot/share/classfile/systemDictionary.cpp, line 230]
Event: 13.922 Thread 0x000001fc1fdbc800 Exception <a 'java/lang/ClassNotFoundException'{0x00000000ab7df8f0}: org/gradle/process/internal/DefaultProcessForkOptionsCustomizer> (0x00000000ab7df8f0) thrown at [src/hotspot/share/classfile/systemDictionary.cpp, line 230]
Event: 13.924 Thread 0x000001fc1fdbc800 Exception <a 'java/lang/ClassNotFoundException'{0x00000000ab6244a0}: org/gradle/process/internal/AbstractExecHandleBuilderCustomizer> (0x00000000ab6244a0) thrown at [src/hotspot/share/classfile/systemDictionary.cpp, line 230]
Event: 13.925 Thread 0x000001fc1fdbc800 Exception <a 'java/lang/ClassNotFoundException'{0x00000000ab66d128}: org/gradle/process/internal/DefaultExecHandleBuilderCustomizer> (0x00000000ab66d128) thrown at [src/hotspot/share/classfile/systemDictionary.cpp, line 230]
Event: 13.926 Thread 0x000001fc1fdbc800 Exception <a 'java/lang/ClassNotFoundException'{0x00000000ab6ccf28}: org/gradle/process/internal/DefaultExecActionCustomizer> (0x00000000ab6ccf28) thrown at [src/hotspot/share/classfile/systemDictionary.cpp, line 230]
Event: 13.927 Thread 0x000001fc1fdbc800 Exception <a 'java/lang/ClassNotFoundException'{0x00000000ab50da20}: org/gradle/process/internal/DefaultExecAction_DecoratedCustomizer> (0x00000000ab50da20) thrown at [src/hotspot/share/classfile/systemDictionary.cpp, line 230]
Event: 13.929 Thread 0x000001fc1fdbc800 Exception <a 'java/lang/ClassNotFoundException'{0x00000000ab56a608}: org/gradle/api/logging/LogLevelBeanInfo> (0x00000000ab56a608) thrown at [src/hotspot/share/classfile/systemDictionary.cpp, line 230]
Event: 13.930 Thread 0x000001fc1fdbc800 Exception <a 'java/lang/ClassNotFoundException'{0x00000000ab598138}: org/gradle/api/logging/LogLevelCustomizer> (0x00000000ab598138) thrown at [src/hotspot/share/classfile/systemDictionary.cpp, line 230]
Event: 13.935 Thread 0x000001fc1fdbc800 Exception <a 'java/lang/ClassNotFoundException'{0x00000000ab40cd00}: org/gradle/internal/logging/services/DefaultLoggingManagerBeanInfo> (0x00000000ab40cd00) thrown at [src/hotspot/share/classfile/systemDictionary.cpp, line 230]
Event: 13.936 Thread 0x000001fc1fdbc800 Exception <a 'java/lang/ClassNotFoundException'{0x00000000ab445730}: org/gradle/internal/logging/services/DefaultLoggingManagerCustomizer> (0x00000000ab445730) thrown at [src/hotspot/share/classfile/systemDictionary.cpp, line 230]
Event: 13.938 Thread 0x000001fc1fdbc800 Exception <a 'java/lang/ClassNotFoundException'{0x00000000ab4826a0}: java/lang/BooleanBeanInfo> (0x00000000ab4826a0) thrown at [src/hotspot/share/classfile/systemDictionary.cpp, line 230]
Event: 13.938 Thread 0x000001fc1fdbc800 Exception <a 'java/lang/ClassNotFoundException'{0x00000000ab48f8b0}: java/lang/BooleanCustomizer> (0x00000000ab48f8b0) thrown at [src/hotspot/share/classfile/systemDictionary.cpp, line 230]
Event: 13.957 Thread 0x000001fc1fdc1800 Exception <a 'java/lang/NoSuchMethodError'{0x00000000ab30d688}: 'void java.lang.invoke.DirectMethodHandle$Holder.invokeStatic(java.lang.Object, long)'> (0x00000000ab30d688) thrown at [src/hotspot/share/interpreter/linkResolver.cpp, line 773]
Event: 13.957 Thread 0x000001fc1fdc1800 Exception <a 'java/lang/NoSuchMethodError'{0x00000000ab312880}: 'java.lang.Object java.lang.invoke.DirectMethodHandle$Holder.invokeStatic(java.lang.Object, long)'> (0x00000000ab312880) thrown at [src/hotspot/share/interpreter/linkResolver.cpp, line 773]
Event: 13.958 Thread 0x000001fc1fdc1800 Exception <a 'java/lang/NoSuchMethodError'{0x00000000ab315ba8}: 'java.lang.Object java.lang.invoke.DirectMethodHandle$Holder.invokeSpecial(java.lang.Object, java.lang.Object, long)'> (0x00000000ab315ba8) thrown at [src/hotspot/share/interpreter/linkResolver.cpp, line 773]
Event: 13.960 Thread 0x000001fc1fdc1800 Exception <a 'java/lang/NoSuchMethodError'{0x00000000ab320760}: 'java.lang.Object java.lang.invoke.DirectMethodHandle$Holder.invokeStaticInit(java.lang.Object, java.lang.Object, long, java.lang.Object)'> (0x00000000ab320760) thrown at [src/hotspot/share/interpreter/linkResolver.cpp, line 773]

Events (20 events):
Event: 13.960 loading class java/lang/ProcessImpl$2 done
Event: 13.961 loading class java/lang/Process$PipeInputStream
Event: 13.961 loading class java/lang/Process$PipeInputStream done
Event: 13.961 Executing VM operation: Deoptimize
Event: 13.963 Executing VM operation: Deoptimize done
Event: 13.964 loading class org/gradle/process/internal/streams/ExecOutputHandleRunner
Event: 13.964 loading class org/gradle/process/internal/streams/ExecOutputHandleRunner done
Event: 13.965 Thread 0x000001fc1fdc3800 Thread added: 0x000001fc1fdc3800
Event: 13.965 Thread 0x000001fc1fdc3000 Thread added: 0x000001fc1fdc3000
Event: 15.037 Thread 0x000001fc19be8000 Thread exited: 0x000001fc19be8000
Event: 16.933 loading class org/gradle/internal/logging/events/StyledTextOutputEvent$Span
Event: 16.933 loading class org/gradle/internal/logging/events/StyledTextOutputEvent$Span done
Event: 16.933 loading class org/gradle/internal/logging/events/operations/StyledTextBuildOperationProgressDetails$Span
Event: 16.933 loading class org/gradle/internal/logging/events/operations/StyledTextBuildOperationProgressDetails$Span done
Event: 16.933 loading class org/gradle/internal/operations/logging/StyledTextBuildOperationProgressDetails$Span
Event: 16.933 loading class org/gradle/internal/operations/logging/StyledTextBuildOperationProgressDetails$Span done
Event: 16.933 Executing VM operation: RevokeBias
Event: 16.934 Executing VM operation: RevokeBias done
Event: 16.934 Executing VM operation: RevokeBias
Event: 16.934 Executing VM operation: RevokeBias done


Dynamic libraries:
0x00007ff7c4fa0000 - 0x00007ff7c4faa000 	C:\Apps\Android Studio\jbr\bin\java.exe
0x00007ff958530000 - 0x00007ff958744000 	C:\WINDOWS\SYSTEM32\ntdll.dll
0x00007ff957250000 - 0x00007ff957312000 	C:\WINDOWS\System32\KERNEL32.DLL
0x00007ff955b10000 - 0x00007ff955eac000 	C:\WINDOWS\System32\KERNELBASE.dll
0x00007ff956220000 - 0x00007ff956331000 	C:\WINDOWS\System32\ucrtbase.dll
0x00007ff945c40000 - 0x00007ff945c57000 	C:\Apps\Android Studio\jbr\bin\jli.dll
0x00007ff945c90000 - 0x00007ff945cab000 	C:\Apps\Android Studio\jbr\bin\VCRUNTIME140.dll
0x00007ff957dc0000 - 0x00007ff957f6b000 	C:\WINDOWS\System32\USER32.dll
0x00007ff93af30000 - 0x00007ff93b1be000 	C:\WINDOWS\WinSxS\amd64_microsoft.windows.common-controls_6595b64144ccf1df_6.0.22621.608_none_a9444ca7c10bb01d\COMCTL32.dll
0x00007ff955970000 - 0x00007ff955996000 	C:\WINDOWS\System32\win32u.dll
0x00007ff957000000 - 0x00007ff9570a7000 	C:\WINDOWS\System32\msvcrt.dll
0x00007ff956970000 - 0x00007ff956999000 	C:\WINDOWS\System32\GDI32.dll
0x00007ff956010000 - 0x00007ff956123000 	C:\WINDOWS\System32\gdi32full.dll
0x00007ff955f70000 - 0x00007ff95600a000 	C:\WINDOWS\System32\msvcp_win.dll
0x00007ff9570b0000 - 0x00007ff9570e1000 	C:\WINDOWS\System32\IMM32.DLL
0x00007ff946450000 - 0x00007ff94645c000 	C:\Apps\Android Studio\jbr\bin\vcruntime140_1.dll
0x00007ff934c80000 - 0x00007ff934d0d000 	C:\Apps\Android Studio\jbr\bin\msvcp140.dll
0x00007ff909670000 - 0x00007ff90a22c000 	C:\Apps\Android Studio\jbr\bin\server\jvm.dll
0x00007ff9568c0000 - 0x00007ff95696e000 	C:\WINDOWS\System32\ADVAPI32.dll
0x00007ff958220000 - 0x00007ff9582c4000 	C:\WINDOWS\System32\sechost.dll
0x00007ff957380000 - 0x00007ff957497000 	C:\WINDOWS\System32\RPCRT4.dll
0x00007ff956a90000 - 0x00007ff956a98000 	C:\WINDOWS\System32\PSAPI.DLL
0x00007ff950000000 - 0x00007ff950034000 	C:\WINDOWS\SYSTEM32\WINMM.dll
0x00007ff945e90000 - 0x00007ff945e99000 	C:\WINDOWS\SYSTEM32\WSOCK32.dll
0x00007ff94f860000 - 0x00007ff94f86a000 	C:\WINDOWS\SYSTEM32\VERSION.dll
0x00007ff958470000 - 0x00007ff9584e1000 	C:\WINDOWS\System32\WS2_32.dll
0x00007ff954930000 - 0x00007ff954948000 	C:\WINDOWS\SYSTEM32\kernel.appcore.dll
0x00007ff945e60000 - 0x00007ff945e70000 	C:\Apps\Android Studio\jbr\bin\verify.dll
0x00007ff947b10000 - 0x00007ff947d3e000 	C:\WINDOWS\SYSTEM32\DBGHELP.DLL
0x00007ff956360000 - 0x00007ff9566e9000 	C:\WINDOWS\System32\combase.dll
0x00007ff958130000 - 0x00007ff958207000 	C:\WINDOWS\System32\OLEAUT32.dll
0x00007ff946f60000 - 0x00007ff946f92000 	C:\WINDOWS\SYSTEM32\dbgcore.DLL
0x00007ff9561a0000 - 0x00007ff95621b000 	C:\WINDOWS\System32\bcryptPrimitives.dll
0x00007ff938cb0000 - 0x00007ff938cd8000 	C:\Apps\Android Studio\jbr\bin\java.dll
0x00007ff945d40000 - 0x00007ff945d4a000 	C:\Apps\Android Studio\jbr\bin\jimage.dll
0x00007ff943710000 - 0x00007ff943728000 	C:\Apps\Android Studio\jbr\bin\zip.dll
0x00007ff9574b0000 - 0x00007ff957ca0000 	C:\WINDOWS\System32\SHELL32.dll
0x00007ff953930000 - 0x00007ff9541fd000 	C:\WINDOWS\SYSTEM32\windows.storage.dll
0x00007ff9537f0000 - 0x00007ff95392e000 	C:\WINDOWS\SYSTEM32\wintypes.dll
0x00007ff9567a0000 - 0x00007ff956891000 	C:\WINDOWS\System32\SHCORE.dll
0x00007ff9569a0000 - 0x00007ff9569fe000 	C:\WINDOWS\System32\shlwapi.dll
0x00007ff9558a0000 - 0x00007ff9558c1000 	C:\WINDOWS\SYSTEM32\profapi.dll
0x00007ff9365f0000 - 0x00007ff936609000 	C:\Apps\Android Studio\jbr\bin\net.dll
0x00007ff950040000 - 0x00007ff950177000 	C:\WINDOWS\SYSTEM32\WINHTTP.dll
0x00007ff954df0000 - 0x00007ff954e59000 	C:\WINDOWS\system32\mswsock.dll
0x00007ff934980000 - 0x00007ff934993000 	C:\Apps\Android Studio\jbr\bin\nio.dll
0x00007ff9453e0000 - 0x00007ff945407000 	C:\Users\Harsh Jethva\.gradle\native\e1d6ef7f7dcc3fd88c89a11ec53ec762bb8ba0a96d01ffa2cd45eb1d1d8dd5c5\windows-amd64\native-platform.dll
0x00007ff931700000 - 0x00007ff931844000 	C:\Users\Harsh Jethva\.gradle\native\0d407fdbe67a94daf76414ababcb853783967236a71b16ec16e742cd7a986fd3\windows-amd64\native-platform-file-events.dll
0x00007ff939600000 - 0x00007ff93960a000 	C:\Apps\Android Studio\jbr\bin\management.dll
0x00007ff937930000 - 0x00007ff93793b000 	C:\Apps\Android Studio\jbr\bin\management_ext.dll
0x00007ff955070000 - 0x00007ff95508b000 	C:\WINDOWS\SYSTEM32\CRYPTSP.dll
0x00007ff9548f0000 - 0x00007ff954925000 	C:\WINDOWS\system32\rsaenh.dll
0x00007ff954ec0000 - 0x00007ff954ee8000 	C:\WINDOWS\SYSTEM32\USERENV.dll
0x00007ff955230000 - 0x00007ff955258000 	C:\WINDOWS\SYSTEM32\bcrypt.dll
0x00007ff955090000 - 0x00007ff95509c000 	C:\WINDOWS\SYSTEM32\CRYPTBASE.dll
0x00007ff954450000 - 0x00007ff95447d000 	C:\WINDOWS\SYSTEM32\IPHLPAPI.DLL
0x00007ff956ff0000 - 0x00007ff956ff9000 	C:\WINDOWS\System32\NSI.dll
0x00007ff950380000 - 0x00007ff950399000 	C:\WINDOWS\SYSTEM32\dhcpcsvc6.DLL
0x00007ff94ffe0000 - 0x00007ff94ffff000 	C:\WINDOWS\SYSTEM32\dhcpcsvc.DLL
0x00007ff9544c0000 - 0x00007ff9545b3000 	C:\WINDOWS\SYSTEM32\DNSAPI.dll

dbghelp: loaded successfully - version: 4.0.5 - missing functions: none
symbol engine: initialized successfully - sym options: 0x614 - pdb path: .;C:\Apps\Android Studio\jbr\bin;C:\WINDOWS\SYSTEM32;C:\WINDOWS\WinSxS\amd64_microsoft.windows.common-controls_6595b64144ccf1df_6.0.22621.608_none_a9444ca7c10bb01d;C:\Apps\Android Studio\jbr\bin\server;C:\Users\Harsh Jethva\.gradle\native\e1d6ef7f7dcc3fd88c89a11ec53ec762bb8ba0a96d01ffa2cd45eb1d1d8dd5c5\windows-amd64;C:\Users\Harsh Jethva\.gradle\native\0d407fdbe67a94daf76414ababcb853783967236a71b16ec16e742cd7a986fd3\windows-amd64

VM Arguments:
jvm_args: --add-opens=java.base/java.util=ALL-UNNAMED --add-opens=java.base/java.lang=ALL-UNNAMED --add-opens=java.base/java.lang.invoke=ALL-UNNAMED --add-opens=java.base/java.util=ALL-UNNAMED --add-opens=java.prefs/java.util.prefs=ALL-UNNAMED --add-opens=java.prefs/java.util.prefs=ALL-UNNAMED --add-opens=java.base/java.nio.charset=ALL-UNNAMED --add-opens=java.base/java.net=ALL-UNNAMED --add-opens=java.base/java.util.concurrent.atomic=ALL-UNNAMED -Xmx1536M -Dfile.encoding=windows-1252 -Duser.country=IN -Duser.language=en -Duser.variant 
java_command: org.gradle.launcher.daemon.bootstrap.GradleDaemon 7.5
java_class_path (initial): C:\Users\Harsh Jethva\.gradle\wrapper\dists\gradle-7.5-all\6qsw290k5lz422uaf8jf6m7co\gradle-7.5\lib\gradle-launcher-7.5.jar
Launcher Type: SUN_STANDARD

[Global flags]
     intx CICompilerCount                          = 4                                         {product} {ergonomic}
     uint ConcGCThreads                            = 3                                         {product} {ergonomic}
     uint G1ConcRefinementThreads                  = 10                                        {product} {ergonomic}
   size_t G1HeapRegionSize                         = 1048576                                   {product} {ergonomic}
    uintx GCDrainStackTargetSize                   = 64                                        {product} {ergonomic}
   size_t InitialHeapSize                          = 123731968                                 {product} {ergonomic}
   size_t MarkStackSize                            = 4194304                                   {product} {ergonomic}
   size_t MaxHeapSize                              = 1610612736                                {product} {command line}
   size_t MaxNewSize                               = 965738496                                 {product} {ergonomic}
   size_t MinHeapDeltaBytes                        = 1048576                                   {product} {ergonomic}
    uintx NonNMethodCodeHeapSize                   = 5836300                                {pd product} {ergonomic}
    uintx NonProfiledCodeHeapSize                  = 122910970                              {pd product} {ergonomic}
    uintx ProfiledCodeHeapSize                     = 122910970                              {pd product} {ergonomic}
    uintx ReservedCodeCacheSize                    = 251658240                              {pd product} {ergonomic}
     bool SegmentedCodeCache                       = true                                      {product} {ergonomic}
     bool UseCompressedClassPointers               = true                                 {lp64_product} {ergonomic}
     bool UseCompressedOops                        = true                                 {lp64_product} {ergonomic}
     bool UseG1GC                                  = true                                      {product} {ergonomic}
     bool UseLargePagesIndividualAllocation        = false                                  {pd product} {ergonomic}

Logging:
Log output configuration:
 #0: stdout all=warning uptime,level,tags
 #1: stderr all=off uptime,level,tags

Environment Variables:
JAVA_HOME=C:\Apps\Android Studio\jbr
CLASSPATH=H:\Flutter Projects\rku_bus_guide\android\\gradle\wrapper\gradle-wrapper.jar
PATH=C:\Windows\system32;C:\Windows;C:\Windows\System32\Wbem;C:\Windows\System32\WindowsPowerShell\v1.0\;C:\Windows\System32\OpenSSH\;C:\Program Files\NVIDIA Corporation\NVIDIA NvDLISR;C:\Apps\JDk\bin;C:\Program Files\Microsoft SQL Server\130\Tools\Binn\;C:\Program Files (x86)\NVIDIA Corporation\PhysX\Common;C:\xampp\php;C:\ProgramData\ComposerSetup\bin;C:\WINDOWS\system32;C:\WINDOWS;C:\WINDOWS\System32\Wbem;C:\WINDOWS\System32\WindowsPowerShell\v1.0\;C:\WINDOWS\System32\OpenSSH\;C:\Program Files\Git\cmd;C:\Apps\nodejs\;C:\Program Files\Microsoft SQL Server\150\Tools\Binn\;C:\Program Files\Microsoft SQL Server\Client SDK\ODBC\170\Tools\Binn\;C:\Program Files\dotnet\;C:\Apps\flutter\bin;C:\Program Files\Java\jdk-19\bin;C:\Users\Harsh Jethva\AppData\Local\Pub\Cache\bin;C:\Users\Harsh Jethva\AppData\Local\Programs\Python\Python311\Scripts\;C:\Users\Harsh Jethva\AppData\Local\Programs\Python\Python311\;C:\Users\Harsh Jethva\AppData\Local\Microsoft\WindowsApps;C:\Apps\IntelliJ IDEA Community Edition 2023.1\bin;;C:\Users\Harsh Jethva\AppData\Roaming\Composer\vendor\bin;C:\Apps\Microsoft VS Code\bin;C:\Users\Harsh Jethva\AppData\Roaming\npm;C:\Users\Harsh Jethva\AppData\Local\GitHubDesktop\bin;C:\Users\Harsh Jethva\.dotnet\tools;C:\Users\Harsh Jethva\AppData\Local\Pub\Cache\bin;;C:\Apps\flutter\bin\mingit\cmd
USERNAME=Harsh Jethva
OS=Windows_NT
PROCESSOR_IDENTIFIER=AMD64 Family 25 Model 80 Stepping 0, AuthenticAMD



---------------  S Y S T E M  ---------------

OS: Windows 11 , 64 bit Build 22621 (10.0.22621.1485)
OS uptime: 3 days 7:14 hours
Hyper-V role detected

CPU:total 12 (initial active 12) (12 cores per cpu, 2 threads per core) family 25 model 80 stepping 0 microcode 0x0, cmov, cx8, fxsr, mmx, sse, sse2, sse3, ssse3, sse4.1, sse4.2, popcnt, avx, avx2, aes, clmul, erms, mmxext, 3dnowpref, lzcnt, sse4a, ht, tsc, tscinvbit, tscinv, bmi1, bmi2, adx, sha, fma

Memory: 4k page, system-wide physical 7521M (285M free)
TotalPageFile size 14521M (AvailPageFile size 0M)
current process WorkingSet (physical memory assigned to process): 432M, peak: 484M
current process commit charge ("private bytes"): 523M, peak: 558M

vm_info: OpenJDK 64-Bit Server VM (11.0.15+0-b2043.56-9505619) for windows-amd64 JRE (11.0.15+0-b2043.56-9505619), built on Jan 19 2023 02:48:00 by "builduser" with unknown MS VC++:1929

END.
