#
# There is insufficient memory for the Java Runtime Environment to continue.
# Native memory allocation (malloc) failed to allocate 32744 bytes for ChunkPool::allocate
# Possible reasons:
#   The system is out of physical RAM or swap space
#   The process is running with CompressedOops enabled, and the Java Heap may be blocking the growth of the native heap
# Possible solutions:
#   Reduce memory load on the system
#   Increase physical memory or swap space
#   Check if swap backing store is full
#   Decrease Java heap size (-Xmx/-Xms)
#   Decrease number of Java threads
#   Decrease Java thread stack sizes (-Xss)
#   Set larger code cache with -XX:ReservedCodeCacheSize=
#   JVM is running with Unscaled Compressed Oops mode in which the Java heap is
#     placed in the first 4GB address space. The Java Heap base address is the
#     maximum limit for the native heap growth. Please use -XX:HeapBaseMinAddress
#     to set the Java Heap base and to place the Java Heap above 4GB virtual address.
# This output file may be truncated or incomplete.
#
#  Out of Memory Error (src/hotspot/share/memory/arena.cpp:81), pid=13260, tid=6008
#
# JRE version: OpenJDK Runtime Environment (11.0.15) (build 11.0.15+0-b2043.56-9505619)
# Java VM: OpenJDK 64-Bit Server VM (11.0.15+0-b2043.56-9505619, mixed mode, tiered, compressed oops, g1 gc, windows-amd64)
# No core dump will be written. Minidumps are not enabled by default on client versions of Windows
#

---------------  S U M M A R Y ------------

Command Line: -Dorg.gradle.appname=gradlew org.gradle.wrapper.GradleWrapperMain -q -Ptarget-platform=android-arm64 -Ptarget=H:\Flutter Projects\rku_bus_guide\lib\main.dart -Pbase-application-name=android.app.Application -Pdart-defines=Zmx1dHRlci5pbnNwZWN0b3Iuc3RydWN0dXJlZEVycm9ycz10cnVl,RkxVVFRFUl9XRUJfQVVUT19ERVRFQ1Q9dHJ1ZQ== -Pdart-obfuscation=false -Ptrack-widget-creation=true -Ptree-shake-icons=false -Pfilesystem-scheme=org-dartlang-root assembleDebug

Host: AMD Ryzen 5 5600H with Radeon Graphics         , 12 cores, 7G,  Windows 11 , 64 bit Build 22621 (10.0.22621.1485)
Time: Tue Apr 18 18:34:46 2023 India Standard Time elapsed time: 71.819466 seconds (0d 0h 1m 11s)

---------------  T H R E A D  ---------------

Current thread (0x000001d1ff89f000):  JavaThread "C1 CompilerThread0" daemon [_thread_in_native, id=6008, stack(0x00000024f9400000,0x00000024f9500000)]


Current CompileTask:
C1:  71819 1484       3       sun.nio.cs.SingleByte$Decoder::decodeArrayLoop (154 bytes)

Stack: [0x00000024f9400000,0x00000024f9500000]
Native frames: (J=compiled Java code, j=interpreted, Vv=VM code, C=native code)
V  [jvm.dll+0x64135a]
V  [jvm.dll+0x7d39f9]
V  [jvm.dll+0x7d51b9]
V  [jvm.dll+0x7d58a3]
V  [jvm.dll+0x2691c5]
V  [jvm.dll+0xc1cbf]
V  [jvm.dll+0xc200c]
V  [jvm.dll+0x181dad]
V  [jvm.dll+0x184971]
V  [jvm.dll+0x13bff5]
V  [jvm.dll+0x13b89f]
V  [jvm.dll+0x13bad4]
V  [jvm.dll+0x13ae22]
V  [jvm.dll+0x13ccbc]
V  [jvm.dll+0x230479]
V  [jvm.dll+0x22e5ef]
V  [jvm.dll+0x794de1]
V  [jvm.dll+0x78dc24]
V  [jvm.dll+0x6400f6]
C  [ucrtbase.dll+0x29363]
C  [KERNEL32.DLL+0x1269d]
C  [ntdll.dll+0x5a9f8]


---------------  P R O C E S S  ---------------

Threads class SMR info:
_java_thread_list=0x000001d184f423d0, length=13, elements={
0x000001d1e72f7000, 0x000001d1ff841800, 0x000001d1ff84c000, 0x000001d1ff897800,
0x000001d1ff898800, 0x000001d1ff89b000, 0x000001d1ff89e000, 0x000001d1ff89f000,
0x000001d1ff82a800, 0x000001d1ff9f5000, 0x000001d1850a6800, 0x000001d1851f0000,
0x000001d185369000
}

Java Threads: ( => current thread )
  0x000001d1e72f7000 JavaThread "main" [_thread_blocked, id=15316, stack(0x00000024f8700000,0x00000024f8800000)]
  0x000001d1ff841800 JavaThread "Reference Handler" daemon [_thread_blocked, id=5208, stack(0x00000024f8e00000,0x00000024f8f00000)]
  0x000001d1ff84c000 JavaThread "Finalizer" daemon [_thread_blocked, id=22652, stack(0x00000024f8f00000,0x00000024f9000000)]
  0x000001d1ff897800 JavaThread "Signal Dispatcher" daemon [_thread_blocked, id=13216, stack(0x00000024f9000000,0x00000024f9100000)]
  0x000001d1ff898800 JavaThread "Attach Listener" daemon [_thread_blocked, id=1824, stack(0x00000024f9100000,0x00000024f9200000)]
  0x000001d1ff89b000 JavaThread "Service Thread" daemon [_thread_blocked, id=16444, stack(0x00000024f9200000,0x00000024f9300000)]
  0x000001d1ff89e000 JavaThread "C2 CompilerThread0" daemon [_thread_in_native, id=9872, stack(0x00000024f9300000,0x00000024f9400000)]
=>0x000001d1ff89f000 JavaThread "C1 CompilerThread0" daemon [_thread_in_native, id=6008, stack(0x00000024f9400000,0x00000024f9500000)]
  0x000001d1ff82a800 JavaThread "Sweeper thread" daemon [_thread_blocked, id=18212, stack(0x00000024f9500000,0x00000024f9600000)]
  0x000001d1ff9f5000 JavaThread "Common-Cleaner" daemon [_thread_blocked, id=21804, stack(0x00000024f9700000,0x00000024f9800000)]
  0x000001d1850a6800 JavaThread "pool-1-thread-1" [_thread_in_native, id=8532, stack(0x00000024f9a00000,0x00000024f9b00000)]
  0x000001d1851f0000 JavaThread "DisconnectableInputStream source reader" daemon [_thread_in_native, id=2956, stack(0x00000024f9b00000,0x00000024f9c00000)]
  0x000001d185369000 JavaThread "Forward input" [_thread_blocked, id=11540, stack(0x00000024f9c00000,0x00000024f9d00000)]

Other Threads:
  0x000001d1ff7f8800 VMThread "VM Thread" [stack: 0x00000024f8d00000,0x00000024f8e00000] [id=7336]
  0x000001d1ff9e9800 WatcherThread [stack: 0x00000024f9600000,0x00000024f9700000] [id=9736]
  0x000001d1e7311800 GCTaskThread "GC Thread#0" [stack: 0x00000024f8800000,0x00000024f8900000] [id=25184]
  0x000001d184dae800 GCTaskThread "GC Thread#1" [stack: 0x00000024f9800000,0x00000024f9900000] [id=3068]
  0x000001d1e733f800 ConcurrentGCThread "G1 Main Marker" [stack: 0x00000024f8900000,0x00000024f8a00000] [id=17928]
  0x000001d1e7342800 ConcurrentGCThread "G1 Conc#0" [stack: 0x00000024f8a00000,0x00000024f8b00000] [id=3148]
  0x000001d1ff65b800 ConcurrentGCThread "G1 Refine#0" [stack: 0x00000024f8b00000,0x00000024f8c00000] [id=18724]
  0x000001d1ff65e800 ConcurrentGCThread "G1 Young RemSet Sampling" [stack: 0x00000024f8c00000,0x00000024f8d00000] [id=17488]

Threads with active compile tasks:
C2 CompilerThread0    71841 1476 % !   4       java.io.BufferedReader::readLine @ 131 (304 bytes)
C1 CompilerThread0    71841 1484       3       sun.nio.cs.SingleByte$Decoder::decodeArrayLoop (154 bytes)

VM state:not at safepoint (normal execution)

VM Mutex/Monitor currently owned by a thread: None

Heap address: 0x000000008a600000, size: 1882 MB, Compressed Oops mode: 32-bit
Narrow klass base: 0x0000000000000000, Narrow klass shift: 3
Compressed class space size: 1073741824 Address: 0x0000000100000000

Heap:
 garbage-first heap   total 120832K, used 31752K [0x000000008a600000, 0x0000000100000000)
  region size 1024K, 26 young (26624K), 3 survivors (3072K)
 Metaspace       used 15720K, capacity 16034K, committed 16256K, reserved 1062912K
  class space    used 1773K, capacity 1878K, committed 1920K, reserved 1048576K
Heap Regions: E=young(eden), S=young(survivor), O=old, HS=humongous(starts), HC=humongous(continues), CS=collection set, F=free, A=archive, TAMS=top-at-mark-start (previous, next)
|   0|0x000000008a600000, 0x000000008a600000, 0x000000008a700000|  0%| F|  |TAMS 0x000000008a600000, 0x000000008a600000| Untracked 
|   1|0x000000008a700000, 0x000000008a700000, 0x000000008a800000|  0%| F|  |TAMS 0x000000008a700000, 0x000000008a700000| Untracked 
|   2|0x000000008a800000, 0x000000008a800000, 0x000000008a900000|  0%| F|  |TAMS 0x000000008a800000, 0x000000008a800000| Untracked 
|   3|0x000000008a900000, 0x000000008aa00000, 0x000000008aa00000|100%|HS|  |TAMS 0x000000008a900000, 0x000000008a900000| Complete 
|   4|0x000000008aa00000, 0x000000008ab00000, 0x000000008ab00000|100%|HC|  |TAMS 0x000000008aa00000, 0x000000008aa00000| Complete 
|   5|0x000000008ab00000, 0x000000008ac00000, 0x000000008ac00000|100%|HC|  |TAMS 0x000000008ab00000, 0x000000008ab00000| Complete 
|   6|0x000000008ac00000, 0x000000008ad00000, 0x000000008ad00000|100%| O|  |TAMS 0x000000008ac00000, 0x000000008ac00000| Untracked 
|   7|0x000000008ad00000, 0x000000008ae00000, 0x000000008ae00000|100%| O|  |TAMS 0x000000008ad00000, 0x000000008ad00000| Untracked 
|   8|0x000000008ae00000, 0x000000008af00000, 0x000000008af00000|100%| O|  |TAMS 0x000000008ae00000, 0x000000008ae00000| Untracked 
|   9|0x000000008af00000, 0x000000008af02000, 0x000000008b000000|  0%| O|  |TAMS 0x000000008af00000, 0x000000008af00000| Untracked 
|  10|0x000000008b000000, 0x000000008b000000, 0x000000008b100000|  0%| F|  |TAMS 0x000000008b000000, 0x000000008b000000| Untracked 
|  11|0x000000008b100000, 0x000000008b100000, 0x000000008b200000|  0%| F|  |TAMS 0x000000008b100000, 0x000000008b100000| Untracked 
|  12|0x000000008b200000, 0x000000008b200000, 0x000000008b300000|  0%| F|  |TAMS 0x000000008b200000, 0x000000008b200000| Untracked 
|  13|0x000000008b300000, 0x000000008b300000, 0x000000008b400000|  0%| F|  |TAMS 0x000000008b300000, 0x000000008b300000| Untracked 
|  14|0x000000008b400000, 0x000000008b400000, 0x000000008b500000|  0%| F|  |TAMS 0x000000008b400000, 0x000000008b400000| Untracked 
|  15|0x000000008b500000, 0x000000008b500000, 0x000000008b600000|  0%| F|  |TAMS 0x000000008b500000, 0x000000008b500000| Untracked 
|  16|0x000000008b600000, 0x000000008b600000, 0x000000008b700000|  0%| F|  |TAMS 0x000000008b600000, 0x000000008b600000| Untracked 
|  17|0x000000008b700000, 0x000000008b700000, 0x000000008b800000|  0%| F|  |TAMS 0x000000008b700000, 0x000000008b700000| Untracked 
|  18|0x000000008b800000, 0x000000008b800000, 0x000000008b900000|  0%| F|  |TAMS 0x000000008b800000, 0x000000008b800000| Untracked 
|  19|0x000000008b900000, 0x000000008b900000, 0x000000008ba00000|  0%| F|  |TAMS 0x000000008b900000, 0x000000008b900000| Untracked 
|  20|0x000000008ba00000, 0x000000008ba00000, 0x000000008bb00000|  0%| F|  |TAMS 0x000000008ba00000, 0x000000008ba00000| Untracked 
|  21|0x000000008bb00000, 0x000000008bb00000, 0x000000008bc00000|  0%| F|  |TAMS 0x000000008bb00000, 0x000000008bb00000| Untracked 
|  22|0x000000008bc00000, 0x000000008bc00000, 0x000000008bd00000|  0%| F|  |TAMS 0x000000008bc00000, 0x000000008bc00000| Untracked 
|  23|0x000000008bd00000, 0x000000008bd00000, 0x000000008be00000|  0%| F|  |TAMS 0x000000008bd00000, 0x000000008bd00000| Untracked 
|  24|0x000000008be00000, 0x000000008be00000, 0x000000008bf00000|  0%| F|  |TAMS 0x000000008be00000, 0x000000008be00000| Untracked 
|  25|0x000000008bf00000, 0x000000008bf00000, 0x000000008c000000|  0%| F|  |TAMS 0x000000008bf00000, 0x000000008bf00000| Untracked 
|  26|0x000000008c000000, 0x000000008c000000, 0x000000008c100000|  0%| F|  |TAMS 0x000000008c000000, 0x000000008c000000| Untracked 
|  27|0x000000008c100000, 0x000000008c100000, 0x000000008c200000|  0%| F|  |TAMS 0x000000008c100000, 0x000000008c100000| Untracked 
|  28|0x000000008c200000, 0x000000008c200000, 0x000000008c300000|  0%| F|  |TAMS 0x000000008c200000, 0x000000008c200000| Untracked 
|  29|0x000000008c300000, 0x000000008c300000, 0x000000008c400000|  0%| F|  |TAMS 0x000000008c300000, 0x000000008c300000| Untracked 
|  30|0x000000008c400000, 0x000000008c400000, 0x000000008c500000|  0%| F|  |TAMS 0x000000008c400000, 0x000000008c400000| Untracked 
|  31|0x000000008c500000, 0x000000008c500000, 0x000000008c600000|  0%| F|  |TAMS 0x000000008c500000, 0x000000008c500000| Untracked 
|  32|0x000000008c600000, 0x000000008c600000, 0x000000008c700000|  0%| F|  |TAMS 0x000000008c600000, 0x000000008c600000| Untracked 
|  33|0x000000008c700000, 0x000000008c700000, 0x000000008c800000|  0%| F|  |TAMS 0x000000008c700000, 0x000000008c700000| Untracked 
|  34|0x000000008c800000, 0x000000008c800000, 0x000000008c900000|  0%| F|  |TAMS 0x000000008c800000, 0x000000008c800000| Untracked 
|  35|0x000000008c900000, 0x000000008c900000, 0x000000008ca00000|  0%| F|  |TAMS 0x000000008c900000, 0x000000008c900000| Untracked 
|  36|0x000000008ca00000, 0x000000008ca00000, 0x000000008cb00000|  0%| F|  |TAMS 0x000000008ca00000, 0x000000008ca00000| Untracked 
|  37|0x000000008cb00000, 0x000000008cb00000, 0x000000008cc00000|  0%| F|  |TAMS 0x000000008cb00000, 0x000000008cb00000| Untracked 
|  38|0x000000008cc00000, 0x000000008cc00000, 0x000000008cd00000|  0%| F|  |TAMS 0x000000008cc00000, 0x000000008cc00000| Untracked 
|  39|0x000000008cd00000, 0x000000008cd00000, 0x000000008ce00000|  0%| F|  |TAMS 0x000000008cd00000, 0x000000008cd00000| Untracked 
|  40|0x000000008ce00000, 0x000000008ce00000, 0x000000008cf00000|  0%| F|  |TAMS 0x000000008ce00000, 0x000000008ce00000| Untracked 
|  41|0x000000008cf00000, 0x000000008cf00000, 0x000000008d000000|  0%| F|  |TAMS 0x000000008cf00000, 0x000000008cf00000| Untracked 
|  42|0x000000008d000000, 0x000000008d000000, 0x000000008d100000|  0%| F|  |TAMS 0x000000008d000000, 0x000000008d000000| Untracked 
|  43|0x000000008d100000, 0x000000008d100000, 0x000000008d200000|  0%| F|  |TAMS 0x000000008d100000, 0x000000008d100000| Untracked 
|  44|0x000000008d200000, 0x000000008d200000, 0x000000008d300000|  0%| F|  |TAMS 0x000000008d200000, 0x000000008d200000| Untracked 
|  45|0x000000008d300000, 0x000000008d300000, 0x000000008d400000|  0%| F|  |TAMS 0x000000008d300000, 0x000000008d300000| Untracked 
|  46|0x000000008d400000, 0x000000008d400000, 0x000000008d500000|  0%| F|  |TAMS 0x000000008d400000, 0x000000008d400000| Untracked 
|  47|0x000000008d500000, 0x000000008d500000, 0x000000008d600000|  0%| F|  |TAMS 0x000000008d500000, 0x000000008d500000| Untracked 
|  48|0x000000008d600000, 0x000000008d600000, 0x000000008d700000|  0%| F|  |TAMS 0x000000008d600000, 0x000000008d600000| Untracked 
|  49|0x000000008d700000, 0x000000008d700000, 0x000000008d800000|  0%| F|  |TAMS 0x000000008d700000, 0x000000008d700000| Untracked 
|  50|0x000000008d800000, 0x000000008d800000, 0x000000008d900000|  0%| F|  |TAMS 0x000000008d800000, 0x000000008d800000| Untracked 
|  51|0x000000008d900000, 0x000000008d900000, 0x000000008da00000|  0%| F|  |TAMS 0x000000008d900000, 0x000000008d900000| Untracked 
|  52|0x000000008da00000, 0x000000008da00000, 0x000000008db00000|  0%| F|  |TAMS 0x000000008da00000, 0x000000008da00000| Untracked 
|  53|0x000000008db00000, 0x000000008db00000, 0x000000008dc00000|  0%| F|  |TAMS 0x000000008db00000, 0x000000008db00000| Untracked 
|  54|0x000000008dc00000, 0x000000008dc00000, 0x000000008dd00000|  0%| F|  |TAMS 0x000000008dc00000, 0x000000008dc00000| Untracked 
|  55|0x000000008dd00000, 0x000000008dd00000, 0x000000008de00000|  0%| F|  |TAMS 0x000000008dd00000, 0x000000008dd00000| Untracked 
|  56|0x000000008de00000, 0x000000008de00000, 0x000000008df00000|  0%| F|  |TAMS 0x000000008de00000, 0x000000008de00000| Untracked 
|  57|0x000000008df00000, 0x000000008df00000, 0x000000008e000000|  0%| F|  |TAMS 0x000000008df00000, 0x000000008df00000| Untracked 
|  58|0x000000008e000000, 0x000000008e000000, 0x000000008e100000|  0%| F|  |TAMS 0x000000008e000000, 0x000000008e000000| Untracked 
|  59|0x000000008e100000, 0x000000008e100000, 0x000000008e200000|  0%| F|  |TAMS 0x000000008e100000, 0x000000008e100000| Untracked 
|  60|0x000000008e200000, 0x000000008e200000, 0x000000008e300000|  0%| F|  |TAMS 0x000000008e200000, 0x000000008e200000| Untracked 
|  61|0x000000008e300000, 0x000000008e300000, 0x000000008e400000|  0%| F|  |TAMS 0x000000008e300000, 0x000000008e300000| Untracked 
|  62|0x000000008e400000, 0x000000008e400000, 0x000000008e500000|  0%| F|  |TAMS 0x000000008e400000, 0x000000008e400000| Untracked 
|  63|0x000000008e500000, 0x000000008e500000, 0x000000008e600000|  0%| F|  |TAMS 0x000000008e500000, 0x000000008e500000| Untracked 
|  64|0x000000008e600000, 0x000000008e600000, 0x000000008e700000|  0%| F|  |TAMS 0x000000008e600000, 0x000000008e600000| Untracked 
|  65|0x000000008e700000, 0x000000008e700000, 0x000000008e800000|  0%| F|  |TAMS 0x000000008e700000, 0x000000008e700000| Untracked 
|  66|0x000000008e800000, 0x000000008e800000, 0x000000008e900000|  0%| F|  |TAMS 0x000000008e800000, 0x000000008e800000| Untracked 
|  67|0x000000008e900000, 0x000000008e900000, 0x000000008ea00000|  0%| F|  |TAMS 0x000000008e900000, 0x000000008e900000| Untracked 
|  68|0x000000008ea00000, 0x000000008ea00000, 0x000000008eb00000|  0%| F|  |TAMS 0x000000008ea00000, 0x000000008ea00000| Untracked 
|  69|0x000000008eb00000, 0x000000008eb00000, 0x000000008ec00000|  0%| F|  |TAMS 0x000000008eb00000, 0x000000008eb00000| Untracked 
|  70|0x000000008ec00000, 0x000000008ec00000, 0x000000008ed00000|  0%| F|  |TAMS 0x000000008ec00000, 0x000000008ec00000| Untracked 
|  71|0x000000008ed00000, 0x000000008ed00000, 0x000000008ee00000|  0%| F|  |TAMS 0x000000008ed00000, 0x000000008ed00000| Untracked 
|  72|0x000000008ee00000, 0x000000008ee00000, 0x000000008ef00000|  0%| F|  |TAMS 0x000000008ee00000, 0x000000008ee00000| Untracked 
|  73|0x000000008ef00000, 0x000000008ef00000, 0x000000008f000000|  0%| F|  |TAMS 0x000000008ef00000, 0x000000008ef00000| Untracked 
|  74|0x000000008f000000, 0x000000008f000000, 0x000000008f100000|  0%| F|  |TAMS 0x000000008f000000, 0x000000008f000000| Untracked 
|  75|0x000000008f100000, 0x000000008f100000, 0x000000008f200000|  0%| F|  |TAMS 0x000000008f100000, 0x000000008f100000| Untracked 
|  76|0x000000008f200000, 0x000000008f200000, 0x000000008f300000|  0%| F|  |TAMS 0x000000008f200000, 0x000000008f200000| Untracked 
|  77|0x000000008f300000, 0x000000008f300000, 0x000000008f400000|  0%| F|  |TAMS 0x000000008f300000, 0x000000008f300000| Untracked 
|  78|0x000000008f400000, 0x000000008f400000, 0x000000008f500000|  0%| F|  |TAMS 0x000000008f400000, 0x000000008f400000| Untracked 
|  79|0x000000008f500000, 0x000000008f500000, 0x000000008f600000|  0%| F|  |TAMS 0x000000008f500000, 0x000000008f500000| Untracked 
|  80|0x000000008f600000, 0x000000008f600000, 0x000000008f700000|  0%| F|  |TAMS 0x000000008f600000, 0x000000008f600000| Untracked 
|  81|0x000000008f700000, 0x000000008f700000, 0x000000008f800000|  0%| F|  |TAMS 0x000000008f700000, 0x000000008f700000| Untracked 
|  82|0x000000008f800000, 0x000000008f800000, 0x000000008f900000|  0%| F|  |TAMS 0x000000008f800000, 0x000000008f800000| Untracked 
|  83|0x000000008f900000, 0x000000008f900000, 0x000000008fa00000|  0%| F|  |TAMS 0x000000008f900000, 0x000000008f900000| Untracked 
|  84|0x000000008fa00000, 0x000000008fa00000, 0x000000008fb00000|  0%| F|  |TAMS 0x000000008fa00000, 0x000000008fa00000| Untracked 
|  85|0x000000008fb00000, 0x000000008fb00000, 0x000000008fc00000|  0%| F|  |TAMS 0x000000008fb00000, 0x000000008fb00000| Untracked 
|  86|0x000000008fc00000, 0x000000008fc00000, 0x000000008fd00000|  0%| F|  |TAMS 0x000000008fc00000, 0x000000008fc00000| Untracked 
|  87|0x000000008fd00000, 0x000000008fd00000, 0x000000008fe00000|  0%| F|  |TAMS 0x000000008fd00000, 0x000000008fd00000| Untracked 
|  88|0x000000008fe00000, 0x000000008fe00000, 0x000000008ff00000|  0%| F|  |TAMS 0x000000008fe00000, 0x000000008fe00000| Untracked 
|  89|0x000000008ff00000, 0x000000008ff00000, 0x0000000090000000|  0%| F|  |TAMS 0x000000008ff00000, 0x000000008ff00000| Untracked 
|  90|0x0000000090000000, 0x0000000090000000, 0x0000000090100000|  0%| F|  |TAMS 0x0000000090000000, 0x0000000090000000| Untracked 
|  91|0x0000000090100000, 0x0000000090200000, 0x0000000090200000|100%| S|CS|TAMS 0x0000000090100000, 0x0000000090100000| Complete 
|  92|0x0000000090200000, 0x0000000090300000, 0x0000000090300000|100%| S|CS|TAMS 0x0000000090200000, 0x0000000090200000| Complete 
|  93|0x0000000090300000, 0x0000000090400000, 0x0000000090400000|100%| S|CS|TAMS 0x0000000090300000, 0x0000000090300000| Complete 
|  94|0x0000000090400000, 0x0000000090400000, 0x0000000090500000|  0%| F|  |TAMS 0x0000000090400000, 0x0000000090400000| Untracked 
|  95|0x0000000090500000, 0x0000000090580800, 0x0000000090600000| 50%| E|  |TAMS 0x0000000090500000, 0x0000000090500000| Complete 
|  96|0x0000000090600000, 0x0000000090700000, 0x0000000090700000|100%| E|CS|TAMS 0x0000000090600000, 0x0000000090600000| Complete 
|  97|0x0000000090700000, 0x0000000090800000, 0x0000000090800000|100%| E|CS|TAMS 0x0000000090700000, 0x0000000090700000| Complete 
|  98|0x0000000090800000, 0x0000000090900000, 0x0000000090900000|100%| E|CS|TAMS 0x0000000090800000, 0x0000000090800000| Complete 
|  99|0x0000000090900000, 0x0000000090a00000, 0x0000000090a00000|100%| E|CS|TAMS 0x0000000090900000, 0x0000000090900000| Complete 
| 100|0x0000000090a00000, 0x0000000090b00000, 0x0000000090b00000|100%| E|CS|TAMS 0x0000000090a00000, 0x0000000090a00000| Complete 
| 101|0x0000000090b00000, 0x0000000090c00000, 0x0000000090c00000|100%| E|CS|TAMS 0x0000000090b00000, 0x0000000090b00000| Complete 
| 102|0x0000000090c00000, 0x0000000090d00000, 0x0000000090d00000|100%| E|CS|TAMS 0x0000000090c00000, 0x0000000090c00000| Complete 
| 103|0x0000000090d00000, 0x0000000090e00000, 0x0000000090e00000|100%| E|CS|TAMS 0x0000000090d00000, 0x0000000090d00000| Complete 
| 104|0x0000000090e00000, 0x0000000090f00000, 0x0000000090f00000|100%| E|CS|TAMS 0x0000000090e00000, 0x0000000090e00000| Complete 
| 105|0x0000000090f00000, 0x0000000091000000, 0x0000000091000000|100%| E|CS|TAMS 0x0000000090f00000, 0x0000000090f00000| Complete 
| 106|0x0000000091000000, 0x0000000091100000, 0x0000000091100000|100%| E|CS|TAMS 0x0000000091000000, 0x0000000091000000| Complete 
| 107|0x0000000091100000, 0x0000000091200000, 0x0000000091200000|100%| E|CS|TAMS 0x0000000091100000, 0x0000000091100000| Complete 
| 108|0x0000000091200000, 0x0000000091300000, 0x0000000091300000|100%| E|CS|TAMS 0x0000000091200000, 0x0000000091200000| Complete 
| 109|0x0000000091300000, 0x0000000091400000, 0x0000000091400000|100%| E|CS|TAMS 0x0000000091300000, 0x0000000091300000| Complete 
| 110|0x0000000091400000, 0x0000000091500000, 0x0000000091500000|100%| E|CS|TAMS 0x0000000091400000, 0x0000000091400000| Complete 
| 111|0x0000000091500000, 0x0000000091600000, 0x0000000091600000|100%| E|CS|TAMS 0x0000000091500000, 0x0000000091500000| Complete 
| 112|0x0000000091600000, 0x0000000091700000, 0x0000000091700000|100%| E|CS|TAMS 0x0000000091600000, 0x0000000091600000| Complete 
| 113|0x0000000091700000, 0x0000000091800000, 0x0000000091800000|100%| E|CS|TAMS 0x0000000091700000, 0x0000000091700000| Complete 
| 114|0x0000000091800000, 0x0000000091900000, 0x0000000091900000|100%| E|CS|TAMS 0x0000000091800000, 0x0000000091800000| Complete 
| 115|0x0000000091900000, 0x0000000091a00000, 0x0000000091a00000|100%| E|CS|TAMS 0x0000000091900000, 0x0000000091900000| Complete 
| 116|0x0000000091a00000, 0x0000000091b00000, 0x0000000091b00000|100%| E|CS|TAMS 0x0000000091a00000, 0x0000000091a00000| Complete 
| 117|0x0000000091b00000, 0x0000000091c00000, 0x0000000091c00000|100%| E|CS|TAMS 0x0000000091b00000, 0x0000000091b00000| Complete 

Card table byte_map: [0x000001d1fc640000,0x000001d1fc9f0000] _byte_map_base: 0x000001d1fc1ed000

Marking Bits (Prev, Next): (CMBitMap*) 0x000001d1e7337348, (CMBitMap*) 0x000001d1e7337380
 Prev Bits: [0x000001d1fcda0000, 0x000001d1feb08000)
 Next Bits: [0x000001d180000000, 0x000001d181d68000)

Polling page: 0x000001d1e73c0000

Metaspace:

Usage:
  Non-class:     13.82 MB capacity,    13.62 MB ( 99%) used,   186.70 KB (  1%) free+waste,    22.62 KB ( <1%) overhead. 
      Class:      1.83 MB capacity,     1.73 MB ( 94%) used,    93.44 KB (  5%) free+waste,    10.94 KB ( <1%) overhead. 
       Both:     15.66 MB capacity,    15.35 MB ( 98%) used,   280.13 KB (  2%) free+waste,    33.56 KB ( <1%) overhead. 

Virtual space:
  Non-class space:       14.00 MB reserved,      14.00 MB (100%) committed 
      Class space:        1.00 GB reserved,       1.88 MB ( <1%) committed 
             Both:        1.01 GB reserved,      15.88 MB (  2%) committed 

Chunk freelists:
   Non-Class:  52.00 KB
       Class:  10.00 KB
        Both:  62.00 KB

MaxMetaspaceSize: 17179869184.00 GB
CompressedClassSpaceSize: 1.00 GB
Initial GC threshold: 20.80 MB
Current GC threshold: 20.80 MB
CDS: off

CodeHeap 'non-profiled nmethods': size=120000Kb used=666Kb max_used=666Kb free=119333Kb
 bounds [0x000001d1f40b0000, 0x000001d1f4320000, 0x000001d1fb5e0000]
CodeHeap 'profiled nmethods': size=120000Kb used=2793Kb max_used=2793Kb free=117206Kb
 bounds [0x000001d1ecb80000, 0x000001d1ece40000, 0x000001d1f40b0000]
CodeHeap 'non-nmethods': size=5760Kb used=1159Kb max_used=1186Kb free=4600Kb
 bounds [0x000001d1ec5e0000, 0x000001d1ec850000, 0x000001d1ecb80000]
 total_blobs=1905 nmethods=1482 adapters=336
 compilation: enabled
              stopped_count=0, restarted_count=0
 full_count=0

Compilation events (20 events):
Event: 71.811 Thread 0x000001d1ff89f000 1473       1       java.util.LinkedList::size (5 bytes)
Event: 71.811 Thread 0x000001d1ff89f000 nmethod 1473 0x000001d1f4156290 code [0x000001d1f4156440, 0x000001d1f41564f8]
Event: 71.811 Thread 0x000001d1ff89f000 1474       3       java.util.LinkedList::checkPositionIndex (22 bytes)
Event: 71.812 Thread 0x000001d1ff89f000 nmethod 1474 0x000001d1ece34590 code [0x000001d1ece34800, 0x000001d1ece34f28]
Event: 71.812 Thread 0x000001d1ff89f000 1475       3       java.util.LinkedList::isPositionIndex (18 bytes)
Event: 71.812 Thread 0x000001d1ff89e000 1476 % !   4       java.io.BufferedReader::readLine @ 131 (304 bytes)
Event: 71.812 Thread 0x000001d1ff89f000 nmethod 1475 0x000001d1ece35210 code [0x000001d1ece353c0, 0x000001d1ece35558]
Event: 71.812 Thread 0x000001d1ff89f000 1477       3       java.util.LinkedList::node (65 bytes)
Event: 71.813 Thread 0x000001d1ff89f000 nmethod 1477 0x000001d1ece35610 code [0x000001d1ece357e0, 0x000001d1ece35a98]
Event: 71.813 Thread 0x000001d1ff89f000 1478       3       org.gradle.util.internal.LimitedDescription::append (33 bytes)
Event: 71.814 Thread 0x000001d1ff89f000 nmethod 1478 0x000001d1ece35c10 code [0x000001d1ece35e60, 0x000001d1ece365a8]
Event: 71.814 Thread 0x000001d1ff89f000 1479       3       java.util.LinkedList::add (32 bytes)
Event: 71.814 Thread 0x000001d1ff89f000 nmethod 1479 0x000001d1ece36890 code [0x000001d1ece36aa0, 0x000001d1ece36f68]
Event: 71.814 Thread 0x000001d1ff89f000 1480       3       java.util.LinkedList::removeLast (23 bytes)
Event: 71.814 Thread 0x000001d1ff89f000 nmethod 1480 0x000001d1ece37190 code [0x000001d1ece37360, 0x000001d1ece37598]
Event: 71.815 Thread 0x000001d1ff89f000 1481 %     3       sun.nio.cs.SingleByte$Decoder::decodeArrayLoop @ 88 (154 bytes)
Event: 71.816 Thread 0x000001d1ff89f000 nmethod 1481% 0x000001d1ece37690 code [0x000001d1ece37a80, 0x000001d1ece39428]
Event: 71.816 Thread 0x000001d1ff89f000 1482       3       java.util.LinkedList::linkBefore (63 bytes)
Event: 71.817 Thread 0x000001d1ff89f000 nmethod 1482 0x000001d1ece39f10 code [0x000001d1ece3a100, 0x000001d1ece3a5b8]
Event: 71.817 Thread 0x000001d1ff89f000 1484       3       sun.nio.cs.SingleByte$Decoder::decodeArrayLoop (154 bytes)

GC Heap History (2 events):
Event: 5.143 GC heap before
{Heap before GC invocations=0 (full 0):
 garbage-first heap   total 120832K, used 29696K [0x000000008a600000, 0x0000000100000000)
  region size 1024K, 24 young (24576K), 0 survivors (0K)
 Metaspace       used 10640K, capacity 10918K, committed 11264K, reserved 1058816K
  class space    used 1072K, capacity 1168K, committed 1280K, reserved 1048576K
}
Event: 5.148 GC heap after
{Heap after GC invocations=1 (full 0):
 garbage-first heap   total 120832K, used 9224K [0x000000008a600000, 0x0000000100000000)
  region size 1024K, 3 young (3072K), 3 survivors (3072K)
 Metaspace       used 10640K, capacity 10918K, committed 11264K, reserved 1058816K
  class space    used 1072K, capacity 1168K, committed 1280K, reserved 1048576K
}

Deoptimization events (20 events):
Event: 5.670 Thread 0x000001d1e72f7000 Uncommon trap: trap_request=0xffffff4d fr.pc=0x000001d1f40e3d10 relative=0x0000000000000550
Event: 5.670 Thread 0x000001d1e72f7000 Uncommon trap: reason=unstable_if action=reinterpret pc=0x000001d1f40e3d10 method=java.lang.AbstractStringBuilder.append(Ljava/lang/String;)Ljava/lang/AbstractStringBuilder; @ 1 c2
Event: 5.670 Thread 0x000001d1e72f7000 DEOPT PACKING pc=0x000001d1f40e3d10 sp=0x00000024f87fc350
Event: 5.670 Thread 0x000001d1e72f7000 DEOPT UNPACKING pc=0x000001d1ec62a1af sp=0x00000024f87fc2c0 mode 2
Event: 5.671 Thread 0x000001d1e72f7000 Uncommon trap: trap_request=0xffffff4d fr.pc=0x000001d1f40e47f4 relative=0x0000000000000534
Event: 5.671 Thread 0x000001d1e72f7000 Uncommon trap: reason=unstable_if action=reinterpret pc=0x000001d1f40e47f4 method=java.lang.AbstractStringBuilder.append(Ljava/lang/String;)Ljava/lang/AbstractStringBuilder; @ 1 c2
Event: 5.671 Thread 0x000001d1e72f7000 DEOPT PACKING pc=0x000001d1f40e47f4 sp=0x00000024f87fc2f0
Event: 5.671 Thread 0x000001d1e72f7000 DEOPT UNPACKING pc=0x000001d1ec62a1af sp=0x00000024f87fc2c8 mode 2
Event: 71.786 Thread 0x000001d1e72f7000 Uncommon trap: trap_request=0xffffff4d fr.pc=0x000001d1f41403e8 relative=0x0000000000000588
Event: 71.786 Thread 0x000001d1e72f7000 Uncommon trap: reason=unstable_if action=reinterpret pc=0x000001d1f41403e8 method=com.esotericsoftware.kryo.io.Input.require(I)I @ 180 c2
Event: 71.786 Thread 0x000001d1e72f7000 DEOPT PACKING pc=0x000001d1f41403e8 sp=0x00000024f87fc800
Event: 71.786 Thread 0x000001d1e72f7000 DEOPT UNPACKING pc=0x000001d1ec62a1af sp=0x00000024f87fc538 mode 2
Event: 71.787 Thread 0x000001d1e72f7000 Uncommon trap: trap_request=0xfffffff4 fr.pc=0x000001d1f4141500 relative=0x00000000000000a0
Event: 71.787 Thread 0x000001d1e72f7000 Uncommon trap: reason=null_check action=make_not_entrant pc=0x000001d1f4141500 method=org.gradle.launcher.daemon.client.DaemonClientConnection.receive()Lorg/gradle/launcher/daemon/protocol/Message; @ 9 c2
Event: 71.787 Thread 0x000001d1e72f7000 DEOPT PACKING pc=0x000001d1f4141500 sp=0x00000024f87fc880
Event: 71.787 Thread 0x000001d1e72f7000 DEOPT UNPACKING pc=0x000001d1ec62a1af sp=0x00000024f87fc7b0 mode 2
Event: 71.796 Thread 0x000001d1e72f7000 Uncommon trap: trap_request=0xffffffde fr.pc=0x000001d1f4137830 relative=0x0000000000003390
Event: 71.796 Thread 0x000001d1e72f7000 Uncommon trap: reason=class_check action=maybe_recompile pc=0x000001d1f4137830 method=org.gradle.internal.logging.sink.OutputEventTransformer.onOutput(Lorg/gradle/internal/logging/events/OutputEvent;)V @ 328 c2
Event: 71.796 Thread 0x000001d1e72f7000 DEOPT PACKING pc=0x000001d1f4137830 sp=0x00000024f87fc450
Event: 71.796 Thread 0x000001d1e72f7000 DEOPT UNPACKING pc=0x000001d1ec62a1af sp=0x00000024f87fc408 mode 2

Classes redefined (0 events):
No events

Internal exceptions (16 events):
Event: 0.213 Thread 0x000001d1e72f7000 Exception <a 'java/lang/NoSuchMethodError'{0x0000000091a9f4b0}: 'int java.lang.invoke.DirectMethodHandle$Holder.invokeSpecialIFC(java.lang.Object, java.lang.Object, int)'> (0x0000000091a9f4b0) thrown at [src/hotspot/share/interpreter/linkResolver.cpp, line 773]
Event: 0.461 Thread 0x000001d1e72f7000 Exception <a 'java/lang/NoSuchMethodError'{0x00000000918765a8}: 'int java.lang.invoke.DirectMethodHandle$Holder.invokeStaticInit(java.lang.Object, java.lang.Object)'> (0x00000000918765a8) thrown at [src/hotspot/share/interpreter/linkResolver.cpp, line 773]
Event: 0.500 Thread 0x000001d1e72f7000 Exception <a 'java/lang/NoSuchMethodError'{0x000000009174c3c8}: 'int java.lang.invoke.DirectMethodHandle$Holder.invokeSpecial(java.lang.Object, java.lang.Object, java.lang.Object, java.lang.Object)'> (0x000000009174c3c8) thrown at [src/hotspot/share/interpreter/linkResolver.cpp, line 773]
Event: 5.127 Thread 0x000001d1e72f7000 Implicit null exception at 0x000001d1f40f1cf5 to 0x000001d1f40f1ec0
Event: 5.141 Thread 0x000001d1e72f7000 Exception <a 'java/lang/NoClassDefFoundError'{0x00000000904dcc40}: org/slf4j/impl/StaticMarkerBinder> (0x00000000904dcc40) thrown at [src/hotspot/share/classfile/systemDictionary.cpp, line 219]
Event: 5.158 Thread 0x000001d1e72f7000 Exception <a 'java/lang/NoSuchMethodError'{0x0000000091bde028}: 'java.lang.Object java.lang.invoke.DirectMethodHandle$Holder.invokeVirtual(java.lang.Object, java.lang.Object, java.lang.Object, java.lang.Object, java.lang.Object, java.lang.Object, java.lang.Object)'> (0x0000000091bde028) thrown at [src/hotspot/share/interpreter/linkResolver.cpp, line 773]
Event: 5.159 Thread 0x000001d1e72f7000 Exception <a 'java/lang/NoSuchMethodError'{0x0000000091bf1c78}: 'java.lang.Object java.lang.invoke.Invokers$Holder.invoker(java.lang.Object, java.lang.Object, java.lang.Object)'> (0x0000000091bf1c78) thrown at [src/hotspot/share/interpreter/linkResolver.cpp, line 773]
Event: 5.161 Thread 0x000001d1e72f7000 Exception <a 'java/lang/NoSuchMethodError'{0x0000000091a03468}: 'void java.lang.invoke.DelegatingMethodHandle$Holder.delegate(java.lang.Object, java.lang.Object, int, java.lang.Object)'> (0x0000000091a03468) thrown at [src/hotspot/share/interpreter/linkResolver.cpp, line 773]
Event: 5.267 Thread 0x000001d1e72f7000 Exception <a 'java/lang/NoSuchMethodError'{0x000000009145f6b0}: 'java.lang.Object java.lang.invoke.DirectMethodHandle$Holder.invokeInterface(java.lang.Object, java.lang.Object, java.lang.Object)'> (0x000000009145f6b0) thrown at [src/hotspot/share/interpreter/linkResolver.cpp, line 773]
Event: 5.308 Thread 0x000001d1e72f7000 Exception <a 'java/lang/NoSuchMethodError'{0x000000009110e680}: 'java.lang.Object java.lang.invoke.DirectMethodHandle$Holder.invokeStaticInit(java.lang.Object, java.lang.Object, java.lang.Object)'> (0x000000009110e680) thrown at [src/hotspot/share/interpreter/linkResolver.cpp, line 773]
Event: 5.383 Thread 0x000001d1e72f7000 Exception <a 'java/lang/NoSuchMethodError'{0x0000000090c02e18}: 'java.lang.Object java.lang.invoke.DirectMethodHandle$Holder.invokeStaticInit(java.lang.Object, int, int, int, int)'> (0x0000000090c02e18) thrown at [src/hotspot/share/interpreter/linkResolver.cpp, line 773]
Event: 5.497 Thread 0x000001d1e72f7000 Exception <a 'java/lang/NoSuchMethodError'{0x0000000090c2f088}: 'java.lang.Object java.lang.invoke.DirectMethodHandle$Holder.invokeStaticInit(java.lang.Object, java.lang.Object, int, int, int, int)'> (0x0000000090c2f088) thrown at [src/hotspot/share/interpreter/linkResolver.cpp, line 773]
Event: 5.670 Thread 0x000001d1e72f7000 Implicit null exception at 0x000001d1f40e37f4 to 0x000001d1f40e3cf8
Event: 5.671 Thread 0x000001d1e72f7000 Implicit null exception at 0x000001d1f40e42f4 to 0x000001d1f40e47dc
Event: 71.773 Thread 0x000001d1e72f7000 Exception <a 'java/io/IOException'{0x00000000906cf500}> (0x00000000906cf500) thrown at [src/hotspot/share/prims/jni.cpp, line 617]
Event: 71.787 Thread 0x000001d1e72f7000 Implicit null exception at 0x000001d1f41414a8 to 0x000001d1f41414f4

Events (20 events):
Event: 26.068 loading class org/gradle/internal/logging/events/StyledTextOutputEvent$Span
Event: 26.068 loading class org/gradle/internal/logging/events/StyledTextOutputEvent$Span done
Event: 26.068 loading class org/gradle/internal/logging/events/operations/StyledTextBuildOperationProgressDetails$Span
Event: 26.068 loading class org/gradle/internal/logging/events/operations/StyledTextBuildOperationProgressDetails$Span done
Event: 26.068 loading class org/gradle/internal/operations/logging/StyledTextBuildOperationProgressDetails$Span
Event: 26.068 loading class org/gradle/internal/operations/logging/StyledTextBuildOperationProgressDetails$Span done
Event: 26.131 loading class org/gradle/internal/logging/text/AbstractLineChoppingStyledTextOutput$StateContext
Event: 26.131 loading class org/gradle/internal/logging/text/AbstractLineChoppingStyledTextOutput$StateContext done
Event: 42.760 Thread 0x000001d185254800 Thread added: 0x000001d185254800
Event: 42.963 Thread 0x000001d185254800 Thread exited: 0x000001d185254800
Event: 71.775 loading class com/google/common/base/Objects
Event: 71.775 loading class com/google/common/base/Objects done
Event: 71.784 loading class com/google/common/base/ExtraObjectsMethodsForWeb
Event: 71.784 loading class com/google/common/base/ExtraObjectsMethodsForWeb done
Event: 71.787 loading class org/slf4j/helpers/MessageFormatter
Event: 71.787 loading class org/slf4j/helpers/MessageFormatter done
Event: 71.795 loading class org/slf4j/helpers/FormattingTuple
Event: 71.795 loading class org/slf4j/helpers/FormattingTuple done
Event: 71.807 loading class org/gradle/util/internal/LimitedDescription
Event: 71.807 loading class org/gradle/util/internal/LimitedDescription done


Dynamic libraries:
0x00007ff7c4fa0000 - 0x00007ff7c4faa000 	C:\Apps\Android Studio\jbr\bin\java.exe
0x00007ff958530000 - 0x00007ff958744000 	C:\WINDOWS\SYSTEM32\ntdll.dll
0x00007ff957250000 - 0x00007ff957312000 	C:\WINDOWS\System32\KERNEL32.DLL
0x00007ff955b10000 - 0x00007ff955eac000 	C:\WINDOWS\System32\KERNELBASE.dll
0x00007ff956220000 - 0x00007ff956331000 	C:\WINDOWS\System32\ucrtbase.dll
0x00007ff945c40000 - 0x00007ff945c57000 	C:\Apps\Android Studio\jbr\bin\jli.dll
0x00007ff945c90000 - 0x00007ff945cab000 	C:\Apps\Android Studio\jbr\bin\VCRUNTIME140.dll
0x00007ff957dc0000 - 0x00007ff957f6b000 	C:\WINDOWS\System32\USER32.dll
0x00007ff93af30000 - 0x00007ff93b1be000 	C:\WINDOWS\WinSxS\amd64_microsoft.windows.common-controls_6595b64144ccf1df_6.0.22621.608_none_a9444ca7c10bb01d\COMCTL32.dll
0x00007ff955970000 - 0x00007ff955996000 	C:\WINDOWS\System32\win32u.dll
0x00007ff956970000 - 0x00007ff956999000 	C:\WINDOWS\System32\GDI32.dll
0x00007ff957000000 - 0x00007ff9570a7000 	C:\WINDOWS\System32\msvcrt.dll
0x00007ff956010000 - 0x00007ff956123000 	C:\WINDOWS\System32\gdi32full.dll
0x00007ff955f70000 - 0x00007ff95600a000 	C:\WINDOWS\System32\msvcp_win.dll
0x00007ff9570b0000 - 0x00007ff9570e1000 	C:\WINDOWS\System32\IMM32.DLL
0x00007ff946450000 - 0x00007ff94645c000 	C:\Apps\Android Studio\jbr\bin\vcruntime140_1.dll
0x00007ff934c80000 - 0x00007ff934d0d000 	C:\Apps\Android Studio\jbr\bin\msvcp140.dll
0x00007ff909670000 - 0x00007ff90a22c000 	C:\Apps\Android Studio\jbr\bin\server\jvm.dll
0x00007ff9568c0000 - 0x00007ff95696e000 	C:\WINDOWS\System32\ADVAPI32.dll
0x00007ff958220000 - 0x00007ff9582c4000 	C:\WINDOWS\System32\sechost.dll
0x00007ff957380000 - 0x00007ff957497000 	C:\WINDOWS\System32\RPCRT4.dll
0x00007ff956a90000 - 0x00007ff956a98000 	C:\WINDOWS\System32\PSAPI.DLL
0x00007ff950000000 - 0x00007ff950034000 	C:\WINDOWS\SYSTEM32\WINMM.dll
0x00007ff94f860000 - 0x00007ff94f86a000 	C:\WINDOWS\SYSTEM32\VERSION.dll
0x00007ff945e90000 - 0x00007ff945e99000 	C:\WINDOWS\SYSTEM32\WSOCK32.dll
0x00007ff958470000 - 0x00007ff9584e1000 	C:\WINDOWS\System32\WS2_32.dll
0x00007ff954930000 - 0x00007ff954948000 	C:\WINDOWS\SYSTEM32\kernel.appcore.dll
0x00007ff945e60000 - 0x00007ff945e70000 	C:\Apps\Android Studio\jbr\bin\verify.dll
0x00007ff947b10000 - 0x00007ff947d3e000 	C:\WINDOWS\SYSTEM32\DBGHELP.DLL
0x00007ff956360000 - 0x00007ff9566e9000 	C:\WINDOWS\System32\combase.dll
0x00007ff958130000 - 0x00007ff958207000 	C:\WINDOWS\System32\OLEAUT32.dll
0x00007ff946f60000 - 0x00007ff946f92000 	C:\WINDOWS\SYSTEM32\dbgcore.DLL
0x00007ff9561a0000 - 0x00007ff95621b000 	C:\WINDOWS\System32\bcryptPrimitives.dll
0x00007ff938cb0000 - 0x00007ff938cd8000 	C:\Apps\Android Studio\jbr\bin\java.dll
0x00007ff945d40000 - 0x00007ff945d4a000 	C:\Apps\Android Studio\jbr\bin\jimage.dll
0x00007ff943710000 - 0x00007ff943728000 	C:\Apps\Android Studio\jbr\bin\zip.dll
0x00007ff9574b0000 - 0x00007ff957ca0000 	C:\WINDOWS\System32\SHELL32.dll
0x00007ff953930000 - 0x00007ff9541fd000 	C:\WINDOWS\SYSTEM32\windows.storage.dll
0x00007ff9537f0000 - 0x00007ff95392e000 	C:\WINDOWS\SYSTEM32\wintypes.dll
0x00007ff9567a0000 - 0x00007ff956891000 	C:\WINDOWS\System32\SHCORE.dll
0x00007ff9569a0000 - 0x00007ff9569fe000 	C:\WINDOWS\System32\shlwapi.dll
0x00007ff9558a0000 - 0x00007ff9558c1000 	C:\WINDOWS\SYSTEM32\profapi.dll
0x00007ff9365f0000 - 0x00007ff936609000 	C:\Apps\Android Studio\jbr\bin\net.dll
0x00007ff950040000 - 0x00007ff950177000 	C:\WINDOWS\SYSTEM32\WINHTTP.dll
0x00007ff954df0000 - 0x00007ff954e59000 	C:\WINDOWS\system32\mswsock.dll
0x00007ff934980000 - 0x00007ff934993000 	C:\Apps\Android Studio\jbr\bin\nio.dll
0x00007ff934b00000 - 0x00007ff934b27000 	C:\Users\Harsh Jethva\.gradle\native\e1d6ef7f7dcc3fd88c89a11ec53ec762bb8ba0a96d01ffa2cd45eb1d1d8dd5c5\windows-amd64\native-platform.dll
0x00007ff939600000 - 0x00007ff93960a000 	C:\Apps\Android Studio\jbr\bin\management.dll
0x00007ff937930000 - 0x00007ff93793b000 	C:\Apps\Android Studio\jbr\bin\management_ext.dll
0x00007ff955070000 - 0x00007ff95508b000 	C:\WINDOWS\SYSTEM32\CRYPTSP.dll
0x00007ff9548f0000 - 0x00007ff954925000 	C:\WINDOWS\system32\rsaenh.dll
0x00007ff954ec0000 - 0x00007ff954ee8000 	C:\WINDOWS\SYSTEM32\USERENV.dll
0x00007ff955230000 - 0x00007ff955258000 	C:\WINDOWS\SYSTEM32\bcrypt.dll
0x00007ff955090000 - 0x00007ff95509c000 	C:\WINDOWS\SYSTEM32\CRYPTBASE.dll
0x00007ff954450000 - 0x00007ff95447d000 	C:\WINDOWS\SYSTEM32\IPHLPAPI.DLL
0x00007ff956ff0000 - 0x00007ff956ff9000 	C:\WINDOWS\System32\NSI.dll
0x00007ff950380000 - 0x00007ff950399000 	C:\WINDOWS\SYSTEM32\dhcpcsvc6.DLL
0x00007ff94ffe0000 - 0x00007ff94ffff000 	C:\WINDOWS\SYSTEM32\dhcpcsvc.DLL
0x00007ff9544c0000 - 0x00007ff9545b3000 	C:\WINDOWS\SYSTEM32\DNSAPI.dll

dbghelp: loaded successfully - version: 4.0.5 - missing functions: none
symbol engine: initialized successfully - sym options: 0x614 - pdb path: .;C:\Apps\Android Studio\jbr\bin;C:\WINDOWS\SYSTEM32;C:\WINDOWS\WinSxS\amd64_microsoft.windows.common-controls_6595b64144ccf1df_6.0.22621.608_none_a9444ca7c10bb01d;C:\Apps\Android Studio\jbr\bin\server;C:\Users\Harsh Jethva\.gradle\native\e1d6ef7f7dcc3fd88c89a11ec53ec762bb8ba0a96d01ffa2cd45eb1d1d8dd5c5\windows-amd64

VM Arguments:
jvm_args: -Dorg.gradle.appname=gradlew 
java_command: org.gradle.wrapper.GradleWrapperMain -q -Ptarget-platform=android-arm64 -Ptarget=H:\Flutter Projects\rku_bus_guide\lib\main.dart -Pbase-application-name=android.app.Application -Pdart-defines=Zmx1dHRlci5pbnNwZWN0b3Iuc3RydWN0dXJlZEVycm9ycz10cnVl,RkxVVFRFUl9XRUJfQVVUT19ERVRFQ1Q9dHJ1ZQ== -Pdart-obfuscation=false -Ptrack-widget-creation=true -Ptree-shake-icons=false -Pfilesystem-scheme=org-dartlang-root assembleDebug
java_class_path (initial): H:\Flutter Projects\rku_bus_guide\android\\gradle\wrapper\gradle-wrapper.jar
Launcher Type: SUN_STANDARD

[Global flags]
     intx CICompilerCount                          = 4                                         {product} {ergonomic}
     uint ConcGCThreads                            = 3                                         {product} {ergonomic}
     uint G1ConcRefinementThreads                  = 10                                        {product} {ergonomic}
   size_t G1HeapRegionSize                         = 1048576                                   {product} {ergonomic}
    uintx GCDrainStackTargetSize                   = 64                                        {product} {ergonomic}
   size_t InitialHeapSize                          = 123731968                                 {product} {ergonomic}
   size_t MarkStackSize                            = 4194304                                   {product} {ergonomic}
   size_t MaxHeapSize                              = 1973420032                                {product} {ergonomic}
   size_t MaxNewSize                               = 1183842304                                {product} {ergonomic}
   size_t MinHeapDeltaBytes                        = 1048576                                   {product} {ergonomic}
    uintx NonNMethodCodeHeapSize                   = 5836300                                {pd product} {ergonomic}
    uintx NonProfiledCodeHeapSize                  = 122910970                              {pd product} {ergonomic}
    uintx ProfiledCodeHeapSize                     = 122910970                              {pd product} {ergonomic}
    uintx ReservedCodeCacheSize                    = 251658240                              {pd product} {ergonomic}
     bool SegmentedCodeCache                       = true                                      {product} {ergonomic}
     bool UseCompressedClassPointers               = true                                 {lp64_product} {ergonomic}
     bool UseCompressedOops                        = true                                 {lp64_product} {ergonomic}
     bool UseG1GC                                  = true                                      {product} {ergonomic}
     bool UseLargePagesIndividualAllocation        = false                                  {pd product} {ergonomic}

Logging:
Log output configuration:
 #0: stdout all=warning uptime,level,tags
 #1: stderr all=off uptime,level,tags

Environment Variables:
JAVA_HOME=C:\Apps\Android Studio\jbr
CLASSPATH=H:\Flutter Projects\rku_bus_guide\android\\gradle\wrapper\gradle-wrapper.jar
PATH=C:\Windows\system32;C:\Windows;C:\Windows\System32\Wbem;C:\Windows\System32\WindowsPowerShell\v1.0\;C:\Windows\System32\OpenSSH\;C:\Program Files\NVIDIA Corporation\NVIDIA NvDLISR;C:\Apps\JDk\bin;C:\Program Files\Microsoft SQL Server\130\Tools\Binn\;C:\Program Files (x86)\NVIDIA Corporation\PhysX\Common;C:\xampp\php;C:\ProgramData\ComposerSetup\bin;C:\WINDOWS\system32;C:\WINDOWS;C:\WINDOWS\System32\Wbem;C:\WINDOWS\System32\WindowsPowerShell\v1.0\;C:\WINDOWS\System32\OpenSSH\;C:\Program Files\Git\cmd;C:\Apps\nodejs\;C:\Program Files\Microsoft SQL Server\150\Tools\Binn\;C:\Program Files\Microsoft SQL Server\Client SDK\ODBC\170\Tools\Binn\;C:\Program Files\dotnet\;C:\Apps\flutter\bin;C:\Program Files\Java\jdk-19\bin;C:\Users\Harsh Jethva\AppData\Local\Pub\Cache\bin;C:\Users\Harsh Jethva\AppData\Local\Programs\Python\Python311\Scripts\;C:\Users\Harsh Jethva\AppData\Local\Programs\Python\Python311\;C:\Users\Harsh Jethva\AppData\Local\Microsoft\WindowsApps;C:\Apps\IntelliJ IDEA Community Edition 2023.1\bin;;C:\Users\Harsh Jethva\AppData\Roaming\Composer\vendor\bin;C:\Apps\Microsoft VS Code\bin;C:\Users\Harsh Jethva\AppData\Roaming\npm;C:\Users\Harsh Jethva\AppData\Local\GitHubDesktop\bin;C:\Users\Harsh Jethva\.dotnet\tools;C:\Users\Harsh Jethva\AppData\Local\Pub\Cache\bin;;C:\Apps\flutter\bin\mingit\cmd
USERNAME=Harsh Jethva
OS=Windows_NT
PROCESSOR_IDENTIFIER=AMD64 Family 25 Model 80 Stepping 0, AuthenticAMD



---------------  S Y S T E M  ---------------

OS: Windows 11 , 64 bit Build 22621 (10.0.22621.1485)
OS uptime: 3 days 7:26 hours
Hyper-V role detected

CPU:total 12 (initial active 12) (12 cores per cpu, 2 threads per core) family 25 model 80 stepping 0 microcode 0x0, cmov, cx8, fxsr, mmx, sse, sse2, sse3, ssse3, sse4.1, sse4.2, popcnt, avx, avx2, aes, clmul, erms, mmxext, 3dnowpref, lzcnt, sse4a, ht, tsc, tscinvbit, tscinv, bmi1, bmi2, adx, sha, fma

Memory: 4k page, system-wide physical 7521M (1376M free)
TotalPageFile size 14521M (AvailPageFile size 94M)
current process WorkingSet (physical memory assigned to process): 32M, peak: 100M
current process commit charge ("private bytes"): 222M, peak: 231M

vm_info: OpenJDK 64-Bit Server VM (11.0.15+0-b2043.56-9505619) for windows-amd64 JRE (11.0.15+0-b2043.56-9505619), built on Jan 19 2023 02:48:00 by "builduser" with unknown MS VC++:1929

END.
